ARM GAS  /var/folders/68/n33lqcg953z5y1x0pvkj58xc0000gn/T//ccOaVnZo.s 			page 1


   1              		.syntax unified
   2              		.cpu cortex-m4
   3              		.eabi_attribute 27, 1
   4              		.eabi_attribute 28, 1
   5              		.fpu fpv4-sp-d16
   6              		.eabi_attribute 20, 1
   7              		.eabi_attribute 21, 1
   8              		.eabi_attribute 23, 3
   9              		.eabi_attribute 24, 1
  10              		.eabi_attribute 25, 1
  11              		.eabi_attribute 26, 1
  12              		.eabi_attribute 30, 1
  13              		.eabi_attribute 34, 1
  14              		.eabi_attribute 18, 4
  15              		.thumb
  16              		.file	"stm32f4xx_hal_msp.c"
  17              		.text
  18              	.Ltext0:
  19              		.cfi_sections	.debug_frame
  20              		.section	.text.HAL_MspInit,"ax",%progbits
  21              		.align	2
  22              		.global	HAL_MspInit
  23              		.thumb
  24              		.thumb_func
  26              	HAL_MspInit:
  27              	.LFB123:
  28              		.file 1 "Src/stm32f4xx_hal_msp.c"
   1:Src/stm32f4xx_hal_msp.c **** /**
   2:Src/stm32f4xx_hal_msp.c ****   ******************************************************************************
   3:Src/stm32f4xx_hal_msp.c ****   * File Name          : stm32f4xx_hal_msp.c
   4:Src/stm32f4xx_hal_msp.c ****   * Description        : This file provides code for the MSP Initialization 
   5:Src/stm32f4xx_hal_msp.c ****   *                      and de-Initialization codes.
   6:Src/stm32f4xx_hal_msp.c ****   ******************************************************************************
   7:Src/stm32f4xx_hal_msp.c ****   ** This notice applies to any and all portions of this file
   8:Src/stm32f4xx_hal_msp.c ****   * that are not between comment pairs USER CODE BEGIN and
   9:Src/stm32f4xx_hal_msp.c ****   * USER CODE END. Other portions of this file, whether 
  10:Src/stm32f4xx_hal_msp.c ****   * inserted by the user or by software development tools
  11:Src/stm32f4xx_hal_msp.c ****   * are owned by their respective copyright owners.
  12:Src/stm32f4xx_hal_msp.c ****   *
  13:Src/stm32f4xx_hal_msp.c ****   * COPYRIGHT(c) 2018 STMicroelectronics
  14:Src/stm32f4xx_hal_msp.c ****   *
  15:Src/stm32f4xx_hal_msp.c ****   * Redistribution and use in source and binary forms, with or without modification,
  16:Src/stm32f4xx_hal_msp.c ****   * are permitted provided that the following conditions are met:
  17:Src/stm32f4xx_hal_msp.c ****   *   1. Redistributions of source code must retain the above copyright notice,
  18:Src/stm32f4xx_hal_msp.c ****   *      this list of conditions and the following disclaimer.
  19:Src/stm32f4xx_hal_msp.c ****   *   2. Redistributions in binary form must reproduce the above copyright notice,
  20:Src/stm32f4xx_hal_msp.c ****   *      this list of conditions and the following disclaimer in the documentation
  21:Src/stm32f4xx_hal_msp.c ****   *      and/or other materials provided with the distribution.
  22:Src/stm32f4xx_hal_msp.c ****   *   3. Neither the name of STMicroelectronics nor the names of its contributors
  23:Src/stm32f4xx_hal_msp.c ****   *      may be used to endorse or promote products derived from this software
  24:Src/stm32f4xx_hal_msp.c ****   *      without specific prior written permission.
  25:Src/stm32f4xx_hal_msp.c ****   *
  26:Src/stm32f4xx_hal_msp.c ****   * THIS SOFTWARE IS PROVIDED BY THE COPYRIGHT HOLDERS AND CONTRIBUTORS "AS IS"
  27:Src/stm32f4xx_hal_msp.c ****   * AND ANY EXPRESS OR IMPLIED WARRANTIES, INCLUDING, BUT NOT LIMITED TO, THE
  28:Src/stm32f4xx_hal_msp.c ****   * IMPLIED WARRANTIES OF MERCHANTABILITY AND FITNESS FOR A PARTICULAR PURPOSE ARE
  29:Src/stm32f4xx_hal_msp.c ****   * DISCLAIMED. IN NO EVENT SHALL THE COPYRIGHT HOLDER OR CONTRIBUTORS BE LIABLE
  30:Src/stm32f4xx_hal_msp.c ****   * FOR ANY DIRECT, INDIRECT, INCIDENTAL, SPECIAL, EXEMPLARY, OR CONSEQUENTIAL
ARM GAS  /var/folders/68/n33lqcg953z5y1x0pvkj58xc0000gn/T//ccOaVnZo.s 			page 2


  31:Src/stm32f4xx_hal_msp.c ****   * DAMAGES (INCLUDING, BUT NOT LIMITED TO, PROCUREMENT OF SUBSTITUTE GOODS OR
  32:Src/stm32f4xx_hal_msp.c ****   * SERVICES; LOSS OF USE, DATA, OR PROFITS; OR BUSINESS INTERRUPTION) HOWEVER
  33:Src/stm32f4xx_hal_msp.c ****   * CAUSED AND ON ANY THEORY OF LIABILITY, WHETHER IN CONTRACT, STRICT LIABILITY,
  34:Src/stm32f4xx_hal_msp.c ****   * OR TORT (INCLUDING NEGLIGENCE OR OTHERWISE) ARISING IN ANY WAY OUT OF THE USE
  35:Src/stm32f4xx_hal_msp.c ****   * OF THIS SOFTWARE, EVEN IF ADVISED OF THE POSSIBILITY OF SUCH DAMAGE.
  36:Src/stm32f4xx_hal_msp.c ****   *
  37:Src/stm32f4xx_hal_msp.c ****   ******************************************************************************
  38:Src/stm32f4xx_hal_msp.c ****   */
  39:Src/stm32f4xx_hal_msp.c **** /* Includes ------------------------------------------------------------------*/
  40:Src/stm32f4xx_hal_msp.c **** #include "stm32f4xx_hal.h"
  41:Src/stm32f4xx_hal_msp.c **** 
  42:Src/stm32f4xx_hal_msp.c **** extern DMA_HandleTypeDef hdma_adc1;
  43:Src/stm32f4xx_hal_msp.c **** 
  44:Src/stm32f4xx_hal_msp.c **** extern void _Error_Handler(char *, int);
  45:Src/stm32f4xx_hal_msp.c **** /* USER CODE BEGIN 0 */
  46:Src/stm32f4xx_hal_msp.c **** 
  47:Src/stm32f4xx_hal_msp.c **** /* USER CODE END 0 */
  48:Src/stm32f4xx_hal_msp.c **** /**
  49:Src/stm32f4xx_hal_msp.c ****   * Initializes the Global MSP.
  50:Src/stm32f4xx_hal_msp.c ****   */
  51:Src/stm32f4xx_hal_msp.c **** void HAL_MspInit(void)
  52:Src/stm32f4xx_hal_msp.c **** {
  29              		.loc 1 52 0
  30              		.cfi_startproc
  31              		@ args = 0, pretend = 0, frame = 8
  32              		@ frame_needed = 0, uses_anonymous_args = 0
  33 0000 10B5     		push	{r4, lr}
  34              	.LCFI0:
  35              		.cfi_def_cfa_offset 8
  36              		.cfi_offset 4, -8
  37              		.cfi_offset 14, -4
  38 0002 82B0     		sub	sp, sp, #8
  39              	.LCFI1:
  40              		.cfi_def_cfa_offset 16
  41              	.LBB2:
  53:Src/stm32f4xx_hal_msp.c ****   /* USER CODE BEGIN MspInit 0 */
  54:Src/stm32f4xx_hal_msp.c **** 
  55:Src/stm32f4xx_hal_msp.c ****   /* USER CODE END MspInit 0 */
  56:Src/stm32f4xx_hal_msp.c **** 
  57:Src/stm32f4xx_hal_msp.c ****   __HAL_RCC_SYSCFG_CLK_ENABLE();
  42              		.loc 1 57 0
  43 0004 0024     		movs	r4, #0
  44 0006 0094     		str	r4, [sp]
  45 0008 214B     		ldr	r3, .L3
  46 000a 5A6C     		ldr	r2, [r3, #68]
  47 000c 42F48042 		orr	r2, r2, #16384
  48 0010 5A64     		str	r2, [r3, #68]
  49 0012 5A6C     		ldr	r2, [r3, #68]
  50 0014 02F48042 		and	r2, r2, #16384
  51 0018 0092     		str	r2, [sp]
  52 001a 009A     		ldr	r2, [sp]
  53              	.LBE2:
  54              	.LBB3:
  58:Src/stm32f4xx_hal_msp.c ****   __HAL_RCC_PWR_CLK_ENABLE();
  55              		.loc 1 58 0
  56 001c 0194     		str	r4, [sp, #4]
  57 001e 1A6C     		ldr	r2, [r3, #64]
ARM GAS  /var/folders/68/n33lqcg953z5y1x0pvkj58xc0000gn/T//ccOaVnZo.s 			page 3


  58 0020 42F08052 		orr	r2, r2, #268435456
  59 0024 1A64     		str	r2, [r3, #64]
  60 0026 1B6C     		ldr	r3, [r3, #64]
  61 0028 03F08053 		and	r3, r3, #268435456
  62 002c 0193     		str	r3, [sp, #4]
  63 002e 019B     		ldr	r3, [sp, #4]
  64              	.LBE3:
  59:Src/stm32f4xx_hal_msp.c **** 
  60:Src/stm32f4xx_hal_msp.c ****   HAL_NVIC_SetPriorityGrouping(NVIC_PRIORITYGROUP_4);
  65              		.loc 1 60 0
  66 0030 0320     		movs	r0, #3
  67 0032 FFF7FEFF 		bl	HAL_NVIC_SetPriorityGrouping
  68              	.LVL0:
  61:Src/stm32f4xx_hal_msp.c **** 
  62:Src/stm32f4xx_hal_msp.c ****   /* System interrupt init*/
  63:Src/stm32f4xx_hal_msp.c ****   /* MemoryManagement_IRQn interrupt configuration */
  64:Src/stm32f4xx_hal_msp.c ****   HAL_NVIC_SetPriority(MemoryManagement_IRQn, 0, 0);
  69              		.loc 1 64 0
  70 0036 6FF00B00 		mvn	r0, #11
  71 003a 2146     		mov	r1, r4
  72 003c 2246     		mov	r2, r4
  73 003e FFF7FEFF 		bl	HAL_NVIC_SetPriority
  74              	.LVL1:
  65:Src/stm32f4xx_hal_msp.c ****   /* BusFault_IRQn interrupt configuration */
  66:Src/stm32f4xx_hal_msp.c ****   HAL_NVIC_SetPriority(BusFault_IRQn, 0, 0);
  75              		.loc 1 66 0
  76 0042 6FF00A00 		mvn	r0, #10
  77 0046 2146     		mov	r1, r4
  78 0048 2246     		mov	r2, r4
  79 004a FFF7FEFF 		bl	HAL_NVIC_SetPriority
  80              	.LVL2:
  67:Src/stm32f4xx_hal_msp.c ****   /* UsageFault_IRQn interrupt configuration */
  68:Src/stm32f4xx_hal_msp.c ****   HAL_NVIC_SetPriority(UsageFault_IRQn, 0, 0);
  81              		.loc 1 68 0
  82 004e 6FF00900 		mvn	r0, #9
  83 0052 2146     		mov	r1, r4
  84 0054 2246     		mov	r2, r4
  85 0056 FFF7FEFF 		bl	HAL_NVIC_SetPriority
  86              	.LVL3:
  69:Src/stm32f4xx_hal_msp.c ****   /* SVCall_IRQn interrupt configuration */
  70:Src/stm32f4xx_hal_msp.c ****   HAL_NVIC_SetPriority(SVCall_IRQn, 0, 0);
  87              		.loc 1 70 0
  88 005a 6FF00400 		mvn	r0, #4
  89 005e 2146     		mov	r1, r4
  90 0060 2246     		mov	r2, r4
  91 0062 FFF7FEFF 		bl	HAL_NVIC_SetPriority
  92              	.LVL4:
  71:Src/stm32f4xx_hal_msp.c ****   /* DebugMonitor_IRQn interrupt configuration */
  72:Src/stm32f4xx_hal_msp.c ****   HAL_NVIC_SetPriority(DebugMonitor_IRQn, 0, 0);
  93              		.loc 1 72 0
  94 0066 6FF00300 		mvn	r0, #3
  95 006a 2146     		mov	r1, r4
  96 006c 2246     		mov	r2, r4
  97 006e FFF7FEFF 		bl	HAL_NVIC_SetPriority
  98              	.LVL5:
  73:Src/stm32f4xx_hal_msp.c ****   /* PendSV_IRQn interrupt configuration */
  74:Src/stm32f4xx_hal_msp.c ****   HAL_NVIC_SetPriority(PendSV_IRQn, 0, 0);
ARM GAS  /var/folders/68/n33lqcg953z5y1x0pvkj58xc0000gn/T//ccOaVnZo.s 			page 4


  99              		.loc 1 74 0
 100 0072 6FF00100 		mvn	r0, #1
 101 0076 2146     		mov	r1, r4
 102 0078 2246     		mov	r2, r4
 103 007a FFF7FEFF 		bl	HAL_NVIC_SetPriority
 104              	.LVL6:
  75:Src/stm32f4xx_hal_msp.c ****   /* SysTick_IRQn interrupt configuration */
  76:Src/stm32f4xx_hal_msp.c ****   HAL_NVIC_SetPriority(SysTick_IRQn, 0, 0);
 105              		.loc 1 76 0
 106 007e 4FF0FF30 		mov	r0, #-1
 107 0082 2146     		mov	r1, r4
 108 0084 2246     		mov	r2, r4
 109 0086 FFF7FEFF 		bl	HAL_NVIC_SetPriority
 110              	.LVL7:
  77:Src/stm32f4xx_hal_msp.c **** 
  78:Src/stm32f4xx_hal_msp.c ****   /* USER CODE BEGIN MspInit 1 */
  79:Src/stm32f4xx_hal_msp.c **** 
  80:Src/stm32f4xx_hal_msp.c ****   /* USER CODE END MspInit 1 */
  81:Src/stm32f4xx_hal_msp.c **** }
 111              		.loc 1 81 0
 112 008a 02B0     		add	sp, sp, #8
 113              	.LCFI2:
 114              		.cfi_def_cfa_offset 8
 115              		@ sp needed
 116 008c 10BD     		pop	{r4, pc}
 117              	.L4:
 118 008e 00BF     		.align	2
 119              	.L3:
 120 0090 00380240 		.word	1073887232
 121              		.cfi_endproc
 122              	.LFE123:
 124              		.section	.text.HAL_ADC_MspInit,"ax",%progbits
 125              		.align	2
 126              		.global	HAL_ADC_MspInit
 127              		.thumb
 128              		.thumb_func
 130              	HAL_ADC_MspInit:
 131              	.LFB124:
  82:Src/stm32f4xx_hal_msp.c **** 
  83:Src/stm32f4xx_hal_msp.c **** void HAL_ADC_MspInit(ADC_HandleTypeDef* hadc)
  84:Src/stm32f4xx_hal_msp.c **** {
 132              		.loc 1 84 0
 133              		.cfi_startproc
 134              		@ args = 0, pretend = 0, frame = 24
 135              		@ frame_needed = 0, uses_anonymous_args = 0
 136              	.LVL8:
  85:Src/stm32f4xx_hal_msp.c **** 
  86:Src/stm32f4xx_hal_msp.c ****   GPIO_InitTypeDef GPIO_InitStruct;
  87:Src/stm32f4xx_hal_msp.c ****   if(hadc->Instance==ADC1)
 137              		.loc 1 87 0
 138 0000 0268     		ldr	r2, [r0]
 139 0002 224B     		ldr	r3, .L10
 140 0004 9A42     		cmp	r2, r3
 141 0006 40D1     		bne	.L9
  84:Src/stm32f4xx_hal_msp.c **** 
 142              		.loc 1 84 0
 143 0008 30B5     		push	{r4, r5, lr}
ARM GAS  /var/folders/68/n33lqcg953z5y1x0pvkj58xc0000gn/T//ccOaVnZo.s 			page 5


 144              	.LCFI3:
 145              		.cfi_def_cfa_offset 12
 146              		.cfi_offset 4, -12
 147              		.cfi_offset 5, -8
 148              		.cfi_offset 14, -4
 149 000a 87B0     		sub	sp, sp, #28
 150              	.LCFI4:
 151              		.cfi_def_cfa_offset 40
 152 000c 0446     		mov	r4, r0
 153              	.LBB4:
  88:Src/stm32f4xx_hal_msp.c ****   {
  89:Src/stm32f4xx_hal_msp.c ****   /* USER CODE BEGIN ADC1_MspInit 0 */
  90:Src/stm32f4xx_hal_msp.c **** 
  91:Src/stm32f4xx_hal_msp.c ****   /* USER CODE END ADC1_MspInit 0 */
  92:Src/stm32f4xx_hal_msp.c ****     /* Peripheral clock enable */
  93:Src/stm32f4xx_hal_msp.c ****     __HAL_RCC_ADC1_CLK_ENABLE();
 154              		.loc 1 93 0
 155 000e 0025     		movs	r5, #0
 156 0010 0095     		str	r5, [sp]
 157 0012 03F58C33 		add	r3, r3, #71680
 158 0016 5A6C     		ldr	r2, [r3, #68]
 159 0018 42F48072 		orr	r2, r2, #256
 160 001c 5A64     		str	r2, [r3, #68]
 161 001e 5B6C     		ldr	r3, [r3, #68]
 162 0020 03F48073 		and	r3, r3, #256
 163 0024 0093     		str	r3, [sp]
 164 0026 009B     		ldr	r3, [sp]
 165              	.LBE4:
  94:Src/stm32f4xx_hal_msp.c ****   
  95:Src/stm32f4xx_hal_msp.c ****     /**ADC1 GPIO Configuration    
  96:Src/stm32f4xx_hal_msp.c ****     PA0-WKUP     ------> ADC1_IN0 
  97:Src/stm32f4xx_hal_msp.c ****     */
  98:Src/stm32f4xx_hal_msp.c ****     GPIO_InitStruct.Pin = GPIO_PIN_0;
 166              		.loc 1 98 0
 167 0028 0123     		movs	r3, #1
 168 002a 0193     		str	r3, [sp, #4]
  99:Src/stm32f4xx_hal_msp.c ****     GPIO_InitStruct.Mode = GPIO_MODE_ANALOG;
 169              		.loc 1 99 0
 170 002c 0323     		movs	r3, #3
 171 002e 0293     		str	r3, [sp, #8]
 100:Src/stm32f4xx_hal_msp.c ****     GPIO_InitStruct.Pull = GPIO_NOPULL;
 172              		.loc 1 100 0
 173 0030 0395     		str	r5, [sp, #12]
 101:Src/stm32f4xx_hal_msp.c ****     HAL_GPIO_Init(GPIOA, &GPIO_InitStruct);
 174              		.loc 1 101 0
 175 0032 1748     		ldr	r0, .L10+4
 176              	.LVL9:
 177 0034 01A9     		add	r1, sp, #4
 178 0036 FFF7FEFF 		bl	HAL_GPIO_Init
 179              	.LVL10:
 102:Src/stm32f4xx_hal_msp.c **** 
 103:Src/stm32f4xx_hal_msp.c ****     /* ADC1 DMA Init */
 104:Src/stm32f4xx_hal_msp.c ****     /* ADC1 Init */
 105:Src/stm32f4xx_hal_msp.c ****     hdma_adc1.Instance = DMA2_Stream0;
 180              		.loc 1 105 0
 181 003a 1648     		ldr	r0, .L10+8
 182 003c 164B     		ldr	r3, .L10+12
ARM GAS  /var/folders/68/n33lqcg953z5y1x0pvkj58xc0000gn/T//ccOaVnZo.s 			page 6


 183 003e 0360     		str	r3, [r0]
 106:Src/stm32f4xx_hal_msp.c ****     hdma_adc1.Init.Channel = DMA_CHANNEL_0;
 184              		.loc 1 106 0
 185 0040 4560     		str	r5, [r0, #4]
 107:Src/stm32f4xx_hal_msp.c ****     hdma_adc1.Init.Direction = DMA_PERIPH_TO_MEMORY;
 186              		.loc 1 107 0
 187 0042 8560     		str	r5, [r0, #8]
 108:Src/stm32f4xx_hal_msp.c ****     hdma_adc1.Init.PeriphInc = DMA_PINC_DISABLE;
 188              		.loc 1 108 0
 189 0044 C560     		str	r5, [r0, #12]
 109:Src/stm32f4xx_hal_msp.c ****     hdma_adc1.Init.MemInc = DMA_MINC_ENABLE;
 190              		.loc 1 109 0
 191 0046 4FF48063 		mov	r3, #1024
 192 004a 0361     		str	r3, [r0, #16]
 110:Src/stm32f4xx_hal_msp.c ****     hdma_adc1.Init.PeriphDataAlignment = DMA_PDATAALIGN_WORD;
 193              		.loc 1 110 0
 194 004c 4FF48053 		mov	r3, #4096
 195 0050 4361     		str	r3, [r0, #20]
 111:Src/stm32f4xx_hal_msp.c ****     hdma_adc1.Init.MemDataAlignment = DMA_MDATAALIGN_WORD;
 196              		.loc 1 111 0
 197 0052 4FF48043 		mov	r3, #16384
 198 0056 8361     		str	r3, [r0, #24]
 112:Src/stm32f4xx_hal_msp.c ****     hdma_adc1.Init.Mode = DMA_CIRCULAR;
 199              		.loc 1 112 0
 200 0058 4FF48073 		mov	r3, #256
 201 005c C361     		str	r3, [r0, #28]
 113:Src/stm32f4xx_hal_msp.c ****     hdma_adc1.Init.Priority = DMA_PRIORITY_LOW;
 202              		.loc 1 113 0
 203 005e 0562     		str	r5, [r0, #32]
 114:Src/stm32f4xx_hal_msp.c ****     hdma_adc1.Init.FIFOMode = DMA_FIFOMODE_DISABLE;
 204              		.loc 1 114 0
 205 0060 4562     		str	r5, [r0, #36]
 115:Src/stm32f4xx_hal_msp.c ****     if (HAL_DMA_Init(&hdma_adc1) != HAL_OK)
 206              		.loc 1 115 0
 207 0062 FFF7FEFF 		bl	HAL_DMA_Init
 208              	.LVL11:
 209 0066 18B1     		cbz	r0, .L7
 116:Src/stm32f4xx_hal_msp.c ****     {
 117:Src/stm32f4xx_hal_msp.c ****       _Error_Handler(__FILE__, __LINE__);
 210              		.loc 1 117 0
 211 0068 0C48     		ldr	r0, .L10+16
 212 006a 7521     		movs	r1, #117
 213 006c FFF7FEFF 		bl	_Error_Handler
 214              	.LVL12:
 215              	.L7:
 118:Src/stm32f4xx_hal_msp.c ****     }
 119:Src/stm32f4xx_hal_msp.c **** 
 120:Src/stm32f4xx_hal_msp.c ****     __HAL_LINKDMA(hadc,DMA_Handle,hdma_adc1);
 216              		.loc 1 120 0
 217 0070 084B     		ldr	r3, .L10+8
 218 0072 A363     		str	r3, [r4, #56]
 219 0074 9C63     		str	r4, [r3, #56]
 121:Src/stm32f4xx_hal_msp.c **** 
 122:Src/stm32f4xx_hal_msp.c ****     /* ADC1 interrupt Init */
 123:Src/stm32f4xx_hal_msp.c ****     HAL_NVIC_SetPriority(ADC_IRQn, 0, 0);
 220              		.loc 1 123 0
 221 0076 1220     		movs	r0, #18
ARM GAS  /var/folders/68/n33lqcg953z5y1x0pvkj58xc0000gn/T//ccOaVnZo.s 			page 7


 222 0078 0021     		movs	r1, #0
 223 007a 0A46     		mov	r2, r1
 224 007c FFF7FEFF 		bl	HAL_NVIC_SetPriority
 225              	.LVL13:
 124:Src/stm32f4xx_hal_msp.c ****     HAL_NVIC_EnableIRQ(ADC_IRQn);
 226              		.loc 1 124 0
 227 0080 1220     		movs	r0, #18
 228 0082 FFF7FEFF 		bl	HAL_NVIC_EnableIRQ
 229              	.LVL14:
 125:Src/stm32f4xx_hal_msp.c ****   /* USER CODE BEGIN ADC1_MspInit 1 */
 126:Src/stm32f4xx_hal_msp.c **** 
 127:Src/stm32f4xx_hal_msp.c ****   /* USER CODE END ADC1_MspInit 1 */
 128:Src/stm32f4xx_hal_msp.c ****   }
 129:Src/stm32f4xx_hal_msp.c **** 
 130:Src/stm32f4xx_hal_msp.c **** }
 230              		.loc 1 130 0
 231 0086 07B0     		add	sp, sp, #28
 232              	.LCFI5:
 233              		.cfi_def_cfa_offset 12
 234              		@ sp needed
 235 0088 30BD     		pop	{r4, r5, pc}
 236              	.LVL15:
 237              	.L9:
 238              	.LCFI6:
 239              		.cfi_def_cfa_offset 0
 240              		.cfi_restore 4
 241              		.cfi_restore 5
 242              		.cfi_restore 14
 243 008a 7047     		bx	lr
 244              	.L11:
 245              		.align	2
 246              	.L10:
 247 008c 00200140 		.word	1073815552
 248 0090 00000240 		.word	1073872896
 249 0094 00000000 		.word	hdma_adc1
 250 0098 10640240 		.word	1073898512
 251 009c 00000000 		.word	.LC0
 252              		.cfi_endproc
 253              	.LFE124:
 255              		.section	.text.HAL_ADC_MspDeInit,"ax",%progbits
 256              		.align	2
 257              		.global	HAL_ADC_MspDeInit
 258              		.thumb
 259              		.thumb_func
 261              	HAL_ADC_MspDeInit:
 262              	.LFB125:
 131:Src/stm32f4xx_hal_msp.c **** 
 132:Src/stm32f4xx_hal_msp.c **** void HAL_ADC_MspDeInit(ADC_HandleTypeDef* hadc)
 133:Src/stm32f4xx_hal_msp.c **** {
 263              		.loc 1 133 0
 264              		.cfi_startproc
 265              		@ args = 0, pretend = 0, frame = 0
 266              		@ frame_needed = 0, uses_anonymous_args = 0
 267              	.LVL16:
 134:Src/stm32f4xx_hal_msp.c **** 
 135:Src/stm32f4xx_hal_msp.c ****   if(hadc->Instance==ADC1)
 268              		.loc 1 135 0
ARM GAS  /var/folders/68/n33lqcg953z5y1x0pvkj58xc0000gn/T//ccOaVnZo.s 			page 8


 269 0000 0268     		ldr	r2, [r0]
 270 0002 0B4B     		ldr	r3, .L16
 271 0004 9A42     		cmp	r2, r3
 272 0006 11D1     		bne	.L15
 133:Src/stm32f4xx_hal_msp.c **** 
 273              		.loc 1 133 0
 274 0008 10B5     		push	{r4, lr}
 275              	.LCFI7:
 276              		.cfi_def_cfa_offset 8
 277              		.cfi_offset 4, -8
 278              		.cfi_offset 14, -4
 279 000a 0446     		mov	r4, r0
 136:Src/stm32f4xx_hal_msp.c ****   {
 137:Src/stm32f4xx_hal_msp.c ****   /* USER CODE BEGIN ADC1_MspDeInit 0 */
 138:Src/stm32f4xx_hal_msp.c **** 
 139:Src/stm32f4xx_hal_msp.c ****   /* USER CODE END ADC1_MspDeInit 0 */
 140:Src/stm32f4xx_hal_msp.c ****     /* Peripheral clock disable */
 141:Src/stm32f4xx_hal_msp.c ****     __HAL_RCC_ADC1_CLK_DISABLE();
 280              		.loc 1 141 0
 281 000c 094A     		ldr	r2, .L16+4
 282 000e 536C     		ldr	r3, [r2, #68]
 283 0010 23F48073 		bic	r3, r3, #256
 284 0014 5364     		str	r3, [r2, #68]
 142:Src/stm32f4xx_hal_msp.c ****   
 143:Src/stm32f4xx_hal_msp.c ****     /**ADC1 GPIO Configuration    
 144:Src/stm32f4xx_hal_msp.c ****     PA0-WKUP     ------> ADC1_IN0 
 145:Src/stm32f4xx_hal_msp.c ****     */
 146:Src/stm32f4xx_hal_msp.c ****     HAL_GPIO_DeInit(GPIOA, GPIO_PIN_0);
 285              		.loc 1 146 0
 286 0016 0848     		ldr	r0, .L16+8
 287              	.LVL17:
 288 0018 0121     		movs	r1, #1
 289 001a FFF7FEFF 		bl	HAL_GPIO_DeInit
 290              	.LVL18:
 147:Src/stm32f4xx_hal_msp.c **** 
 148:Src/stm32f4xx_hal_msp.c ****     /* ADC1 DMA DeInit */
 149:Src/stm32f4xx_hal_msp.c ****     HAL_DMA_DeInit(hadc->DMA_Handle);
 291              		.loc 1 149 0
 292 001e A06B     		ldr	r0, [r4, #56]
 293 0020 FFF7FEFF 		bl	HAL_DMA_DeInit
 294              	.LVL19:
 150:Src/stm32f4xx_hal_msp.c **** 
 151:Src/stm32f4xx_hal_msp.c ****     /* ADC1 interrupt DeInit */
 152:Src/stm32f4xx_hal_msp.c ****     HAL_NVIC_DisableIRQ(ADC_IRQn);
 295              		.loc 1 152 0
 296 0024 1220     		movs	r0, #18
 297 0026 FFF7FEFF 		bl	HAL_NVIC_DisableIRQ
 298              	.LVL20:
 299 002a 10BD     		pop	{r4, pc}
 300              	.LVL21:
 301              	.L15:
 302              	.LCFI8:
 303              		.cfi_def_cfa_offset 0
 304              		.cfi_restore 4
 305              		.cfi_restore 14
 306 002c 7047     		bx	lr
 307              	.L17:
ARM GAS  /var/folders/68/n33lqcg953z5y1x0pvkj58xc0000gn/T//ccOaVnZo.s 			page 9


 308 002e 00BF     		.align	2
 309              	.L16:
 310 0030 00200140 		.word	1073815552
 311 0034 00380240 		.word	1073887232
 312 0038 00000240 		.word	1073872896
 313              		.cfi_endproc
 314              	.LFE125:
 316              		.section	.text.HAL_I2C_MspInit,"ax",%progbits
 317              		.align	2
 318              		.global	HAL_I2C_MspInit
 319              		.thumb
 320              		.thumb_func
 322              	HAL_I2C_MspInit:
 323              	.LFB126:
 153:Src/stm32f4xx_hal_msp.c ****   /* USER CODE BEGIN ADC1_MspDeInit 1 */
 154:Src/stm32f4xx_hal_msp.c **** 
 155:Src/stm32f4xx_hal_msp.c ****   /* USER CODE END ADC1_MspDeInit 1 */
 156:Src/stm32f4xx_hal_msp.c ****   }
 157:Src/stm32f4xx_hal_msp.c **** 
 158:Src/stm32f4xx_hal_msp.c **** }
 159:Src/stm32f4xx_hal_msp.c **** 
 160:Src/stm32f4xx_hal_msp.c **** void HAL_I2C_MspInit(I2C_HandleTypeDef* hi2c)
 161:Src/stm32f4xx_hal_msp.c **** {
 324              		.loc 1 161 0
 325              		.cfi_startproc
 326              		@ args = 0, pretend = 0, frame = 24
 327              		@ frame_needed = 0, uses_anonymous_args = 0
 328              	.LVL22:
 162:Src/stm32f4xx_hal_msp.c **** 
 163:Src/stm32f4xx_hal_msp.c ****   GPIO_InitTypeDef GPIO_InitStruct;
 164:Src/stm32f4xx_hal_msp.c ****   if(hi2c->Instance==I2C1)
 329              		.loc 1 164 0
 330 0000 0268     		ldr	r2, [r0]
 331 0002 124B     		ldr	r3, .L22
 332 0004 9A42     		cmp	r2, r3
 333 0006 1FD1     		bne	.L21
 161:Src/stm32f4xx_hal_msp.c **** 
 334              		.loc 1 161 0
 335 0008 00B5     		push	{lr}
 336              	.LCFI9:
 337              		.cfi_def_cfa_offset 4
 338              		.cfi_offset 14, -4
 339 000a 87B0     		sub	sp, sp, #28
 340              	.LCFI10:
 341              		.cfi_def_cfa_offset 32
 165:Src/stm32f4xx_hal_msp.c ****   {
 166:Src/stm32f4xx_hal_msp.c ****   /* USER CODE BEGIN I2C1_MspInit 0 */
 167:Src/stm32f4xx_hal_msp.c **** 
 168:Src/stm32f4xx_hal_msp.c ****   /* USER CODE END I2C1_MspInit 0 */
 169:Src/stm32f4xx_hal_msp.c ****   
 170:Src/stm32f4xx_hal_msp.c ****     /**I2C1 GPIO Configuration    
 171:Src/stm32f4xx_hal_msp.c ****     PB6     ------> I2C1_SCL
 172:Src/stm32f4xx_hal_msp.c ****     PB7     ------> I2C1_SDA 
 173:Src/stm32f4xx_hal_msp.c ****     */
 174:Src/stm32f4xx_hal_msp.c ****     GPIO_InitStruct.Pin = GPIO_PIN_6|GPIO_PIN_7;
 342              		.loc 1 174 0
 343 000c C023     		movs	r3, #192
ARM GAS  /var/folders/68/n33lqcg953z5y1x0pvkj58xc0000gn/T//ccOaVnZo.s 			page 10


 344 000e 0193     		str	r3, [sp, #4]
 175:Src/stm32f4xx_hal_msp.c ****     GPIO_InitStruct.Mode = GPIO_MODE_AF_OD;
 345              		.loc 1 175 0
 346 0010 1223     		movs	r3, #18
 347 0012 0293     		str	r3, [sp, #8]
 176:Src/stm32f4xx_hal_msp.c ****     GPIO_InitStruct.Pull = GPIO_PULLUP;
 348              		.loc 1 176 0
 349 0014 0123     		movs	r3, #1
 350 0016 0393     		str	r3, [sp, #12]
 177:Src/stm32f4xx_hal_msp.c ****     GPIO_InitStruct.Speed = GPIO_SPEED_FREQ_VERY_HIGH;
 351              		.loc 1 177 0
 352 0018 0323     		movs	r3, #3
 353 001a 0493     		str	r3, [sp, #16]
 178:Src/stm32f4xx_hal_msp.c ****     GPIO_InitStruct.Alternate = GPIO_AF4_I2C1;
 354              		.loc 1 178 0
 355 001c 0423     		movs	r3, #4
 356 001e 0593     		str	r3, [sp, #20]
 179:Src/stm32f4xx_hal_msp.c ****     HAL_GPIO_Init(GPIOB, &GPIO_InitStruct);
 357              		.loc 1 179 0
 358 0020 0B48     		ldr	r0, .L22+4
 359              	.LVL23:
 360 0022 0DEB0301 		add	r1, sp, r3
 361 0026 FFF7FEFF 		bl	HAL_GPIO_Init
 362              	.LVL24:
 363              	.LBB5:
 180:Src/stm32f4xx_hal_msp.c **** 
 181:Src/stm32f4xx_hal_msp.c ****     /* Peripheral clock enable */
 182:Src/stm32f4xx_hal_msp.c ****     __HAL_RCC_I2C1_CLK_ENABLE();
 364              		.loc 1 182 0
 365 002a 0023     		movs	r3, #0
 366 002c 0093     		str	r3, [sp]
 367 002e 094B     		ldr	r3, .L22+8
 368 0030 1A6C     		ldr	r2, [r3, #64]
 369 0032 42F40012 		orr	r2, r2, #2097152
 370 0036 1A64     		str	r2, [r3, #64]
 371 0038 1B6C     		ldr	r3, [r3, #64]
 372 003a 03F40013 		and	r3, r3, #2097152
 373 003e 0093     		str	r3, [sp]
 374 0040 009B     		ldr	r3, [sp]
 375              	.LBE5:
 183:Src/stm32f4xx_hal_msp.c ****   /* USER CODE BEGIN I2C1_MspInit 1 */
 184:Src/stm32f4xx_hal_msp.c **** 
 185:Src/stm32f4xx_hal_msp.c ****   /* USER CODE END I2C1_MspInit 1 */
 186:Src/stm32f4xx_hal_msp.c ****   }
 187:Src/stm32f4xx_hal_msp.c **** 
 188:Src/stm32f4xx_hal_msp.c **** }
 376              		.loc 1 188 0
 377 0042 07B0     		add	sp, sp, #28
 378              	.LCFI11:
 379              		.cfi_def_cfa_offset 4
 380              		@ sp needed
 381 0044 5DF804FB 		ldr	pc, [sp], #4
 382              	.LVL25:
 383              	.L21:
 384              	.LCFI12:
 385              		.cfi_def_cfa_offset 0
 386              		.cfi_restore 14
ARM GAS  /var/folders/68/n33lqcg953z5y1x0pvkj58xc0000gn/T//ccOaVnZo.s 			page 11


 387 0048 7047     		bx	lr
 388              	.L23:
 389 004a 00BF     		.align	2
 390              	.L22:
 391 004c 00540040 		.word	1073763328
 392 0050 00040240 		.word	1073873920
 393 0054 00380240 		.word	1073887232
 394              		.cfi_endproc
 395              	.LFE126:
 397              		.section	.text.HAL_I2C_MspDeInit,"ax",%progbits
 398              		.align	2
 399              		.global	HAL_I2C_MspDeInit
 400              		.thumb
 401              		.thumb_func
 403              	HAL_I2C_MspDeInit:
 404              	.LFB127:
 189:Src/stm32f4xx_hal_msp.c **** 
 190:Src/stm32f4xx_hal_msp.c **** void HAL_I2C_MspDeInit(I2C_HandleTypeDef* hi2c)
 191:Src/stm32f4xx_hal_msp.c **** {
 405              		.loc 1 191 0
 406              		.cfi_startproc
 407              		@ args = 0, pretend = 0, frame = 0
 408              		@ frame_needed = 0, uses_anonymous_args = 0
 409              	.LVL26:
 410 0000 08B5     		push	{r3, lr}
 411              	.LCFI13:
 412              		.cfi_def_cfa_offset 8
 413              		.cfi_offset 3, -8
 414              		.cfi_offset 14, -4
 192:Src/stm32f4xx_hal_msp.c **** 
 193:Src/stm32f4xx_hal_msp.c ****   if(hi2c->Instance==I2C1)
 415              		.loc 1 193 0
 416 0002 0268     		ldr	r2, [r0]
 417 0004 064B     		ldr	r3, .L27
 418 0006 9A42     		cmp	r2, r3
 419 0008 08D1     		bne	.L24
 194:Src/stm32f4xx_hal_msp.c ****   {
 195:Src/stm32f4xx_hal_msp.c ****   /* USER CODE BEGIN I2C1_MspDeInit 0 */
 196:Src/stm32f4xx_hal_msp.c **** 
 197:Src/stm32f4xx_hal_msp.c ****   /* USER CODE END I2C1_MspDeInit 0 */
 198:Src/stm32f4xx_hal_msp.c ****     /* Peripheral clock disable */
 199:Src/stm32f4xx_hal_msp.c ****     __HAL_RCC_I2C1_CLK_DISABLE();
 420              		.loc 1 199 0
 421 000a 064A     		ldr	r2, .L27+4
 422 000c 136C     		ldr	r3, [r2, #64]
 423 000e 23F40013 		bic	r3, r3, #2097152
 424 0012 1364     		str	r3, [r2, #64]
 200:Src/stm32f4xx_hal_msp.c ****   
 201:Src/stm32f4xx_hal_msp.c ****     /**I2C1 GPIO Configuration    
 202:Src/stm32f4xx_hal_msp.c ****     PB6     ------> I2C1_SCL
 203:Src/stm32f4xx_hal_msp.c ****     PB7     ------> I2C1_SDA 
 204:Src/stm32f4xx_hal_msp.c ****     */
 205:Src/stm32f4xx_hal_msp.c ****     HAL_GPIO_DeInit(GPIOB, GPIO_PIN_6|GPIO_PIN_7);
 425              		.loc 1 205 0
 426 0014 0448     		ldr	r0, .L27+8
 427              	.LVL27:
 428 0016 C021     		movs	r1, #192
ARM GAS  /var/folders/68/n33lqcg953z5y1x0pvkj58xc0000gn/T//ccOaVnZo.s 			page 12


 429 0018 FFF7FEFF 		bl	HAL_GPIO_DeInit
 430              	.LVL28:
 431              	.L24:
 432 001c 08BD     		pop	{r3, pc}
 433              	.L28:
 434 001e 00BF     		.align	2
 435              	.L27:
 436 0020 00540040 		.word	1073763328
 437 0024 00380240 		.word	1073887232
 438 0028 00040240 		.word	1073873920
 439              		.cfi_endproc
 440              	.LFE127:
 442              		.section	.text.HAL_UART_MspInit,"ax",%progbits
 443              		.align	2
 444              		.global	HAL_UART_MspInit
 445              		.thumb
 446              		.thumb_func
 448              	HAL_UART_MspInit:
 449              	.LFB128:
 206:Src/stm32f4xx_hal_msp.c **** 
 207:Src/stm32f4xx_hal_msp.c ****   /* USER CODE BEGIN I2C1_MspDeInit 1 */
 208:Src/stm32f4xx_hal_msp.c **** 
 209:Src/stm32f4xx_hal_msp.c ****   /* USER CODE END I2C1_MspDeInit 1 */
 210:Src/stm32f4xx_hal_msp.c ****   }
 211:Src/stm32f4xx_hal_msp.c **** 
 212:Src/stm32f4xx_hal_msp.c **** }
 213:Src/stm32f4xx_hal_msp.c **** 
 214:Src/stm32f4xx_hal_msp.c **** void HAL_UART_MspInit(UART_HandleTypeDef* huart)
 215:Src/stm32f4xx_hal_msp.c **** {
 450              		.loc 1 215 0
 451              		.cfi_startproc
 452              		@ args = 0, pretend = 0, frame = 24
 453              		@ frame_needed = 0, uses_anonymous_args = 0
 454              	.LVL29:
 216:Src/stm32f4xx_hal_msp.c **** 
 217:Src/stm32f4xx_hal_msp.c ****   GPIO_InitTypeDef GPIO_InitStruct;
 218:Src/stm32f4xx_hal_msp.c ****   if(huart->Instance==USART2)
 455              		.loc 1 218 0
 456 0000 0268     		ldr	r2, [r0]
 457 0002 114B     		ldr	r3, .L33
 458 0004 9A42     		cmp	r2, r3
 459 0006 1ED1     		bne	.L32
 215:Src/stm32f4xx_hal_msp.c **** 
 460              		.loc 1 215 0
 461 0008 00B5     		push	{lr}
 462              	.LCFI14:
 463              		.cfi_def_cfa_offset 4
 464              		.cfi_offset 14, -4
 465 000a 87B0     		sub	sp, sp, #28
 466              	.LCFI15:
 467              		.cfi_def_cfa_offset 32
 468              	.LBB6:
 219:Src/stm32f4xx_hal_msp.c ****   {
 220:Src/stm32f4xx_hal_msp.c ****   /* USER CODE BEGIN USART2_MspInit 0 */
 221:Src/stm32f4xx_hal_msp.c **** 
 222:Src/stm32f4xx_hal_msp.c ****   /* USER CODE END USART2_MspInit 0 */
 223:Src/stm32f4xx_hal_msp.c ****     /* Peripheral clock enable */
ARM GAS  /var/folders/68/n33lqcg953z5y1x0pvkj58xc0000gn/T//ccOaVnZo.s 			page 13


 224:Src/stm32f4xx_hal_msp.c ****     __HAL_RCC_USART2_CLK_ENABLE();
 469              		.loc 1 224 0
 470 000c 0023     		movs	r3, #0
 471 000e 0093     		str	r3, [sp]
 472 0010 0E4B     		ldr	r3, .L33+4
 473 0012 1A6C     		ldr	r2, [r3, #64]
 474 0014 42F40032 		orr	r2, r2, #131072
 475 0018 1A64     		str	r2, [r3, #64]
 476 001a 1B6C     		ldr	r3, [r3, #64]
 477 001c 03F40033 		and	r3, r3, #131072
 478 0020 0093     		str	r3, [sp]
 479 0022 009B     		ldr	r3, [sp]
 480              	.LBE6:
 225:Src/stm32f4xx_hal_msp.c ****   
 226:Src/stm32f4xx_hal_msp.c ****     /**USART2 GPIO Configuration    
 227:Src/stm32f4xx_hal_msp.c ****     PA2     ------> USART2_TX
 228:Src/stm32f4xx_hal_msp.c ****     PA3     ------> USART2_RX 
 229:Src/stm32f4xx_hal_msp.c ****     */
 230:Src/stm32f4xx_hal_msp.c ****     GPIO_InitStruct.Pin = GPIO_PIN_2|GPIO_PIN_3;
 481              		.loc 1 230 0
 482 0024 0C23     		movs	r3, #12
 483 0026 0193     		str	r3, [sp, #4]
 231:Src/stm32f4xx_hal_msp.c ****     GPIO_InitStruct.Mode = GPIO_MODE_AF_PP;
 484              		.loc 1 231 0
 485 0028 0223     		movs	r3, #2
 486 002a 0293     		str	r3, [sp, #8]
 232:Src/stm32f4xx_hal_msp.c ****     GPIO_InitStruct.Pull = GPIO_PULLUP;
 487              		.loc 1 232 0
 488 002c 0123     		movs	r3, #1
 489 002e 0393     		str	r3, [sp, #12]
 233:Src/stm32f4xx_hal_msp.c ****     GPIO_InitStruct.Speed = GPIO_SPEED_FREQ_VERY_HIGH;
 490              		.loc 1 233 0
 491 0030 0323     		movs	r3, #3
 492 0032 0493     		str	r3, [sp, #16]
 234:Src/stm32f4xx_hal_msp.c ****     GPIO_InitStruct.Alternate = GPIO_AF7_USART2;
 493              		.loc 1 234 0
 494 0034 0723     		movs	r3, #7
 495 0036 0593     		str	r3, [sp, #20]
 235:Src/stm32f4xx_hal_msp.c ****     HAL_GPIO_Init(GPIOA, &GPIO_InitStruct);
 496              		.loc 1 235 0
 497 0038 0548     		ldr	r0, .L33+8
 498              	.LVL30:
 499 003a 01A9     		add	r1, sp, #4
 500 003c FFF7FEFF 		bl	HAL_GPIO_Init
 501              	.LVL31:
 236:Src/stm32f4xx_hal_msp.c **** 
 237:Src/stm32f4xx_hal_msp.c ****   /* USER CODE BEGIN USART2_MspInit 1 */
 238:Src/stm32f4xx_hal_msp.c **** 
 239:Src/stm32f4xx_hal_msp.c ****   /* USER CODE END USART2_MspInit 1 */
 240:Src/stm32f4xx_hal_msp.c ****   }
 241:Src/stm32f4xx_hal_msp.c **** 
 242:Src/stm32f4xx_hal_msp.c **** }
 502              		.loc 1 242 0
 503 0040 07B0     		add	sp, sp, #28
 504              	.LCFI16:
 505              		.cfi_def_cfa_offset 4
 506              		@ sp needed
ARM GAS  /var/folders/68/n33lqcg953z5y1x0pvkj58xc0000gn/T//ccOaVnZo.s 			page 14


 507 0042 5DF804FB 		ldr	pc, [sp], #4
 508              	.LVL32:
 509              	.L32:
 510              	.LCFI17:
 511              		.cfi_def_cfa_offset 0
 512              		.cfi_restore 14
 513 0046 7047     		bx	lr
 514              	.L34:
 515              		.align	2
 516              	.L33:
 517 0048 00440040 		.word	1073759232
 518 004c 00380240 		.word	1073887232
 519 0050 00000240 		.word	1073872896
 520              		.cfi_endproc
 521              	.LFE128:
 523              		.section	.text.HAL_UART_MspDeInit,"ax",%progbits
 524              		.align	2
 525              		.global	HAL_UART_MspDeInit
 526              		.thumb
 527              		.thumb_func
 529              	HAL_UART_MspDeInit:
 530              	.LFB129:
 243:Src/stm32f4xx_hal_msp.c **** 
 244:Src/stm32f4xx_hal_msp.c **** void HAL_UART_MspDeInit(UART_HandleTypeDef* huart)
 245:Src/stm32f4xx_hal_msp.c **** {
 531              		.loc 1 245 0
 532              		.cfi_startproc
 533              		@ args = 0, pretend = 0, frame = 0
 534              		@ frame_needed = 0, uses_anonymous_args = 0
 535              	.LVL33:
 536 0000 08B5     		push	{r3, lr}
 537              	.LCFI18:
 538              		.cfi_def_cfa_offset 8
 539              		.cfi_offset 3, -8
 540              		.cfi_offset 14, -4
 246:Src/stm32f4xx_hal_msp.c **** 
 247:Src/stm32f4xx_hal_msp.c ****   if(huart->Instance==USART2)
 541              		.loc 1 247 0
 542 0002 0268     		ldr	r2, [r0]
 543 0004 064B     		ldr	r3, .L38
 544 0006 9A42     		cmp	r2, r3
 545 0008 08D1     		bne	.L35
 248:Src/stm32f4xx_hal_msp.c ****   {
 249:Src/stm32f4xx_hal_msp.c ****   /* USER CODE BEGIN USART2_MspDeInit 0 */
 250:Src/stm32f4xx_hal_msp.c **** 
 251:Src/stm32f4xx_hal_msp.c ****   /* USER CODE END USART2_MspDeInit 0 */
 252:Src/stm32f4xx_hal_msp.c ****     /* Peripheral clock disable */
 253:Src/stm32f4xx_hal_msp.c ****     __HAL_RCC_USART2_CLK_DISABLE();
 546              		.loc 1 253 0
 547 000a 064A     		ldr	r2, .L38+4
 548 000c 136C     		ldr	r3, [r2, #64]
 549 000e 23F40033 		bic	r3, r3, #131072
 550 0012 1364     		str	r3, [r2, #64]
 254:Src/stm32f4xx_hal_msp.c ****   
 255:Src/stm32f4xx_hal_msp.c ****     /**USART2 GPIO Configuration    
 256:Src/stm32f4xx_hal_msp.c ****     PA2     ------> USART2_TX
 257:Src/stm32f4xx_hal_msp.c ****     PA3     ------> USART2_RX 
ARM GAS  /var/folders/68/n33lqcg953z5y1x0pvkj58xc0000gn/T//ccOaVnZo.s 			page 15


 258:Src/stm32f4xx_hal_msp.c ****     */
 259:Src/stm32f4xx_hal_msp.c ****     HAL_GPIO_DeInit(GPIOA, GPIO_PIN_2|GPIO_PIN_3);
 551              		.loc 1 259 0
 552 0014 0448     		ldr	r0, .L38+8
 553              	.LVL34:
 554 0016 0C21     		movs	r1, #12
 555 0018 FFF7FEFF 		bl	HAL_GPIO_DeInit
 556              	.LVL35:
 557              	.L35:
 558 001c 08BD     		pop	{r3, pc}
 559              	.L39:
 560 001e 00BF     		.align	2
 561              	.L38:
 562 0020 00440040 		.word	1073759232
 563 0024 00380240 		.word	1073887232
 564 0028 00000240 		.word	1073872896
 565              		.cfi_endproc
 566              	.LFE129:
 568              		.section	.rodata.str1.4,"aMS",%progbits,1
 569              		.align	2
 570              	.LC0:
 571 0000 5372632F 		.ascii	"Src/stm32f4xx_hal_msp.c\000"
 571      73746D33 
 571      32663478 
 571      785F6861 
 571      6C5F6D73 
 572              		.text
 573              	.Letext0:
 574              		.file 2 "Drivers/CMSIS/Device/ST/STM32F4xx/Include/stm32f401xe.h"
 575              		.file 3 "/usr/local/Cellar/arm-none-eabi-gcc/20150921/arm-none-eabi/include/machine/_default_types
 576              		.file 4 "/usr/local/Cellar/arm-none-eabi-gcc/20150921/arm-none-eabi/include/sys/_stdint.h"
 577              		.file 5 "Drivers/STM32F4xx_HAL_Driver/Inc/stm32f4xx_hal_def.h"
 578              		.file 6 "Drivers/STM32F4xx_HAL_Driver/Inc/stm32f4xx_hal_gpio.h"
 579              		.file 7 "Drivers/STM32F4xx_HAL_Driver/Inc/stm32f4xx_hal_dma.h"
 580              		.file 8 "Drivers/STM32F4xx_HAL_Driver/Inc/stm32f4xx_hal_adc.h"
 581              		.file 9 "Drivers/STM32F4xx_HAL_Driver/Inc/stm32f4xx_hal_i2c.h"
 582              		.file 10 "Drivers/STM32F4xx_HAL_Driver/Inc/stm32f4xx_hal_uart.h"
 583              		.file 11 "Drivers/CMSIS/Include/core_cm4.h"
 584              		.file 12 "Drivers/STM32F4xx_HAL_Driver/Inc/stm32f4xx_hal_cortex.h"
ARM GAS  /var/folders/68/n33lqcg953z5y1x0pvkj58xc0000gn/T//ccOaVnZo.s 			page 16


DEFINED SYMBOLS
                            *ABS*:0000000000000000 stm32f4xx_hal_msp.c
/var/folders/68/n33lqcg953z5y1x0pvkj58xc0000gn/T//ccOaVnZo.s:21     .text.HAL_MspInit:0000000000000000 $t
/var/folders/68/n33lqcg953z5y1x0pvkj58xc0000gn/T//ccOaVnZo.s:26     .text.HAL_MspInit:0000000000000000 HAL_MspInit
/var/folders/68/n33lqcg953z5y1x0pvkj58xc0000gn/T//ccOaVnZo.s:120    .text.HAL_MspInit:0000000000000090 $d
/var/folders/68/n33lqcg953z5y1x0pvkj58xc0000gn/T//ccOaVnZo.s:125    .text.HAL_ADC_MspInit:0000000000000000 $t
/var/folders/68/n33lqcg953z5y1x0pvkj58xc0000gn/T//ccOaVnZo.s:130    .text.HAL_ADC_MspInit:0000000000000000 HAL_ADC_MspInit
/var/folders/68/n33lqcg953z5y1x0pvkj58xc0000gn/T//ccOaVnZo.s:247    .text.HAL_ADC_MspInit:000000000000008c $d
/var/folders/68/n33lqcg953z5y1x0pvkj58xc0000gn/T//ccOaVnZo.s:256    .text.HAL_ADC_MspDeInit:0000000000000000 $t
/var/folders/68/n33lqcg953z5y1x0pvkj58xc0000gn/T//ccOaVnZo.s:261    .text.HAL_ADC_MspDeInit:0000000000000000 HAL_ADC_MspDeInit
/var/folders/68/n33lqcg953z5y1x0pvkj58xc0000gn/T//ccOaVnZo.s:310    .text.HAL_ADC_MspDeInit:0000000000000030 $d
/var/folders/68/n33lqcg953z5y1x0pvkj58xc0000gn/T//ccOaVnZo.s:317    .text.HAL_I2C_MspInit:0000000000000000 $t
/var/folders/68/n33lqcg953z5y1x0pvkj58xc0000gn/T//ccOaVnZo.s:322    .text.HAL_I2C_MspInit:0000000000000000 HAL_I2C_MspInit
/var/folders/68/n33lqcg953z5y1x0pvkj58xc0000gn/T//ccOaVnZo.s:391    .text.HAL_I2C_MspInit:000000000000004c $d
/var/folders/68/n33lqcg953z5y1x0pvkj58xc0000gn/T//ccOaVnZo.s:398    .text.HAL_I2C_MspDeInit:0000000000000000 $t
/var/folders/68/n33lqcg953z5y1x0pvkj58xc0000gn/T//ccOaVnZo.s:403    .text.HAL_I2C_MspDeInit:0000000000000000 HAL_I2C_MspDeInit
/var/folders/68/n33lqcg953z5y1x0pvkj58xc0000gn/T//ccOaVnZo.s:436    .text.HAL_I2C_MspDeInit:0000000000000020 $d
/var/folders/68/n33lqcg953z5y1x0pvkj58xc0000gn/T//ccOaVnZo.s:443    .text.HAL_UART_MspInit:0000000000000000 $t
/var/folders/68/n33lqcg953z5y1x0pvkj58xc0000gn/T//ccOaVnZo.s:448    .text.HAL_UART_MspInit:0000000000000000 HAL_UART_MspInit
/var/folders/68/n33lqcg953z5y1x0pvkj58xc0000gn/T//ccOaVnZo.s:517    .text.HAL_UART_MspInit:0000000000000048 $d
/var/folders/68/n33lqcg953z5y1x0pvkj58xc0000gn/T//ccOaVnZo.s:524    .text.HAL_UART_MspDeInit:0000000000000000 $t
/var/folders/68/n33lqcg953z5y1x0pvkj58xc0000gn/T//ccOaVnZo.s:529    .text.HAL_UART_MspDeInit:0000000000000000 HAL_UART_MspDeInit
/var/folders/68/n33lqcg953z5y1x0pvkj58xc0000gn/T//ccOaVnZo.s:562    .text.HAL_UART_MspDeInit:0000000000000020 $d
/var/folders/68/n33lqcg953z5y1x0pvkj58xc0000gn/T//ccOaVnZo.s:569    .rodata.str1.4:0000000000000000 $d
                     .debug_frame:0000000000000010 $d

UNDEFINED SYMBOLS
HAL_NVIC_SetPriorityGrouping
HAL_NVIC_SetPriority
HAL_GPIO_Init
HAL_DMA_Init
_Error_Handler
HAL_NVIC_EnableIRQ
hdma_adc1
HAL_GPIO_DeInit
HAL_DMA_DeInit
HAL_NVIC_DisableIRQ
