Determining if the pthread_create exist failed with the following output:
Change Dir: /home/ben/Documents/enph253/Software/NeuralNet/build/CMakeFiles/CMakeTmp

Run Build Command:"/usr/bin/make" "cmTC_18998/fast"
/usr/bin/make -f CMakeFiles/cmTC_18998.dir/build.make CMakeFiles/cmTC_18998.dir/build
make[1]: Entering directory '/home/ben/Documents/enph253/Software/NeuralNet/build/CMakeFiles/CMakeTmp'
Building C object CMakeFiles/cmTC_18998.dir/CheckSymbolExists.c.o
/usr/bin/cc    -fPIC    -o CMakeFiles/cmTC_18998.dir/CheckSymbolExists.c.o   -c /home/ben/Documents/enph253/Software/NeuralNet/build/CMakeFiles/CMakeTmp/CheckSymbolExists.c
Linking C executable cmTC_18998
/usr/bin/cmake -E cmake_link_script CMakeFiles/cmTC_18998.dir/link.txt --verbose=1
/usr/bin/cc  -fPIC     CMakeFiles/cmTC_18998.dir/CheckSymbolExists.c.o  -o cmTC_18998 -rdynamic 
CMakeFiles/cmTC_18998.dir/CheckSymbolExists.c.o: In function `main':
CheckSymbolExists.c:(.text+0x1b): undefined reference to `pthread_create'
collect2: error: ld returned 1 exit status
CMakeFiles/cmTC_18998.dir/build.make:97: recipe for target 'cmTC_18998' failed
make[1]: *** [cmTC_18998] Error 1
make[1]: Leaving directory '/home/ben/Documents/enph253/Software/NeuralNet/build/CMakeFiles/CMakeTmp'
Makefile:126: recipe for target 'cmTC_18998/fast' failed
make: *** [cmTC_18998/fast] Error 2

File /home/ben/Documents/enph253/Software/NeuralNet/build/CMakeFiles/CMakeTmp/CheckSymbolExists.c:
/* */
#include <pthread.h>

int main(int argc, char** argv)
{
  (void)argv;
#ifndef pthread_create
  return ((int*)(&pthread_create))[argc];
#else
  (void)argc;
  return 0;
#endif
}

Determining if the function pthread_create exists in the pthreads failed with the following output:
Change Dir: /home/ben/Documents/enph253/Software/NeuralNet/build/CMakeFiles/CMakeTmp

Run Build Command:"/usr/bin/make" "cmTC_72089/fast"
/usr/bin/make -f CMakeFiles/cmTC_72089.dir/build.make CMakeFiles/cmTC_72089.dir/build
make[1]: Entering directory '/home/ben/Documents/enph253/Software/NeuralNet/build/CMakeFiles/CMakeTmp'
Building C object CMakeFiles/cmTC_72089.dir/CheckFunctionExists.c.o
/usr/bin/cc    -fPIC -DCHECK_FUNCTION_EXISTS=pthread_create   -o CMakeFiles/cmTC_72089.dir/CheckFunctionExists.c.o   -c /usr/share/cmake-3.5/Modules/CheckFunctionExists.c
Linking C executable cmTC_72089
/usr/bin/cmake -E cmake_link_script CMakeFiles/cmTC_72089.dir/link.txt --verbose=1
/usr/bin/cc  -fPIC -DCHECK_FUNCTION_EXISTS=pthread_create    CMakeFiles/cmTC_72089.dir/CheckFunctionExists.c.o  -o cmTC_72089 -rdynamic -lpthreads 
/usr/bin/ld: cannot find -lpthreads
collect2: error: ld returned 1 exit status
CMakeFiles/cmTC_72089.dir/build.make:97: recipe for target 'cmTC_72089' failed
make[1]: *** [cmTC_72089] Error 1
make[1]: Leaving directory '/home/ben/Documents/enph253/Software/NeuralNet/build/CMakeFiles/CMakeTmp'
Makefile:126: recipe for target 'cmTC_72089/fast' failed
make: *** [cmTC_72089/fast] Error 2


Determining if the pthread_create exist failed with the following output:
Change Dir: /home/ben/Documents/enph253/Software/NeuralNet/build/CMakeFiles/CMakeTmp

Run Build Command:"/usr/bin/make" "cmTC_b5755/fast"
/usr/bin/make -f CMakeFiles/cmTC_b5755.dir/build.make CMakeFiles/cmTC_b5755.dir/build
make[1]: Entering directory '/home/ben/Documents/enph253/Software/NeuralNet/build/CMakeFiles/CMakeTmp'
Building C object CMakeFiles/cmTC_b5755.dir/CheckSymbolExists.c.o
/usr/bin/cc    -fPIC    -o CMakeFiles/cmTC_b5755.dir/CheckSymbolExists.c.o   -c /home/ben/Documents/enph253/Software/NeuralNet/build/CMakeFiles/CMakeTmp/CheckSymbolExists.c
Linking C executable cmTC_b5755
/usr/bin/cmake -E cmake_link_script CMakeFiles/cmTC_b5755.dir/link.txt --verbose=1
/usr/bin/cc  -fPIC     CMakeFiles/cmTC_b5755.dir/CheckSymbolExists.c.o  -o cmTC_b5755 -rdynamic 
CMakeFiles/cmTC_b5755.dir/CheckSymbolExists.c.o: In function `main':
CheckSymbolExists.c:(.text+0x1b): undefined reference to `pthread_create'
collect2: error: ld returned 1 exit status
CMakeFiles/cmTC_b5755.dir/build.make:97: recipe for target 'cmTC_b5755' failed
make[1]: *** [cmTC_b5755] Error 1
make[1]: Leaving directory '/home/ben/Documents/enph253/Software/NeuralNet/build/CMakeFiles/CMakeTmp'
Makefile:126: recipe for target 'cmTC_b5755/fast' failed
make: *** [cmTC_b5755/fast] Error 2

File /home/ben/Documents/enph253/Software/NeuralNet/build/CMakeFiles/CMakeTmp/CheckSymbolExists.c:
/* */
#include <pthread.h>

int main(int argc, char** argv)
{
  (void)argv;
#ifndef pthread_create
  return ((int*)(&pthread_create))[argc];
#else
  (void)argc;
  return 0;
#endif
}

Determining if the function pthread_create exists in the pthreads failed with the following output:
Change Dir: /home/ben/Documents/enph253/Software/NeuralNet/build/CMakeFiles/CMakeTmp

Run Build Command:"/usr/bin/make" "cmTC_9265b/fast"
/usr/bin/make -f CMakeFiles/cmTC_9265b.dir/build.make CMakeFiles/cmTC_9265b.dir/build
make[1]: Entering directory '/home/ben/Documents/enph253/Software/NeuralNet/build/CMakeFiles/CMakeTmp'
Building C object CMakeFiles/cmTC_9265b.dir/CheckFunctionExists.c.o
/usr/bin/cc    -fPIC -DCHECK_FUNCTION_EXISTS=pthread_create   -o CMakeFiles/cmTC_9265b.dir/CheckFunctionExists.c.o   -c /usr/share/cmake-3.5/Modules/CheckFunctionExists.c
Linking C executable cmTC_9265b
/usr/bin/cmake -E cmake_link_script CMakeFiles/cmTC_9265b.dir/link.txt --verbose=1
/usr/bin/cc  -fPIC -DCHECK_FUNCTION_EXISTS=pthread_create    CMakeFiles/cmTC_9265b.dir/CheckFunctionExists.c.o  -o cmTC_9265b -rdynamic -lpthreads 
/usr/bin/ld: cannot find -lpthreads
collect2: error: ld returned 1 exit status
CMakeFiles/cmTC_9265b.dir/build.make:97: recipe for target 'cmTC_9265b' failed
make[1]: *** [cmTC_9265b] Error 1
make[1]: Leaving directory '/home/ben/Documents/enph253/Software/NeuralNet/build/CMakeFiles/CMakeTmp'
Makefile:126: recipe for target 'cmTC_9265b/fast' failed
make: *** [cmTC_9265b/fast] Error 2


Determining if the pthread_create exist failed with the following output:
Change Dir: /home/ben/Documents/enph253/Software/NeuralNet/build/CMakeFiles/CMakeTmp

Run Build Command:"/usr/bin/make" "cmTC_3441f/fast"
/usr/bin/make -f CMakeFiles/cmTC_3441f.dir/build.make CMakeFiles/cmTC_3441f.dir/build
make[1]: Entering directory '/home/ben/Documents/enph253/Software/NeuralNet/build/CMakeFiles/CMakeTmp'
Building C object CMakeFiles/cmTC_3441f.dir/CheckSymbolExists.c.o
/usr/bin/cc    -fPIC    -o CMakeFiles/cmTC_3441f.dir/CheckSymbolExists.c.o   -c /home/ben/Documents/enph253/Software/NeuralNet/build/CMakeFiles/CMakeTmp/CheckSymbolExists.c
Linking C executable cmTC_3441f
/usr/bin/cmake -E cmake_link_script CMakeFiles/cmTC_3441f.dir/link.txt --verbose=1
/usr/bin/cc  -fPIC     CMakeFiles/cmTC_3441f.dir/CheckSymbolExists.c.o  -o cmTC_3441f -rdynamic 
CMakeFiles/cmTC_3441f.dir/CheckSymbolExists.c.o: In function `main':
CheckSymbolExists.c:(.text+0x1b): undefined reference to `pthread_create'
collect2: error: ld returned 1 exit status
CMakeFiles/cmTC_3441f.dir/build.make:97: recipe for target 'cmTC_3441f' failed
make[1]: *** [cmTC_3441f] Error 1
make[1]: Leaving directory '/home/ben/Documents/enph253/Software/NeuralNet/build/CMakeFiles/CMakeTmp'
Makefile:126: recipe for target 'cmTC_3441f/fast' failed
make: *** [cmTC_3441f/fast] Error 2

File /home/ben/Documents/enph253/Software/NeuralNet/build/CMakeFiles/CMakeTmp/CheckSymbolExists.c:
/* */
#include <pthread.h>

int main(int argc, char** argv)
{
  (void)argv;
#ifndef pthread_create
  return ((int*)(&pthread_create))[argc];
#else
  (void)argc;
  return 0;
#endif
}

Determining if the function pthread_create exists in the pthreads failed with the following output:
Change Dir: /home/ben/Documents/enph253/Software/NeuralNet/build/CMakeFiles/CMakeTmp

Run Build Command:"/usr/bin/make" "cmTC_168ec/fast"
/usr/bin/make -f CMakeFiles/cmTC_168ec.dir/build.make CMakeFiles/cmTC_168ec.dir/build
make[1]: Entering directory '/home/ben/Documents/enph253/Software/NeuralNet/build/CMakeFiles/CMakeTmp'
Building C object CMakeFiles/cmTC_168ec.dir/CheckFunctionExists.c.o
/usr/bin/cc    -fPIC -DCHECK_FUNCTION_EXISTS=pthread_create   -o CMakeFiles/cmTC_168ec.dir/CheckFunctionExists.c.o   -c /usr/share/cmake-3.5/Modules/CheckFunctionExists.c
Linking C executable cmTC_168ec
/usr/bin/cmake -E cmake_link_script CMakeFiles/cmTC_168ec.dir/link.txt --verbose=1
/usr/bin/cc  -fPIC -DCHECK_FUNCTION_EXISTS=pthread_create    CMakeFiles/cmTC_168ec.dir/CheckFunctionExists.c.o  -o cmTC_168ec -rdynamic -lpthreads 
/usr/bin/ld: cannot find -lpthreads
collect2: error: ld returned 1 exit status
CMakeFiles/cmTC_168ec.dir/build.make:97: recipe for target 'cmTC_168ec' failed
make[1]: *** [cmTC_168ec] Error 1
make[1]: Leaving directory '/home/ben/Documents/enph253/Software/NeuralNet/build/CMakeFiles/CMakeTmp'
Makefile:126: recipe for target 'cmTC_168ec/fast' failed
make: *** [cmTC_168ec/fast] Error 2


