ARM GAS  /var/folders/68/n33lqcg953z5y1x0pvkj58xc0000gn/T//cc9VJnWg.s 			page 1


   1              		.syntax unified
   2              		.cpu cortex-m4
   3              		.eabi_attribute 27, 1
   4              		.eabi_attribute 28, 1
   5              		.fpu fpv4-sp-d16
   6              		.eabi_attribute 20, 1
   7              		.eabi_attribute 21, 1
   8              		.eabi_attribute 23, 3
   9              		.eabi_attribute 24, 1
  10              		.eabi_attribute 25, 1
  11              		.eabi_attribute 26, 1
  12              		.eabi_attribute 30, 1
  13              		.eabi_attribute 34, 1
  14              		.eabi_attribute 18, 4
  15              		.thumb
  16              		.file	"adc.c"
  17              		.text
  18              	.Ltext0:
  19              		.cfi_sections	.debug_frame
  20              		.section	.text.MX_ADC1_Init,"ax",%progbits
  21              		.align	2
  22              		.global	MX_ADC1_Init
  23              		.thumb
  24              		.thumb_func
  26              	MX_ADC1_Init:
  27              	.LFB123:
  28              		.file 1 "Src/adc.c"
   1:Src/adc.c     **** /**
   2:Src/adc.c     ****   ******************************************************************************
   3:Src/adc.c     ****   * File Name          : ADC.c
   4:Src/adc.c     ****   * Description        : This file provides code for the configuration
   5:Src/adc.c     ****   *                      of the ADC instances.
   6:Src/adc.c     ****   ******************************************************************************
   7:Src/adc.c     ****   ** This notice applies to any and all portions of this file
   8:Src/adc.c     ****   * that are not between comment pairs USER CODE BEGIN and
   9:Src/adc.c     ****   * USER CODE END. Other portions of this file, whether 
  10:Src/adc.c     ****   * inserted by the user or by software development tools
  11:Src/adc.c     ****   * are owned by their respective copyright owners.
  12:Src/adc.c     ****   *
  13:Src/adc.c     ****   * COPYRIGHT(c) 2018 STMicroelectronics
  14:Src/adc.c     ****   *
  15:Src/adc.c     ****   * Redistribution and use in source and binary forms, with or without modification,
  16:Src/adc.c     ****   * are permitted provided that the following conditions are met:
  17:Src/adc.c     ****   *   1. Redistributions of source code must retain the above copyright notice,
  18:Src/adc.c     ****   *      this list of conditions and the following disclaimer.
  19:Src/adc.c     ****   *   2. Redistributions in binary form must reproduce the above copyright notice,
  20:Src/adc.c     ****   *      this list of conditions and the following disclaimer in the documentation
  21:Src/adc.c     ****   *      and/or other materials provided with the distribution.
  22:Src/adc.c     ****   *   3. Neither the name of STMicroelectronics nor the names of its contributors
  23:Src/adc.c     ****   *      may be used to endorse or promote products derived from this software
  24:Src/adc.c     ****   *      without specific prior written permission.
  25:Src/adc.c     ****   *
  26:Src/adc.c     ****   * THIS SOFTWARE IS PROVIDED BY THE COPYRIGHT HOLDERS AND CONTRIBUTORS "AS IS"
  27:Src/adc.c     ****   * AND ANY EXPRESS OR IMPLIED WARRANTIES, INCLUDING, BUT NOT LIMITED TO, THE
  28:Src/adc.c     ****   * IMPLIED WARRANTIES OF MERCHANTABILITY AND FITNESS FOR A PARTICULAR PURPOSE ARE
  29:Src/adc.c     ****   * DISCLAIMED. IN NO EVENT SHALL THE COPYRIGHT HOLDER OR CONTRIBUTORS BE LIABLE
  30:Src/adc.c     ****   * FOR ANY DIRECT, INDIRECT, INCIDENTAL, SPECIAL, EXEMPLARY, OR CONSEQUENTIAL
ARM GAS  /var/folders/68/n33lqcg953z5y1x0pvkj58xc0000gn/T//cc9VJnWg.s 			page 2


  31:Src/adc.c     ****   * DAMAGES (INCLUDING, BUT NOT LIMITED TO, PROCUREMENT OF SUBSTITUTE GOODS OR
  32:Src/adc.c     ****   * SERVICES; LOSS OF USE, DATA, OR PROFITS; OR BUSINESS INTERRUPTION) HOWEVER
  33:Src/adc.c     ****   * CAUSED AND ON ANY THEORY OF LIABILITY, WHETHER IN CONTRACT, STRICT LIABILITY,
  34:Src/adc.c     ****   * OR TORT (INCLUDING NEGLIGENCE OR OTHERWISE) ARISING IN ANY WAY OUT OF THE USE
  35:Src/adc.c     ****   * OF THIS SOFTWARE, EVEN IF ADVISED OF THE POSSIBILITY OF SUCH DAMAGE.
  36:Src/adc.c     ****   *
  37:Src/adc.c     ****   ******************************************************************************
  38:Src/adc.c     ****   */
  39:Src/adc.c     **** 
  40:Src/adc.c     **** /* Includes ------------------------------------------------------------------*/
  41:Src/adc.c     **** #include "adc.h"
  42:Src/adc.c     **** 
  43:Src/adc.c     **** #include "gpio.h"
  44:Src/adc.c     **** 
  45:Src/adc.c     **** /* USER CODE BEGIN 0 */
  46:Src/adc.c     **** 
  47:Src/adc.c     **** /* USER CODE END 0 */
  48:Src/adc.c     **** 
  49:Src/adc.c     **** ADC_HandleTypeDef hadc1;
  50:Src/adc.c     **** 
  51:Src/adc.c     **** /* ADC1 init function */
  52:Src/adc.c     **** void MX_ADC1_Init(void)
  53:Src/adc.c     **** {
  29              		.loc 1 53 0
  30              		.cfi_startproc
  31              		@ args = 0, pretend = 0, frame = 16
  32              		@ frame_needed = 0, uses_anonymous_args = 0
  33 0000 00B5     		push	{lr}
  34              	.LCFI0:
  35              		.cfi_def_cfa_offset 4
  36              		.cfi_offset 14, -4
  37 0002 85B0     		sub	sp, sp, #20
  38              	.LCFI1:
  39              		.cfi_def_cfa_offset 24
  54:Src/adc.c     ****   ADC_ChannelConfTypeDef sConfig;
  55:Src/adc.c     **** 
  56:Src/adc.c     ****     /**Configure the global features of the ADC (Clock, Resolution, Data Alignment and number of co
  57:Src/adc.c     ****     */
  58:Src/adc.c     ****   hadc1.Instance = ADC1;
  40              		.loc 1 58 0
  41 0004 1448     		ldr	r0, .L5
  42 0006 154B     		ldr	r3, .L5+4
  43 0008 0360     		str	r3, [r0]
  59:Src/adc.c     ****   hadc1.Init.ClockPrescaler = ADC_CLOCK_SYNC_PCLK_DIV2;
  44              		.loc 1 59 0
  45 000a 0023     		movs	r3, #0
  46 000c 4360     		str	r3, [r0, #4]
  60:Src/adc.c     ****   hadc1.Init.Resolution = ADC_RESOLUTION_12B;
  47              		.loc 1 60 0
  48 000e 8360     		str	r3, [r0, #8]
  61:Src/adc.c     ****   hadc1.Init.ScanConvMode = DISABLE;
  49              		.loc 1 61 0
  50 0010 0361     		str	r3, [r0, #16]
  62:Src/adc.c     ****   hadc1.Init.ContinuousConvMode = DISABLE;
  51              		.loc 1 62 0
  52 0012 8361     		str	r3, [r0, #24]
  63:Src/adc.c     ****   hadc1.Init.DiscontinuousConvMode = DISABLE;
ARM GAS  /var/folders/68/n33lqcg953z5y1x0pvkj58xc0000gn/T//cc9VJnWg.s 			page 3


  53              		.loc 1 63 0
  54 0014 0362     		str	r3, [r0, #32]
  64:Src/adc.c     ****   hadc1.Init.ExternalTrigConvEdge = ADC_EXTERNALTRIGCONVEDGE_NONE;
  55              		.loc 1 64 0
  56 0016 C362     		str	r3, [r0, #44]
  65:Src/adc.c     ****   hadc1.Init.ExternalTrigConv = ADC_SOFTWARE_START;
  57              		.loc 1 65 0
  58 0018 114A     		ldr	r2, .L5+8
  59 001a 8262     		str	r2, [r0, #40]
  66:Src/adc.c     ****   hadc1.Init.DataAlign = ADC_DATAALIGN_RIGHT;
  60              		.loc 1 66 0
  61 001c C360     		str	r3, [r0, #12]
  67:Src/adc.c     ****   hadc1.Init.NbrOfConversion = 1;
  62              		.loc 1 67 0
  63 001e 0122     		movs	r2, #1
  64 0020 C261     		str	r2, [r0, #28]
  68:Src/adc.c     ****   hadc1.Init.DMAContinuousRequests = DISABLE;
  65              		.loc 1 68 0
  66 0022 0363     		str	r3, [r0, #48]
  69:Src/adc.c     ****   hadc1.Init.EOCSelection = ADC_EOC_SINGLE_CONV;
  67              		.loc 1 69 0
  68 0024 4261     		str	r2, [r0, #20]
  70:Src/adc.c     ****   if (HAL_ADC_Init(&hadc1) != HAL_OK)
  69              		.loc 1 70 0
  70 0026 FFF7FEFF 		bl	HAL_ADC_Init
  71              	.LVL0:
  72 002a 18B1     		cbz	r0, .L2
  71:Src/adc.c     ****   {
  72:Src/adc.c     ****     _Error_Handler(__FILE__, __LINE__);
  73              		.loc 1 72 0
  74 002c 0D48     		ldr	r0, .L5+12
  75 002e 4821     		movs	r1, #72
  76 0030 FFF7FEFF 		bl	_Error_Handler
  77              	.LVL1:
  78              	.L2:
  73:Src/adc.c     ****   }
  74:Src/adc.c     **** 
  75:Src/adc.c     ****     /**Configure for the selected ADC regular channel its corresponding rank in the sequencer and i
  76:Src/adc.c     ****     */
  77:Src/adc.c     ****   sConfig.Channel = ADC_CHANNEL_2;
  79              		.loc 1 77 0
  80 0034 0223     		movs	r3, #2
  81 0036 0093     		str	r3, [sp]
  78:Src/adc.c     ****   sConfig.Rank = 1;
  82              		.loc 1 78 0
  83 0038 0123     		movs	r3, #1
  84 003a 0193     		str	r3, [sp, #4]
  79:Src/adc.c     ****   sConfig.SamplingTime = ADC_SAMPLETIME_3CYCLES;
  85              		.loc 1 79 0
  86 003c 0023     		movs	r3, #0
  87 003e 0293     		str	r3, [sp, #8]
  80:Src/adc.c     ****   if (HAL_ADC_ConfigChannel(&hadc1, &sConfig) != HAL_OK)
  88              		.loc 1 80 0
  89 0040 0548     		ldr	r0, .L5
  90 0042 6946     		mov	r1, sp
  91 0044 FFF7FEFF 		bl	HAL_ADC_ConfigChannel
  92              	.LVL2:
ARM GAS  /var/folders/68/n33lqcg953z5y1x0pvkj58xc0000gn/T//cc9VJnWg.s 			page 4


  93 0048 18B1     		cbz	r0, .L1
  81:Src/adc.c     ****   {
  82:Src/adc.c     ****     _Error_Handler(__FILE__, __LINE__);
  94              		.loc 1 82 0
  95 004a 0648     		ldr	r0, .L5+12
  96 004c 5221     		movs	r1, #82
  97 004e FFF7FEFF 		bl	_Error_Handler
  98              	.LVL3:
  99              	.L1:
  83:Src/adc.c     ****   }
  84:Src/adc.c     **** 
  85:Src/adc.c     **** }
 100              		.loc 1 85 0
 101 0052 05B0     		add	sp, sp, #20
 102              	.LCFI2:
 103              		.cfi_def_cfa_offset 4
 104              		@ sp needed
 105 0054 5DF804FB 		ldr	pc, [sp], #4
 106              	.L6:
 107              		.align	2
 108              	.L5:
 109 0058 00000000 		.word	hadc1
 110 005c 00200140 		.word	1073815552
 111 0060 0100000F 		.word	251658241
 112 0064 00000000 		.word	.LC0
 113              		.cfi_endproc
 114              	.LFE123:
 116              		.section	.text.HAL_ADC_MspInit,"ax",%progbits
 117              		.align	2
 118              		.global	HAL_ADC_MspInit
 119              		.thumb
 120              		.thumb_func
 122              	HAL_ADC_MspInit:
 123              	.LFB124:
  86:Src/adc.c     **** 
  87:Src/adc.c     **** void HAL_ADC_MspInit(ADC_HandleTypeDef* adcHandle)
  88:Src/adc.c     **** {
 124              		.loc 1 88 0
 125              		.cfi_startproc
 126              		@ args = 0, pretend = 0, frame = 24
 127              		@ frame_needed = 0, uses_anonymous_args = 0
 128              	.LVL4:
  89:Src/adc.c     **** 
  90:Src/adc.c     ****   GPIO_InitTypeDef GPIO_InitStruct;
  91:Src/adc.c     ****   if(adcHandle->Instance==ADC1)
 129              		.loc 1 91 0
 130 0000 0268     		ldr	r2, [r0]
 131 0002 0F4B     		ldr	r3, .L11
 132 0004 9A42     		cmp	r2, r3
 133 0006 1AD1     		bne	.L10
  88:Src/adc.c     **** 
 134              		.loc 1 88 0
 135 0008 00B5     		push	{lr}
 136              	.LCFI3:
 137              		.cfi_def_cfa_offset 4
 138              		.cfi_offset 14, -4
 139 000a 87B0     		sub	sp, sp, #28
ARM GAS  /var/folders/68/n33lqcg953z5y1x0pvkj58xc0000gn/T//cc9VJnWg.s 			page 5


 140              	.LCFI4:
 141              		.cfi_def_cfa_offset 32
 142              	.LBB2:
  92:Src/adc.c     ****   {
  93:Src/adc.c     ****   /* USER CODE BEGIN ADC1_MspInit 0 */
  94:Src/adc.c     **** 
  95:Src/adc.c     ****   /* USER CODE END ADC1_MspInit 0 */
  96:Src/adc.c     ****     /* ADC1 clock enable */
  97:Src/adc.c     ****     __HAL_RCC_ADC1_CLK_ENABLE();
 143              		.loc 1 97 0
 144 000c 0021     		movs	r1, #0
 145 000e 0091     		str	r1, [sp]
 146 0010 03F58C33 		add	r3, r3, #71680
 147 0014 5A6C     		ldr	r2, [r3, #68]
 148 0016 42F48072 		orr	r2, r2, #256
 149 001a 5A64     		str	r2, [r3, #68]
 150 001c 5B6C     		ldr	r3, [r3, #68]
 151 001e 03F48073 		and	r3, r3, #256
 152 0022 0093     		str	r3, [sp]
 153 0024 009B     		ldr	r3, [sp]
 154              	.LBE2:
  98:Src/adc.c     ****   
  99:Src/adc.c     ****     /**ADC1 GPIO Configuration    
 100:Src/adc.c     ****     PA2     ------> ADC1_IN2
 101:Src/adc.c     ****     PA3     ------> ADC1_IN3
 102:Src/adc.c     ****     PA4     ------> ADC1_IN4 
 103:Src/adc.c     ****     */
 104:Src/adc.c     ****     GPIO_InitStruct.Pin = PI_ANALOG_Pin|IR_1_Pin|IR_2_Pin;
 155              		.loc 1 104 0
 156 0026 1C23     		movs	r3, #28
 157 0028 0193     		str	r3, [sp, #4]
 105:Src/adc.c     ****     GPIO_InitStruct.Mode = GPIO_MODE_ANALOG;
 158              		.loc 1 105 0
 159 002a 0323     		movs	r3, #3
 160 002c 0293     		str	r3, [sp, #8]
 106:Src/adc.c     ****     GPIO_InitStruct.Pull = GPIO_NOPULL;
 161              		.loc 1 106 0
 162 002e 0391     		str	r1, [sp, #12]
 107:Src/adc.c     ****     HAL_GPIO_Init(GPIOA, &GPIO_InitStruct);
 163              		.loc 1 107 0
 164 0030 0448     		ldr	r0, .L11+4
 165              	.LVL5:
 166 0032 01A9     		add	r1, sp, #4
 167 0034 FFF7FEFF 		bl	HAL_GPIO_Init
 168              	.LVL6:
 108:Src/adc.c     **** 
 109:Src/adc.c     ****   /* USER CODE BEGIN ADC1_MspInit 1 */
 110:Src/adc.c     **** 
 111:Src/adc.c     ****   /* USER CODE END ADC1_MspInit 1 */
 112:Src/adc.c     ****   }
 113:Src/adc.c     **** }
 169              		.loc 1 113 0
 170 0038 07B0     		add	sp, sp, #28
 171              	.LCFI5:
 172              		.cfi_def_cfa_offset 4
 173              		@ sp needed
 174 003a 5DF804FB 		ldr	pc, [sp], #4
ARM GAS  /var/folders/68/n33lqcg953z5y1x0pvkj58xc0000gn/T//cc9VJnWg.s 			page 6


 175              	.LVL7:
 176              	.L10:
 177              	.LCFI6:
 178              		.cfi_def_cfa_offset 0
 179              		.cfi_restore 14
 180 003e 7047     		bx	lr
 181              	.L12:
 182              		.align	2
 183              	.L11:
 184 0040 00200140 		.word	1073815552
 185 0044 00000240 		.word	1073872896
 186              		.cfi_endproc
 187              	.LFE124:
 189              		.section	.text.HAL_ADC_MspDeInit,"ax",%progbits
 190              		.align	2
 191              		.global	HAL_ADC_MspDeInit
 192              		.thumb
 193              		.thumb_func
 195              	HAL_ADC_MspDeInit:
 196              	.LFB125:
 114:Src/adc.c     **** 
 115:Src/adc.c     **** void HAL_ADC_MspDeInit(ADC_HandleTypeDef* adcHandle)
 116:Src/adc.c     **** {
 197              		.loc 1 116 0
 198              		.cfi_startproc
 199              		@ args = 0, pretend = 0, frame = 0
 200              		@ frame_needed = 0, uses_anonymous_args = 0
 201              	.LVL8:
 202 0000 08B5     		push	{r3, lr}
 203              	.LCFI7:
 204              		.cfi_def_cfa_offset 8
 205              		.cfi_offset 3, -8
 206              		.cfi_offset 14, -4
 117:Src/adc.c     **** 
 118:Src/adc.c     ****   if(adcHandle->Instance==ADC1)
 207              		.loc 1 118 0
 208 0002 0268     		ldr	r2, [r0]
 209 0004 064B     		ldr	r3, .L16
 210 0006 9A42     		cmp	r2, r3
 211 0008 08D1     		bne	.L13
 119:Src/adc.c     ****   {
 120:Src/adc.c     ****   /* USER CODE BEGIN ADC1_MspDeInit 0 */
 121:Src/adc.c     **** 
 122:Src/adc.c     ****   /* USER CODE END ADC1_MspDeInit 0 */
 123:Src/adc.c     ****     /* Peripheral clock disable */
 124:Src/adc.c     ****     __HAL_RCC_ADC1_CLK_DISABLE();
 212              		.loc 1 124 0
 213 000a 064A     		ldr	r2, .L16+4
 214 000c 536C     		ldr	r3, [r2, #68]
 215 000e 23F48073 		bic	r3, r3, #256
 216 0012 5364     		str	r3, [r2, #68]
 125:Src/adc.c     ****   
 126:Src/adc.c     ****     /**ADC1 GPIO Configuration    
 127:Src/adc.c     ****     PA2     ------> ADC1_IN2
 128:Src/adc.c     ****     PA3     ------> ADC1_IN3
 129:Src/adc.c     ****     PA4     ------> ADC1_IN4 
 130:Src/adc.c     ****     */
ARM GAS  /var/folders/68/n33lqcg953z5y1x0pvkj58xc0000gn/T//cc9VJnWg.s 			page 7


 131:Src/adc.c     ****     HAL_GPIO_DeInit(GPIOA, PI_ANALOG_Pin|IR_1_Pin|IR_2_Pin);
 217              		.loc 1 131 0
 218 0014 0448     		ldr	r0, .L16+8
 219              	.LVL9:
 220 0016 1C21     		movs	r1, #28
 221 0018 FFF7FEFF 		bl	HAL_GPIO_DeInit
 222              	.LVL10:
 223              	.L13:
 224 001c 08BD     		pop	{r3, pc}
 225              	.L17:
 226 001e 00BF     		.align	2
 227              	.L16:
 228 0020 00200140 		.word	1073815552
 229 0024 00380240 		.word	1073887232
 230 0028 00000240 		.word	1073872896
 231              		.cfi_endproc
 232              	.LFE125:
 234              		.comm	hadc1,72,4
 235              		.section	.rodata.str1.4,"aMS",%progbits,1
 236              		.align	2
 237              	.LC0:
 238 0000 5372632F 		.ascii	"Src/adc.c\000"
 238      6164632E 
 238      6300
 239              		.text
 240              	.Letext0:
 241              		.file 2 "/usr/local/Cellar/arm-none-eabi-gcc/20150921/arm-none-eabi/include/machine/_default_types
 242              		.file 3 "/usr/local/Cellar/arm-none-eabi-gcc/20150921/arm-none-eabi/include/sys/_stdint.h"
 243              		.file 4 "Drivers/CMSIS/Device/ST/STM32F4xx/Include/stm32f401xe.h"
 244              		.file 5 "Drivers/CMSIS/Device/ST/STM32F4xx/Include/stm32f4xx.h"
 245              		.file 6 "Drivers/STM32F4xx_HAL_Driver/Inc/stm32f4xx_hal_def.h"
 246              		.file 7 "Drivers/STM32F4xx_HAL_Driver/Inc/stm32f4xx_hal_gpio.h"
 247              		.file 8 "Drivers/STM32F4xx_HAL_Driver/Inc/stm32f4xx_hal_dma.h"
 248              		.file 9 "Drivers/STM32F4xx_HAL_Driver/Inc/stm32f4xx_hal_adc.h"
 249              		.file 10 "Drivers/CMSIS/Include/core_cm4.h"
 250              		.file 11 "Inc/adc.h"
ARM GAS  /var/folders/68/n33lqcg953z5y1x0pvkj58xc0000gn/T//cc9VJnWg.s 			page 8


DEFINED SYMBOLS
                            *ABS*:0000000000000000 adc.c
/var/folders/68/n33lqcg953z5y1x0pvkj58xc0000gn/T//cc9VJnWg.s:21     .text.MX_ADC1_Init:0000000000000000 $t
/var/folders/68/n33lqcg953z5y1x0pvkj58xc0000gn/T//cc9VJnWg.s:26     .text.MX_ADC1_Init:0000000000000000 MX_ADC1_Init
/var/folders/68/n33lqcg953z5y1x0pvkj58xc0000gn/T//cc9VJnWg.s:109    .text.MX_ADC1_Init:0000000000000058 $d
                            *COM*:0000000000000048 hadc1
/var/folders/68/n33lqcg953z5y1x0pvkj58xc0000gn/T//cc9VJnWg.s:117    .text.HAL_ADC_MspInit:0000000000000000 $t
/var/folders/68/n33lqcg953z5y1x0pvkj58xc0000gn/T//cc9VJnWg.s:122    .text.HAL_ADC_MspInit:0000000000000000 HAL_ADC_MspInit
/var/folders/68/n33lqcg953z5y1x0pvkj58xc0000gn/T//cc9VJnWg.s:184    .text.HAL_ADC_MspInit:0000000000000040 $d
/var/folders/68/n33lqcg953z5y1x0pvkj58xc0000gn/T//cc9VJnWg.s:190    .text.HAL_ADC_MspDeInit:0000000000000000 $t
/var/folders/68/n33lqcg953z5y1x0pvkj58xc0000gn/T//cc9VJnWg.s:195    .text.HAL_ADC_MspDeInit:0000000000000000 HAL_ADC_MspDeInit
/var/folders/68/n33lqcg953z5y1x0pvkj58xc0000gn/T//cc9VJnWg.s:228    .text.HAL_ADC_MspDeInit:0000000000000020 $d
/var/folders/68/n33lqcg953z5y1x0pvkj58xc0000gn/T//cc9VJnWg.s:236    .rodata.str1.4:0000000000000000 $d
                     .debug_frame:0000000000000010 $d

UNDEFINED SYMBOLS
HAL_ADC_Init
_Error_Handler
HAL_ADC_ConfigChannel
HAL_GPIO_Init
HAL_GPIO_DeInit
