ARM GAS  /var/folders/68/n33lqcg953z5y1x0pvkj58xc0000gn/T//ccqFRI2h.s 			page 1


   1              		.syntax unified
   2              		.cpu cortex-m4
   3              		.eabi_attribute 27, 1
   4              		.eabi_attribute 28, 1
   5              		.fpu fpv4-sp-d16
   6              		.eabi_attribute 20, 1
   7              		.eabi_attribute 21, 1
   8              		.eabi_attribute 23, 3
   9              		.eabi_attribute 24, 1
  10              		.eabi_attribute 25, 1
  11              		.eabi_attribute 26, 1
  12              		.eabi_attribute 30, 1
  13              		.eabi_attribute 34, 1
  14              		.eabi_attribute 18, 4
  15              		.thumb
  16              		.file	"gpio.c"
  17              		.text
  18              	.Ltext0:
  19              		.cfi_sections	.debug_frame
  20              		.section	.text.MX_GPIO_Init,"ax",%progbits
  21              		.align	2
  22              		.global	MX_GPIO_Init
  23              		.thumb
  24              		.thumb_func
  26              	MX_GPIO_Init:
  27              	.LFB123:
  28              		.file 1 "Src/gpio.c"
   1:Src/gpio.c    **** /**
   2:Src/gpio.c    ****   ******************************************************************************
   3:Src/gpio.c    ****   * File Name          : gpio.c
   4:Src/gpio.c    ****   * Description        : This file provides code for the configuration
   5:Src/gpio.c    ****   *                      of all used GPIO pins.
   6:Src/gpio.c    ****   ******************************************************************************
   7:Src/gpio.c    ****   ** This notice applies to any and all portions of this file
   8:Src/gpio.c    ****   * that are not between comment pairs USER CODE BEGIN and
   9:Src/gpio.c    ****   * USER CODE END. Other portions of this file, whether 
  10:Src/gpio.c    ****   * inserted by the user or by software development tools
  11:Src/gpio.c    ****   * are owned by their respective copyright owners.
  12:Src/gpio.c    ****   *
  13:Src/gpio.c    ****   * COPYRIGHT(c) 2018 STMicroelectronics
  14:Src/gpio.c    ****   *
  15:Src/gpio.c    ****   * Redistribution and use in source and binary forms, with or without modification,
  16:Src/gpio.c    ****   * are permitted provided that the following conditions are met:
  17:Src/gpio.c    ****   *   1. Redistributions of source code must retain the above copyright notice,
  18:Src/gpio.c    ****   *      this list of conditions and the following disclaimer.
  19:Src/gpio.c    ****   *   2. Redistributions in binary form must reproduce the above copyright notice,
  20:Src/gpio.c    ****   *      this list of conditions and the following disclaimer in the documentation
  21:Src/gpio.c    ****   *      and/or other materials provided with the distribution.
  22:Src/gpio.c    ****   *   3. Neither the name of STMicroelectronics nor the names of its contributors
  23:Src/gpio.c    ****   *      may be used to endorse or promote products derived from this software
  24:Src/gpio.c    ****   *      without specific prior written permission.
  25:Src/gpio.c    ****   *
  26:Src/gpio.c    ****   * THIS SOFTWARE IS PROVIDED BY THE COPYRIGHT HOLDERS AND CONTRIBUTORS "AS IS"
  27:Src/gpio.c    ****   * AND ANY EXPRESS OR IMPLIED WARRANTIES, INCLUDING, BUT NOT LIMITED TO, THE
  28:Src/gpio.c    ****   * IMPLIED WARRANTIES OF MERCHANTABILITY AND FITNESS FOR A PARTICULAR PURPOSE ARE
  29:Src/gpio.c    ****   * DISCLAIMED. IN NO EVENT SHALL THE COPYRIGHT HOLDER OR CONTRIBUTORS BE LIABLE
  30:Src/gpio.c    ****   * FOR ANY DIRECT, INDIRECT, INCIDENTAL, SPECIAL, EXEMPLARY, OR CONSEQUENTIAL
ARM GAS  /var/folders/68/n33lqcg953z5y1x0pvkj58xc0000gn/T//ccqFRI2h.s 			page 2


  31:Src/gpio.c    ****   * DAMAGES (INCLUDING, BUT NOT LIMITED TO, PROCUREMENT OF SUBSTITUTE GOODS OR
  32:Src/gpio.c    ****   * SERVICES; LOSS OF USE, DATA, OR PROFITS; OR BUSINESS INTERRUPTION) HOWEVER
  33:Src/gpio.c    ****   * CAUSED AND ON ANY THEORY OF LIABILITY, WHETHER IN CONTRACT, STRICT LIABILITY,
  34:Src/gpio.c    ****   * OR TORT (INCLUDING NEGLIGENCE OR OTHERWISE) ARISING IN ANY WAY OUT OF THE USE
  35:Src/gpio.c    ****   * OF THIS SOFTWARE, EVEN IF ADVISED OF THE POSSIBILITY OF SUCH DAMAGE.
  36:Src/gpio.c    ****   *
  37:Src/gpio.c    ****   ******************************************************************************
  38:Src/gpio.c    ****   */
  39:Src/gpio.c    **** 
  40:Src/gpio.c    **** /* Includes ------------------------------------------------------------------*/
  41:Src/gpio.c    **** #include "gpio.h"
  42:Src/gpio.c    **** /* USER CODE BEGIN 0 */
  43:Src/gpio.c    **** 
  44:Src/gpio.c    **** /* USER CODE END 0 */
  45:Src/gpio.c    **** 
  46:Src/gpio.c    **** /*----------------------------------------------------------------------------*/
  47:Src/gpio.c    **** /* Configure GPIO                                                             */
  48:Src/gpio.c    **** /*----------------------------------------------------------------------------*/
  49:Src/gpio.c    **** /* USER CODE BEGIN 1 */
  50:Src/gpio.c    **** 
  51:Src/gpio.c    **** /* USER CODE END 1 */
  52:Src/gpio.c    **** 
  53:Src/gpio.c    **** /** Configure pins as 
  54:Src/gpio.c    ****         * Analog 
  55:Src/gpio.c    ****         * Input 
  56:Src/gpio.c    ****         * Output
  57:Src/gpio.c    ****         * EVENT_OUT
  58:Src/gpio.c    ****         * EXTI
  59:Src/gpio.c    ****         * Free pins are configured automatically as Analog (this feature is enabled through 
  60:Src/gpio.c    ****         * the Code Generation settings)
  61:Src/gpio.c    **** */
  62:Src/gpio.c    **** void MX_GPIO_Init(void)
  63:Src/gpio.c    **** {
  29              		.loc 1 63 0
  30              		.cfi_startproc
  31              		@ args = 0, pretend = 0, frame = 40
  32              		@ frame_needed = 0, uses_anonymous_args = 0
  33 0000 2DE9F047 		push	{r4, r5, r6, r7, r8, r9, r10, lr}
  34              	.LCFI0:
  35              		.cfi_def_cfa_offset 32
  36              		.cfi_offset 4, -32
  37              		.cfi_offset 5, -28
  38              		.cfi_offset 6, -24
  39              		.cfi_offset 7, -20
  40              		.cfi_offset 8, -16
  41              		.cfi_offset 9, -12
  42              		.cfi_offset 10, -8
  43              		.cfi_offset 14, -4
  44 0004 8AB0     		sub	sp, sp, #40
  45              	.LCFI1:
  46              		.cfi_def_cfa_offset 72
  47              	.LBB2:
  64:Src/gpio.c    **** 
  65:Src/gpio.c    ****   GPIO_InitTypeDef GPIO_InitStruct;
  66:Src/gpio.c    **** 
  67:Src/gpio.c    ****   /* GPIO Ports Clock Enable */
  68:Src/gpio.c    ****   __HAL_RCC_GPIOC_CLK_ENABLE();
ARM GAS  /var/folders/68/n33lqcg953z5y1x0pvkj58xc0000gn/T//ccqFRI2h.s 			page 3


  48              		.loc 1 68 0
  49 0006 0024     		movs	r4, #0
  50 0008 0094     		str	r4, [sp]
  51 000a 6A4B     		ldr	r3, .L3
  52 000c 1A6B     		ldr	r2, [r3, #48]
  53 000e 42F00402 		orr	r2, r2, #4
  54 0012 1A63     		str	r2, [r3, #48]
  55 0014 1A6B     		ldr	r2, [r3, #48]
  56 0016 02F00402 		and	r2, r2, #4
  57 001a 0092     		str	r2, [sp]
  58 001c 009A     		ldr	r2, [sp]
  59              	.LBE2:
  60              	.LBB3:
  69:Src/gpio.c    ****   __HAL_RCC_GPIOH_CLK_ENABLE();
  61              		.loc 1 69 0
  62 001e 0194     		str	r4, [sp, #4]
  63 0020 1A6B     		ldr	r2, [r3, #48]
  64 0022 42F08002 		orr	r2, r2, #128
  65 0026 1A63     		str	r2, [r3, #48]
  66 0028 1A6B     		ldr	r2, [r3, #48]
  67 002a 02F08002 		and	r2, r2, #128
  68 002e 0192     		str	r2, [sp, #4]
  69 0030 019A     		ldr	r2, [sp, #4]
  70              	.LBE3:
  71              	.LBB4:
  70:Src/gpio.c    ****   __HAL_RCC_GPIOA_CLK_ENABLE();
  72              		.loc 1 70 0
  73 0032 0294     		str	r4, [sp, #8]
  74 0034 1A6B     		ldr	r2, [r3, #48]
  75 0036 42F00102 		orr	r2, r2, #1
  76 003a 1A63     		str	r2, [r3, #48]
  77 003c 1A6B     		ldr	r2, [r3, #48]
  78 003e 02F00102 		and	r2, r2, #1
  79 0042 0292     		str	r2, [sp, #8]
  80 0044 029A     		ldr	r2, [sp, #8]
  81              	.LBE4:
  82              	.LBB5:
  71:Src/gpio.c    ****   __HAL_RCC_GPIOB_CLK_ENABLE();
  83              		.loc 1 71 0
  84 0046 0394     		str	r4, [sp, #12]
  85 0048 1A6B     		ldr	r2, [r3, #48]
  86 004a 42F00202 		orr	r2, r2, #2
  87 004e 1A63     		str	r2, [r3, #48]
  88 0050 1A6B     		ldr	r2, [r3, #48]
  89 0052 02F00202 		and	r2, r2, #2
  90 0056 0392     		str	r2, [sp, #12]
  91 0058 039A     		ldr	r2, [sp, #12]
  92              	.LBE5:
  93              	.LBB6:
  72:Src/gpio.c    ****   __HAL_RCC_GPIOD_CLK_ENABLE();
  94              		.loc 1 72 0
  95 005a 0494     		str	r4, [sp, #16]
  96 005c 1A6B     		ldr	r2, [r3, #48]
  97 005e 42F00802 		orr	r2, r2, #8
  98 0062 1A63     		str	r2, [r3, #48]
  99 0064 1B6B     		ldr	r3, [r3, #48]
 100 0066 03F00803 		and	r3, r3, #8
ARM GAS  /var/folders/68/n33lqcg953z5y1x0pvkj58xc0000gn/T//ccqFRI2h.s 			page 4


 101 006a 0493     		str	r3, [sp, #16]
 102 006c 049B     		ldr	r3, [sp, #16]
 103              	.LBE6:
  73:Src/gpio.c    **** 
  74:Src/gpio.c    ****   /*Configure GPIO pin Output Level */
  75:Src/gpio.c    ****   HAL_GPIO_WritePin(STM_TX_GPIO_Port, STM_TX_Pin, GPIO_PIN_RESET);
 104              		.loc 1 75 0
 105 006e 524D     		ldr	r5, .L3+4
 106 0070 2846     		mov	r0, r5
 107 0072 4021     		movs	r1, #64
 108 0074 2246     		mov	r2, r4
 109 0076 FFF7FEFF 		bl	HAL_GPIO_WritePin
 110              	.LVL0:
  76:Src/gpio.c    **** 
  77:Src/gpio.c    ****   /*Configure GPIO pin : PtPin */
  78:Src/gpio.c    ****   GPIO_InitStruct.Pin = MENU_Pin;
 111              		.loc 1 78 0
 112 007a 4FF40053 		mov	r3, #8192
 113 007e 0593     		str	r3, [sp, #20]
  79:Src/gpio.c    ****   GPIO_InitStruct.Mode = GPIO_MODE_INPUT;
 114              		.loc 1 79 0
 115 0080 0694     		str	r4, [sp, #24]
  80:Src/gpio.c    ****   GPIO_InitStruct.Pull = GPIO_NOPULL;
 116              		.loc 1 80 0
 117 0082 0794     		str	r4, [sp, #28]
  81:Src/gpio.c    ****   HAL_GPIO_Init(MENU_GPIO_Port, &GPIO_InitStruct);
 118              		.loc 1 81 0
 119 0084 2846     		mov	r0, r5
 120 0086 05A9     		add	r1, sp, #20
 121 0088 FFF7FEFF 		bl	HAL_GPIO_Init
 122              	.LVL1:
  82:Src/gpio.c    **** 
  83:Src/gpio.c    ****   /*Configure GPIO pins : PC14 PC15 PC7 PC8 
  84:Src/gpio.c    ****                            PC9 PC10 PC11 PC12 */
  85:Src/gpio.c    ****   GPIO_InitStruct.Pin = GPIO_PIN_14|GPIO_PIN_15|GPIO_PIN_7|GPIO_PIN_8 
 123              		.loc 1 85 0
 124 008c 4DF68073 		movw	r3, #57216
 125 0090 0593     		str	r3, [sp, #20]
  86:Src/gpio.c    ****                           |GPIO_PIN_9|GPIO_PIN_10|GPIO_PIN_11|GPIO_PIN_12;
  87:Src/gpio.c    ****   GPIO_InitStruct.Mode = GPIO_MODE_ANALOG;
 126              		.loc 1 87 0
 127 0092 0327     		movs	r7, #3
 128 0094 0697     		str	r7, [sp, #24]
  88:Src/gpio.c    ****   GPIO_InitStruct.Pull = GPIO_NOPULL;
 129              		.loc 1 88 0
 130 0096 0794     		str	r4, [sp, #28]
  89:Src/gpio.c    ****   HAL_GPIO_Init(GPIOC, &GPIO_InitStruct);
 131              		.loc 1 89 0
 132 0098 2846     		mov	r0, r5
 133 009a 05A9     		add	r1, sp, #20
 134 009c FFF7FEFF 		bl	HAL_GPIO_Init
 135              	.LVL2:
  90:Src/gpio.c    **** 
  91:Src/gpio.c    ****   /*Configure GPIO pins : PH0 PH1 */
  92:Src/gpio.c    ****   GPIO_InitStruct.Pin = GPIO_PIN_0|GPIO_PIN_1;
 136              		.loc 1 92 0
 137 00a0 0597     		str	r7, [sp, #20]
ARM GAS  /var/folders/68/n33lqcg953z5y1x0pvkj58xc0000gn/T//ccqFRI2h.s 			page 5


  93:Src/gpio.c    ****   GPIO_InitStruct.Mode = GPIO_MODE_ANALOG;
 138              		.loc 1 93 0
 139 00a2 0697     		str	r7, [sp, #24]
  94:Src/gpio.c    ****   GPIO_InitStruct.Pull = GPIO_NOPULL;
 140              		.loc 1 94 0
 141 00a4 0794     		str	r4, [sp, #28]
  95:Src/gpio.c    ****   HAL_GPIO_Init(GPIOH, &GPIO_InitStruct);
 142              		.loc 1 95 0
 143 00a6 4548     		ldr	r0, .L3+8
 144 00a8 05A9     		add	r1, sp, #20
 145 00aa FFF7FEFF 		bl	HAL_GPIO_Init
 146              	.LVL3:
  96:Src/gpio.c    **** 
  97:Src/gpio.c    ****   /*Configure GPIO pin : PtPin */
  98:Src/gpio.c    ****   GPIO_InitStruct.Pin = PI_INT_Pin;
 147              		.loc 1 98 0
 148 00ae 0126     		movs	r6, #1
 149 00b0 0596     		str	r6, [sp, #20]
  99:Src/gpio.c    ****   GPIO_InitStruct.Mode = GPIO_MODE_IT_RISING;
 150              		.loc 1 99 0
 151 00b2 DFF818A1 		ldr	r10, .L3+24
 152 00b6 CDF818A0 		str	r10, [sp, #24]
 100:Src/gpio.c    ****   GPIO_InitStruct.Pull = GPIO_NOPULL;
 153              		.loc 1 100 0
 154 00ba 0794     		str	r4, [sp, #28]
 101:Src/gpio.c    ****   HAL_GPIO_Init(PI_INT_GPIO_Port, &GPIO_InitStruct);
 155              		.loc 1 101 0
 156 00bc 2846     		mov	r0, r5
 157 00be 05A9     		add	r1, sp, #20
 158 00c0 FFF7FEFF 		bl	HAL_GPIO_Init
 159              	.LVL4:
 102:Src/gpio.c    **** 
 103:Src/gpio.c    ****   /*Configure GPIO pins : PCPin PCPin */
 104:Src/gpio.c    ****   GPIO_InitStruct.Pin = IR_INT_Pin|EDGE_RIGHT_Pin;
 160              		.loc 1 104 0
 161 00c4 4FF00A08 		mov	r8, #10
 162 00c8 CDF81480 		str	r8, [sp, #20]
 105:Src/gpio.c    ****   GPIO_InitStruct.Mode = GPIO_MODE_IT_FALLING;
 163              		.loc 1 105 0
 164 00cc DFF80091 		ldr	r9, .L3+28
 165 00d0 CDF81890 		str	r9, [sp, #24]
 106:Src/gpio.c    ****   GPIO_InitStruct.Pull = GPIO_PULLUP;
 166              		.loc 1 106 0
 167 00d4 0796     		str	r6, [sp, #28]
 107:Src/gpio.c    ****   HAL_GPIO_Init(GPIOC, &GPIO_InitStruct);
 168              		.loc 1 107 0
 169 00d6 2846     		mov	r0, r5
 170 00d8 05A9     		add	r1, sp, #20
 171 00da FFF7FEFF 		bl	HAL_GPIO_Init
 172              	.LVL5:
 108:Src/gpio.c    **** 
 109:Src/gpio.c    ****   /*Configure GPIO pins : PA2 PA3 PA12 PA13 
 110:Src/gpio.c    ****                            PA14 PA15 */
 111:Src/gpio.c    ****   GPIO_InitStruct.Pin = GPIO_PIN_2|GPIO_PIN_3|GPIO_PIN_12|GPIO_PIN_13 
 173              		.loc 1 111 0
 174 00de 4FF20C03 		movw	r3, #61452
 175 00e2 0593     		str	r3, [sp, #20]
ARM GAS  /var/folders/68/n33lqcg953z5y1x0pvkj58xc0000gn/T//ccqFRI2h.s 			page 6


 112:Src/gpio.c    ****                           |GPIO_PIN_14|GPIO_PIN_15;
 113:Src/gpio.c    ****   GPIO_InitStruct.Mode = GPIO_MODE_ANALOG;
 176              		.loc 1 113 0
 177 00e4 0697     		str	r7, [sp, #24]
 114:Src/gpio.c    ****   GPIO_InitStruct.Pull = GPIO_NOPULL;
 178              		.loc 1 114 0
 179 00e6 0794     		str	r4, [sp, #28]
 115:Src/gpio.c    ****   HAL_GPIO_Init(GPIOA, &GPIO_InitStruct);
 180              		.loc 1 115 0
 181 00e8 3548     		ldr	r0, .L3+12
 182 00ea 05A9     		add	r1, sp, #20
 183 00ec FFF7FEFF 		bl	HAL_GPIO_Init
 184              	.LVL6:
 116:Src/gpio.c    **** 
 117:Src/gpio.c    ****   /*Configure GPIO pins : PB2 PB10 PB12 PB13 
 118:Src/gpio.c    ****                            PB3 PB5 */
 119:Src/gpio.c    ****   GPIO_InitStruct.Pin = GPIO_PIN_2|GPIO_PIN_10|GPIO_PIN_12|GPIO_PIN_13 
 185              		.loc 1 119 0
 186 00f0 43F22C43 		movw	r3, #13356
 187 00f4 0593     		str	r3, [sp, #20]
 120:Src/gpio.c    ****                           |GPIO_PIN_3|GPIO_PIN_5;
 121:Src/gpio.c    ****   GPIO_InitStruct.Mode = GPIO_MODE_ANALOG;
 188              		.loc 1 121 0
 189 00f6 0697     		str	r7, [sp, #24]
 122:Src/gpio.c    ****   GPIO_InitStruct.Pull = GPIO_NOPULL;
 190              		.loc 1 122 0
 191 00f8 0794     		str	r4, [sp, #28]
 123:Src/gpio.c    ****   HAL_GPIO_Init(GPIOB, &GPIO_InitStruct);
 192              		.loc 1 123 0
 193 00fa 324F     		ldr	r7, .L3+16
 194 00fc 3846     		mov	r0, r7
 195 00fe 05A9     		add	r1, sp, #20
 196 0100 FFF7FEFF 		bl	HAL_GPIO_Init
 197              	.LVL7:
 124:Src/gpio.c    **** 
 125:Src/gpio.c    ****   /*Configure GPIO pins : PBPin PBPin */
 126:Src/gpio.c    ****   GPIO_InitStruct.Pin = TAPE_LEFT_Pin|TAPE_RIGHT_Pin;
 198              		.loc 1 126 0
 199 0104 4FF44043 		mov	r3, #49152
 200 0108 0593     		str	r3, [sp, #20]
 127:Src/gpio.c    ****   GPIO_InitStruct.Mode = GPIO_MODE_IT_RISING;
 201              		.loc 1 127 0
 202 010a CDF818A0 		str	r10, [sp, #24]
 128:Src/gpio.c    ****   GPIO_InitStruct.Pull = GPIO_PULLUP;
 203              		.loc 1 128 0
 204 010e 0796     		str	r6, [sp, #28]
 129:Src/gpio.c    ****   HAL_GPIO_Init(GPIOB, &GPIO_InitStruct);
 205              		.loc 1 129 0
 206 0110 3846     		mov	r0, r7
 207 0112 05A9     		add	r1, sp, #20
 208 0114 FFF7FEFF 		bl	HAL_GPIO_Init
 209              	.LVL8:
 130:Src/gpio.c    **** 
 131:Src/gpio.c    ****   /*Configure GPIO pin : PtPin */
 132:Src/gpio.c    ****   GPIO_InitStruct.Pin = STM_TX_Pin;
 210              		.loc 1 132 0
 211 0118 4023     		movs	r3, #64
ARM GAS  /var/folders/68/n33lqcg953z5y1x0pvkj58xc0000gn/T//ccqFRI2h.s 			page 7


 212 011a 0593     		str	r3, [sp, #20]
 133:Src/gpio.c    ****   GPIO_InitStruct.Mode = GPIO_MODE_OUTPUT_PP;
 213              		.loc 1 133 0
 214 011c 0696     		str	r6, [sp, #24]
 134:Src/gpio.c    ****   GPIO_InitStruct.Pull = GPIO_NOPULL;
 215              		.loc 1 134 0
 216 011e 0794     		str	r4, [sp, #28]
 135:Src/gpio.c    ****   GPIO_InitStruct.Speed = GPIO_SPEED_FREQ_LOW;
 217              		.loc 1 135 0
 218 0120 0894     		str	r4, [sp, #32]
 136:Src/gpio.c    ****   HAL_GPIO_Init(STM_TX_GPIO_Port, &GPIO_InitStruct);
 219              		.loc 1 136 0
 220 0122 2846     		mov	r0, r5
 221 0124 05A9     		add	r1, sp, #20
 222 0126 FFF7FEFF 		bl	HAL_GPIO_Init
 223              	.LVL9:
 137:Src/gpio.c    **** 
 138:Src/gpio.c    ****   /*Configure GPIO pin : PtPin */
 139:Src/gpio.c    ****   GPIO_InitStruct.Pin = EDGE_LEFT_Pin;
 224              		.loc 1 139 0
 225 012a 0423     		movs	r3, #4
 226 012c 0593     		str	r3, [sp, #20]
 140:Src/gpio.c    ****   GPIO_InitStruct.Mode = GPIO_MODE_IT_FALLING;
 227              		.loc 1 140 0
 228 012e CDF81890 		str	r9, [sp, #24]
 141:Src/gpio.c    ****   GPIO_InitStruct.Pull = GPIO_PULLUP;
 229              		.loc 1 141 0
 230 0132 0796     		str	r6, [sp, #28]
 142:Src/gpio.c    ****   HAL_GPIO_Init(EDGE_LEFT_GPIO_Port, &GPIO_InitStruct);
 231              		.loc 1 142 0
 232 0134 2448     		ldr	r0, .L3+20
 233 0136 05A9     		add	r1, sp, #20
 234 0138 FFF7FEFF 		bl	HAL_GPIO_Init
 235              	.LVL10:
 143:Src/gpio.c    **** 
 144:Src/gpio.c    ****   /*Configure GPIO pin : PtPin */
 145:Src/gpio.c    ****   GPIO_InitStruct.Pin = CLAW_INT_Pin;
 236              		.loc 1 145 0
 237 013c 1023     		movs	r3, #16
 238 013e 0593     		str	r3, [sp, #20]
 146:Src/gpio.c    ****   GPIO_InitStruct.Mode = GPIO_MODE_IT_FALLING;
 239              		.loc 1 146 0
 240 0140 CDF81890 		str	r9, [sp, #24]
 147:Src/gpio.c    ****   GPIO_InitStruct.Pull = GPIO_NOPULL;
 241              		.loc 1 147 0
 242 0144 0794     		str	r4, [sp, #28]
 148:Src/gpio.c    ****   HAL_GPIO_Init(CLAW_INT_GPIO_Port, &GPIO_InitStruct);
 243              		.loc 1 148 0
 244 0146 3846     		mov	r0, r7
 245 0148 05A9     		add	r1, sp, #20
 246 014a FFF7FEFF 		bl	HAL_GPIO_Init
 247              	.LVL11:
 149:Src/gpio.c    **** 
 150:Src/gpio.c    ****   /* EXTI interrupt init*/
 151:Src/gpio.c    ****   HAL_NVIC_SetPriority(EXTI0_IRQn, 0, 0);
 248              		.loc 1 151 0
 249 014e 0620     		movs	r0, #6
ARM GAS  /var/folders/68/n33lqcg953z5y1x0pvkj58xc0000gn/T//ccqFRI2h.s 			page 8


 250 0150 2146     		mov	r1, r4
 251 0152 2246     		mov	r2, r4
 252 0154 FFF7FEFF 		bl	HAL_NVIC_SetPriority
 253              	.LVL12:
 152:Src/gpio.c    ****   HAL_NVIC_EnableIRQ(EXTI0_IRQn);
 254              		.loc 1 152 0
 255 0158 0620     		movs	r0, #6
 256 015a FFF7FEFF 		bl	HAL_NVIC_EnableIRQ
 257              	.LVL13:
 153:Src/gpio.c    **** 
 154:Src/gpio.c    ****   HAL_NVIC_SetPriority(EXTI1_IRQn, 0, 0);
 258              		.loc 1 154 0
 259 015e 0720     		movs	r0, #7
 260 0160 2146     		mov	r1, r4
 261 0162 2246     		mov	r2, r4
 262 0164 FFF7FEFF 		bl	HAL_NVIC_SetPriority
 263              	.LVL14:
 155:Src/gpio.c    ****   HAL_NVIC_EnableIRQ(EXTI1_IRQn);
 264              		.loc 1 155 0
 265 0168 0720     		movs	r0, #7
 266 016a FFF7FEFF 		bl	HAL_NVIC_EnableIRQ
 267              	.LVL15:
 156:Src/gpio.c    **** 
 157:Src/gpio.c    ****   HAL_NVIC_SetPriority(EXTI2_IRQn, 0, 0);
 268              		.loc 1 157 0
 269 016e 0820     		movs	r0, #8
 270 0170 2146     		mov	r1, r4
 271 0172 2246     		mov	r2, r4
 272 0174 FFF7FEFF 		bl	HAL_NVIC_SetPriority
 273              	.LVL16:
 158:Src/gpio.c    ****   HAL_NVIC_EnableIRQ(EXTI2_IRQn);
 274              		.loc 1 158 0
 275 0178 0820     		movs	r0, #8
 276 017a FFF7FEFF 		bl	HAL_NVIC_EnableIRQ
 277              	.LVL17:
 159:Src/gpio.c    **** 
 160:Src/gpio.c    ****   HAL_NVIC_SetPriority(EXTI3_IRQn, 0, 0);
 278              		.loc 1 160 0
 279 017e 0920     		movs	r0, #9
 280 0180 2146     		mov	r1, r4
 281 0182 2246     		mov	r2, r4
 282 0184 FFF7FEFF 		bl	HAL_NVIC_SetPriority
 283              	.LVL18:
 161:Src/gpio.c    ****   HAL_NVIC_EnableIRQ(EXTI3_IRQn);
 284              		.loc 1 161 0
 285 0188 0920     		movs	r0, #9
 286 018a FFF7FEFF 		bl	HAL_NVIC_EnableIRQ
 287              	.LVL19:
 162:Src/gpio.c    **** 
 163:Src/gpio.c    ****   HAL_NVIC_SetPriority(EXTI4_IRQn, 0, 0);
 288              		.loc 1 163 0
 289 018e 4046     		mov	r0, r8
 290 0190 2146     		mov	r1, r4
 291 0192 2246     		mov	r2, r4
 292 0194 FFF7FEFF 		bl	HAL_NVIC_SetPriority
 293              	.LVL20:
 164:Src/gpio.c    ****   HAL_NVIC_EnableIRQ(EXTI4_IRQn);
ARM GAS  /var/folders/68/n33lqcg953z5y1x0pvkj58xc0000gn/T//ccqFRI2h.s 			page 9


 294              		.loc 1 164 0
 295 0198 4046     		mov	r0, r8
 296 019a FFF7FEFF 		bl	HAL_NVIC_EnableIRQ
 297              	.LVL21:
 165:Src/gpio.c    **** 
 166:Src/gpio.c    ****   HAL_NVIC_SetPriority(EXTI15_10_IRQn, 0, 0);
 298              		.loc 1 166 0
 299 019e 2820     		movs	r0, #40
 300 01a0 2146     		mov	r1, r4
 301 01a2 2246     		mov	r2, r4
 302 01a4 FFF7FEFF 		bl	HAL_NVIC_SetPriority
 303              	.LVL22:
 167:Src/gpio.c    ****   HAL_NVIC_EnableIRQ(EXTI15_10_IRQn);
 304              		.loc 1 167 0
 305 01a8 2820     		movs	r0, #40
 306 01aa FFF7FEFF 		bl	HAL_NVIC_EnableIRQ
 307              	.LVL23:
 168:Src/gpio.c    **** 
 169:Src/gpio.c    **** }
 308              		.loc 1 169 0
 309 01ae 0AB0     		add	sp, sp, #40
 310              	.LCFI2:
 311              		.cfi_def_cfa_offset 32
 312              		@ sp needed
 313 01b0 BDE8F087 		pop	{r4, r5, r6, r7, r8, r9, r10, pc}
 314              	.L4:
 315              		.align	2
 316              	.L3:
 317 01b4 00380240 		.word	1073887232
 318 01b8 00080240 		.word	1073874944
 319 01bc 001C0240 		.word	1073880064
 320 01c0 00000240 		.word	1073872896
 321 01c4 00040240 		.word	1073873920
 322 01c8 000C0240 		.word	1073875968
 323 01cc 00001110 		.word	269549568
 324 01d0 00002110 		.word	270598144
 325              		.cfi_endproc
 326              	.LFE123:
 328              		.text
 329              	.Letext0:
 330              		.file 2 "Drivers/CMSIS/Device/ST/STM32F4xx/Include/stm32f401xe.h"
 331              		.file 3 "/usr/local/Cellar/arm-none-eabi-gcc/20150921/arm-none-eabi/include/machine/_default_types
 332              		.file 4 "/usr/local/Cellar/arm-none-eabi-gcc/20150921/arm-none-eabi/include/sys/_stdint.h"
 333              		.file 5 "Drivers/STM32F4xx_HAL_Driver/Inc/stm32f4xx_hal_gpio.h"
 334              		.file 6 "Drivers/STM32F4xx_HAL_Driver/Inc/stm32f4xx_hal_cortex.h"
 335              		.file 7 "Drivers/CMSIS/Include/core_cm4.h"
ARM GAS  /var/folders/68/n33lqcg953z5y1x0pvkj58xc0000gn/T//ccqFRI2h.s 			page 10


DEFINED SYMBOLS
                            *ABS*:0000000000000000 gpio.c
/var/folders/68/n33lqcg953z5y1x0pvkj58xc0000gn/T//ccqFRI2h.s:21     .text.MX_GPIO_Init:0000000000000000 $t
/var/folders/68/n33lqcg953z5y1x0pvkj58xc0000gn/T//ccqFRI2h.s:26     .text.MX_GPIO_Init:0000000000000000 MX_GPIO_Init
/var/folders/68/n33lqcg953z5y1x0pvkj58xc0000gn/T//ccqFRI2h.s:317    .text.MX_GPIO_Init:00000000000001b4 $d
                     .debug_frame:0000000000000010 $d

UNDEFINED SYMBOLS
HAL_GPIO_WritePin
HAL_GPIO_Init
HAL_NVIC_SetPriority
HAL_NVIC_EnableIRQ
