ARM GAS  /var/folders/ck/4xtm3skj1ssb0w4rn7_4q_gw0000gn/T//cctpv1oX.s 			page 1


   1              		.syntax unified
   2              		.cpu cortex-m4
   3              		.eabi_attribute 27, 1
   4              		.eabi_attribute 28, 1
   5              		.fpu fpv4-sp-d16
   6              		.eabi_attribute 20, 1
   7              		.eabi_attribute 21, 1
   8              		.eabi_attribute 23, 3
   9              		.eabi_attribute 24, 1
  10              		.eabi_attribute 25, 1
  11              		.eabi_attribute 26, 1
  12              		.eabi_attribute 30, 1
  13              		.eabi_attribute 34, 1
  14              		.eabi_attribute 18, 4
  15              		.thumb
  16              		.file	"i2c.c"
  17              		.text
  18              	.Ltext0:
  19              		.cfi_sections	.debug_frame
  20              		.section	.text.MX_I2C1_Init,"ax",%progbits
  21              		.align	2
  22              		.global	MX_I2C1_Init
  23              		.thumb
  24              		.thumb_func
  26              	MX_I2C1_Init:
  27              	.LFB123:
  28              		.file 1 "Src/i2c.c"
   1:Src/i2c.c     **** /**
   2:Src/i2c.c     ****   ******************************************************************************
   3:Src/i2c.c     ****   * File Name          : I2C.c
   4:Src/i2c.c     ****   * Description        : This file provides code for the configuration
   5:Src/i2c.c     ****   *                      of the I2C instances.
   6:Src/i2c.c     ****   ******************************************************************************
   7:Src/i2c.c     ****   ** This notice applies to any and all portions of this file
   8:Src/i2c.c     ****   * that are not between comment pairs USER CODE BEGIN and
   9:Src/i2c.c     ****   * USER CODE END. Other portions of this file, whether 
  10:Src/i2c.c     ****   * inserted by the user or by software development tools
  11:Src/i2c.c     ****   * are owned by their respective copyright owners.
  12:Src/i2c.c     ****   *
  13:Src/i2c.c     ****   * COPYRIGHT(c) 2018 STMicroelectronics
  14:Src/i2c.c     ****   *
  15:Src/i2c.c     ****   * Redistribution and use in source and binary forms, with or without modification,
  16:Src/i2c.c     ****   * are permitted provided that the following conditions are met:
  17:Src/i2c.c     ****   *   1. Redistributions of source code must retain the above copyright notice,
  18:Src/i2c.c     ****   *      this list of conditions and the following disclaimer.
  19:Src/i2c.c     ****   *   2. Redistributions in binary form must reproduce the above copyright notice,
  20:Src/i2c.c     ****   *      this list of conditions and the following disclaimer in the documentation
  21:Src/i2c.c     ****   *      and/or other materials provided with the distribution.
  22:Src/i2c.c     ****   *   3. Neither the name of STMicroelectronics nor the names of its contributors
  23:Src/i2c.c     ****   *      may be used to endorse or promote products derived from this software
  24:Src/i2c.c     ****   *      without specific prior written permission.
  25:Src/i2c.c     ****   *
  26:Src/i2c.c     ****   * THIS SOFTWARE IS PROVIDED BY THE COPYRIGHT HOLDERS AND CONTRIBUTORS "AS IS"
  27:Src/i2c.c     ****   * AND ANY EXPRESS OR IMPLIED WARRANTIES, INCLUDING, BUT NOT LIMITED TO, THE
  28:Src/i2c.c     ****   * IMPLIED WARRANTIES OF MERCHANTABILITY AND FITNESS FOR A PARTICULAR PURPOSE ARE
  29:Src/i2c.c     ****   * DISCLAIMED. IN NO EVENT SHALL THE COPYRIGHT HOLDER OR CONTRIBUTORS BE LIABLE
  30:Src/i2c.c     ****   * FOR ANY DIRECT, INDIRECT, INCIDENTAL, SPECIAL, EXEMPLARY, OR CONSEQUENTIAL
ARM GAS  /var/folders/ck/4xtm3skj1ssb0w4rn7_4q_gw0000gn/T//cctpv1oX.s 			page 2


  31:Src/i2c.c     ****   * DAMAGES (INCLUDING, BUT NOT LIMITED TO, PROCUREMENT OF SUBSTITUTE GOODS OR
  32:Src/i2c.c     ****   * SERVICES; LOSS OF USE, DATA, OR PROFITS; OR BUSINESS INTERRUPTION) HOWEVER
  33:Src/i2c.c     ****   * CAUSED AND ON ANY THEORY OF LIABILITY, WHETHER IN CONTRACT, STRICT LIABILITY,
  34:Src/i2c.c     ****   * OR TORT (INCLUDING NEGLIGENCE OR OTHERWISE) ARISING IN ANY WAY OUT OF THE USE
  35:Src/i2c.c     ****   * OF THIS SOFTWARE, EVEN IF ADVISED OF THE POSSIBILITY OF SUCH DAMAGE.
  36:Src/i2c.c     ****   *
  37:Src/i2c.c     ****   ******************************************************************************
  38:Src/i2c.c     ****   */
  39:Src/i2c.c     **** 
  40:Src/i2c.c     **** /* Includes ------------------------------------------------------------------*/
  41:Src/i2c.c     **** #include "i2c.h"
  42:Src/i2c.c     **** 
  43:Src/i2c.c     **** #include "gpio.h"
  44:Src/i2c.c     **** 
  45:Src/i2c.c     **** /* USER CODE BEGIN 0 */
  46:Src/i2c.c     **** 
  47:Src/i2c.c     **** /* USER CODE END 0 */
  48:Src/i2c.c     **** 
  49:Src/i2c.c     **** I2C_HandleTypeDef hi2c1;
  50:Src/i2c.c     **** 
  51:Src/i2c.c     **** /* I2C1 init function */
  52:Src/i2c.c     **** void MX_I2C1_Init(void)
  53:Src/i2c.c     **** {
  29              		.loc 1 53 0
  30              		.cfi_startproc
  31              		@ args = 0, pretend = 0, frame = 0
  32              		@ frame_needed = 0, uses_anonymous_args = 0
  33 0000 08B5     		push	{r3, lr}
  34              	.LCFI0:
  35              		.cfi_def_cfa_offset 8
  36              		.cfi_offset 3, -8
  37              		.cfi_offset 14, -4
  54:Src/i2c.c     **** 
  55:Src/i2c.c     ****   hi2c1.Instance = I2C1;
  38              		.loc 1 55 0
  39 0002 0B48     		ldr	r0, .L4
  40 0004 0B4B     		ldr	r3, .L4+4
  41 0006 0360     		str	r3, [r0]
  56:Src/i2c.c     ****   hi2c1.Init.ClockSpeed = 100000;
  42              		.loc 1 56 0
  43 0008 0B4B     		ldr	r3, .L4+8
  44 000a 4360     		str	r3, [r0, #4]
  57:Src/i2c.c     ****   hi2c1.Init.DutyCycle = I2C_DUTYCYCLE_2;
  45              		.loc 1 57 0
  46 000c 0023     		movs	r3, #0
  47 000e 8360     		str	r3, [r0, #8]
  58:Src/i2c.c     ****   hi2c1.Init.OwnAddress1 = 0;
  48              		.loc 1 58 0
  49 0010 C360     		str	r3, [r0, #12]
  59:Src/i2c.c     ****   hi2c1.Init.AddressingMode = I2C_ADDRESSINGMODE_7BIT;
  50              		.loc 1 59 0
  51 0012 4FF48042 		mov	r2, #16384
  52 0016 0261     		str	r2, [r0, #16]
  60:Src/i2c.c     ****   hi2c1.Init.DualAddressMode = I2C_DUALADDRESS_DISABLE;
  53              		.loc 1 60 0
  54 0018 4361     		str	r3, [r0, #20]
  61:Src/i2c.c     ****   hi2c1.Init.OwnAddress2 = 0;
ARM GAS  /var/folders/ck/4xtm3skj1ssb0w4rn7_4q_gw0000gn/T//cctpv1oX.s 			page 3


  55              		.loc 1 61 0
  56 001a 8361     		str	r3, [r0, #24]
  62:Src/i2c.c     ****   hi2c1.Init.GeneralCallMode = I2C_GENERALCALL_DISABLE;
  57              		.loc 1 62 0
  58 001c C361     		str	r3, [r0, #28]
  63:Src/i2c.c     ****   hi2c1.Init.NoStretchMode = I2C_NOSTRETCH_DISABLE;
  59              		.loc 1 63 0
  60 001e 0362     		str	r3, [r0, #32]
  64:Src/i2c.c     ****   if (HAL_I2C_Init(&hi2c1) != HAL_OK)
  61              		.loc 1 64 0
  62 0020 FFF7FEFF 		bl	HAL_I2C_Init
  63              	.LVL0:
  64 0024 18B1     		cbz	r0, .L1
  65:Src/i2c.c     ****   {
  66:Src/i2c.c     ****     _Error_Handler(__FILE__, __LINE__);
  65              		.loc 1 66 0
  66 0026 0548     		ldr	r0, .L4+12
  67 0028 4221     		movs	r1, #66
  68 002a FFF7FEFF 		bl	_Error_Handler
  69              	.LVL1:
  70              	.L1:
  71 002e 08BD     		pop	{r3, pc}
  72              	.L5:
  73              		.align	2
  74              	.L4:
  75 0030 00000000 		.word	hi2c1
  76 0034 00540040 		.word	1073763328
  77 0038 A0860100 		.word	100000
  78 003c 00000000 		.word	.LC0
  79              		.cfi_endproc
  80              	.LFE123:
  82              		.section	.text.HAL_I2C_MspInit,"ax",%progbits
  83              		.align	2
  84              		.global	HAL_I2C_MspInit
  85              		.thumb
  86              		.thumb_func
  88              	HAL_I2C_MspInit:
  89              	.LFB124:
  67:Src/i2c.c     ****   }
  68:Src/i2c.c     **** 
  69:Src/i2c.c     **** }
  70:Src/i2c.c     **** 
  71:Src/i2c.c     **** void HAL_I2C_MspInit(I2C_HandleTypeDef* i2cHandle)
  72:Src/i2c.c     **** {
  90              		.loc 1 72 0
  91              		.cfi_startproc
  92              		@ args = 0, pretend = 0, frame = 24
  93              		@ frame_needed = 0, uses_anonymous_args = 0
  94              	.LVL2:
  73:Src/i2c.c     **** 
  74:Src/i2c.c     ****   GPIO_InitTypeDef GPIO_InitStruct;
  75:Src/i2c.c     ****   if(i2cHandle->Instance==I2C1)
  95              		.loc 1 75 0
  96 0000 0268     		ldr	r2, [r0]
  97 0002 124B     		ldr	r3, .L10
  98 0004 9A42     		cmp	r2, r3
  99 0006 20D1     		bne	.L9
ARM GAS  /var/folders/ck/4xtm3skj1ssb0w4rn7_4q_gw0000gn/T//cctpv1oX.s 			page 4


  72:Src/i2c.c     **** 
 100              		.loc 1 72 0
 101 0008 00B5     		push	{lr}
 102              	.LCFI1:
 103              		.cfi_def_cfa_offset 4
 104              		.cfi_offset 14, -4
 105 000a 87B0     		sub	sp, sp, #28
 106              	.LCFI2:
 107              		.cfi_def_cfa_offset 32
  76:Src/i2c.c     ****   {
  77:Src/i2c.c     ****   /* USER CODE BEGIN I2C1_MspInit 0 */
  78:Src/i2c.c     **** 
  79:Src/i2c.c     ****   /* USER CODE END I2C1_MspInit 0 */
  80:Src/i2c.c     ****   
  81:Src/i2c.c     ****     /**I2C1 GPIO Configuration    
  82:Src/i2c.c     ****     PB8     ------> I2C1_SCL
  83:Src/i2c.c     ****     PB9     ------> I2C1_SDA 
  84:Src/i2c.c     ****     */
  85:Src/i2c.c     ****     GPIO_InitStruct.Pin = GPIO_PIN_8|GPIO_PIN_9;
 108              		.loc 1 85 0
 109 000c 4FF44073 		mov	r3, #768
 110 0010 0193     		str	r3, [sp, #4]
  86:Src/i2c.c     ****     GPIO_InitStruct.Mode = GPIO_MODE_AF_OD;
 111              		.loc 1 86 0
 112 0012 1223     		movs	r3, #18
 113 0014 0293     		str	r3, [sp, #8]
  87:Src/i2c.c     ****     GPIO_InitStruct.Pull = GPIO_PULLUP;
 114              		.loc 1 87 0
 115 0016 0123     		movs	r3, #1
 116 0018 0393     		str	r3, [sp, #12]
  88:Src/i2c.c     ****     GPIO_InitStruct.Speed = GPIO_SPEED_FREQ_VERY_HIGH;
 117              		.loc 1 88 0
 118 001a 0323     		movs	r3, #3
 119 001c 0493     		str	r3, [sp, #16]
  89:Src/i2c.c     ****     GPIO_InitStruct.Alternate = GPIO_AF4_I2C1;
 120              		.loc 1 89 0
 121 001e 0423     		movs	r3, #4
 122 0020 0593     		str	r3, [sp, #20]
  90:Src/i2c.c     ****     HAL_GPIO_Init(GPIOB, &GPIO_InitStruct);
 123              		.loc 1 90 0
 124 0022 0B48     		ldr	r0, .L10+4
 125              	.LVL3:
 126 0024 0DEB0301 		add	r1, sp, r3
 127 0028 FFF7FEFF 		bl	HAL_GPIO_Init
 128              	.LVL4:
 129              	.LBB2:
  91:Src/i2c.c     **** 
  92:Src/i2c.c     ****     /* I2C1 clock enable */
  93:Src/i2c.c     ****     __HAL_RCC_I2C1_CLK_ENABLE();
 130              		.loc 1 93 0
 131 002c 0023     		movs	r3, #0
 132 002e 0093     		str	r3, [sp]
 133 0030 084B     		ldr	r3, .L10+8
 134 0032 1A6C     		ldr	r2, [r3, #64]
 135 0034 42F40012 		orr	r2, r2, #2097152
 136 0038 1A64     		str	r2, [r3, #64]
 137 003a 1B6C     		ldr	r3, [r3, #64]
ARM GAS  /var/folders/ck/4xtm3skj1ssb0w4rn7_4q_gw0000gn/T//cctpv1oX.s 			page 5


 138 003c 03F40013 		and	r3, r3, #2097152
 139 0040 0093     		str	r3, [sp]
 140 0042 009B     		ldr	r3, [sp]
 141              	.LBE2:
  94:Src/i2c.c     ****   /* USER CODE BEGIN I2C1_MspInit 1 */
  95:Src/i2c.c     **** 
  96:Src/i2c.c     ****   /* USER CODE END I2C1_MspInit 1 */
  97:Src/i2c.c     ****   }
  98:Src/i2c.c     **** }
 142              		.loc 1 98 0
 143 0044 07B0     		add	sp, sp, #28
 144              	.LCFI3:
 145              		.cfi_def_cfa_offset 4
 146              		@ sp needed
 147 0046 5DF804FB 		ldr	pc, [sp], #4
 148              	.LVL5:
 149              	.L9:
 150              	.LCFI4:
 151              		.cfi_def_cfa_offset 0
 152              		.cfi_restore 14
 153 004a 7047     		bx	lr
 154              	.L11:
 155              		.align	2
 156              	.L10:
 157 004c 00540040 		.word	1073763328
 158 0050 00040240 		.word	1073873920
 159 0054 00380240 		.word	1073887232
 160              		.cfi_endproc
 161              	.LFE124:
 163              		.section	.text.HAL_I2C_MspDeInit,"ax",%progbits
 164              		.align	2
 165              		.global	HAL_I2C_MspDeInit
 166              		.thumb
 167              		.thumb_func
 169              	HAL_I2C_MspDeInit:
 170              	.LFB125:
  99:Src/i2c.c     **** 
 100:Src/i2c.c     **** void HAL_I2C_MspDeInit(I2C_HandleTypeDef* i2cHandle)
 101:Src/i2c.c     **** {
 171              		.loc 1 101 0
 172              		.cfi_startproc
 173              		@ args = 0, pretend = 0, frame = 0
 174              		@ frame_needed = 0, uses_anonymous_args = 0
 175              	.LVL6:
 176 0000 08B5     		push	{r3, lr}
 177              	.LCFI5:
 178              		.cfi_def_cfa_offset 8
 179              		.cfi_offset 3, -8
 180              		.cfi_offset 14, -4
 102:Src/i2c.c     **** 
 103:Src/i2c.c     ****   if(i2cHandle->Instance==I2C1)
 181              		.loc 1 103 0
 182 0002 0268     		ldr	r2, [r0]
 183 0004 064B     		ldr	r3, .L15
 184 0006 9A42     		cmp	r2, r3
 185 0008 09D1     		bne	.L12
 104:Src/i2c.c     ****   {
ARM GAS  /var/folders/ck/4xtm3skj1ssb0w4rn7_4q_gw0000gn/T//cctpv1oX.s 			page 6


 105:Src/i2c.c     ****   /* USER CODE BEGIN I2C1_MspDeInit 0 */
 106:Src/i2c.c     **** 
 107:Src/i2c.c     ****   /* USER CODE END I2C1_MspDeInit 0 */
 108:Src/i2c.c     ****     /* Peripheral clock disable */
 109:Src/i2c.c     ****     __HAL_RCC_I2C1_CLK_DISABLE();
 186              		.loc 1 109 0
 187 000a 064A     		ldr	r2, .L15+4
 188 000c 136C     		ldr	r3, [r2, #64]
 189 000e 23F40013 		bic	r3, r3, #2097152
 190 0012 1364     		str	r3, [r2, #64]
 110:Src/i2c.c     ****   
 111:Src/i2c.c     ****     /**I2C1 GPIO Configuration    
 112:Src/i2c.c     ****     PB8     ------> I2C1_SCL
 113:Src/i2c.c     ****     PB9     ------> I2C1_SDA 
 114:Src/i2c.c     ****     */
 115:Src/i2c.c     ****     HAL_GPIO_DeInit(GPIOB, GPIO_PIN_8|GPIO_PIN_9);
 191              		.loc 1 115 0
 192 0014 0448     		ldr	r0, .L15+8
 193              	.LVL7:
 194 0016 4FF44071 		mov	r1, #768
 195 001a FFF7FEFF 		bl	HAL_GPIO_DeInit
 196              	.LVL8:
 197              	.L12:
 198 001e 08BD     		pop	{r3, pc}
 199              	.L16:
 200              		.align	2
 201              	.L15:
 202 0020 00540040 		.word	1073763328
 203 0024 00380240 		.word	1073887232
 204 0028 00040240 		.word	1073873920
 205              		.cfi_endproc
 206              	.LFE125:
 208              		.comm	hi2c1,84,4
 209              		.section	.rodata.str1.4,"aMS",%progbits,1
 210              		.align	2
 211              	.LC0:
 212 0000 5372632F 		.ascii	"Src/i2c.c\000"
 212      6932632E 
 212      6300
 213              		.text
 214              	.Letext0:
 215              		.file 2 "/usr/local/Cellar/arm-none-eabi-gcc/20150921/arm-none-eabi/include/machine/_default_types
 216              		.file 3 "/usr/local/Cellar/arm-none-eabi-gcc/20150921/arm-none-eabi/include/sys/_stdint.h"
 217              		.file 4 "Drivers/CMSIS/Device/ST/STM32F4xx/Include/stm32f401xe.h"
 218              		.file 5 "Drivers/STM32F4xx_HAL_Driver/Inc/stm32f4xx_hal_def.h"
 219              		.file 6 "Drivers/STM32F4xx_HAL_Driver/Inc/stm32f4xx_hal_gpio.h"
 220              		.file 7 "Drivers/STM32F4xx_HAL_Driver/Inc/stm32f4xx_hal_dma.h"
 221              		.file 8 "Drivers/STM32F4xx_HAL_Driver/Inc/stm32f4xx_hal_i2c.h"
 222              		.file 9 "Drivers/CMSIS/Include/core_cm4.h"
 223              		.file 10 "Inc/i2c.h"
ARM GAS  /var/folders/ck/4xtm3skj1ssb0w4rn7_4q_gw0000gn/T//cctpv1oX.s 			page 7


DEFINED SYMBOLS
                            *ABS*:0000000000000000 i2c.c
/var/folders/ck/4xtm3skj1ssb0w4rn7_4q_gw0000gn/T//cctpv1oX.s:21     .text.MX_I2C1_Init:0000000000000000 $t
/var/folders/ck/4xtm3skj1ssb0w4rn7_4q_gw0000gn/T//cctpv1oX.s:26     .text.MX_I2C1_Init:0000000000000000 MX_I2C1_Init
/var/folders/ck/4xtm3skj1ssb0w4rn7_4q_gw0000gn/T//cctpv1oX.s:75     .text.MX_I2C1_Init:0000000000000030 $d
                            *COM*:0000000000000054 hi2c1
/var/folders/ck/4xtm3skj1ssb0w4rn7_4q_gw0000gn/T//cctpv1oX.s:83     .text.HAL_I2C_MspInit:0000000000000000 $t
/var/folders/ck/4xtm3skj1ssb0w4rn7_4q_gw0000gn/T//cctpv1oX.s:88     .text.HAL_I2C_MspInit:0000000000000000 HAL_I2C_MspInit
/var/folders/ck/4xtm3skj1ssb0w4rn7_4q_gw0000gn/T//cctpv1oX.s:157    .text.HAL_I2C_MspInit:000000000000004c $d
/var/folders/ck/4xtm3skj1ssb0w4rn7_4q_gw0000gn/T//cctpv1oX.s:164    .text.HAL_I2C_MspDeInit:0000000000000000 $t
/var/folders/ck/4xtm3skj1ssb0w4rn7_4q_gw0000gn/T//cctpv1oX.s:169    .text.HAL_I2C_MspDeInit:0000000000000000 HAL_I2C_MspDeInit
/var/folders/ck/4xtm3skj1ssb0w4rn7_4q_gw0000gn/T//cctpv1oX.s:202    .text.HAL_I2C_MspDeInit:0000000000000020 $d
/var/folders/ck/4xtm3skj1ssb0w4rn7_4q_gw0000gn/T//cctpv1oX.s:210    .rodata.str1.4:0000000000000000 $d
                     .debug_frame:0000000000000010 $d

UNDEFINED SYMBOLS
HAL_I2C_Init
_Error_Handler
HAL_GPIO_Init
HAL_GPIO_DeInit
