ARM GAS  /var/folders/68/n33lqcg953z5y1x0pvkj58xc0000gn/T//ccXz52sb.s 			page 1


   1              		.syntax unified
   2              		.cpu cortex-m4
   3              		.eabi_attribute 27, 1
   4              		.eabi_attribute 28, 1
   5              		.fpu fpv4-sp-d16
   6              		.eabi_attribute 20, 1
   7              		.eabi_attribute 21, 1
   8              		.eabi_attribute 23, 3
   9              		.eabi_attribute 24, 1
  10              		.eabi_attribute 25, 1
  11              		.eabi_attribute 26, 1
  12              		.eabi_attribute 30, 1
  13              		.eabi_attribute 34, 1
  14              		.eabi_attribute 18, 4
  15              		.thumb
  16              		.file	"main.c"
  17              		.text
  18              	.Ltext0:
  19              		.cfi_sections	.debug_frame
  20              		.section	.text._Error_Handler,"ax",%progbits
  21              		.align	2
  22              		.global	_Error_Handler
  23              		.thumb
  24              		.thumb_func
  26              	_Error_Handler:
  27              	.LFB125:
  28              		.file 1 "Src/main.c"
   1:Src/main.c    **** 
   2:Src/main.c    **** /**
   3:Src/main.c    ****   ******************************************************************************
   4:Src/main.c    ****   * @file           : main.c
   5:Src/main.c    ****   * @brief          : Main program body
   6:Src/main.c    ****   ******************************************************************************
   7:Src/main.c    ****   ** This notice applies to any and all portions of this file
   8:Src/main.c    ****   * that are not between comment pairs USER CODE BEGIN and
   9:Src/main.c    ****   * USER CODE END. Other portions of this file, whether 
  10:Src/main.c    ****   * inserted by the user or by software development tools
  11:Src/main.c    ****   * are owned by their respective copyright owners.
  12:Src/main.c    ****   *
  13:Src/main.c    ****   * COPYRIGHT(c) 2018 STMicroelectronics
  14:Src/main.c    ****   *
  15:Src/main.c    ****   * Redistribution and use in source and binary forms, with or without modification,
  16:Src/main.c    ****   * are permitted provided that the following conditions are met:
  17:Src/main.c    ****   *   1. Redistributions of source code must retain the above copyright notice,
  18:Src/main.c    ****   *      this list of conditions and the following disclaimer.
  19:Src/main.c    ****   *   2. Redistributions in binary form must reproduce the above copyright notice,
  20:Src/main.c    ****   *      this list of conditions and the following disclaimer in the documentation
  21:Src/main.c    ****   *      and/or other materials provided with the distribution.
  22:Src/main.c    ****   *   3. Neither the name of STMicroelectronics nor the names of its contributors
  23:Src/main.c    ****   *      may be used to endorse or promote products derived from this software
  24:Src/main.c    ****   *      without specific prior written permission.
  25:Src/main.c    ****   *
  26:Src/main.c    ****   * THIS SOFTWARE IS PROVIDED BY THE COPYRIGHT HOLDERS AND CONTRIBUTORS "AS IS"
  27:Src/main.c    ****   * AND ANY EXPRESS OR IMPLIED WARRANTIES, INCLUDING, BUT NOT LIMITED TO, THE
  28:Src/main.c    ****   * IMPLIED WARRANTIES OF MERCHANTABILITY AND FITNESS FOR A PARTICULAR PURPOSE ARE
  29:Src/main.c    ****   * DISCLAIMED. IN NO EVENT SHALL THE COPYRIGHT HOLDER OR CONTRIBUTORS BE LIABLE
  30:Src/main.c    ****   * FOR ANY DIRECT, INDIRECT, INCIDENTAL, SPECIAL, EXEMPLARY, OR CONSEQUENTIAL
ARM GAS  /var/folders/68/n33lqcg953z5y1x0pvkj58xc0000gn/T//ccXz52sb.s 			page 2


  31:Src/main.c    ****   * DAMAGES (INCLUDING, BUT NOT LIMITED TO, PROCUREMENT OF SUBSTITUTE GOODS OR
  32:Src/main.c    ****   * SERVICES; LOSS OF USE, DATA, OR PROFITS; OR BUSINESS INTERRUPTION) HOWEVER
  33:Src/main.c    ****   * CAUSED AND ON ANY THEORY OF LIABILITY, WHETHER IN CONTRACT, STRICT LIABILITY,
  34:Src/main.c    ****   * OR TORT (INCLUDING NEGLIGENCE OR OTHERWISE) ARISING IN ANY WAY OUT OF THE USE
  35:Src/main.c    ****   * OF THIS SOFTWARE, EVEN IF ADVISED OF THE POSSIBILITY OF SUCH DAMAGE.
  36:Src/main.c    ****   *
  37:Src/main.c    ****   ******************************************************************************
  38:Src/main.c    ****   */
  39:Src/main.c    **** /* Includes ------------------------------------------------------------------*/
  40:Src/main.c    **** #include "main.h"
  41:Src/main.c    **** #include "stm32f4xx_hal.h"
  42:Src/main.c    **** #include "adc.h"
  43:Src/main.c    **** #include "i2c.h"
  44:Src/main.c    **** #include "tim.h"
  45:Src/main.c    **** #include "usart.h"
  46:Src/main.c    **** #include "gpio.h"
  47:Src/main.c    **** 
  48:Src/main.c    **** /* USER CODE BEGIN Includes */
  49:Src/main.c    **** 
  50:Src/main.c    **** /* USER CODE END Includes */
  51:Src/main.c    **** 
  52:Src/main.c    **** /* Private variables ---------------------------------------------------------*/
  53:Src/main.c    **** 
  54:Src/main.c    **** /* USER CODE BEGIN PV */
  55:Src/main.c    **** /* Private variables ---------------------------------------------------------*/
  56:Src/main.c    **** 
  57:Src/main.c    **** /* USER CODE END PV */
  58:Src/main.c    **** 
  59:Src/main.c    **** /* Private function prototypes -----------------------------------------------*/
  60:Src/main.c    **** void SystemClock_Config(void);
  61:Src/main.c    **** 
  62:Src/main.c    **** /* USER CODE BEGIN PFP */
  63:Src/main.c    **** /* Private function prototypes -----------------------------------------------*/
  64:Src/main.c    **** 
  65:Src/main.c    **** /* USER CODE END PFP */
  66:Src/main.c    **** 
  67:Src/main.c    **** /* USER CODE BEGIN 0 */
  68:Src/main.c    **** 
  69:Src/main.c    **** /* USER CODE END 0 */
  70:Src/main.c    **** 
  71:Src/main.c    **** /**
  72:Src/main.c    ****   * @brief  The application entry point.
  73:Src/main.c    ****   *
  74:Src/main.c    ****   * @retval None
  75:Src/main.c    ****   */
  76:Src/main.c    **** int main(void)
  77:Src/main.c    **** {
  78:Src/main.c    ****   /* USER CODE BEGIN 1 */
  79:Src/main.c    **** 
  80:Src/main.c    ****   /* USER CODE END 1 */
  81:Src/main.c    **** 
  82:Src/main.c    ****   /* MCU Configuration----------------------------------------------------------*/
  83:Src/main.c    **** 
  84:Src/main.c    ****   /* Reset of all peripherals, Initializes the Flash interface and the Systick. */
  85:Src/main.c    ****   HAL_Init();
  86:Src/main.c    **** 
  87:Src/main.c    ****   /* USER CODE BEGIN Init */
ARM GAS  /var/folders/68/n33lqcg953z5y1x0pvkj58xc0000gn/T//ccXz52sb.s 			page 3


  88:Src/main.c    **** 
  89:Src/main.c    ****   /* USER CODE END Init */
  90:Src/main.c    **** 
  91:Src/main.c    ****   /* Configure the system clock */
  92:Src/main.c    ****   SystemClock_Config();
  93:Src/main.c    **** 
  94:Src/main.c    ****   /* USER CODE BEGIN SysInit */
  95:Src/main.c    **** 
  96:Src/main.c    ****   /* USER CODE END SysInit */
  97:Src/main.c    **** 
  98:Src/main.c    ****   /* Initialize all configured peripherals */
  99:Src/main.c    ****   MX_GPIO_Init();
 100:Src/main.c    ****   MX_TIM3_Init();
 101:Src/main.c    ****   MX_TIM5_Init();
 102:Src/main.c    ****   MX_TIM1_Init();
 103:Src/main.c    ****   MX_I2C1_Init();
 104:Src/main.c    ****   MX_TIM2_Init();
 105:Src/main.c    ****   MX_TIM4_Init();
 106:Src/main.c    ****   MX_USART6_UART_Init();
 107:Src/main.c    ****   MX_ADC1_Init();
 108:Src/main.c    ****   /* USER CODE BEGIN 2 */
 109:Src/main.c    **** 
 110:Src/main.c    ****   /* USER CODE END 2 */
 111:Src/main.c    **** 
 112:Src/main.c    ****   /* Infinite loop */
 113:Src/main.c    ****   /* USER CODE BEGIN WHILE */
 114:Src/main.c    ****   while (1)
 115:Src/main.c    ****   {
 116:Src/main.c    **** 
 117:Src/main.c    ****   /* USER CODE END WHILE */
 118:Src/main.c    **** 
 119:Src/main.c    ****   /* USER CODE BEGIN 3 */
 120:Src/main.c    **** 
 121:Src/main.c    ****   }
 122:Src/main.c    ****   /* USER CODE END 3 */
 123:Src/main.c    **** 
 124:Src/main.c    **** }
 125:Src/main.c    **** 
 126:Src/main.c    **** /**
 127:Src/main.c    ****   * @brief System Clock Configuration
 128:Src/main.c    ****   * @retval None
 129:Src/main.c    ****   */
 130:Src/main.c    **** void SystemClock_Config(void)
 131:Src/main.c    **** {
 132:Src/main.c    **** 
 133:Src/main.c    ****   RCC_OscInitTypeDef RCC_OscInitStruct;
 134:Src/main.c    ****   RCC_ClkInitTypeDef RCC_ClkInitStruct;
 135:Src/main.c    **** 
 136:Src/main.c    ****     /**Configure the main internal regulator output voltage 
 137:Src/main.c    ****     */
 138:Src/main.c    ****   __HAL_RCC_PWR_CLK_ENABLE();
 139:Src/main.c    **** 
 140:Src/main.c    ****   __HAL_PWR_VOLTAGESCALING_CONFIG(PWR_REGULATOR_VOLTAGE_SCALE2);
 141:Src/main.c    **** 
 142:Src/main.c    ****     /**Initializes the CPU, AHB and APB busses clocks 
 143:Src/main.c    ****     */
 144:Src/main.c    ****   RCC_OscInitStruct.OscillatorType = RCC_OSCILLATORTYPE_HSI;
ARM GAS  /var/folders/68/n33lqcg953z5y1x0pvkj58xc0000gn/T//ccXz52sb.s 			page 4


 145:Src/main.c    ****   RCC_OscInitStruct.HSIState = RCC_HSI_ON;
 146:Src/main.c    ****   RCC_OscInitStruct.HSICalibrationValue = 16;
 147:Src/main.c    ****   RCC_OscInitStruct.PLL.PLLState = RCC_PLL_NONE;
 148:Src/main.c    ****   if (HAL_RCC_OscConfig(&RCC_OscInitStruct) != HAL_OK)
 149:Src/main.c    ****   {
 150:Src/main.c    ****     _Error_Handler(__FILE__, __LINE__);
 151:Src/main.c    ****   }
 152:Src/main.c    **** 
 153:Src/main.c    ****     /**Initializes the CPU, AHB and APB busses clocks 
 154:Src/main.c    ****     */
 155:Src/main.c    ****   RCC_ClkInitStruct.ClockType = RCC_CLOCKTYPE_HCLK|RCC_CLOCKTYPE_SYSCLK
 156:Src/main.c    ****                               |RCC_CLOCKTYPE_PCLK1|RCC_CLOCKTYPE_PCLK2;
 157:Src/main.c    ****   RCC_ClkInitStruct.SYSCLKSource = RCC_SYSCLKSOURCE_HSI;
 158:Src/main.c    ****   RCC_ClkInitStruct.AHBCLKDivider = RCC_SYSCLK_DIV1;
 159:Src/main.c    ****   RCC_ClkInitStruct.APB1CLKDivider = RCC_HCLK_DIV1;
 160:Src/main.c    ****   RCC_ClkInitStruct.APB2CLKDivider = RCC_HCLK_DIV1;
 161:Src/main.c    **** 
 162:Src/main.c    ****   if (HAL_RCC_ClockConfig(&RCC_ClkInitStruct, FLASH_LATENCY_0) != HAL_OK)
 163:Src/main.c    ****   {
 164:Src/main.c    ****     _Error_Handler(__FILE__, __LINE__);
 165:Src/main.c    ****   }
 166:Src/main.c    **** 
 167:Src/main.c    ****     /**Configure the Systick interrupt time 
 168:Src/main.c    ****     */
 169:Src/main.c    ****   HAL_SYSTICK_Config(HAL_RCC_GetHCLKFreq()/1000);
 170:Src/main.c    **** 
 171:Src/main.c    ****     /**Configure the Systick 
 172:Src/main.c    ****     */
 173:Src/main.c    ****   HAL_SYSTICK_CLKSourceConfig(SYSTICK_CLKSOURCE_HCLK);
 174:Src/main.c    **** 
 175:Src/main.c    ****   /* SysTick_IRQn interrupt configuration */
 176:Src/main.c    ****   HAL_NVIC_SetPriority(SysTick_IRQn, 0, 0);
 177:Src/main.c    **** }
 178:Src/main.c    **** 
 179:Src/main.c    **** /* USER CODE BEGIN 4 */
 180:Src/main.c    **** 
 181:Src/main.c    **** /* USER CODE END 4 */
 182:Src/main.c    **** 
 183:Src/main.c    **** /**
 184:Src/main.c    ****   * @brief  This function is executed in case of error occurrence.
 185:Src/main.c    ****   * @param  file: The file name as string.
 186:Src/main.c    ****   * @param  line: The line in file as a number.
 187:Src/main.c    ****   * @retval None
 188:Src/main.c    ****   */
 189:Src/main.c    **** void _Error_Handler(char *file, int line)
 190:Src/main.c    **** {
  29              		.loc 1 190 0
  30              		.cfi_startproc
  31              		@ Volatile: function does not return.
  32              		@ args = 0, pretend = 0, frame = 0
  33              		@ frame_needed = 0, uses_anonymous_args = 0
  34              		@ link register save eliminated.
  35              	.LVL0:
  36              	.L2:
 191:Src/main.c    ****   /* USER CODE BEGIN Error_Handler_Debug */
 192:Src/main.c    ****   /* User can add his own implementation to report the HAL error return state */
 193:Src/main.c    ****   while(1)
ARM GAS  /var/folders/68/n33lqcg953z5y1x0pvkj58xc0000gn/T//ccXz52sb.s 			page 5


 194:Src/main.c    ****   {
 195:Src/main.c    ****   }
  37              		.loc 1 195 0 discriminator 1
  38 0000 FEE7     		b	.L2
  39              		.cfi_endproc
  40              	.LFE125:
  42 0002 00BF     		.section	.text.SystemClock_Config,"ax",%progbits
  43              		.align	2
  44              		.global	SystemClock_Config
  45              		.thumb
  46              		.thumb_func
  48              	SystemClock_Config:
  49              	.LFB124:
 131:Src/main.c    **** 
  50              		.loc 1 131 0
  51              		.cfi_startproc
  52              		@ args = 0, pretend = 0, frame = 80
  53              		@ frame_needed = 0, uses_anonymous_args = 0
  54 0000 00B5     		push	{lr}
  55              	.LCFI0:
  56              		.cfi_def_cfa_offset 4
  57              		.cfi_offset 14, -4
  58 0002 95B0     		sub	sp, sp, #84
  59              	.LCFI1:
  60              		.cfi_def_cfa_offset 88
  61              	.LBB2:
 138:Src/main.c    **** 
  62              		.loc 1 138 0
  63 0004 0022     		movs	r2, #0
  64 0006 0192     		str	r2, [sp, #4]
  65 0008 244B     		ldr	r3, .L7
  66 000a 196C     		ldr	r1, [r3, #64]
  67 000c 41F08051 		orr	r1, r1, #268435456
  68 0010 1964     		str	r1, [r3, #64]
  69 0012 1B6C     		ldr	r3, [r3, #64]
  70 0014 03F08053 		and	r3, r3, #268435456
  71 0018 0193     		str	r3, [sp, #4]
  72 001a 019B     		ldr	r3, [sp, #4]
  73              	.LBE2:
  74              	.LBB3:
 140:Src/main.c    **** 
  75              		.loc 1 140 0
  76 001c 0292     		str	r2, [sp, #8]
  77 001e 2049     		ldr	r1, .L7+4
  78 0020 0B68     		ldr	r3, [r1]
  79 0022 23F44043 		bic	r3, r3, #49152
  80 0026 43F40043 		orr	r3, r3, #32768
  81 002a 0B60     		str	r3, [r1]
  82 002c 0B68     		ldr	r3, [r1]
  83 002e 03F44043 		and	r3, r3, #49152
  84 0032 0293     		str	r3, [sp, #8]
  85 0034 029B     		ldr	r3, [sp, #8]
  86              	.LBE3:
 144:Src/main.c    ****   RCC_OscInitStruct.HSIState = RCC_HSI_ON;
  87              		.loc 1 144 0
  88 0036 0223     		movs	r3, #2
  89 0038 0893     		str	r3, [sp, #32]
ARM GAS  /var/folders/68/n33lqcg953z5y1x0pvkj58xc0000gn/T//ccXz52sb.s 			page 6


 145:Src/main.c    ****   RCC_OscInitStruct.HSICalibrationValue = 16;
  90              		.loc 1 145 0
  91 003a 0123     		movs	r3, #1
  92 003c 0B93     		str	r3, [sp, #44]
 146:Src/main.c    ****   RCC_OscInitStruct.PLL.PLLState = RCC_PLL_NONE;
  93              		.loc 1 146 0
  94 003e 1023     		movs	r3, #16
  95 0040 0C93     		str	r3, [sp, #48]
 147:Src/main.c    ****   if (HAL_RCC_OscConfig(&RCC_OscInitStruct) != HAL_OK)
  96              		.loc 1 147 0
  97 0042 0E92     		str	r2, [sp, #56]
 148:Src/main.c    ****   {
  98              		.loc 1 148 0
  99 0044 08A8     		add	r0, sp, #32
 100 0046 FFF7FEFF 		bl	HAL_RCC_OscConfig
 101              	.LVL1:
 102 004a 18B1     		cbz	r0, .L4
 150:Src/main.c    ****   }
 103              		.loc 1 150 0
 104 004c 1548     		ldr	r0, .L7+8
 105 004e 9621     		movs	r1, #150
 106 0050 FFF7FEFF 		bl	_Error_Handler
 107              	.LVL2:
 108              	.L4:
 155:Src/main.c    ****                               |RCC_CLOCKTYPE_PCLK1|RCC_CLOCKTYPE_PCLK2;
 109              		.loc 1 155 0
 110 0054 0F23     		movs	r3, #15
 111 0056 0393     		str	r3, [sp, #12]
 157:Src/main.c    ****   RCC_ClkInitStruct.AHBCLKDivider = RCC_SYSCLK_DIV1;
 112              		.loc 1 157 0
 113 0058 0021     		movs	r1, #0
 114 005a 0491     		str	r1, [sp, #16]
 158:Src/main.c    ****   RCC_ClkInitStruct.APB1CLKDivider = RCC_HCLK_DIV1;
 115              		.loc 1 158 0
 116 005c 0591     		str	r1, [sp, #20]
 159:Src/main.c    ****   RCC_ClkInitStruct.APB2CLKDivider = RCC_HCLK_DIV1;
 117              		.loc 1 159 0
 118 005e 0691     		str	r1, [sp, #24]
 160:Src/main.c    **** 
 119              		.loc 1 160 0
 120 0060 0791     		str	r1, [sp, #28]
 162:Src/main.c    ****   {
 121              		.loc 1 162 0
 122 0062 03A8     		add	r0, sp, #12
 123 0064 FFF7FEFF 		bl	HAL_RCC_ClockConfig
 124              	.LVL3:
 125 0068 18B1     		cbz	r0, .L5
 164:Src/main.c    ****   }
 126              		.loc 1 164 0
 127 006a 0E48     		ldr	r0, .L7+8
 128 006c A421     		movs	r1, #164
 129 006e FFF7FEFF 		bl	_Error_Handler
 130              	.LVL4:
 131              	.L5:
 169:Src/main.c    **** 
 132              		.loc 1 169 0
 133 0072 FFF7FEFF 		bl	HAL_RCC_GetHCLKFreq
ARM GAS  /var/folders/68/n33lqcg953z5y1x0pvkj58xc0000gn/T//ccXz52sb.s 			page 7


 134              	.LVL5:
 135 0076 0C4B     		ldr	r3, .L7+12
 136 0078 A3FB0030 		umull	r3, r0, r3, r0
 137 007c 8009     		lsrs	r0, r0, #6
 138 007e FFF7FEFF 		bl	HAL_SYSTICK_Config
 139              	.LVL6:
 173:Src/main.c    **** 
 140              		.loc 1 173 0
 141 0082 0420     		movs	r0, #4
 142 0084 FFF7FEFF 		bl	HAL_SYSTICK_CLKSourceConfig
 143              	.LVL7:
 176:Src/main.c    **** }
 144              		.loc 1 176 0
 145 0088 4FF0FF30 		mov	r0, #-1
 146 008c 0021     		movs	r1, #0
 147 008e 0A46     		mov	r2, r1
 148 0090 FFF7FEFF 		bl	HAL_NVIC_SetPriority
 149              	.LVL8:
 177:Src/main.c    **** 
 150              		.loc 1 177 0
 151 0094 15B0     		add	sp, sp, #84
 152              	.LCFI2:
 153              		.cfi_def_cfa_offset 4
 154              		@ sp needed
 155 0096 5DF804FB 		ldr	pc, [sp], #4
 156              	.L8:
 157 009a 00BF     		.align	2
 158              	.L7:
 159 009c 00380240 		.word	1073887232
 160 00a0 00700040 		.word	1073770496
 161 00a4 00000000 		.word	.LC0
 162 00a8 D34D6210 		.word	274877907
 163              		.cfi_endproc
 164              	.LFE124:
 166              		.section	.text.main,"ax",%progbits
 167              		.align	2
 168              		.global	main
 169              		.thumb
 170              		.thumb_func
 172              	main:
 173              	.LFB123:
  77:Src/main.c    ****   /* USER CODE BEGIN 1 */
 174              		.loc 1 77 0
 175              		.cfi_startproc
 176              		@ Volatile: function does not return.
 177              		@ args = 0, pretend = 0, frame = 0
 178              		@ frame_needed = 0, uses_anonymous_args = 0
 179 0000 08B5     		push	{r3, lr}
 180              	.LCFI3:
 181              		.cfi_def_cfa_offset 8
 182              		.cfi_offset 3, -8
 183              		.cfi_offset 14, -4
  85:Src/main.c    **** 
 184              		.loc 1 85 0
 185 0002 FFF7FEFF 		bl	HAL_Init
 186              	.LVL9:
  92:Src/main.c    **** 
ARM GAS  /var/folders/68/n33lqcg953z5y1x0pvkj58xc0000gn/T//ccXz52sb.s 			page 8


 187              		.loc 1 92 0
 188 0006 FFF7FEFF 		bl	SystemClock_Config
 189              	.LVL10:
  99:Src/main.c    ****   MX_TIM3_Init();
 190              		.loc 1 99 0
 191 000a FFF7FEFF 		bl	MX_GPIO_Init
 192              	.LVL11:
 100:Src/main.c    ****   MX_TIM5_Init();
 193              		.loc 1 100 0
 194 000e FFF7FEFF 		bl	MX_TIM3_Init
 195              	.LVL12:
 101:Src/main.c    ****   MX_TIM1_Init();
 196              		.loc 1 101 0
 197 0012 FFF7FEFF 		bl	MX_TIM5_Init
 198              	.LVL13:
 102:Src/main.c    ****   MX_I2C1_Init();
 199              		.loc 1 102 0
 200 0016 FFF7FEFF 		bl	MX_TIM1_Init
 201              	.LVL14:
 103:Src/main.c    ****   MX_TIM2_Init();
 202              		.loc 1 103 0
 203 001a FFF7FEFF 		bl	MX_I2C1_Init
 204              	.LVL15:
 104:Src/main.c    ****   MX_TIM4_Init();
 205              		.loc 1 104 0
 206 001e FFF7FEFF 		bl	MX_TIM2_Init
 207              	.LVL16:
 105:Src/main.c    ****   MX_USART6_UART_Init();
 208              		.loc 1 105 0
 209 0022 FFF7FEFF 		bl	MX_TIM4_Init
 210              	.LVL17:
 106:Src/main.c    ****   MX_ADC1_Init();
 211              		.loc 1 106 0
 212 0026 FFF7FEFF 		bl	MX_USART6_UART_Init
 213              	.LVL18:
 107:Src/main.c    ****   /* USER CODE BEGIN 2 */
 214              		.loc 1 107 0
 215 002a FFF7FEFF 		bl	MX_ADC1_Init
 216              	.LVL19:
 217              	.L10:
 121:Src/main.c    ****   /* USER CODE END 3 */
 218              		.loc 1 121 0 discriminator 1
 219 002e FEE7     		b	.L10
 220              		.cfi_endproc
 221              	.LFE123:
 223              		.section	.rodata.str1.4,"aMS",%progbits,1
 224              		.align	2
 225              	.LC0:
 226 0000 5372632F 		.ascii	"Src/main.c\000"
 226      6D61696E 
 226      2E6300
 227              		.text
 228              	.Letext0:
 229              		.file 2 "Drivers/CMSIS/Device/ST/STM32F4xx/Include/stm32f401xe.h"
 230              		.file 3 "/usr/local/Cellar/arm-none-eabi-gcc/20150921/arm-none-eabi/include/machine/_default_types
 231              		.file 4 "/usr/local/Cellar/arm-none-eabi-gcc/20150921/arm-none-eabi/include/sys/_stdint.h"
 232              		.file 5 "Drivers/STM32F4xx_HAL_Driver/Inc/stm32f4xx_hal_def.h"
ARM GAS  /var/folders/68/n33lqcg953z5y1x0pvkj58xc0000gn/T//ccXz52sb.s 			page 9


 233              		.file 6 "Drivers/STM32F4xx_HAL_Driver/Inc/stm32f4xx_hal_rcc_ex.h"
 234              		.file 7 "Drivers/STM32F4xx_HAL_Driver/Inc/stm32f4xx_hal_rcc.h"
 235              		.file 8 "Drivers/STM32F4xx_HAL_Driver/Inc/stm32f4xx_hal_cortex.h"
 236              		.file 9 "Drivers/STM32F4xx_HAL_Driver/Inc/stm32f4xx_hal.h"
 237              		.file 10 "Inc/gpio.h"
 238              		.file 11 "Inc/tim.h"
 239              		.file 12 "Inc/i2c.h"
 240              		.file 13 "Inc/usart.h"
 241              		.file 14 "Inc/adc.h"
 242              		.file 15 "Drivers/CMSIS/Include/core_cm4.h"
ARM GAS  /var/folders/68/n33lqcg953z5y1x0pvkj58xc0000gn/T//ccXz52sb.s 			page 10


DEFINED SYMBOLS
                            *ABS*:0000000000000000 main.c
/var/folders/68/n33lqcg953z5y1x0pvkj58xc0000gn/T//ccXz52sb.s:21     .text._Error_Handler:0000000000000000 $t
/var/folders/68/n33lqcg953z5y1x0pvkj58xc0000gn/T//ccXz52sb.s:26     .text._Error_Handler:0000000000000000 _Error_Handler
/var/folders/68/n33lqcg953z5y1x0pvkj58xc0000gn/T//ccXz52sb.s:43     .text.SystemClock_Config:0000000000000000 $t
/var/folders/68/n33lqcg953z5y1x0pvkj58xc0000gn/T//ccXz52sb.s:48     .text.SystemClock_Config:0000000000000000 SystemClock_Config
/var/folders/68/n33lqcg953z5y1x0pvkj58xc0000gn/T//ccXz52sb.s:159    .text.SystemClock_Config:000000000000009c $d
/var/folders/68/n33lqcg953z5y1x0pvkj58xc0000gn/T//ccXz52sb.s:167    .text.main:0000000000000000 $t
/var/folders/68/n33lqcg953z5y1x0pvkj58xc0000gn/T//ccXz52sb.s:172    .text.main:0000000000000000 main
/var/folders/68/n33lqcg953z5y1x0pvkj58xc0000gn/T//ccXz52sb.s:224    .rodata.str1.4:0000000000000000 $d
                     .debug_frame:0000000000000010 $d

UNDEFINED SYMBOLS
HAL_RCC_OscConfig
HAL_RCC_ClockConfig
HAL_RCC_GetHCLKFreq
HAL_SYSTICK_Config
HAL_SYSTICK_CLKSourceConfig
HAL_NVIC_SetPriority
HAL_Init
MX_GPIO_Init
MX_TIM3_Init
MX_TIM5_Init
MX_TIM1_Init
MX_I2C1_Init
MX_TIM2_Init
MX_TIM4_Init
MX_USART6_UART_Init
MX_ADC1_Init
