ARM GAS  /var/folders/1t/b_pdlv_14gngm6ztkcy5zjlw0000gn/T//cchsNMzc.s 			page 1


   1              		.syntax unified
   2              		.cpu cortex-m4
   3              		.eabi_attribute 27, 1
   4              		.eabi_attribute 28, 1
   5              		.fpu fpv4-sp-d16
   6              		.eabi_attribute 20, 1
   7              		.eabi_attribute 21, 1
   8              		.eabi_attribute 23, 3
   9              		.eabi_attribute 24, 1
  10              		.eabi_attribute 25, 1
  11              		.eabi_attribute 26, 1
  12              		.eabi_attribute 30, 1
  13              		.eabi_attribute 34, 1
  14              		.eabi_attribute 18, 4
  15              		.thumb
  16              		.file	"stm32f4xx_hal_gpio.c"
  17              		.text
  18              	.Ltext0:
  19              		.cfi_sections	.debug_frame
  20              		.section	.text.HAL_GPIO_Init,"ax",%progbits
  21              		.align	2
  22              		.global	HAL_GPIO_Init
  23              		.thumb
  24              		.thumb_func
  26              	HAL_GPIO_Init:
  27              	.LFB123:
  28              		.file 1 "Drivers/STM32F4xx_HAL_Driver/Src/stm32f4xx_hal_gpio.c"
   1:Drivers/STM32F4xx_HAL_Driver/Src/stm32f4xx_hal_gpio.c **** /**
   2:Drivers/STM32F4xx_HAL_Driver/Src/stm32f4xx_hal_gpio.c ****   ******************************************************************************
   3:Drivers/STM32F4xx_HAL_Driver/Src/stm32f4xx_hal_gpio.c ****   * @file    stm32f4xx_hal_gpio.c
   4:Drivers/STM32F4xx_HAL_Driver/Src/stm32f4xx_hal_gpio.c ****   * @author  MCD Application Team
   5:Drivers/STM32F4xx_HAL_Driver/Src/stm32f4xx_hal_gpio.c ****   * @brief   GPIO HAL module driver.
   6:Drivers/STM32F4xx_HAL_Driver/Src/stm32f4xx_hal_gpio.c ****   *          This file provides firmware functions to manage the following 
   7:Drivers/STM32F4xx_HAL_Driver/Src/stm32f4xx_hal_gpio.c ****   *          functionalities of the General Purpose Input/Output (GPIO) peripheral:
   8:Drivers/STM32F4xx_HAL_Driver/Src/stm32f4xx_hal_gpio.c ****   *           + Initialization and de-initialization functions
   9:Drivers/STM32F4xx_HAL_Driver/Src/stm32f4xx_hal_gpio.c ****   *           + IO operation functions
  10:Drivers/STM32F4xx_HAL_Driver/Src/stm32f4xx_hal_gpio.c ****   *
  11:Drivers/STM32F4xx_HAL_Driver/Src/stm32f4xx_hal_gpio.c ****   @verbatim
  12:Drivers/STM32F4xx_HAL_Driver/Src/stm32f4xx_hal_gpio.c ****   ==============================================================================
  13:Drivers/STM32F4xx_HAL_Driver/Src/stm32f4xx_hal_gpio.c ****                     ##### GPIO Peripheral features #####
  14:Drivers/STM32F4xx_HAL_Driver/Src/stm32f4xx_hal_gpio.c ****   ==============================================================================
  15:Drivers/STM32F4xx_HAL_Driver/Src/stm32f4xx_hal_gpio.c ****   [..] 
  16:Drivers/STM32F4xx_HAL_Driver/Src/stm32f4xx_hal_gpio.c ****   Subject to the specific hardware characteristics of each I/O port listed in the datasheet, each
  17:Drivers/STM32F4xx_HAL_Driver/Src/stm32f4xx_hal_gpio.c ****   port bit of the General Purpose IO (GPIO) Ports, can be individually configured by software
  18:Drivers/STM32F4xx_HAL_Driver/Src/stm32f4xx_hal_gpio.c ****   in several modes:
  19:Drivers/STM32F4xx_HAL_Driver/Src/stm32f4xx_hal_gpio.c ****   (+) Input mode 
  20:Drivers/STM32F4xx_HAL_Driver/Src/stm32f4xx_hal_gpio.c ****   (+) Analog mode
  21:Drivers/STM32F4xx_HAL_Driver/Src/stm32f4xx_hal_gpio.c ****   (+) Output mode
  22:Drivers/STM32F4xx_HAL_Driver/Src/stm32f4xx_hal_gpio.c ****   (+) Alternate function mode
  23:Drivers/STM32F4xx_HAL_Driver/Src/stm32f4xx_hal_gpio.c ****   (+) External interrupt/event lines
  24:Drivers/STM32F4xx_HAL_Driver/Src/stm32f4xx_hal_gpio.c **** 
  25:Drivers/STM32F4xx_HAL_Driver/Src/stm32f4xx_hal_gpio.c ****   [..]  
  26:Drivers/STM32F4xx_HAL_Driver/Src/stm32f4xx_hal_gpio.c ****   During and just after reset, the alternate functions and external interrupt  
  27:Drivers/STM32F4xx_HAL_Driver/Src/stm32f4xx_hal_gpio.c ****   lines are not active and the I/O ports are configured in input floating mode.
  28:Drivers/STM32F4xx_HAL_Driver/Src/stm32f4xx_hal_gpio.c ****   
  29:Drivers/STM32F4xx_HAL_Driver/Src/stm32f4xx_hal_gpio.c ****   [..]   
  30:Drivers/STM32F4xx_HAL_Driver/Src/stm32f4xx_hal_gpio.c ****   All GPIO pins have weak internal pull-up and pull-down resistors, which can be 
ARM GAS  /var/folders/1t/b_pdlv_14gngm6ztkcy5zjlw0000gn/T//cchsNMzc.s 			page 2


  31:Drivers/STM32F4xx_HAL_Driver/Src/stm32f4xx_hal_gpio.c ****   activated or not.
  32:Drivers/STM32F4xx_HAL_Driver/Src/stm32f4xx_hal_gpio.c **** 
  33:Drivers/STM32F4xx_HAL_Driver/Src/stm32f4xx_hal_gpio.c ****   [..]
  34:Drivers/STM32F4xx_HAL_Driver/Src/stm32f4xx_hal_gpio.c ****   In Output or Alternate mode, each IO can be configured on open-drain or push-pull
  35:Drivers/STM32F4xx_HAL_Driver/Src/stm32f4xx_hal_gpio.c ****   type and the IO speed can be selected depending on the VDD value.
  36:Drivers/STM32F4xx_HAL_Driver/Src/stm32f4xx_hal_gpio.c **** 
  37:Drivers/STM32F4xx_HAL_Driver/Src/stm32f4xx_hal_gpio.c ****   [..]  
  38:Drivers/STM32F4xx_HAL_Driver/Src/stm32f4xx_hal_gpio.c ****   All ports have external interrupt/event capability. To use external interrupt 
  39:Drivers/STM32F4xx_HAL_Driver/Src/stm32f4xx_hal_gpio.c ****   lines, the port must be configured in input mode. All available GPIO pins are 
  40:Drivers/STM32F4xx_HAL_Driver/Src/stm32f4xx_hal_gpio.c ****   connected to the 16 external interrupt/event lines from EXTI0 to EXTI15.
  41:Drivers/STM32F4xx_HAL_Driver/Src/stm32f4xx_hal_gpio.c ****   
  42:Drivers/STM32F4xx_HAL_Driver/Src/stm32f4xx_hal_gpio.c ****   [..]
  43:Drivers/STM32F4xx_HAL_Driver/Src/stm32f4xx_hal_gpio.c ****   The external interrupt/event controller consists of up to 23 edge detectors 
  44:Drivers/STM32F4xx_HAL_Driver/Src/stm32f4xx_hal_gpio.c ****   (16 lines are connected to GPIO) for generating event/interrupt requests (each 
  45:Drivers/STM32F4xx_HAL_Driver/Src/stm32f4xx_hal_gpio.c ****   input line can be independently configured to select the type (interrupt or event) 
  46:Drivers/STM32F4xx_HAL_Driver/Src/stm32f4xx_hal_gpio.c ****   and the corresponding trigger event (rising or falling or both). Each line can 
  47:Drivers/STM32F4xx_HAL_Driver/Src/stm32f4xx_hal_gpio.c ****   also be masked independently. 
  48:Drivers/STM32F4xx_HAL_Driver/Src/stm32f4xx_hal_gpio.c **** 
  49:Drivers/STM32F4xx_HAL_Driver/Src/stm32f4xx_hal_gpio.c ****                      ##### How to use this driver #####
  50:Drivers/STM32F4xx_HAL_Driver/Src/stm32f4xx_hal_gpio.c ****   ==============================================================================  
  51:Drivers/STM32F4xx_HAL_Driver/Src/stm32f4xx_hal_gpio.c ****   [..]
  52:Drivers/STM32F4xx_HAL_Driver/Src/stm32f4xx_hal_gpio.c ****     (#) Enable the GPIO AHB clock using the following function: __HAL_RCC_GPIOx_CLK_ENABLE(). 
  53:Drivers/STM32F4xx_HAL_Driver/Src/stm32f4xx_hal_gpio.c **** 
  54:Drivers/STM32F4xx_HAL_Driver/Src/stm32f4xx_hal_gpio.c ****     (#) Configure the GPIO pin(s) using HAL_GPIO_Init().
  55:Drivers/STM32F4xx_HAL_Driver/Src/stm32f4xx_hal_gpio.c ****         (++) Configure the IO mode using "Mode" member from GPIO_InitTypeDef structure
  56:Drivers/STM32F4xx_HAL_Driver/Src/stm32f4xx_hal_gpio.c ****         (++) Activate Pull-up, Pull-down resistor using "Pull" member from GPIO_InitTypeDef 
  57:Drivers/STM32F4xx_HAL_Driver/Src/stm32f4xx_hal_gpio.c ****              structure.
  58:Drivers/STM32F4xx_HAL_Driver/Src/stm32f4xx_hal_gpio.c ****         (++) In case of Output or alternate function mode selection: the speed is 
  59:Drivers/STM32F4xx_HAL_Driver/Src/stm32f4xx_hal_gpio.c ****              configured through "Speed" member from GPIO_InitTypeDef structure.
  60:Drivers/STM32F4xx_HAL_Driver/Src/stm32f4xx_hal_gpio.c ****         (++) In alternate mode is selection, the alternate function connected to the IO
  61:Drivers/STM32F4xx_HAL_Driver/Src/stm32f4xx_hal_gpio.c ****              is configured through "Alternate" member from GPIO_InitTypeDef structure.
  62:Drivers/STM32F4xx_HAL_Driver/Src/stm32f4xx_hal_gpio.c ****         (++) Analog mode is required when a pin is to be used as ADC channel 
  63:Drivers/STM32F4xx_HAL_Driver/Src/stm32f4xx_hal_gpio.c ****              or DAC output.
  64:Drivers/STM32F4xx_HAL_Driver/Src/stm32f4xx_hal_gpio.c ****         (++) In case of external interrupt/event selection the "Mode" member from 
  65:Drivers/STM32F4xx_HAL_Driver/Src/stm32f4xx_hal_gpio.c ****              GPIO_InitTypeDef structure select the type (interrupt or event) and 
  66:Drivers/STM32F4xx_HAL_Driver/Src/stm32f4xx_hal_gpio.c ****              the corresponding trigger event (rising or falling or both).
  67:Drivers/STM32F4xx_HAL_Driver/Src/stm32f4xx_hal_gpio.c **** 
  68:Drivers/STM32F4xx_HAL_Driver/Src/stm32f4xx_hal_gpio.c ****     (#) In case of external interrupt/event mode selection, configure NVIC IRQ priority 
  69:Drivers/STM32F4xx_HAL_Driver/Src/stm32f4xx_hal_gpio.c ****         mapped to the EXTI line using HAL_NVIC_SetPriority() and enable it using
  70:Drivers/STM32F4xx_HAL_Driver/Src/stm32f4xx_hal_gpio.c ****         HAL_NVIC_EnableIRQ().
  71:Drivers/STM32F4xx_HAL_Driver/Src/stm32f4xx_hal_gpio.c ****          
  72:Drivers/STM32F4xx_HAL_Driver/Src/stm32f4xx_hal_gpio.c ****     (#) To get the level of a pin configured in input mode use HAL_GPIO_ReadPin().
  73:Drivers/STM32F4xx_HAL_Driver/Src/stm32f4xx_hal_gpio.c ****             
  74:Drivers/STM32F4xx_HAL_Driver/Src/stm32f4xx_hal_gpio.c ****     (#) To set/reset the level of a pin configured in output mode use 
  75:Drivers/STM32F4xx_HAL_Driver/Src/stm32f4xx_hal_gpio.c ****         HAL_GPIO_WritePin()/HAL_GPIO_TogglePin().
  76:Drivers/STM32F4xx_HAL_Driver/Src/stm32f4xx_hal_gpio.c ****     
  77:Drivers/STM32F4xx_HAL_Driver/Src/stm32f4xx_hal_gpio.c ****     (#) To lock pin configuration until next reset use HAL_GPIO_LockPin().
  78:Drivers/STM32F4xx_HAL_Driver/Src/stm32f4xx_hal_gpio.c **** 
  79:Drivers/STM32F4xx_HAL_Driver/Src/stm32f4xx_hal_gpio.c ****                  
  80:Drivers/STM32F4xx_HAL_Driver/Src/stm32f4xx_hal_gpio.c ****     (#) During and just after reset, the alternate functions are not 
  81:Drivers/STM32F4xx_HAL_Driver/Src/stm32f4xx_hal_gpio.c ****         active and the GPIO pins are configured in input floating mode (except JTAG
  82:Drivers/STM32F4xx_HAL_Driver/Src/stm32f4xx_hal_gpio.c ****         pins).
  83:Drivers/STM32F4xx_HAL_Driver/Src/stm32f4xx_hal_gpio.c ****   
  84:Drivers/STM32F4xx_HAL_Driver/Src/stm32f4xx_hal_gpio.c ****     (#) The LSE oscillator pins OSC32_IN and OSC32_OUT can be used as general purpose 
  85:Drivers/STM32F4xx_HAL_Driver/Src/stm32f4xx_hal_gpio.c ****         (PC14 and PC15, respectively) when the LSE oscillator is off. The LSE has 
  86:Drivers/STM32F4xx_HAL_Driver/Src/stm32f4xx_hal_gpio.c ****         priority over the GPIO function.
  87:Drivers/STM32F4xx_HAL_Driver/Src/stm32f4xx_hal_gpio.c ****   
ARM GAS  /var/folders/1t/b_pdlv_14gngm6ztkcy5zjlw0000gn/T//cchsNMzc.s 			page 3


  88:Drivers/STM32F4xx_HAL_Driver/Src/stm32f4xx_hal_gpio.c ****     (#) The HSE oscillator pins OSC_IN/OSC_OUT can be used as 
  89:Drivers/STM32F4xx_HAL_Driver/Src/stm32f4xx_hal_gpio.c ****         general purpose PH0 and PH1, respectively, when the HSE oscillator is off. 
  90:Drivers/STM32F4xx_HAL_Driver/Src/stm32f4xx_hal_gpio.c ****         The HSE has priority over the GPIO function.
  91:Drivers/STM32F4xx_HAL_Driver/Src/stm32f4xx_hal_gpio.c ****   
  92:Drivers/STM32F4xx_HAL_Driver/Src/stm32f4xx_hal_gpio.c ****   @endverbatim
  93:Drivers/STM32F4xx_HAL_Driver/Src/stm32f4xx_hal_gpio.c ****   ******************************************************************************
  94:Drivers/STM32F4xx_HAL_Driver/Src/stm32f4xx_hal_gpio.c ****   * @attention
  95:Drivers/STM32F4xx_HAL_Driver/Src/stm32f4xx_hal_gpio.c ****   *
  96:Drivers/STM32F4xx_HAL_Driver/Src/stm32f4xx_hal_gpio.c ****   * <h2><center>&copy; COPYRIGHT(c) 2017 STMicroelectronics</center></h2>
  97:Drivers/STM32F4xx_HAL_Driver/Src/stm32f4xx_hal_gpio.c ****   *
  98:Drivers/STM32F4xx_HAL_Driver/Src/stm32f4xx_hal_gpio.c ****   * Redistribution and use in source and binary forms, with or without modification,
  99:Drivers/STM32F4xx_HAL_Driver/Src/stm32f4xx_hal_gpio.c ****   * are permitted provided that the following conditions are met:
 100:Drivers/STM32F4xx_HAL_Driver/Src/stm32f4xx_hal_gpio.c ****   *   1. Redistributions of source code must retain the above copyright notice,
 101:Drivers/STM32F4xx_HAL_Driver/Src/stm32f4xx_hal_gpio.c ****   *      this list of conditions and the following disclaimer.
 102:Drivers/STM32F4xx_HAL_Driver/Src/stm32f4xx_hal_gpio.c ****   *   2. Redistributions in binary form must reproduce the above copyright notice,
 103:Drivers/STM32F4xx_HAL_Driver/Src/stm32f4xx_hal_gpio.c ****   *      this list of conditions and the following disclaimer in the documentation
 104:Drivers/STM32F4xx_HAL_Driver/Src/stm32f4xx_hal_gpio.c ****   *      and/or other materials provided with the distribution.
 105:Drivers/STM32F4xx_HAL_Driver/Src/stm32f4xx_hal_gpio.c ****   *   3. Neither the name of STMicroelectronics nor the names of its contributors
 106:Drivers/STM32F4xx_HAL_Driver/Src/stm32f4xx_hal_gpio.c ****   *      may be used to endorse or promote products derived from this software
 107:Drivers/STM32F4xx_HAL_Driver/Src/stm32f4xx_hal_gpio.c ****   *      without specific prior written permission.
 108:Drivers/STM32F4xx_HAL_Driver/Src/stm32f4xx_hal_gpio.c ****   *
 109:Drivers/STM32F4xx_HAL_Driver/Src/stm32f4xx_hal_gpio.c ****   * THIS SOFTWARE IS PROVIDED BY THE COPYRIGHT HOLDERS AND CONTRIBUTORS "AS IS"
 110:Drivers/STM32F4xx_HAL_Driver/Src/stm32f4xx_hal_gpio.c ****   * AND ANY EXPRESS OR IMPLIED WARRANTIES, INCLUDING, BUT NOT LIMITED TO, THE
 111:Drivers/STM32F4xx_HAL_Driver/Src/stm32f4xx_hal_gpio.c ****   * IMPLIED WARRANTIES OF MERCHANTABILITY AND FITNESS FOR A PARTICULAR PURPOSE ARE
 112:Drivers/STM32F4xx_HAL_Driver/Src/stm32f4xx_hal_gpio.c ****   * DISCLAIMED. IN NO EVENT SHALL THE COPYRIGHT HOLDER OR CONTRIBUTORS BE LIABLE
 113:Drivers/STM32F4xx_HAL_Driver/Src/stm32f4xx_hal_gpio.c ****   * FOR ANY DIRECT, INDIRECT, INCIDENTAL, SPECIAL, EXEMPLARY, OR CONSEQUENTIAL
 114:Drivers/STM32F4xx_HAL_Driver/Src/stm32f4xx_hal_gpio.c ****   * DAMAGES (INCLUDING, BUT NOT LIMITED TO, PROCUREMENT OF SUBSTITUTE GOODS OR
 115:Drivers/STM32F4xx_HAL_Driver/Src/stm32f4xx_hal_gpio.c ****   * SERVICES; LOSS OF USE, DATA, OR PROFITS; OR BUSINESS INTERRUPTION) HOWEVER
 116:Drivers/STM32F4xx_HAL_Driver/Src/stm32f4xx_hal_gpio.c ****   * CAUSED AND ON ANY THEORY OF LIABILITY, WHETHER IN CONTRACT, STRICT LIABILITY,
 117:Drivers/STM32F4xx_HAL_Driver/Src/stm32f4xx_hal_gpio.c ****   * OR TORT (INCLUDING NEGLIGENCE OR OTHERWISE) ARISING IN ANY WAY OUT OF THE USE
 118:Drivers/STM32F4xx_HAL_Driver/Src/stm32f4xx_hal_gpio.c ****   * OF THIS SOFTWARE, EVEN IF ADVISED OF THE POSSIBILITY OF SUCH DAMAGE.
 119:Drivers/STM32F4xx_HAL_Driver/Src/stm32f4xx_hal_gpio.c ****   *
 120:Drivers/STM32F4xx_HAL_Driver/Src/stm32f4xx_hal_gpio.c ****   ******************************************************************************
 121:Drivers/STM32F4xx_HAL_Driver/Src/stm32f4xx_hal_gpio.c ****   */ 
 122:Drivers/STM32F4xx_HAL_Driver/Src/stm32f4xx_hal_gpio.c **** 
 123:Drivers/STM32F4xx_HAL_Driver/Src/stm32f4xx_hal_gpio.c **** /* Includes ------------------------------------------------------------------*/
 124:Drivers/STM32F4xx_HAL_Driver/Src/stm32f4xx_hal_gpio.c **** #include "stm32f4xx_hal.h"
 125:Drivers/STM32F4xx_HAL_Driver/Src/stm32f4xx_hal_gpio.c **** 
 126:Drivers/STM32F4xx_HAL_Driver/Src/stm32f4xx_hal_gpio.c **** /** @addtogroup STM32F4xx_HAL_Driver
 127:Drivers/STM32F4xx_HAL_Driver/Src/stm32f4xx_hal_gpio.c ****   * @{
 128:Drivers/STM32F4xx_HAL_Driver/Src/stm32f4xx_hal_gpio.c ****   */
 129:Drivers/STM32F4xx_HAL_Driver/Src/stm32f4xx_hal_gpio.c **** 
 130:Drivers/STM32F4xx_HAL_Driver/Src/stm32f4xx_hal_gpio.c **** /** @defgroup GPIO GPIO
 131:Drivers/STM32F4xx_HAL_Driver/Src/stm32f4xx_hal_gpio.c ****   * @brief GPIO HAL module driver
 132:Drivers/STM32F4xx_HAL_Driver/Src/stm32f4xx_hal_gpio.c ****   * @{
 133:Drivers/STM32F4xx_HAL_Driver/Src/stm32f4xx_hal_gpio.c ****   */
 134:Drivers/STM32F4xx_HAL_Driver/Src/stm32f4xx_hal_gpio.c **** 
 135:Drivers/STM32F4xx_HAL_Driver/Src/stm32f4xx_hal_gpio.c **** #ifdef HAL_GPIO_MODULE_ENABLED
 136:Drivers/STM32F4xx_HAL_Driver/Src/stm32f4xx_hal_gpio.c **** 
 137:Drivers/STM32F4xx_HAL_Driver/Src/stm32f4xx_hal_gpio.c **** /* Private typedef -----------------------------------------------------------*/
 138:Drivers/STM32F4xx_HAL_Driver/Src/stm32f4xx_hal_gpio.c **** /* Private define ------------------------------------------------------------*/
 139:Drivers/STM32F4xx_HAL_Driver/Src/stm32f4xx_hal_gpio.c **** /** @addtogroup GPIO_Private_Constants GPIO Private Constants
 140:Drivers/STM32F4xx_HAL_Driver/Src/stm32f4xx_hal_gpio.c ****   * @{
 141:Drivers/STM32F4xx_HAL_Driver/Src/stm32f4xx_hal_gpio.c ****   */
 142:Drivers/STM32F4xx_HAL_Driver/Src/stm32f4xx_hal_gpio.c **** #define GPIO_MODE             0x00000003U
 143:Drivers/STM32F4xx_HAL_Driver/Src/stm32f4xx_hal_gpio.c **** #define EXTI_MODE             0x10000000U
 144:Drivers/STM32F4xx_HAL_Driver/Src/stm32f4xx_hal_gpio.c **** #define GPIO_MODE_IT          0x00010000U
ARM GAS  /var/folders/1t/b_pdlv_14gngm6ztkcy5zjlw0000gn/T//cchsNMzc.s 			page 4


 145:Drivers/STM32F4xx_HAL_Driver/Src/stm32f4xx_hal_gpio.c **** #define GPIO_MODE_EVT         0x00020000U
 146:Drivers/STM32F4xx_HAL_Driver/Src/stm32f4xx_hal_gpio.c **** #define RISING_EDGE           0x00100000U
 147:Drivers/STM32F4xx_HAL_Driver/Src/stm32f4xx_hal_gpio.c **** #define FALLING_EDGE          0x00200000U
 148:Drivers/STM32F4xx_HAL_Driver/Src/stm32f4xx_hal_gpio.c **** #define GPIO_OUTPUT_TYPE      0x00000010U
 149:Drivers/STM32F4xx_HAL_Driver/Src/stm32f4xx_hal_gpio.c **** 
 150:Drivers/STM32F4xx_HAL_Driver/Src/stm32f4xx_hal_gpio.c **** #define GPIO_NUMBER           16U
 151:Drivers/STM32F4xx_HAL_Driver/Src/stm32f4xx_hal_gpio.c **** /**
 152:Drivers/STM32F4xx_HAL_Driver/Src/stm32f4xx_hal_gpio.c ****   * @}
 153:Drivers/STM32F4xx_HAL_Driver/Src/stm32f4xx_hal_gpio.c ****   */
 154:Drivers/STM32F4xx_HAL_Driver/Src/stm32f4xx_hal_gpio.c **** /* Private macro -------------------------------------------------------------*/
 155:Drivers/STM32F4xx_HAL_Driver/Src/stm32f4xx_hal_gpio.c **** /* Private variables ---------------------------------------------------------*/
 156:Drivers/STM32F4xx_HAL_Driver/Src/stm32f4xx_hal_gpio.c **** /* Private function prototypes -----------------------------------------------*/
 157:Drivers/STM32F4xx_HAL_Driver/Src/stm32f4xx_hal_gpio.c **** /* Private functions ---------------------------------------------------------*/
 158:Drivers/STM32F4xx_HAL_Driver/Src/stm32f4xx_hal_gpio.c **** /* Exported functions --------------------------------------------------------*/
 159:Drivers/STM32F4xx_HAL_Driver/Src/stm32f4xx_hal_gpio.c **** /** @defgroup GPIO_Exported_Functions GPIO Exported Functions
 160:Drivers/STM32F4xx_HAL_Driver/Src/stm32f4xx_hal_gpio.c ****   * @{
 161:Drivers/STM32F4xx_HAL_Driver/Src/stm32f4xx_hal_gpio.c ****   */
 162:Drivers/STM32F4xx_HAL_Driver/Src/stm32f4xx_hal_gpio.c **** 
 163:Drivers/STM32F4xx_HAL_Driver/Src/stm32f4xx_hal_gpio.c **** /** @defgroup GPIO_Exported_Functions_Group1 Initialization and de-initialization functions
 164:Drivers/STM32F4xx_HAL_Driver/Src/stm32f4xx_hal_gpio.c ****   *  @brief    Initialization and Configuration functions
 165:Drivers/STM32F4xx_HAL_Driver/Src/stm32f4xx_hal_gpio.c ****   *
 166:Drivers/STM32F4xx_HAL_Driver/Src/stm32f4xx_hal_gpio.c **** @verbatim    
 167:Drivers/STM32F4xx_HAL_Driver/Src/stm32f4xx_hal_gpio.c ****  ===============================================================================
 168:Drivers/STM32F4xx_HAL_Driver/Src/stm32f4xx_hal_gpio.c ****               ##### Initialization and de-initialization functions #####
 169:Drivers/STM32F4xx_HAL_Driver/Src/stm32f4xx_hal_gpio.c ****  ===============================================================================
 170:Drivers/STM32F4xx_HAL_Driver/Src/stm32f4xx_hal_gpio.c ****   [..]
 171:Drivers/STM32F4xx_HAL_Driver/Src/stm32f4xx_hal_gpio.c ****     This section provides functions allowing to initialize and de-initialize the GPIOs
 172:Drivers/STM32F4xx_HAL_Driver/Src/stm32f4xx_hal_gpio.c ****     to be ready for use.
 173:Drivers/STM32F4xx_HAL_Driver/Src/stm32f4xx_hal_gpio.c ****  
 174:Drivers/STM32F4xx_HAL_Driver/Src/stm32f4xx_hal_gpio.c **** @endverbatim
 175:Drivers/STM32F4xx_HAL_Driver/Src/stm32f4xx_hal_gpio.c ****   * @{
 176:Drivers/STM32F4xx_HAL_Driver/Src/stm32f4xx_hal_gpio.c ****   */
 177:Drivers/STM32F4xx_HAL_Driver/Src/stm32f4xx_hal_gpio.c **** 
 178:Drivers/STM32F4xx_HAL_Driver/Src/stm32f4xx_hal_gpio.c **** 
 179:Drivers/STM32F4xx_HAL_Driver/Src/stm32f4xx_hal_gpio.c **** /**
 180:Drivers/STM32F4xx_HAL_Driver/Src/stm32f4xx_hal_gpio.c ****   * @brief  Initializes the GPIOx peripheral according to the specified parameters in the GPIO_Init
 181:Drivers/STM32F4xx_HAL_Driver/Src/stm32f4xx_hal_gpio.c ****   * @param  GPIOx where x can be (A..K) to select the GPIO peripheral for STM32F429X device or
 182:Drivers/STM32F4xx_HAL_Driver/Src/stm32f4xx_hal_gpio.c ****   *                      x can be (A..I) to select the GPIO peripheral for STM32F40XX and STM32F427
 183:Drivers/STM32F4xx_HAL_Driver/Src/stm32f4xx_hal_gpio.c ****   * @param  GPIO_Init pointer to a GPIO_InitTypeDef structure that contains
 184:Drivers/STM32F4xx_HAL_Driver/Src/stm32f4xx_hal_gpio.c ****   *         the configuration information for the specified GPIO peripheral.
 185:Drivers/STM32F4xx_HAL_Driver/Src/stm32f4xx_hal_gpio.c ****   * @retval None
 186:Drivers/STM32F4xx_HAL_Driver/Src/stm32f4xx_hal_gpio.c ****   */
 187:Drivers/STM32F4xx_HAL_Driver/Src/stm32f4xx_hal_gpio.c **** void HAL_GPIO_Init(GPIO_TypeDef  *GPIOx, GPIO_InitTypeDef *GPIO_Init)
 188:Drivers/STM32F4xx_HAL_Driver/Src/stm32f4xx_hal_gpio.c **** {
  29              		.loc 1 188 0
  30              		.cfi_startproc
  31              		@ args = 0, pretend = 0, frame = 8
  32              		@ frame_needed = 0, uses_anonymous_args = 0
  33              	.LVL0:
  34 0000 2DE9F041 		push	{r4, r5, r6, r7, r8, lr}
  35              	.LCFI0:
  36              		.cfi_def_cfa_offset 24
  37              		.cfi_offset 4, -24
  38              		.cfi_offset 5, -20
  39              		.cfi_offset 6, -16
  40              		.cfi_offset 7, -12
  41              		.cfi_offset 8, -8
ARM GAS  /var/folders/1t/b_pdlv_14gngm6ztkcy5zjlw0000gn/T//cchsNMzc.s 			page 5


  42              		.cfi_offset 14, -4
  43 0004 82B0     		sub	sp, sp, #8
  44              	.LCFI1:
  45              		.cfi_def_cfa_offset 32
  46              	.LVL1:
 189:Drivers/STM32F4xx_HAL_Driver/Src/stm32f4xx_hal_gpio.c ****   uint32_t position;
 190:Drivers/STM32F4xx_HAL_Driver/Src/stm32f4xx_hal_gpio.c ****   uint32_t ioposition = 0x00U;
 191:Drivers/STM32F4xx_HAL_Driver/Src/stm32f4xx_hal_gpio.c ****   uint32_t iocurrent = 0x00U;
 192:Drivers/STM32F4xx_HAL_Driver/Src/stm32f4xx_hal_gpio.c ****   uint32_t temp = 0x00U;
 193:Drivers/STM32F4xx_HAL_Driver/Src/stm32f4xx_hal_gpio.c **** 
 194:Drivers/STM32F4xx_HAL_Driver/Src/stm32f4xx_hal_gpio.c ****   /* Check the parameters */
 195:Drivers/STM32F4xx_HAL_Driver/Src/stm32f4xx_hal_gpio.c ****   assert_param(IS_GPIO_ALL_INSTANCE(GPIOx));
 196:Drivers/STM32F4xx_HAL_Driver/Src/stm32f4xx_hal_gpio.c ****   assert_param(IS_GPIO_PIN(GPIO_Init->Pin));
 197:Drivers/STM32F4xx_HAL_Driver/Src/stm32f4xx_hal_gpio.c ****   assert_param(IS_GPIO_MODE(GPIO_Init->Mode));
 198:Drivers/STM32F4xx_HAL_Driver/Src/stm32f4xx_hal_gpio.c ****   assert_param(IS_GPIO_PULL(GPIO_Init->Pull));
 199:Drivers/STM32F4xx_HAL_Driver/Src/stm32f4xx_hal_gpio.c **** 
 200:Drivers/STM32F4xx_HAL_Driver/Src/stm32f4xx_hal_gpio.c ****   /* Configure the port pins */
 201:Drivers/STM32F4xx_HAL_Driver/Src/stm32f4xx_hal_gpio.c ****   for(position = 0U; position < GPIO_NUMBER; position++)
  47              		.loc 1 201 0
  48 0006 0023     		movs	r3, #0
  49 0008 C4E0     		b	.L2
  50              	.LVL2:
  51              	.L17:
 202:Drivers/STM32F4xx_HAL_Driver/Src/stm32f4xx_hal_gpio.c ****   {
 203:Drivers/STM32F4xx_HAL_Driver/Src/stm32f4xx_hal_gpio.c ****     /* Get the IO position */
 204:Drivers/STM32F4xx_HAL_Driver/Src/stm32f4xx_hal_gpio.c ****     ioposition = 0x01U << position;
  52              		.loc 1 204 0
  53 000a 9C46     		mov	ip, r3
  54 000c 0122     		movs	r2, #1
  55 000e 9A40     		lsls	r2, r2, r3
  56              	.LVL3:
 205:Drivers/STM32F4xx_HAL_Driver/Src/stm32f4xx_hal_gpio.c ****     /* Get the current IO position */
 206:Drivers/STM32F4xx_HAL_Driver/Src/stm32f4xx_hal_gpio.c ****     iocurrent = (uint32_t)(GPIO_Init->Pin) & ioposition;
  57              		.loc 1 206 0
  58 0010 0C68     		ldr	r4, [r1]
  59 0012 1440     		ands	r4, r4, r2
  60              	.LVL4:
 207:Drivers/STM32F4xx_HAL_Driver/Src/stm32f4xx_hal_gpio.c **** 
 208:Drivers/STM32F4xx_HAL_Driver/Src/stm32f4xx_hal_gpio.c ****     if(iocurrent == ioposition)
  61              		.loc 1 208 0
  62 0014 9442     		cmp	r4, r2
  63 0016 40F0BC80 		bne	.L3
 209:Drivers/STM32F4xx_HAL_Driver/Src/stm32f4xx_hal_gpio.c ****     {
 210:Drivers/STM32F4xx_HAL_Driver/Src/stm32f4xx_hal_gpio.c ****       /*--------------------- GPIO Mode Configuration ------------------------*/
 211:Drivers/STM32F4xx_HAL_Driver/Src/stm32f4xx_hal_gpio.c ****       /* In case of Alternate function mode selection */
 212:Drivers/STM32F4xx_HAL_Driver/Src/stm32f4xx_hal_gpio.c ****       if((GPIO_Init->Mode == GPIO_MODE_AF_PP) || (GPIO_Init->Mode == GPIO_MODE_AF_OD))
  64              		.loc 1 212 0
  65 001a 4D68     		ldr	r5, [r1, #4]
  66 001c 022D     		cmp	r5, #2
  67 001e 01D0     		beq	.L4
  68              		.loc 1 212 0 is_stmt 0 discriminator 1
  69 0020 122D     		cmp	r5, #18
  70 0022 14D1     		bne	.L5
  71              	.L4:
 213:Drivers/STM32F4xx_HAL_Driver/Src/stm32f4xx_hal_gpio.c ****       {
 214:Drivers/STM32F4xx_HAL_Driver/Src/stm32f4xx_hal_gpio.c ****         /* Check the Alternate function parameter */
 215:Drivers/STM32F4xx_HAL_Driver/Src/stm32f4xx_hal_gpio.c ****         assert_param(IS_GPIO_AF(GPIO_Init->Alternate));
ARM GAS  /var/folders/1t/b_pdlv_14gngm6ztkcy5zjlw0000gn/T//cchsNMzc.s 			page 6


 216:Drivers/STM32F4xx_HAL_Driver/Src/stm32f4xx_hal_gpio.c ****         /* Configure Alternate function mapped with the current IO */
 217:Drivers/STM32F4xx_HAL_Driver/Src/stm32f4xx_hal_gpio.c ****         temp = GPIOx->AFR[position >> 3U];
  72              		.loc 1 217 0 is_stmt 1
  73 0024 4FEAD30E 		lsr	lr, r3, #3
  74 0028 0EF1080E 		add	lr, lr, #8
  75 002c 50F82E70 		ldr	r7, [r0, lr, lsl #2]
  76              	.LVL5:
 218:Drivers/STM32F4xx_HAL_Driver/Src/stm32f4xx_hal_gpio.c ****         temp &= ~(0xFU << ((uint32_t)(position & 0x07U) * 4U)) ;
  77              		.loc 1 218 0
  78 0030 03F00708 		and	r8, r3, #7
  79 0034 4FEA8808 		lsl	r8, r8, #2
  80 0038 0F25     		movs	r5, #15
  81 003a 05FA08F5 		lsl	r5, r5, r8
  82 003e 27EA0506 		bic	r6, r7, r5
  83              	.LVL6:
 219:Drivers/STM32F4xx_HAL_Driver/Src/stm32f4xx_hal_gpio.c ****         temp |= ((uint32_t)(GPIO_Init->Alternate) << (((uint32_t)position & 0x07U) * 4U));
  84              		.loc 1 219 0
  85 0042 0D69     		ldr	r5, [r1, #16]
  86 0044 05FA08F5 		lsl	r5, r5, r8
  87 0048 3543     		orrs	r5, r5, r6
  88              	.LVL7:
 220:Drivers/STM32F4xx_HAL_Driver/Src/stm32f4xx_hal_gpio.c ****         GPIOx->AFR[position >> 3U] = temp;
  89              		.loc 1 220 0
  90 004a 40F82E50 		str	r5, [r0, lr, lsl #2]
  91              	.LVL8:
  92              	.L5:
 221:Drivers/STM32F4xx_HAL_Driver/Src/stm32f4xx_hal_gpio.c ****       }
 222:Drivers/STM32F4xx_HAL_Driver/Src/stm32f4xx_hal_gpio.c **** 
 223:Drivers/STM32F4xx_HAL_Driver/Src/stm32f4xx_hal_gpio.c ****       /* Configure IO Direction mode (Input, Output, Alternate or Analog) */
 224:Drivers/STM32F4xx_HAL_Driver/Src/stm32f4xx_hal_gpio.c ****       temp = GPIOx->MODER;
  93              		.loc 1 224 0
  94 004e 0668     		ldr	r6, [r0]
  95              	.LVL9:
 225:Drivers/STM32F4xx_HAL_Driver/Src/stm32f4xx_hal_gpio.c ****       temp &= ~(GPIO_MODER_MODER0 << (position * 2U));
  96              		.loc 1 225 0
  97 0050 4FEA430E 		lsl	lr, r3, #1
  98 0054 0325     		movs	r5, #3
  99 0056 05FA0EF5 		lsl	r5, r5, lr
 100 005a ED43     		mvns	r5, r5
 101 005c 05EA0607 		and	r7, r5, r6
 102              	.LVL10:
 226:Drivers/STM32F4xx_HAL_Driver/Src/stm32f4xx_hal_gpio.c ****       temp |= ((GPIO_Init->Mode & GPIO_MODE) << (position * 2U));
 103              		.loc 1 226 0
 104 0060 4E68     		ldr	r6, [r1, #4]
 105 0062 06F00306 		and	r6, r6, #3
 106 0066 06FA0EF6 		lsl	r6, r6, lr
 107 006a 3E43     		orrs	r6, r6, r7
 108              	.LVL11:
 227:Drivers/STM32F4xx_HAL_Driver/Src/stm32f4xx_hal_gpio.c ****       GPIOx->MODER = temp;
 109              		.loc 1 227 0
 110 006c 0660     		str	r6, [r0]
 228:Drivers/STM32F4xx_HAL_Driver/Src/stm32f4xx_hal_gpio.c **** 
 229:Drivers/STM32F4xx_HAL_Driver/Src/stm32f4xx_hal_gpio.c ****       /* In case of Output or Alternate function mode selection */
 230:Drivers/STM32F4xx_HAL_Driver/Src/stm32f4xx_hal_gpio.c ****       if((GPIO_Init->Mode == GPIO_MODE_OUTPUT_PP) || (GPIO_Init->Mode == GPIO_MODE_AF_PP) ||
 111              		.loc 1 230 0
 112 006e 4E68     		ldr	r6, [r1, #4]
 113              	.LVL12:
ARM GAS  /var/folders/1t/b_pdlv_14gngm6ztkcy5zjlw0000gn/T//cchsNMzc.s 			page 7


 114 0070 771E     		subs	r7, r6, #1
 115 0072 012F     		cmp	r7, #1
 116 0074 03D9     		bls	.L6
 117              		.loc 1 230 0 is_stmt 0 discriminator 1
 118 0076 112E     		cmp	r6, #17
 119 0078 01D0     		beq	.L6
 231:Drivers/STM32F4xx_HAL_Driver/Src/stm32f4xx_hal_gpio.c ****          (GPIO_Init->Mode == GPIO_MODE_OUTPUT_OD) || (GPIO_Init->Mode == GPIO_MODE_AF_OD))
 120              		.loc 1 231 0 is_stmt 1
 121 007a 122E     		cmp	r6, #18
 122 007c 12D1     		bne	.L7
 123              	.L6:
 232:Drivers/STM32F4xx_HAL_Driver/Src/stm32f4xx_hal_gpio.c ****       {
 233:Drivers/STM32F4xx_HAL_Driver/Src/stm32f4xx_hal_gpio.c ****         /* Check the Speed parameter */
 234:Drivers/STM32F4xx_HAL_Driver/Src/stm32f4xx_hal_gpio.c ****         assert_param(IS_GPIO_SPEED(GPIO_Init->Speed));
 235:Drivers/STM32F4xx_HAL_Driver/Src/stm32f4xx_hal_gpio.c ****         /* Configure the IO Speed */
 236:Drivers/STM32F4xx_HAL_Driver/Src/stm32f4xx_hal_gpio.c ****         temp = GPIOx->OSPEEDR; 
 124              		.loc 1 236 0
 125 007e 8668     		ldr	r6, [r0, #8]
 126              	.LVL13:
 237:Drivers/STM32F4xx_HAL_Driver/Src/stm32f4xx_hal_gpio.c ****         temp &= ~(GPIO_OSPEEDER_OSPEEDR0 << (position * 2U));
 127              		.loc 1 237 0
 128 0080 05EA0607 		and	r7, r5, r6
 129              	.LVL14:
 238:Drivers/STM32F4xx_HAL_Driver/Src/stm32f4xx_hal_gpio.c ****         temp |= (GPIO_Init->Speed << (position * 2U));
 130              		.loc 1 238 0
 131 0084 CE68     		ldr	r6, [r1, #12]
 132 0086 06FA0EF6 		lsl	r6, r6, lr
 133 008a 3E43     		orrs	r6, r6, r7
 134              	.LVL15:
 239:Drivers/STM32F4xx_HAL_Driver/Src/stm32f4xx_hal_gpio.c ****         GPIOx->OSPEEDR = temp;
 135              		.loc 1 239 0
 136 008c 8660     		str	r6, [r0, #8]
 240:Drivers/STM32F4xx_HAL_Driver/Src/stm32f4xx_hal_gpio.c **** 
 241:Drivers/STM32F4xx_HAL_Driver/Src/stm32f4xx_hal_gpio.c ****         /* Configure the IO Output Type */
 242:Drivers/STM32F4xx_HAL_Driver/Src/stm32f4xx_hal_gpio.c ****         temp = GPIOx->OTYPER;
 137              		.loc 1 242 0
 138 008e 4768     		ldr	r7, [r0, #4]
 139              	.LVL16:
 243:Drivers/STM32F4xx_HAL_Driver/Src/stm32f4xx_hal_gpio.c ****         temp &= ~(GPIO_OTYPER_OT_0 << position) ;
 140              		.loc 1 243 0
 141 0090 27EA0207 		bic	r7, r7, r2
 142              	.LVL17:
 244:Drivers/STM32F4xx_HAL_Driver/Src/stm32f4xx_hal_gpio.c ****         temp |= (((GPIO_Init->Mode & GPIO_OUTPUT_TYPE) >> 4U) << position);
 143              		.loc 1 244 0
 144 0094 4E68     		ldr	r6, [r1, #4]
 145 0096 C6F30012 		ubfx	r2, r6, #4, #1
 146              	.LVL18:
 147 009a 02FA0CF6 		lsl	r6, r2, ip
 148 009e 46EA0702 		orr	r2, r6, r7
 149              	.LVL19:
 245:Drivers/STM32F4xx_HAL_Driver/Src/stm32f4xx_hal_gpio.c ****         GPIOx->OTYPER = temp;
 150              		.loc 1 245 0
 151 00a2 4260     		str	r2, [r0, #4]
 152              	.LVL20:
 153              	.L7:
 246:Drivers/STM32F4xx_HAL_Driver/Src/stm32f4xx_hal_gpio.c ****       }
 247:Drivers/STM32F4xx_HAL_Driver/Src/stm32f4xx_hal_gpio.c **** 
ARM GAS  /var/folders/1t/b_pdlv_14gngm6ztkcy5zjlw0000gn/T//cchsNMzc.s 			page 8


 248:Drivers/STM32F4xx_HAL_Driver/Src/stm32f4xx_hal_gpio.c ****       /* Activate the Pull-up or Pull down resistor for the current IO */
 249:Drivers/STM32F4xx_HAL_Driver/Src/stm32f4xx_hal_gpio.c ****       temp = GPIOx->PUPDR;
 154              		.loc 1 249 0
 155 00a4 C268     		ldr	r2, [r0, #12]
 156              	.LVL21:
 250:Drivers/STM32F4xx_HAL_Driver/Src/stm32f4xx_hal_gpio.c ****       temp &= ~(GPIO_PUPDR_PUPDR0 << (position * 2U));
 157              		.loc 1 250 0
 158 00a6 2A40     		ands	r2, r2, r5
 159              	.LVL22:
 251:Drivers/STM32F4xx_HAL_Driver/Src/stm32f4xx_hal_gpio.c ****       temp |= ((GPIO_Init->Pull) << (position * 2U));
 160              		.loc 1 251 0
 161 00a8 8D68     		ldr	r5, [r1, #8]
 162 00aa 05FA0EF5 		lsl	r5, r5, lr
 163 00ae 1543     		orrs	r5, r5, r2
 164              	.LVL23:
 252:Drivers/STM32F4xx_HAL_Driver/Src/stm32f4xx_hal_gpio.c ****       GPIOx->PUPDR = temp;
 165              		.loc 1 252 0
 166 00b0 C560     		str	r5, [r0, #12]
 253:Drivers/STM32F4xx_HAL_Driver/Src/stm32f4xx_hal_gpio.c **** 
 254:Drivers/STM32F4xx_HAL_Driver/Src/stm32f4xx_hal_gpio.c ****       /*--------------------- EXTI Mode Configuration ------------------------*/
 255:Drivers/STM32F4xx_HAL_Driver/Src/stm32f4xx_hal_gpio.c ****       /* Configure the External Interrupt or event for the current IO */
 256:Drivers/STM32F4xx_HAL_Driver/Src/stm32f4xx_hal_gpio.c ****       if((GPIO_Init->Mode & EXTI_MODE) == EXTI_MODE)
 167              		.loc 1 256 0
 168 00b2 4A68     		ldr	r2, [r1, #4]
 169 00b4 12F0805F 		tst	r2, #268435456
 170 00b8 6BD0     		beq	.L3
 171              	.LBB2:
 257:Drivers/STM32F4xx_HAL_Driver/Src/stm32f4xx_hal_gpio.c ****       {
 258:Drivers/STM32F4xx_HAL_Driver/Src/stm32f4xx_hal_gpio.c ****         /* Enable SYSCFG Clock */
 259:Drivers/STM32F4xx_HAL_Driver/Src/stm32f4xx_hal_gpio.c ****         __HAL_RCC_SYSCFG_CLK_ENABLE();
 172              		.loc 1 259 0
 173 00ba 0022     		movs	r2, #0
 174 00bc 0192     		str	r2, [sp, #4]
 175 00be 384A     		ldr	r2, .L24
 176 00c0 556C     		ldr	r5, [r2, #68]
 177              	.LVL24:
 178 00c2 45F48045 		orr	r5, r5, #16384
 179 00c6 5564     		str	r5, [r2, #68]
 180 00c8 526C     		ldr	r2, [r2, #68]
 181 00ca 02F48042 		and	r2, r2, #16384
 182 00ce 0192     		str	r2, [sp, #4]
 183 00d0 019A     		ldr	r2, [sp, #4]
 184              	.LBE2:
 260:Drivers/STM32F4xx_HAL_Driver/Src/stm32f4xx_hal_gpio.c **** 
 261:Drivers/STM32F4xx_HAL_Driver/Src/stm32f4xx_hal_gpio.c ****         temp = SYSCFG->EXTICR[position >> 2U];
 185              		.loc 1 261 0
 186 00d2 9F08     		lsrs	r7, r3, #2
 187 00d4 BD1C     		adds	r5, r7, #2
 188 00d6 334A     		ldr	r2, .L24+4
 189 00d8 52F82560 		ldr	r6, [r2, r5, lsl #2]
 190              	.LVL25:
 262:Drivers/STM32F4xx_HAL_Driver/Src/stm32f4xx_hal_gpio.c ****         temp &= ~(0x0FU << (4U * (position & 0x03U)));
 191              		.loc 1 262 0
 192 00dc 03F0030E 		and	lr, r3, #3
 193 00e0 4FEA8E0E 		lsl	lr, lr, #2
 194 00e4 0F22     		movs	r2, #15
 195 00e6 02FA0EF2 		lsl	r2, r2, lr
ARM GAS  /var/folders/1t/b_pdlv_14gngm6ztkcy5zjlw0000gn/T//cchsNMzc.s 			page 9


 196 00ea 26EA0205 		bic	r5, r6, r2
 197              	.LVL26:
 263:Drivers/STM32F4xx_HAL_Driver/Src/stm32f4xx_hal_gpio.c ****         temp |= ((uint32_t)(GPIO_GET_INDEX(GPIOx)) << (4U * (position & 0x03U)));
 198              		.loc 1 263 0
 199 00ee 2E4A     		ldr	r2, .L24+8
 200 00f0 9042     		cmp	r0, r2
 201 00f2 19D0     		beq	.L18
 202              		.loc 1 263 0 is_stmt 0 discriminator 1
 203 00f4 02F58062 		add	r2, r2, #1024
 204 00f8 9042     		cmp	r0, r2
 205 00fa 13D0     		beq	.L19
 206              		.loc 1 263 0 discriminator 3
 207 00fc 02F58062 		add	r2, r2, #1024
 208 0100 9042     		cmp	r0, r2
 209 0102 0DD0     		beq	.L20
 210              		.loc 1 263 0 discriminator 5
 211 0104 02F58062 		add	r2, r2, #1024
 212 0108 9042     		cmp	r0, r2
 213 010a 07D0     		beq	.L21
 214              		.loc 1 263 0 discriminator 7
 215 010c 02F58062 		add	r2, r2, #1024
 216 0110 9042     		cmp	r0, r2
 217 0112 01D1     		bne	.L22
 218              		.loc 1 263 0
 219 0114 0422     		movs	r2, #4
 220 0116 08E0     		b	.L8
 221              	.L22:
 222 0118 0722     		movs	r2, #7
 223 011a 06E0     		b	.L8
 224              	.L21:
 225 011c 0322     		movs	r2, #3
 226 011e 04E0     		b	.L8
 227              	.L20:
 228 0120 0222     		movs	r2, #2
 229 0122 02E0     		b	.L8
 230              	.L19:
 231 0124 0122     		movs	r2, #1
 232              	.LVL27:
 233 0126 00E0     		b	.L8
 234              	.LVL28:
 235              	.L18:
 236 0128 0022     		movs	r2, #0
 237              	.L8:
 238              		.loc 1 263 0 discriminator 20
 239 012a 02FA0EF2 		lsl	r2, r2, lr
 240 012e 2A43     		orrs	r2, r2, r5
 241              	.LVL29:
 264:Drivers/STM32F4xx_HAL_Driver/Src/stm32f4xx_hal_gpio.c ****         SYSCFG->EXTICR[position >> 2U] = temp;
 242              		.loc 1 264 0 is_stmt 1 discriminator 20
 243 0130 0237     		adds	r7, r7, #2
 244 0132 1C4D     		ldr	r5, .L24+4
 245 0134 45F82720 		str	r2, [r5, r7, lsl #2]
 265:Drivers/STM32F4xx_HAL_Driver/Src/stm32f4xx_hal_gpio.c **** 
 266:Drivers/STM32F4xx_HAL_Driver/Src/stm32f4xx_hal_gpio.c ****         /* Clear EXTI line configuration */
 267:Drivers/STM32F4xx_HAL_Driver/Src/stm32f4xx_hal_gpio.c ****         temp = EXTI->IMR;
 246              		.loc 1 267 0 discriminator 20
 247 0138 1C4A     		ldr	r2, .L24+12
ARM GAS  /var/folders/1t/b_pdlv_14gngm6ztkcy5zjlw0000gn/T//cchsNMzc.s 			page 10


 248              	.LVL30:
 249 013a 1568     		ldr	r5, [r2]
 250              	.LVL31:
 268:Drivers/STM32F4xx_HAL_Driver/Src/stm32f4xx_hal_gpio.c ****         temp &= ~((uint32_t)iocurrent);
 251              		.loc 1 268 0 discriminator 20
 252 013c E243     		mvns	r2, r4
 253 013e 02EA0506 		and	r6, r2, r5
 254              	.LVL32:
 269:Drivers/STM32F4xx_HAL_Driver/Src/stm32f4xx_hal_gpio.c ****         if((GPIO_Init->Mode & GPIO_MODE_IT) == GPIO_MODE_IT)
 255              		.loc 1 269 0 discriminator 20
 256 0142 4F68     		ldr	r7, [r1, #4]
 257 0144 17F4803F 		tst	r7, #65536
 258 0148 01D0     		beq	.L13
 270:Drivers/STM32F4xx_HAL_Driver/Src/stm32f4xx_hal_gpio.c ****         {
 271:Drivers/STM32F4xx_HAL_Driver/Src/stm32f4xx_hal_gpio.c ****           temp |= iocurrent;
 259              		.loc 1 271 0
 260 014a 44EA0506 		orr	r6, r4, r5
 261              	.LVL33:
 262              	.L13:
 272:Drivers/STM32F4xx_HAL_Driver/Src/stm32f4xx_hal_gpio.c ****         }
 273:Drivers/STM32F4xx_HAL_Driver/Src/stm32f4xx_hal_gpio.c ****         EXTI->IMR = temp;
 263              		.loc 1 273 0
 264 014e 174D     		ldr	r5, .L24+12
 265 0150 2E60     		str	r6, [r5]
 274:Drivers/STM32F4xx_HAL_Driver/Src/stm32f4xx_hal_gpio.c **** 
 275:Drivers/STM32F4xx_HAL_Driver/Src/stm32f4xx_hal_gpio.c ****         temp = EXTI->EMR;
 266              		.loc 1 275 0
 267 0152 6D68     		ldr	r5, [r5, #4]
 268              	.LVL34:
 276:Drivers/STM32F4xx_HAL_Driver/Src/stm32f4xx_hal_gpio.c ****         temp &= ~((uint32_t)iocurrent);
 269              		.loc 1 276 0
 270 0154 02EA0506 		and	r6, r2, r5
 271              	.LVL35:
 277:Drivers/STM32F4xx_HAL_Driver/Src/stm32f4xx_hal_gpio.c ****         if((GPIO_Init->Mode & GPIO_MODE_EVT) == GPIO_MODE_EVT)
 272              		.loc 1 277 0
 273 0158 4F68     		ldr	r7, [r1, #4]
 274 015a 17F4003F 		tst	r7, #131072
 275 015e 01D0     		beq	.L14
 278:Drivers/STM32F4xx_HAL_Driver/Src/stm32f4xx_hal_gpio.c ****         {
 279:Drivers/STM32F4xx_HAL_Driver/Src/stm32f4xx_hal_gpio.c ****           temp |= iocurrent;
 276              		.loc 1 279 0
 277 0160 44EA0506 		orr	r6, r4, r5
 278              	.LVL36:
 279              	.L14:
 280:Drivers/STM32F4xx_HAL_Driver/Src/stm32f4xx_hal_gpio.c ****         }
 281:Drivers/STM32F4xx_HAL_Driver/Src/stm32f4xx_hal_gpio.c ****         EXTI->EMR = temp;
 280              		.loc 1 281 0
 281 0164 114D     		ldr	r5, .L24+12
 282 0166 6E60     		str	r6, [r5, #4]
 282:Drivers/STM32F4xx_HAL_Driver/Src/stm32f4xx_hal_gpio.c **** 
 283:Drivers/STM32F4xx_HAL_Driver/Src/stm32f4xx_hal_gpio.c ****         /* Clear Rising Falling edge configuration */
 284:Drivers/STM32F4xx_HAL_Driver/Src/stm32f4xx_hal_gpio.c ****         temp = EXTI->RTSR;
 283              		.loc 1 284 0
 284 0168 AD68     		ldr	r5, [r5, #8]
 285              	.LVL37:
 285:Drivers/STM32F4xx_HAL_Driver/Src/stm32f4xx_hal_gpio.c ****         temp &= ~((uint32_t)iocurrent);
 286              		.loc 1 285 0
ARM GAS  /var/folders/1t/b_pdlv_14gngm6ztkcy5zjlw0000gn/T//cchsNMzc.s 			page 11


 287 016a 02EA0506 		and	r6, r2, r5
 288              	.LVL38:
 286:Drivers/STM32F4xx_HAL_Driver/Src/stm32f4xx_hal_gpio.c ****         if((GPIO_Init->Mode & RISING_EDGE) == RISING_EDGE)
 289              		.loc 1 286 0
 290 016e 4F68     		ldr	r7, [r1, #4]
 291 0170 17F4801F 		tst	r7, #1048576
 292 0174 01D0     		beq	.L15
 287:Drivers/STM32F4xx_HAL_Driver/Src/stm32f4xx_hal_gpio.c ****         {
 288:Drivers/STM32F4xx_HAL_Driver/Src/stm32f4xx_hal_gpio.c ****           temp |= iocurrent;
 293              		.loc 1 288 0
 294 0176 44EA0506 		orr	r6, r4, r5
 295              	.LVL39:
 296              	.L15:
 289:Drivers/STM32F4xx_HAL_Driver/Src/stm32f4xx_hal_gpio.c ****         }
 290:Drivers/STM32F4xx_HAL_Driver/Src/stm32f4xx_hal_gpio.c ****         EXTI->RTSR = temp;
 297              		.loc 1 290 0
 298 017a 0C4D     		ldr	r5, .L24+12
 299 017c AE60     		str	r6, [r5, #8]
 291:Drivers/STM32F4xx_HAL_Driver/Src/stm32f4xx_hal_gpio.c **** 
 292:Drivers/STM32F4xx_HAL_Driver/Src/stm32f4xx_hal_gpio.c ****         temp = EXTI->FTSR;
 300              		.loc 1 292 0
 301 017e ED68     		ldr	r5, [r5, #12]
 302              	.LVL40:
 293:Drivers/STM32F4xx_HAL_Driver/Src/stm32f4xx_hal_gpio.c ****         temp &= ~((uint32_t)iocurrent);
 303              		.loc 1 293 0
 304 0180 2A40     		ands	r2, r2, r5
 305              	.LVL41:
 294:Drivers/STM32F4xx_HAL_Driver/Src/stm32f4xx_hal_gpio.c ****         if((GPIO_Init->Mode & FALLING_EDGE) == FALLING_EDGE)
 306              		.loc 1 294 0
 307 0182 4E68     		ldr	r6, [r1, #4]
 308 0184 16F4001F 		tst	r6, #2097152
 309 0188 01D0     		beq	.L16
 295:Drivers/STM32F4xx_HAL_Driver/Src/stm32f4xx_hal_gpio.c ****         {
 296:Drivers/STM32F4xx_HAL_Driver/Src/stm32f4xx_hal_gpio.c ****           temp |= iocurrent;
 310              		.loc 1 296 0
 311 018a 44EA0502 		orr	r2, r4, r5
 312              	.LVL42:
 313              	.L16:
 297:Drivers/STM32F4xx_HAL_Driver/Src/stm32f4xx_hal_gpio.c ****         }
 298:Drivers/STM32F4xx_HAL_Driver/Src/stm32f4xx_hal_gpio.c ****         EXTI->FTSR = temp;
 314              		.loc 1 298 0
 315 018e 074C     		ldr	r4, .L24+12
 316              	.LVL43:
 317 0190 E260     		str	r2, [r4, #12]
 318              	.LVL44:
 319              	.L3:
 201:Drivers/STM32F4xx_HAL_Driver/Src/stm32f4xx_hal_gpio.c ****   {
 320              		.loc 1 201 0 discriminator 2
 321 0192 0133     		adds	r3, r3, #1
 322              	.LVL45:
 323              	.L2:
 201:Drivers/STM32F4xx_HAL_Driver/Src/stm32f4xx_hal_gpio.c ****   {
 324              		.loc 1 201 0 is_stmt 0 discriminator 1
 325 0194 0F2B     		cmp	r3, #15
 326 0196 7FF638AF 		bls	.L17
 299:Drivers/STM32F4xx_HAL_Driver/Src/stm32f4xx_hal_gpio.c ****       }
 300:Drivers/STM32F4xx_HAL_Driver/Src/stm32f4xx_hal_gpio.c ****     }
ARM GAS  /var/folders/1t/b_pdlv_14gngm6ztkcy5zjlw0000gn/T//cchsNMzc.s 			page 12


 301:Drivers/STM32F4xx_HAL_Driver/Src/stm32f4xx_hal_gpio.c ****   }
 302:Drivers/STM32F4xx_HAL_Driver/Src/stm32f4xx_hal_gpio.c **** }
 327              		.loc 1 302 0 is_stmt 1
 328 019a 02B0     		add	sp, sp, #8
 329              	.LCFI2:
 330              		.cfi_def_cfa_offset 24
 331              		@ sp needed
 332 019c BDE8F081 		pop	{r4, r5, r6, r7, r8, pc}
 333              	.L25:
 334              		.align	2
 335              	.L24:
 336 01a0 00380240 		.word	1073887232
 337 01a4 00380140 		.word	1073821696
 338 01a8 00000240 		.word	1073872896
 339 01ac 003C0140 		.word	1073822720
 340              		.cfi_endproc
 341              	.LFE123:
 343              		.section	.text.HAL_GPIO_DeInit,"ax",%progbits
 344              		.align	2
 345              		.global	HAL_GPIO_DeInit
 346              		.thumb
 347              		.thumb_func
 349              	HAL_GPIO_DeInit:
 350              	.LFB124:
 303:Drivers/STM32F4xx_HAL_Driver/Src/stm32f4xx_hal_gpio.c **** 
 304:Drivers/STM32F4xx_HAL_Driver/Src/stm32f4xx_hal_gpio.c **** /**
 305:Drivers/STM32F4xx_HAL_Driver/Src/stm32f4xx_hal_gpio.c ****   * @brief  De-initializes the GPIOx peripheral registers to their default reset values.
 306:Drivers/STM32F4xx_HAL_Driver/Src/stm32f4xx_hal_gpio.c ****   * @param  GPIOx where x can be (A..K) to select the GPIO peripheral for STM32F429X device or
 307:Drivers/STM32F4xx_HAL_Driver/Src/stm32f4xx_hal_gpio.c ****   *                      x can be (A..I) to select the GPIO peripheral for STM32F40XX and STM32F427
 308:Drivers/STM32F4xx_HAL_Driver/Src/stm32f4xx_hal_gpio.c ****   * @param  GPIO_Pin specifies the port bit to be written.
 309:Drivers/STM32F4xx_HAL_Driver/Src/stm32f4xx_hal_gpio.c ****   *          This parameter can be one of GPIO_PIN_x where x can be (0..15).
 310:Drivers/STM32F4xx_HAL_Driver/Src/stm32f4xx_hal_gpio.c ****   * @retval None
 311:Drivers/STM32F4xx_HAL_Driver/Src/stm32f4xx_hal_gpio.c ****   */
 312:Drivers/STM32F4xx_HAL_Driver/Src/stm32f4xx_hal_gpio.c **** void HAL_GPIO_DeInit(GPIO_TypeDef  *GPIOx, uint32_t GPIO_Pin)
 313:Drivers/STM32F4xx_HAL_Driver/Src/stm32f4xx_hal_gpio.c **** {
 351              		.loc 1 313 0
 352              		.cfi_startproc
 353              		@ args = 0, pretend = 0, frame = 0
 354              		@ frame_needed = 0, uses_anonymous_args = 0
 355              	.LVL46:
 356 0000 F0B5     		push	{r4, r5, r6, r7, lr}
 357              	.LCFI3:
 358              		.cfi_def_cfa_offset 20
 359              		.cfi_offset 4, -20
 360              		.cfi_offset 5, -16
 361              		.cfi_offset 6, -12
 362              		.cfi_offset 7, -8
 363              		.cfi_offset 14, -4
 364              	.LVL47:
 314:Drivers/STM32F4xx_HAL_Driver/Src/stm32f4xx_hal_gpio.c ****   uint32_t position;
 315:Drivers/STM32F4xx_HAL_Driver/Src/stm32f4xx_hal_gpio.c ****   uint32_t ioposition = 0x00U;
 316:Drivers/STM32F4xx_HAL_Driver/Src/stm32f4xx_hal_gpio.c ****   uint32_t iocurrent = 0x00U;
 317:Drivers/STM32F4xx_HAL_Driver/Src/stm32f4xx_hal_gpio.c ****   uint32_t tmp = 0x00U;
 318:Drivers/STM32F4xx_HAL_Driver/Src/stm32f4xx_hal_gpio.c **** 
 319:Drivers/STM32F4xx_HAL_Driver/Src/stm32f4xx_hal_gpio.c ****   /* Check the parameters */
 320:Drivers/STM32F4xx_HAL_Driver/Src/stm32f4xx_hal_gpio.c ****   assert_param(IS_GPIO_ALL_INSTANCE(GPIOx));
 321:Drivers/STM32F4xx_HAL_Driver/Src/stm32f4xx_hal_gpio.c ****   
ARM GAS  /var/folders/1t/b_pdlv_14gngm6ztkcy5zjlw0000gn/T//cchsNMzc.s 			page 13


 322:Drivers/STM32F4xx_HAL_Driver/Src/stm32f4xx_hal_gpio.c ****   /* Configure the port pins */
 323:Drivers/STM32F4xx_HAL_Driver/Src/stm32f4xx_hal_gpio.c ****   for(position = 0U; position < GPIO_NUMBER; position++)
 365              		.loc 1 323 0
 366 0002 0023     		movs	r3, #0
 367 0004 6CE0     		b	.L27
 368              	.LVL48:
 369              	.L34:
 324:Drivers/STM32F4xx_HAL_Driver/Src/stm32f4xx_hal_gpio.c ****   {
 325:Drivers/STM32F4xx_HAL_Driver/Src/stm32f4xx_hal_gpio.c ****     /* Get the IO position */
 326:Drivers/STM32F4xx_HAL_Driver/Src/stm32f4xx_hal_gpio.c ****     ioposition = 0x01U << position;
 370              		.loc 1 326 0
 371 0006 0122     		movs	r2, #1
 372 0008 9A40     		lsls	r2, r2, r3
 373              	.LVL49:
 327:Drivers/STM32F4xx_HAL_Driver/Src/stm32f4xx_hal_gpio.c ****     /* Get the current IO position */
 328:Drivers/STM32F4xx_HAL_Driver/Src/stm32f4xx_hal_gpio.c ****     iocurrent = (GPIO_Pin) & ioposition;
 374              		.loc 1 328 0
 375 000a 01EA0204 		and	r4, r1, r2
 376              	.LVL50:
 329:Drivers/STM32F4xx_HAL_Driver/Src/stm32f4xx_hal_gpio.c **** 
 330:Drivers/STM32F4xx_HAL_Driver/Src/stm32f4xx_hal_gpio.c ****     if(iocurrent == ioposition)
 377              		.loc 1 330 0
 378 000e 9442     		cmp	r4, r2
 379 0010 65D1     		bne	.L28
 331:Drivers/STM32F4xx_HAL_Driver/Src/stm32f4xx_hal_gpio.c ****     {
 332:Drivers/STM32F4xx_HAL_Driver/Src/stm32f4xx_hal_gpio.c ****       /*------------------------- GPIO Mode Configuration --------------------*/
 333:Drivers/STM32F4xx_HAL_Driver/Src/stm32f4xx_hal_gpio.c ****       /* Configure IO Direction in Input Floating Mode */
 334:Drivers/STM32F4xx_HAL_Driver/Src/stm32f4xx_hal_gpio.c ****       GPIOx->MODER &= ~(GPIO_MODER_MODER0 << (position * 2U));
 380              		.loc 1 334 0
 381 0012 0668     		ldr	r6, [r0]
 382 0014 5F00     		lsls	r7, r3, #1
 383 0016 0325     		movs	r5, #3
 384 0018 BD40     		lsls	r5, r5, r7
 385 001a ED43     		mvns	r5, r5
 386 001c 2E40     		ands	r6, r6, r5
 387 001e 0660     		str	r6, [r0]
 335:Drivers/STM32F4xx_HAL_Driver/Src/stm32f4xx_hal_gpio.c **** 
 336:Drivers/STM32F4xx_HAL_Driver/Src/stm32f4xx_hal_gpio.c ****       /* Configure the default Alternate Function in current IO */
 337:Drivers/STM32F4xx_HAL_Driver/Src/stm32f4xx_hal_gpio.c ****       GPIOx->AFR[position >> 3U] &= ~(0xFU << ((uint32_t)(position & 0x07U) * 4U)) ;
 388              		.loc 1 337 0
 389 0020 DF08     		lsrs	r7, r3, #3
 390 0022 0837     		adds	r7, r7, #8
 391 0024 50F827E0 		ldr	lr, [r0, r7, lsl #2]
 392 0028 03F0070C 		and	ip, r3, #7
 393 002c 4FEA8C0C 		lsl	ip, ip, #2
 394 0030 0F26     		movs	r6, #15
 395 0032 06FA0CFC 		lsl	ip, r6, ip
 396 0036 2EEA0C0E 		bic	lr, lr, ip
 397 003a 40F827E0 		str	lr, [r0, r7, lsl #2]
 338:Drivers/STM32F4xx_HAL_Driver/Src/stm32f4xx_hal_gpio.c **** 
 339:Drivers/STM32F4xx_HAL_Driver/Src/stm32f4xx_hal_gpio.c ****       /* Configure the default value for IO Speed */
 340:Drivers/STM32F4xx_HAL_Driver/Src/stm32f4xx_hal_gpio.c ****       GPIOx->OSPEEDR &= ~(GPIO_OSPEEDER_OSPEEDR0 << (position * 2U));
 398              		.loc 1 340 0
 399 003e 8768     		ldr	r7, [r0, #8]
 400 0040 2F40     		ands	r7, r7, r5
 401 0042 8760     		str	r7, [r0, #8]
 341:Drivers/STM32F4xx_HAL_Driver/Src/stm32f4xx_hal_gpio.c **** 
ARM GAS  /var/folders/1t/b_pdlv_14gngm6ztkcy5zjlw0000gn/T//cchsNMzc.s 			page 14


 342:Drivers/STM32F4xx_HAL_Driver/Src/stm32f4xx_hal_gpio.c ****       /* Configure the default value IO Output Type */
 343:Drivers/STM32F4xx_HAL_Driver/Src/stm32f4xx_hal_gpio.c ****       GPIOx->OTYPER  &= ~(GPIO_OTYPER_OT_0 << position) ;
 402              		.loc 1 343 0
 403 0044 4768     		ldr	r7, [r0, #4]
 404 0046 27EA0202 		bic	r2, r7, r2
 405              	.LVL51:
 406 004a 4260     		str	r2, [r0, #4]
 344:Drivers/STM32F4xx_HAL_Driver/Src/stm32f4xx_hal_gpio.c **** 
 345:Drivers/STM32F4xx_HAL_Driver/Src/stm32f4xx_hal_gpio.c ****       /* Deactivate the Pull-up and Pull-down resistor for the current IO */
 346:Drivers/STM32F4xx_HAL_Driver/Src/stm32f4xx_hal_gpio.c ****       GPIOx->PUPDR &= ~(GPIO_PUPDR_PUPDR0 << (position * 2U));
 407              		.loc 1 346 0
 408 004c C268     		ldr	r2, [r0, #12]
 409 004e 1540     		ands	r5, r5, r2
 410 0050 C560     		str	r5, [r0, #12]
 347:Drivers/STM32F4xx_HAL_Driver/Src/stm32f4xx_hal_gpio.c **** 
 348:Drivers/STM32F4xx_HAL_Driver/Src/stm32f4xx_hal_gpio.c ****       /*------------------------- EXTI Mode Configuration --------------------*/
 349:Drivers/STM32F4xx_HAL_Driver/Src/stm32f4xx_hal_gpio.c ****       tmp = SYSCFG->EXTICR[position >> 2U];
 411              		.loc 1 349 0
 412 0052 4FEA930E 		lsr	lr, r3, #2
 413 0056 0EF10205 		add	r5, lr, #2
 414 005a 234A     		ldr	r2, .L41
 415 005c 52F82550 		ldr	r5, [r2, r5, lsl #2]
 416              	.LVL52:
 350:Drivers/STM32F4xx_HAL_Driver/Src/stm32f4xx_hal_gpio.c ****       tmp &= (0x0FU << (4U * (position & 0x03U)));
 417              		.loc 1 350 0
 418 0060 03F00302 		and	r2, r3, #3
 419 0064 9200     		lsls	r2, r2, #2
 420 0066 9640     		lsls	r6, r6, r2
 421 0068 3540     		ands	r5, r5, r6
 422              	.LVL53:
 351:Drivers/STM32F4xx_HAL_Driver/Src/stm32f4xx_hal_gpio.c ****       if(tmp == ((uint32_t)(GPIO_GET_INDEX(GPIOx)) << (4U * (position & 0x03U))))
 423              		.loc 1 351 0
 424 006a 204F     		ldr	r7, .L41+4
 425 006c B842     		cmp	r0, r7
 426 006e 19D0     		beq	.L35
 427              		.loc 1 351 0 is_stmt 0 discriminator 1
 428 0070 07F58067 		add	r7, r7, #1024
 429 0074 B842     		cmp	r0, r7
 430 0076 13D0     		beq	.L36
 431              		.loc 1 351 0 discriminator 3
 432 0078 07F58067 		add	r7, r7, #1024
 433 007c B842     		cmp	r0, r7
 434 007e 0DD0     		beq	.L37
 435              		.loc 1 351 0 discriminator 5
 436 0080 07F58067 		add	r7, r7, #1024
 437 0084 B842     		cmp	r0, r7
 438 0086 07D0     		beq	.L38
 439              		.loc 1 351 0 discriminator 7
 440 0088 07F58067 		add	r7, r7, #1024
 441 008c B842     		cmp	r0, r7
 442 008e 01D1     		bne	.L39
 443              		.loc 1 351 0
 444 0090 0427     		movs	r7, #4
 445 0092 08E0     		b	.L29
 446              	.L39:
 447 0094 0727     		movs	r7, #7
 448 0096 06E0     		b	.L29
ARM GAS  /var/folders/1t/b_pdlv_14gngm6ztkcy5zjlw0000gn/T//cchsNMzc.s 			page 15


 449              	.L38:
 450 0098 0327     		movs	r7, #3
 451 009a 04E0     		b	.L29
 452              	.L37:
 453 009c 0227     		movs	r7, #2
 454 009e 02E0     		b	.L29
 455              	.L36:
 456 00a0 0127     		movs	r7, #1
 457              	.LVL54:
 458 00a2 00E0     		b	.L29
 459              	.LVL55:
 460              	.L35:
 461 00a4 0027     		movs	r7, #0
 462              	.L29:
 463              		.loc 1 351 0 discriminator 20
 464 00a6 07FA02F2 		lsl	r2, r7, r2
 465 00aa AA42     		cmp	r2, r5
 466 00ac 17D1     		bne	.L28
 467              	.LVL56:
 352:Drivers/STM32F4xx_HAL_Driver/Src/stm32f4xx_hal_gpio.c ****       {
 353:Drivers/STM32F4xx_HAL_Driver/Src/stm32f4xx_hal_gpio.c ****         /* Configure the External Interrupt or event for the current IO */
 354:Drivers/STM32F4xx_HAL_Driver/Src/stm32f4xx_hal_gpio.c ****         tmp = 0x0FU << (4U * (position & 0x03U));
 355:Drivers/STM32F4xx_HAL_Driver/Src/stm32f4xx_hal_gpio.c ****         SYSCFG->EXTICR[position >> 2U] &= ~tmp;
 468              		.loc 1 355 0 is_stmt 1
 469 00ae 0E4F     		ldr	r7, .L41
 470 00b0 0EF10202 		add	r2, lr, #2
 471 00b4 57F82250 		ldr	r5, [r7, r2, lsl #2]
 472 00b8 25EA0606 		bic	r6, r5, r6
 473              	.LVL57:
 474 00bc 47F82260 		str	r6, [r7, r2, lsl #2]
 356:Drivers/STM32F4xx_HAL_Driver/Src/stm32f4xx_hal_gpio.c **** 
 357:Drivers/STM32F4xx_HAL_Driver/Src/stm32f4xx_hal_gpio.c ****         /* Clear EXTI line configuration */
 358:Drivers/STM32F4xx_HAL_Driver/Src/stm32f4xx_hal_gpio.c ****         EXTI->IMR &= ~((uint32_t)iocurrent);
 475              		.loc 1 358 0
 476 00c0 0B4D     		ldr	r5, .L41+8
 477 00c2 2E68     		ldr	r6, [r5]
 478 00c4 E243     		mvns	r2, r4
 479 00c6 06EA0204 		and	r4, r6, r2
 480              	.LVL58:
 481 00ca 2C60     		str	r4, [r5]
 359:Drivers/STM32F4xx_HAL_Driver/Src/stm32f4xx_hal_gpio.c ****         EXTI->EMR &= ~((uint32_t)iocurrent);
 482              		.loc 1 359 0
 483 00cc 6C68     		ldr	r4, [r5, #4]
 484 00ce 1440     		ands	r4, r4, r2
 485 00d0 6C60     		str	r4, [r5, #4]
 360:Drivers/STM32F4xx_HAL_Driver/Src/stm32f4xx_hal_gpio.c ****         
 361:Drivers/STM32F4xx_HAL_Driver/Src/stm32f4xx_hal_gpio.c ****         /* Clear Rising Falling edge configuration */
 362:Drivers/STM32F4xx_HAL_Driver/Src/stm32f4xx_hal_gpio.c ****         EXTI->RTSR &= ~((uint32_t)iocurrent);
 486              		.loc 1 362 0
 487 00d2 AC68     		ldr	r4, [r5, #8]
 488 00d4 1440     		ands	r4, r4, r2
 489 00d6 AC60     		str	r4, [r5, #8]
 363:Drivers/STM32F4xx_HAL_Driver/Src/stm32f4xx_hal_gpio.c ****         EXTI->FTSR &= ~((uint32_t)iocurrent);
 490              		.loc 1 363 0
 491 00d8 EC68     		ldr	r4, [r5, #12]
 492 00da 2240     		ands	r2, r2, r4
 493              	.LVL59:
ARM GAS  /var/folders/1t/b_pdlv_14gngm6ztkcy5zjlw0000gn/T//cchsNMzc.s 			page 16


 494 00dc EA60     		str	r2, [r5, #12]
 495              	.LVL60:
 496              	.L28:
 323:Drivers/STM32F4xx_HAL_Driver/Src/stm32f4xx_hal_gpio.c ****   {
 497              		.loc 1 323 0 discriminator 2
 498 00de 0133     		adds	r3, r3, #1
 499              	.LVL61:
 500              	.L27:
 323:Drivers/STM32F4xx_HAL_Driver/Src/stm32f4xx_hal_gpio.c ****   {
 501              		.loc 1 323 0 is_stmt 0 discriminator 1
 502 00e0 0F2B     		cmp	r3, #15
 503 00e2 90D9     		bls	.L34
 364:Drivers/STM32F4xx_HAL_Driver/Src/stm32f4xx_hal_gpio.c ****       }
 365:Drivers/STM32F4xx_HAL_Driver/Src/stm32f4xx_hal_gpio.c ****     }
 366:Drivers/STM32F4xx_HAL_Driver/Src/stm32f4xx_hal_gpio.c ****   }
 367:Drivers/STM32F4xx_HAL_Driver/Src/stm32f4xx_hal_gpio.c **** }
 504              		.loc 1 367 0 is_stmt 1
 505 00e4 F0BD     		pop	{r4, r5, r6, r7, pc}
 506              	.L42:
 507 00e6 00BF     		.align	2
 508              	.L41:
 509 00e8 00380140 		.word	1073821696
 510 00ec 00000240 		.word	1073872896
 511 00f0 003C0140 		.word	1073822720
 512              		.cfi_endproc
 513              	.LFE124:
 515              		.section	.text.HAL_GPIO_ReadPin,"ax",%progbits
 516              		.align	2
 517              		.global	HAL_GPIO_ReadPin
 518              		.thumb
 519              		.thumb_func
 521              	HAL_GPIO_ReadPin:
 522              	.LFB125:
 368:Drivers/STM32F4xx_HAL_Driver/Src/stm32f4xx_hal_gpio.c **** 
 369:Drivers/STM32F4xx_HAL_Driver/Src/stm32f4xx_hal_gpio.c **** /**
 370:Drivers/STM32F4xx_HAL_Driver/Src/stm32f4xx_hal_gpio.c ****   * @}
 371:Drivers/STM32F4xx_HAL_Driver/Src/stm32f4xx_hal_gpio.c ****   */
 372:Drivers/STM32F4xx_HAL_Driver/Src/stm32f4xx_hal_gpio.c **** 
 373:Drivers/STM32F4xx_HAL_Driver/Src/stm32f4xx_hal_gpio.c **** /** @defgroup GPIO_Exported_Functions_Group2 IO operation functions 
 374:Drivers/STM32F4xx_HAL_Driver/Src/stm32f4xx_hal_gpio.c ****   *  @brief   GPIO Read and Write
 375:Drivers/STM32F4xx_HAL_Driver/Src/stm32f4xx_hal_gpio.c ****   *
 376:Drivers/STM32F4xx_HAL_Driver/Src/stm32f4xx_hal_gpio.c **** @verbatim
 377:Drivers/STM32F4xx_HAL_Driver/Src/stm32f4xx_hal_gpio.c ****  ===============================================================================
 378:Drivers/STM32F4xx_HAL_Driver/Src/stm32f4xx_hal_gpio.c ****                        ##### IO operation functions #####
 379:Drivers/STM32F4xx_HAL_Driver/Src/stm32f4xx_hal_gpio.c ****  ===============================================================================
 380:Drivers/STM32F4xx_HAL_Driver/Src/stm32f4xx_hal_gpio.c **** 
 381:Drivers/STM32F4xx_HAL_Driver/Src/stm32f4xx_hal_gpio.c **** @endverbatim
 382:Drivers/STM32F4xx_HAL_Driver/Src/stm32f4xx_hal_gpio.c ****   * @{
 383:Drivers/STM32F4xx_HAL_Driver/Src/stm32f4xx_hal_gpio.c ****   */
 384:Drivers/STM32F4xx_HAL_Driver/Src/stm32f4xx_hal_gpio.c **** 
 385:Drivers/STM32F4xx_HAL_Driver/Src/stm32f4xx_hal_gpio.c **** /**
 386:Drivers/STM32F4xx_HAL_Driver/Src/stm32f4xx_hal_gpio.c ****   * @brief  Reads the specified input port pin.
 387:Drivers/STM32F4xx_HAL_Driver/Src/stm32f4xx_hal_gpio.c ****   * @param  GPIOx where x can be (A..K) to select the GPIO peripheral for STM32F429X device or
 388:Drivers/STM32F4xx_HAL_Driver/Src/stm32f4xx_hal_gpio.c ****   *                      x can be (A..I) to select the GPIO peripheral for STM32F40XX and STM32F427
 389:Drivers/STM32F4xx_HAL_Driver/Src/stm32f4xx_hal_gpio.c ****   * @param  GPIO_Pin specifies the port bit to read.
 390:Drivers/STM32F4xx_HAL_Driver/Src/stm32f4xx_hal_gpio.c ****   *         This parameter can be GPIO_PIN_x where x can be (0..15).
 391:Drivers/STM32F4xx_HAL_Driver/Src/stm32f4xx_hal_gpio.c ****   * @retval The input port pin value.
ARM GAS  /var/folders/1t/b_pdlv_14gngm6ztkcy5zjlw0000gn/T//cchsNMzc.s 			page 17


 392:Drivers/STM32F4xx_HAL_Driver/Src/stm32f4xx_hal_gpio.c ****   */
 393:Drivers/STM32F4xx_HAL_Driver/Src/stm32f4xx_hal_gpio.c **** GPIO_PinState HAL_GPIO_ReadPin(GPIO_TypeDef* GPIOx, uint16_t GPIO_Pin)
 394:Drivers/STM32F4xx_HAL_Driver/Src/stm32f4xx_hal_gpio.c **** {
 523              		.loc 1 394 0
 524              		.cfi_startproc
 525              		@ args = 0, pretend = 0, frame = 0
 526              		@ frame_needed = 0, uses_anonymous_args = 0
 527              		@ link register save eliminated.
 528              	.LVL62:
 395:Drivers/STM32F4xx_HAL_Driver/Src/stm32f4xx_hal_gpio.c ****   GPIO_PinState bitstatus;
 396:Drivers/STM32F4xx_HAL_Driver/Src/stm32f4xx_hal_gpio.c **** 
 397:Drivers/STM32F4xx_HAL_Driver/Src/stm32f4xx_hal_gpio.c ****   /* Check the parameters */
 398:Drivers/STM32F4xx_HAL_Driver/Src/stm32f4xx_hal_gpio.c ****   assert_param(IS_GPIO_PIN(GPIO_Pin));
 399:Drivers/STM32F4xx_HAL_Driver/Src/stm32f4xx_hal_gpio.c **** 
 400:Drivers/STM32F4xx_HAL_Driver/Src/stm32f4xx_hal_gpio.c ****   if((GPIOx->IDR & GPIO_Pin) != (uint32_t)GPIO_PIN_RESET)
 529              		.loc 1 400 0
 530 0000 0369     		ldr	r3, [r0, #16]
 531 0002 0B42     		tst	r3, r1
 532 0004 01D0     		beq	.L45
 401:Drivers/STM32F4xx_HAL_Driver/Src/stm32f4xx_hal_gpio.c ****   {
 402:Drivers/STM32F4xx_HAL_Driver/Src/stm32f4xx_hal_gpio.c ****     bitstatus = GPIO_PIN_SET;
 533              		.loc 1 402 0
 534 0006 0120     		movs	r0, #1
 535              	.LVL63:
 536 0008 7047     		bx	lr
 537              	.LVL64:
 538              	.L45:
 403:Drivers/STM32F4xx_HAL_Driver/Src/stm32f4xx_hal_gpio.c ****   }
 404:Drivers/STM32F4xx_HAL_Driver/Src/stm32f4xx_hal_gpio.c ****   else
 405:Drivers/STM32F4xx_HAL_Driver/Src/stm32f4xx_hal_gpio.c ****   {
 406:Drivers/STM32F4xx_HAL_Driver/Src/stm32f4xx_hal_gpio.c ****     bitstatus = GPIO_PIN_RESET;
 539              		.loc 1 406 0
 540 000a 0020     		movs	r0, #0
 541              	.LVL65:
 407:Drivers/STM32F4xx_HAL_Driver/Src/stm32f4xx_hal_gpio.c ****   }
 408:Drivers/STM32F4xx_HAL_Driver/Src/stm32f4xx_hal_gpio.c ****   return bitstatus;
 409:Drivers/STM32F4xx_HAL_Driver/Src/stm32f4xx_hal_gpio.c **** }
 542              		.loc 1 409 0
 543 000c 7047     		bx	lr
 544              		.cfi_endproc
 545              	.LFE125:
 547 000e 00BF     		.section	.text.HAL_GPIO_WritePin,"ax",%progbits
 548              		.align	2
 549              		.global	HAL_GPIO_WritePin
 550              		.thumb
 551              		.thumb_func
 553              	HAL_GPIO_WritePin:
 554              	.LFB126:
 410:Drivers/STM32F4xx_HAL_Driver/Src/stm32f4xx_hal_gpio.c **** 
 411:Drivers/STM32F4xx_HAL_Driver/Src/stm32f4xx_hal_gpio.c **** /**
 412:Drivers/STM32F4xx_HAL_Driver/Src/stm32f4xx_hal_gpio.c ****   * @brief  Sets or clears the selected data port bit.
 413:Drivers/STM32F4xx_HAL_Driver/Src/stm32f4xx_hal_gpio.c ****   *
 414:Drivers/STM32F4xx_HAL_Driver/Src/stm32f4xx_hal_gpio.c ****   * @note   This function uses GPIOx_BSRR register to allow atomic read/modify
 415:Drivers/STM32F4xx_HAL_Driver/Src/stm32f4xx_hal_gpio.c ****   *         accesses. In this way, there is no risk of an IRQ occurring between
 416:Drivers/STM32F4xx_HAL_Driver/Src/stm32f4xx_hal_gpio.c ****   *         the read and the modify access.
 417:Drivers/STM32F4xx_HAL_Driver/Src/stm32f4xx_hal_gpio.c ****   *
 418:Drivers/STM32F4xx_HAL_Driver/Src/stm32f4xx_hal_gpio.c ****   * @param  GPIOx where x can be (A..K) to select the GPIO peripheral for STM32F429X device or
ARM GAS  /var/folders/1t/b_pdlv_14gngm6ztkcy5zjlw0000gn/T//cchsNMzc.s 			page 18


 419:Drivers/STM32F4xx_HAL_Driver/Src/stm32f4xx_hal_gpio.c ****   *                      x can be (A..I) to select the GPIO peripheral for STM32F40XX and STM32F427
 420:Drivers/STM32F4xx_HAL_Driver/Src/stm32f4xx_hal_gpio.c ****   * @param  GPIO_Pin specifies the port bit to be written.
 421:Drivers/STM32F4xx_HAL_Driver/Src/stm32f4xx_hal_gpio.c ****   *          This parameter can be one of GPIO_PIN_x where x can be (0..15).
 422:Drivers/STM32F4xx_HAL_Driver/Src/stm32f4xx_hal_gpio.c ****   * @param  PinState specifies the value to be written to the selected bit.
 423:Drivers/STM32F4xx_HAL_Driver/Src/stm32f4xx_hal_gpio.c ****   *          This parameter can be one of the GPIO_PinState enum values:
 424:Drivers/STM32F4xx_HAL_Driver/Src/stm32f4xx_hal_gpio.c ****   *            @arg GPIO_PIN_RESET: to clear the port pin
 425:Drivers/STM32F4xx_HAL_Driver/Src/stm32f4xx_hal_gpio.c ****   *            @arg GPIO_PIN_SET: to set the port pin
 426:Drivers/STM32F4xx_HAL_Driver/Src/stm32f4xx_hal_gpio.c ****   * @retval None
 427:Drivers/STM32F4xx_HAL_Driver/Src/stm32f4xx_hal_gpio.c ****   */
 428:Drivers/STM32F4xx_HAL_Driver/Src/stm32f4xx_hal_gpio.c **** void HAL_GPIO_WritePin(GPIO_TypeDef* GPIOx, uint16_t GPIO_Pin, GPIO_PinState PinState)
 429:Drivers/STM32F4xx_HAL_Driver/Src/stm32f4xx_hal_gpio.c **** {
 555              		.loc 1 429 0
 556              		.cfi_startproc
 557              		@ args = 0, pretend = 0, frame = 0
 558              		@ frame_needed = 0, uses_anonymous_args = 0
 559              		@ link register save eliminated.
 560              	.LVL66:
 430:Drivers/STM32F4xx_HAL_Driver/Src/stm32f4xx_hal_gpio.c ****   /* Check the parameters */
 431:Drivers/STM32F4xx_HAL_Driver/Src/stm32f4xx_hal_gpio.c ****   assert_param(IS_GPIO_PIN(GPIO_Pin));
 432:Drivers/STM32F4xx_HAL_Driver/Src/stm32f4xx_hal_gpio.c ****   assert_param(IS_GPIO_PIN_ACTION(PinState));
 433:Drivers/STM32F4xx_HAL_Driver/Src/stm32f4xx_hal_gpio.c **** 
 434:Drivers/STM32F4xx_HAL_Driver/Src/stm32f4xx_hal_gpio.c ****   if(PinState != GPIO_PIN_RESET)
 561              		.loc 1 434 0
 562 0000 0AB1     		cbz	r2, .L47
 435:Drivers/STM32F4xx_HAL_Driver/Src/stm32f4xx_hal_gpio.c ****   {
 436:Drivers/STM32F4xx_HAL_Driver/Src/stm32f4xx_hal_gpio.c ****     GPIOx->BSRR = GPIO_Pin;
 563              		.loc 1 436 0
 564 0002 8161     		str	r1, [r0, #24]
 565 0004 7047     		bx	lr
 566              	.L47:
 437:Drivers/STM32F4xx_HAL_Driver/Src/stm32f4xx_hal_gpio.c ****   }
 438:Drivers/STM32F4xx_HAL_Driver/Src/stm32f4xx_hal_gpio.c ****   else
 439:Drivers/STM32F4xx_HAL_Driver/Src/stm32f4xx_hal_gpio.c ****   {
 440:Drivers/STM32F4xx_HAL_Driver/Src/stm32f4xx_hal_gpio.c ****     GPIOx->BSRR = (uint32_t)GPIO_Pin << 16U;
 567              		.loc 1 440 0
 568 0006 0904     		lsls	r1, r1, #16
 569              	.LVL67:
 570 0008 8161     		str	r1, [r0, #24]
 571 000a 7047     		bx	lr
 572              		.cfi_endproc
 573              	.LFE126:
 575              		.section	.text.HAL_GPIO_TogglePin,"ax",%progbits
 576              		.align	2
 577              		.global	HAL_GPIO_TogglePin
 578              		.thumb
 579              		.thumb_func
 581              	HAL_GPIO_TogglePin:
 582              	.LFB127:
 441:Drivers/STM32F4xx_HAL_Driver/Src/stm32f4xx_hal_gpio.c ****   }
 442:Drivers/STM32F4xx_HAL_Driver/Src/stm32f4xx_hal_gpio.c **** }
 443:Drivers/STM32F4xx_HAL_Driver/Src/stm32f4xx_hal_gpio.c **** 
 444:Drivers/STM32F4xx_HAL_Driver/Src/stm32f4xx_hal_gpio.c **** /**
 445:Drivers/STM32F4xx_HAL_Driver/Src/stm32f4xx_hal_gpio.c ****   * @brief  Toggles the specified GPIO pins.
 446:Drivers/STM32F4xx_HAL_Driver/Src/stm32f4xx_hal_gpio.c ****   * @param  GPIOx Where x can be (A..K) to select the GPIO peripheral for STM32F429X device or
 447:Drivers/STM32F4xx_HAL_Driver/Src/stm32f4xx_hal_gpio.c ****   *                      x can be (A..I) to select the GPIO peripheral for STM32F40XX and STM32F427
 448:Drivers/STM32F4xx_HAL_Driver/Src/stm32f4xx_hal_gpio.c ****   * @param  GPIO_Pin Specifies the pins to be toggled.
 449:Drivers/STM32F4xx_HAL_Driver/Src/stm32f4xx_hal_gpio.c ****   * @retval None
ARM GAS  /var/folders/1t/b_pdlv_14gngm6ztkcy5zjlw0000gn/T//cchsNMzc.s 			page 19


 450:Drivers/STM32F4xx_HAL_Driver/Src/stm32f4xx_hal_gpio.c ****   */
 451:Drivers/STM32F4xx_HAL_Driver/Src/stm32f4xx_hal_gpio.c **** void HAL_GPIO_TogglePin(GPIO_TypeDef* GPIOx, uint16_t GPIO_Pin)
 452:Drivers/STM32F4xx_HAL_Driver/Src/stm32f4xx_hal_gpio.c **** {
 583              		.loc 1 452 0
 584              		.cfi_startproc
 585              		@ args = 0, pretend = 0, frame = 0
 586              		@ frame_needed = 0, uses_anonymous_args = 0
 587              		@ link register save eliminated.
 588              	.LVL68:
 453:Drivers/STM32F4xx_HAL_Driver/Src/stm32f4xx_hal_gpio.c ****   /* Check the parameters */
 454:Drivers/STM32F4xx_HAL_Driver/Src/stm32f4xx_hal_gpio.c ****   assert_param(IS_GPIO_PIN(GPIO_Pin));
 455:Drivers/STM32F4xx_HAL_Driver/Src/stm32f4xx_hal_gpio.c **** 
 456:Drivers/STM32F4xx_HAL_Driver/Src/stm32f4xx_hal_gpio.c ****   GPIOx->ODR ^= GPIO_Pin;
 589              		.loc 1 456 0
 590 0000 4369     		ldr	r3, [r0, #20]
 591 0002 5940     		eors	r1, r1, r3
 592              	.LVL69:
 593 0004 4161     		str	r1, [r0, #20]
 594 0006 7047     		bx	lr
 595              		.cfi_endproc
 596              	.LFE127:
 598              		.section	.text.HAL_GPIO_LockPin,"ax",%progbits
 599              		.align	2
 600              		.global	HAL_GPIO_LockPin
 601              		.thumb
 602              		.thumb_func
 604              	HAL_GPIO_LockPin:
 605              	.LFB128:
 457:Drivers/STM32F4xx_HAL_Driver/Src/stm32f4xx_hal_gpio.c **** }
 458:Drivers/STM32F4xx_HAL_Driver/Src/stm32f4xx_hal_gpio.c **** 
 459:Drivers/STM32F4xx_HAL_Driver/Src/stm32f4xx_hal_gpio.c **** /**
 460:Drivers/STM32F4xx_HAL_Driver/Src/stm32f4xx_hal_gpio.c ****   * @brief  Locks GPIO Pins configuration registers.
 461:Drivers/STM32F4xx_HAL_Driver/Src/stm32f4xx_hal_gpio.c ****   * @note   The locked registers are GPIOx_MODER, GPIOx_OTYPER, GPIOx_OSPEEDR,
 462:Drivers/STM32F4xx_HAL_Driver/Src/stm32f4xx_hal_gpio.c ****   *         GPIOx_PUPDR, GPIOx_AFRL and GPIOx_AFRH.
 463:Drivers/STM32F4xx_HAL_Driver/Src/stm32f4xx_hal_gpio.c ****   * @note   The configuration of the locked GPIO pins can no longer be modified
 464:Drivers/STM32F4xx_HAL_Driver/Src/stm32f4xx_hal_gpio.c ****   *         until the next reset.
 465:Drivers/STM32F4xx_HAL_Driver/Src/stm32f4xx_hal_gpio.c ****   * @param  GPIOx where x can be (A..F) to select the GPIO peripheral for STM32F4 family
 466:Drivers/STM32F4xx_HAL_Driver/Src/stm32f4xx_hal_gpio.c ****   * @param  GPIO_Pin specifies the port bit to be locked.
 467:Drivers/STM32F4xx_HAL_Driver/Src/stm32f4xx_hal_gpio.c ****   *         This parameter can be any combination of GPIO_PIN_x where x can be (0..15).
 468:Drivers/STM32F4xx_HAL_Driver/Src/stm32f4xx_hal_gpio.c ****   * @retval None
 469:Drivers/STM32F4xx_HAL_Driver/Src/stm32f4xx_hal_gpio.c ****   */
 470:Drivers/STM32F4xx_HAL_Driver/Src/stm32f4xx_hal_gpio.c **** HAL_StatusTypeDef HAL_GPIO_LockPin(GPIO_TypeDef* GPIOx, uint16_t GPIO_Pin)
 471:Drivers/STM32F4xx_HAL_Driver/Src/stm32f4xx_hal_gpio.c **** {
 606              		.loc 1 471 0
 607              		.cfi_startproc
 608              		@ args = 0, pretend = 0, frame = 8
 609              		@ frame_needed = 0, uses_anonymous_args = 0
 610              		@ link register save eliminated.
 611              	.LVL70:
 612 0000 82B0     		sub	sp, sp, #8
 613              	.LCFI4:
 614              		.cfi_def_cfa_offset 8
 472:Drivers/STM32F4xx_HAL_Driver/Src/stm32f4xx_hal_gpio.c ****   __IO uint32_t tmp = GPIO_LCKR_LCKK;
 615              		.loc 1 472 0
 616 0002 4FF48033 		mov	r3, #65536
 617 0006 0193     		str	r3, [sp, #4]
 473:Drivers/STM32F4xx_HAL_Driver/Src/stm32f4xx_hal_gpio.c **** 
ARM GAS  /var/folders/1t/b_pdlv_14gngm6ztkcy5zjlw0000gn/T//cchsNMzc.s 			page 20


 474:Drivers/STM32F4xx_HAL_Driver/Src/stm32f4xx_hal_gpio.c ****   /* Check the parameters */
 475:Drivers/STM32F4xx_HAL_Driver/Src/stm32f4xx_hal_gpio.c ****   assert_param(IS_GPIO_PIN(GPIO_Pin));
 476:Drivers/STM32F4xx_HAL_Driver/Src/stm32f4xx_hal_gpio.c **** 
 477:Drivers/STM32F4xx_HAL_Driver/Src/stm32f4xx_hal_gpio.c ****   /* Apply lock key write sequence */
 478:Drivers/STM32F4xx_HAL_Driver/Src/stm32f4xx_hal_gpio.c ****   tmp |= GPIO_Pin;
 618              		.loc 1 478 0
 619 0008 019B     		ldr	r3, [sp, #4]
 620 000a 0B43     		orrs	r3, r3, r1
 621 000c 0193     		str	r3, [sp, #4]
 479:Drivers/STM32F4xx_HAL_Driver/Src/stm32f4xx_hal_gpio.c ****   /* Set LCKx bit(s): LCKK='1' + LCK[15-0] */
 480:Drivers/STM32F4xx_HAL_Driver/Src/stm32f4xx_hal_gpio.c ****   GPIOx->LCKR = tmp;
 622              		.loc 1 480 0
 623 000e 019B     		ldr	r3, [sp, #4]
 624 0010 C361     		str	r3, [r0, #28]
 481:Drivers/STM32F4xx_HAL_Driver/Src/stm32f4xx_hal_gpio.c ****   /* Reset LCKx bit(s): LCKK='0' + LCK[15-0] */
 482:Drivers/STM32F4xx_HAL_Driver/Src/stm32f4xx_hal_gpio.c ****   GPIOx->LCKR = GPIO_Pin;
 625              		.loc 1 482 0
 626 0012 C161     		str	r1, [r0, #28]
 483:Drivers/STM32F4xx_HAL_Driver/Src/stm32f4xx_hal_gpio.c ****   /* Set LCKx bit(s): LCKK='1' + LCK[15-0] */
 484:Drivers/STM32F4xx_HAL_Driver/Src/stm32f4xx_hal_gpio.c ****   GPIOx->LCKR = tmp;
 627              		.loc 1 484 0
 628 0014 019B     		ldr	r3, [sp, #4]
 629 0016 C361     		str	r3, [r0, #28]
 485:Drivers/STM32F4xx_HAL_Driver/Src/stm32f4xx_hal_gpio.c ****   /* Read LCKK bit*/
 486:Drivers/STM32F4xx_HAL_Driver/Src/stm32f4xx_hal_gpio.c ****   tmp = GPIOx->LCKR;
 630              		.loc 1 486 0
 631 0018 C369     		ldr	r3, [r0, #28]
 632 001a 0193     		str	r3, [sp, #4]
 487:Drivers/STM32F4xx_HAL_Driver/Src/stm32f4xx_hal_gpio.c **** 
 488:Drivers/STM32F4xx_HAL_Driver/Src/stm32f4xx_hal_gpio.c ****  if((GPIOx->LCKR & GPIO_LCKR_LCKK) != RESET)
 633              		.loc 1 488 0
 634 001c C369     		ldr	r3, [r0, #28]
 635 001e 13F4803F 		tst	r3, #65536
 636 0022 01D0     		beq	.L52
 489:Drivers/STM32F4xx_HAL_Driver/Src/stm32f4xx_hal_gpio.c ****   {
 490:Drivers/STM32F4xx_HAL_Driver/Src/stm32f4xx_hal_gpio.c ****     return HAL_OK;
 637              		.loc 1 490 0
 638 0024 0020     		movs	r0, #0
 639              	.LVL71:
 640 0026 00E0     		b	.L51
 641              	.LVL72:
 642              	.L52:
 491:Drivers/STM32F4xx_HAL_Driver/Src/stm32f4xx_hal_gpio.c ****   }
 492:Drivers/STM32F4xx_HAL_Driver/Src/stm32f4xx_hal_gpio.c ****   else
 493:Drivers/STM32F4xx_HAL_Driver/Src/stm32f4xx_hal_gpio.c ****   {
 494:Drivers/STM32F4xx_HAL_Driver/Src/stm32f4xx_hal_gpio.c ****     return HAL_ERROR;
 643              		.loc 1 494 0
 644 0028 0120     		movs	r0, #1
 645              	.LVL73:
 646              	.L51:
 495:Drivers/STM32F4xx_HAL_Driver/Src/stm32f4xx_hal_gpio.c ****   }
 496:Drivers/STM32F4xx_HAL_Driver/Src/stm32f4xx_hal_gpio.c **** }
 647              		.loc 1 496 0
 648 002a 02B0     		add	sp, sp, #8
 649              	.LCFI5:
 650              		.cfi_def_cfa_offset 0
 651              		@ sp needed
ARM GAS  /var/folders/1t/b_pdlv_14gngm6ztkcy5zjlw0000gn/T//cchsNMzc.s 			page 21


 652 002c 7047     		bx	lr
 653              		.cfi_endproc
 654              	.LFE128:
 656 002e 00BF     		.section	.text.HAL_GPIO_EXTI_Callback,"ax",%progbits
 657              		.align	2
 658              		.weak	HAL_GPIO_EXTI_Callback
 659              		.thumb
 660              		.thumb_func
 662              	HAL_GPIO_EXTI_Callback:
 663              	.LFB130:
 497:Drivers/STM32F4xx_HAL_Driver/Src/stm32f4xx_hal_gpio.c **** 
 498:Drivers/STM32F4xx_HAL_Driver/Src/stm32f4xx_hal_gpio.c **** /**
 499:Drivers/STM32F4xx_HAL_Driver/Src/stm32f4xx_hal_gpio.c ****   * @brief  This function handles EXTI interrupt request.
 500:Drivers/STM32F4xx_HAL_Driver/Src/stm32f4xx_hal_gpio.c ****   * @param  GPIO_Pin Specifies the pins connected EXTI line
 501:Drivers/STM32F4xx_HAL_Driver/Src/stm32f4xx_hal_gpio.c ****   * @retval None
 502:Drivers/STM32F4xx_HAL_Driver/Src/stm32f4xx_hal_gpio.c ****   */
 503:Drivers/STM32F4xx_HAL_Driver/Src/stm32f4xx_hal_gpio.c **** void HAL_GPIO_EXTI_IRQHandler(uint16_t GPIO_Pin)
 504:Drivers/STM32F4xx_HAL_Driver/Src/stm32f4xx_hal_gpio.c **** {
 505:Drivers/STM32F4xx_HAL_Driver/Src/stm32f4xx_hal_gpio.c ****   /* EXTI line interrupt detected */
 506:Drivers/STM32F4xx_HAL_Driver/Src/stm32f4xx_hal_gpio.c ****   if(__HAL_GPIO_EXTI_GET_IT(GPIO_Pin) != RESET)
 507:Drivers/STM32F4xx_HAL_Driver/Src/stm32f4xx_hal_gpio.c ****   {
 508:Drivers/STM32F4xx_HAL_Driver/Src/stm32f4xx_hal_gpio.c ****     __HAL_GPIO_EXTI_CLEAR_IT(GPIO_Pin);
 509:Drivers/STM32F4xx_HAL_Driver/Src/stm32f4xx_hal_gpio.c ****     HAL_GPIO_EXTI_Callback(GPIO_Pin);
 510:Drivers/STM32F4xx_HAL_Driver/Src/stm32f4xx_hal_gpio.c ****   }
 511:Drivers/STM32F4xx_HAL_Driver/Src/stm32f4xx_hal_gpio.c **** }
 512:Drivers/STM32F4xx_HAL_Driver/Src/stm32f4xx_hal_gpio.c **** 
 513:Drivers/STM32F4xx_HAL_Driver/Src/stm32f4xx_hal_gpio.c **** /**
 514:Drivers/STM32F4xx_HAL_Driver/Src/stm32f4xx_hal_gpio.c ****   * @brief  EXTI line detection callbacks.
 515:Drivers/STM32F4xx_HAL_Driver/Src/stm32f4xx_hal_gpio.c ****   * @param  GPIO_Pin Specifies the pins connected EXTI line
 516:Drivers/STM32F4xx_HAL_Driver/Src/stm32f4xx_hal_gpio.c ****   * @retval None
 517:Drivers/STM32F4xx_HAL_Driver/Src/stm32f4xx_hal_gpio.c ****   */
 518:Drivers/STM32F4xx_HAL_Driver/Src/stm32f4xx_hal_gpio.c **** __weak void HAL_GPIO_EXTI_Callback(uint16_t GPIO_Pin)
 519:Drivers/STM32F4xx_HAL_Driver/Src/stm32f4xx_hal_gpio.c **** {
 664              		.loc 1 519 0
 665              		.cfi_startproc
 666              		@ args = 0, pretend = 0, frame = 0
 667              		@ frame_needed = 0, uses_anonymous_args = 0
 668              		@ link register save eliminated.
 669              	.LVL74:
 670 0000 7047     		bx	lr
 671              		.cfi_endproc
 672              	.LFE130:
 674 0002 00BF     		.section	.text.HAL_GPIO_EXTI_IRQHandler,"ax",%progbits
 675              		.align	2
 676              		.global	HAL_GPIO_EXTI_IRQHandler
 677              		.thumb
 678              		.thumb_func
 680              	HAL_GPIO_EXTI_IRQHandler:
 681              	.LFB129:
 504:Drivers/STM32F4xx_HAL_Driver/Src/stm32f4xx_hal_gpio.c ****   /* EXTI line interrupt detected */
 682              		.loc 1 504 0
 683              		.cfi_startproc
 684              		@ args = 0, pretend = 0, frame = 0
 685              		@ frame_needed = 0, uses_anonymous_args = 0
 686              	.LVL75:
 504:Drivers/STM32F4xx_HAL_Driver/Src/stm32f4xx_hal_gpio.c ****   /* EXTI line interrupt detected */
 687              		.loc 1 504 0
ARM GAS  /var/folders/1t/b_pdlv_14gngm6ztkcy5zjlw0000gn/T//cchsNMzc.s 			page 22


 688 0000 08B5     		push	{r3, lr}
 689              	.LCFI6:
 690              		.cfi_def_cfa_offset 8
 691              		.cfi_offset 3, -8
 692              		.cfi_offset 14, -4
 506:Drivers/STM32F4xx_HAL_Driver/Src/stm32f4xx_hal_gpio.c ****   {
 693              		.loc 1 506 0
 694 0002 044B     		ldr	r3, .L58
 695 0004 5B69     		ldr	r3, [r3, #20]
 696 0006 0342     		tst	r3, r0
 697 0008 03D0     		beq	.L55
 508:Drivers/STM32F4xx_HAL_Driver/Src/stm32f4xx_hal_gpio.c ****     HAL_GPIO_EXTI_Callback(GPIO_Pin);
 698              		.loc 1 508 0
 699 000a 024B     		ldr	r3, .L58
 700 000c 5861     		str	r0, [r3, #20]
 509:Drivers/STM32F4xx_HAL_Driver/Src/stm32f4xx_hal_gpio.c ****   }
 701              		.loc 1 509 0
 702 000e FFF7FEFF 		bl	HAL_GPIO_EXTI_Callback
 703              	.LVL76:
 704              	.L55:
 705 0012 08BD     		pop	{r3, pc}
 706              	.L59:
 707              		.align	2
 708              	.L58:
 709 0014 003C0140 		.word	1073822720
 710              		.cfi_endproc
 711              	.LFE129:
 713              		.text
 714              	.Letext0:
 715              		.file 2 "/usr/local/Cellar/arm-none-eabi-gcc/20150921/arm-none-eabi/include/machine/_default_types
 716              		.file 3 "/usr/local/Cellar/arm-none-eabi-gcc/20150921/arm-none-eabi/include/sys/_stdint.h"
 717              		.file 4 "Drivers/CMSIS/Device/ST/STM32F4xx/Include/stm32f401xe.h"
 718              		.file 5 "Drivers/CMSIS/Device/ST/STM32F4xx/Include/stm32f4xx.h"
 719              		.file 6 "Drivers/STM32F4xx_HAL_Driver/Inc/stm32f4xx_hal_def.h"
 720              		.file 7 "Drivers/STM32F4xx_HAL_Driver/Inc/stm32f4xx_hal_gpio.h"
 721              		.file 8 "Drivers/CMSIS/Include/core_cm4.h"
ARM GAS  /var/folders/1t/b_pdlv_14gngm6ztkcy5zjlw0000gn/T//cchsNMzc.s 			page 23


DEFINED SYMBOLS
                            *ABS*:0000000000000000 stm32f4xx_hal_gpio.c
/var/folders/1t/b_pdlv_14gngm6ztkcy5zjlw0000gn/T//cchsNMzc.s:21     .text.HAL_GPIO_Init:0000000000000000 $t
/var/folders/1t/b_pdlv_14gngm6ztkcy5zjlw0000gn/T//cchsNMzc.s:26     .text.HAL_GPIO_Init:0000000000000000 HAL_GPIO_Init
/var/folders/1t/b_pdlv_14gngm6ztkcy5zjlw0000gn/T//cchsNMzc.s:336    .text.HAL_GPIO_Init:00000000000001a0 $d
/var/folders/1t/b_pdlv_14gngm6ztkcy5zjlw0000gn/T//cchsNMzc.s:344    .text.HAL_GPIO_DeInit:0000000000000000 $t
/var/folders/1t/b_pdlv_14gngm6ztkcy5zjlw0000gn/T//cchsNMzc.s:349    .text.HAL_GPIO_DeInit:0000000000000000 HAL_GPIO_DeInit
/var/folders/1t/b_pdlv_14gngm6ztkcy5zjlw0000gn/T//cchsNMzc.s:509    .text.HAL_GPIO_DeInit:00000000000000e8 $d
/var/folders/1t/b_pdlv_14gngm6ztkcy5zjlw0000gn/T//cchsNMzc.s:516    .text.HAL_GPIO_ReadPin:0000000000000000 $t
/var/folders/1t/b_pdlv_14gngm6ztkcy5zjlw0000gn/T//cchsNMzc.s:521    .text.HAL_GPIO_ReadPin:0000000000000000 HAL_GPIO_ReadPin
/var/folders/1t/b_pdlv_14gngm6ztkcy5zjlw0000gn/T//cchsNMzc.s:548    .text.HAL_GPIO_WritePin:0000000000000000 $t
/var/folders/1t/b_pdlv_14gngm6ztkcy5zjlw0000gn/T//cchsNMzc.s:553    .text.HAL_GPIO_WritePin:0000000000000000 HAL_GPIO_WritePin
/var/folders/1t/b_pdlv_14gngm6ztkcy5zjlw0000gn/T//cchsNMzc.s:576    .text.HAL_GPIO_TogglePin:0000000000000000 $t
/var/folders/1t/b_pdlv_14gngm6ztkcy5zjlw0000gn/T//cchsNMzc.s:581    .text.HAL_GPIO_TogglePin:0000000000000000 HAL_GPIO_TogglePin
/var/folders/1t/b_pdlv_14gngm6ztkcy5zjlw0000gn/T//cchsNMzc.s:599    .text.HAL_GPIO_LockPin:0000000000000000 $t
/var/folders/1t/b_pdlv_14gngm6ztkcy5zjlw0000gn/T//cchsNMzc.s:604    .text.HAL_GPIO_LockPin:0000000000000000 HAL_GPIO_LockPin
/var/folders/1t/b_pdlv_14gngm6ztkcy5zjlw0000gn/T//cchsNMzc.s:657    .text.HAL_GPIO_EXTI_Callback:0000000000000000 $t
/var/folders/1t/b_pdlv_14gngm6ztkcy5zjlw0000gn/T//cchsNMzc.s:662    .text.HAL_GPIO_EXTI_Callback:0000000000000000 HAL_GPIO_EXTI_Callback
/var/folders/1t/b_pdlv_14gngm6ztkcy5zjlw0000gn/T//cchsNMzc.s:675    .text.HAL_GPIO_EXTI_IRQHandler:0000000000000000 $t
/var/folders/1t/b_pdlv_14gngm6ztkcy5zjlw0000gn/T//cchsNMzc.s:680    .text.HAL_GPIO_EXTI_IRQHandler:0000000000000000 HAL_GPIO_EXTI_IRQHandler
/var/folders/1t/b_pdlv_14gngm6ztkcy5zjlw0000gn/T//cchsNMzc.s:709    .text.HAL_GPIO_EXTI_IRQHandler:0000000000000014 $d
                     .debug_frame:0000000000000010 $d

NO UNDEFINED SYMBOLS
