ARM GAS  /var/folders/68/n33lqcg953z5y1x0pvkj58xc0000gn/T//cc4IuFFm.s 			page 1


   1              		.syntax unified
   2              		.cpu cortex-m4
   3              		.eabi_attribute 27, 1
   4              		.eabi_attribute 28, 1
   5              		.fpu fpv4-sp-d16
   6              		.eabi_attribute 20, 1
   7              		.eabi_attribute 21, 1
   8              		.eabi_attribute 23, 3
   9              		.eabi_attribute 24, 1
  10              		.eabi_attribute 25, 1
  11              		.eabi_attribute 26, 1
  12              		.eabi_attribute 30, 1
  13              		.eabi_attribute 34, 1
  14              		.eabi_attribute 18, 4
  15              		.thumb
  16              		.file	"stm32f4xx_hal_msp.c"
  17              		.text
  18              	.Ltext0:
  19              		.cfi_sections	.debug_frame
  20              		.section	.text.HAL_MspInit,"ax",%progbits
  21              		.align	2
  22              		.global	HAL_MspInit
  23              		.thumb
  24              		.thumb_func
  26              	HAL_MspInit:
  27              	.LFB123:
  28              		.file 1 "Src/stm32f4xx_hal_msp.c"
   1:Src/stm32f4xx_hal_msp.c **** /**
   2:Src/stm32f4xx_hal_msp.c ****   ******************************************************************************
   3:Src/stm32f4xx_hal_msp.c ****   * File Name          : stm32f4xx_hal_msp.c
   4:Src/stm32f4xx_hal_msp.c ****   * Description        : This file provides code for the MSP Initialization 
   5:Src/stm32f4xx_hal_msp.c ****   *                      and de-Initialization codes.
   6:Src/stm32f4xx_hal_msp.c ****   ******************************************************************************
   7:Src/stm32f4xx_hal_msp.c ****   ** This notice applies to any and all portions of this file
   8:Src/stm32f4xx_hal_msp.c ****   * that are not between comment pairs USER CODE BEGIN and
   9:Src/stm32f4xx_hal_msp.c ****   * USER CODE END. Other portions of this file, whether 
  10:Src/stm32f4xx_hal_msp.c ****   * inserted by the user or by software development tools
  11:Src/stm32f4xx_hal_msp.c ****   * are owned by their respective copyright owners.
  12:Src/stm32f4xx_hal_msp.c ****   *
  13:Src/stm32f4xx_hal_msp.c ****   * COPYRIGHT(c) 2018 STMicroelectronics
  14:Src/stm32f4xx_hal_msp.c ****   *
  15:Src/stm32f4xx_hal_msp.c ****   * Redistribution and use in source and binary forms, with or without modification,
  16:Src/stm32f4xx_hal_msp.c ****   * are permitted provided that the following conditions are met:
  17:Src/stm32f4xx_hal_msp.c ****   *   1. Redistributions of source code must retain the above copyright notice,
  18:Src/stm32f4xx_hal_msp.c ****   *      this list of conditions and the following disclaimer.
  19:Src/stm32f4xx_hal_msp.c ****   *   2. Redistributions in binary form must reproduce the above copyright notice,
  20:Src/stm32f4xx_hal_msp.c ****   *      this list of conditions and the following disclaimer in the documentation
  21:Src/stm32f4xx_hal_msp.c ****   *      and/or other materials provided with the distribution.
  22:Src/stm32f4xx_hal_msp.c ****   *   3. Neither the name of STMicroelectronics nor the names of its contributors
  23:Src/stm32f4xx_hal_msp.c ****   *      may be used to endorse or promote products derived from this software
  24:Src/stm32f4xx_hal_msp.c ****   *      without specific prior written permission.
  25:Src/stm32f4xx_hal_msp.c ****   *
  26:Src/stm32f4xx_hal_msp.c ****   * THIS SOFTWARE IS PROVIDED BY THE COPYRIGHT HOLDERS AND CONTRIBUTORS "AS IS"
  27:Src/stm32f4xx_hal_msp.c ****   * AND ANY EXPRESS OR IMPLIED WARRANTIES, INCLUDING, BUT NOT LIMITED TO, THE
  28:Src/stm32f4xx_hal_msp.c ****   * IMPLIED WARRANTIES OF MERCHANTABILITY AND FITNESS FOR A PARTICULAR PURPOSE ARE
  29:Src/stm32f4xx_hal_msp.c ****   * DISCLAIMED. IN NO EVENT SHALL THE COPYRIGHT HOLDER OR CONTRIBUTORS BE LIABLE
  30:Src/stm32f4xx_hal_msp.c ****   * FOR ANY DIRECT, INDIRECT, INCIDENTAL, SPECIAL, EXEMPLARY, OR CONSEQUENTIAL
ARM GAS  /var/folders/68/n33lqcg953z5y1x0pvkj58xc0000gn/T//cc4IuFFm.s 			page 2


  31:Src/stm32f4xx_hal_msp.c ****   * DAMAGES (INCLUDING, BUT NOT LIMITED TO, PROCUREMENT OF SUBSTITUTE GOODS OR
  32:Src/stm32f4xx_hal_msp.c ****   * SERVICES; LOSS OF USE, DATA, OR PROFITS; OR BUSINESS INTERRUPTION) HOWEVER
  33:Src/stm32f4xx_hal_msp.c ****   * CAUSED AND ON ANY THEORY OF LIABILITY, WHETHER IN CONTRACT, STRICT LIABILITY,
  34:Src/stm32f4xx_hal_msp.c ****   * OR TORT (INCLUDING NEGLIGENCE OR OTHERWISE) ARISING IN ANY WAY OUT OF THE USE
  35:Src/stm32f4xx_hal_msp.c ****   * OF THIS SOFTWARE, EVEN IF ADVISED OF THE POSSIBILITY OF SUCH DAMAGE.
  36:Src/stm32f4xx_hal_msp.c ****   *
  37:Src/stm32f4xx_hal_msp.c ****   ******************************************************************************
  38:Src/stm32f4xx_hal_msp.c ****   */
  39:Src/stm32f4xx_hal_msp.c **** /* Includes ------------------------------------------------------------------*/
  40:Src/stm32f4xx_hal_msp.c **** #include "stm32f4xx_hal.h"
  41:Src/stm32f4xx_hal_msp.c **** 
  42:Src/stm32f4xx_hal_msp.c **** extern void _Error_Handler(char *, int);
  43:Src/stm32f4xx_hal_msp.c **** /* USER CODE BEGIN 0 */
  44:Src/stm32f4xx_hal_msp.c **** 
  45:Src/stm32f4xx_hal_msp.c **** /* USER CODE END 0 */
  46:Src/stm32f4xx_hal_msp.c **** /**
  47:Src/stm32f4xx_hal_msp.c ****   * Initializes the Global MSP.
  48:Src/stm32f4xx_hal_msp.c ****   */
  49:Src/stm32f4xx_hal_msp.c **** void HAL_MspInit(void)
  50:Src/stm32f4xx_hal_msp.c **** {
  29              		.loc 1 50 0
  30              		.cfi_startproc
  31              		@ args = 0, pretend = 0, frame = 8
  32              		@ frame_needed = 0, uses_anonymous_args = 0
  33 0000 10B5     		push	{r4, lr}
  34              	.LCFI0:
  35              		.cfi_def_cfa_offset 8
  36              		.cfi_offset 4, -8
  37              		.cfi_offset 14, -4
  38 0002 82B0     		sub	sp, sp, #8
  39              	.LCFI1:
  40              		.cfi_def_cfa_offset 16
  41              	.LBB2:
  51:Src/stm32f4xx_hal_msp.c ****   /* USER CODE BEGIN MspInit 0 */
  52:Src/stm32f4xx_hal_msp.c **** 
  53:Src/stm32f4xx_hal_msp.c ****   /* USER CODE END MspInit 0 */
  54:Src/stm32f4xx_hal_msp.c **** 
  55:Src/stm32f4xx_hal_msp.c ****   __HAL_RCC_SYSCFG_CLK_ENABLE();
  42              		.loc 1 55 0
  43 0004 0024     		movs	r4, #0
  44 0006 0094     		str	r4, [sp]
  45 0008 214B     		ldr	r3, .L3
  46 000a 5A6C     		ldr	r2, [r3, #68]
  47 000c 42F48042 		orr	r2, r2, #16384
  48 0010 5A64     		str	r2, [r3, #68]
  49 0012 5A6C     		ldr	r2, [r3, #68]
  50 0014 02F48042 		and	r2, r2, #16384
  51 0018 0092     		str	r2, [sp]
  52 001a 009A     		ldr	r2, [sp]
  53              	.LBE2:
  54              	.LBB3:
  56:Src/stm32f4xx_hal_msp.c ****   __HAL_RCC_PWR_CLK_ENABLE();
  55              		.loc 1 56 0
  56 001c 0194     		str	r4, [sp, #4]
  57 001e 1A6C     		ldr	r2, [r3, #64]
  58 0020 42F08052 		orr	r2, r2, #268435456
  59 0024 1A64     		str	r2, [r3, #64]
ARM GAS  /var/folders/68/n33lqcg953z5y1x0pvkj58xc0000gn/T//cc4IuFFm.s 			page 3


  60 0026 1B6C     		ldr	r3, [r3, #64]
  61 0028 03F08053 		and	r3, r3, #268435456
  62 002c 0193     		str	r3, [sp, #4]
  63 002e 019B     		ldr	r3, [sp, #4]
  64              	.LBE3:
  57:Src/stm32f4xx_hal_msp.c **** 
  58:Src/stm32f4xx_hal_msp.c ****   HAL_NVIC_SetPriorityGrouping(NVIC_PRIORITYGROUP_4);
  65              		.loc 1 58 0
  66 0030 0320     		movs	r0, #3
  67 0032 FFF7FEFF 		bl	HAL_NVIC_SetPriorityGrouping
  68              	.LVL0:
  59:Src/stm32f4xx_hal_msp.c **** 
  60:Src/stm32f4xx_hal_msp.c ****   /* System interrupt init*/
  61:Src/stm32f4xx_hal_msp.c ****   /* MemoryManagement_IRQn interrupt configuration */
  62:Src/stm32f4xx_hal_msp.c ****   HAL_NVIC_SetPriority(MemoryManagement_IRQn, 0, 0);
  69              		.loc 1 62 0
  70 0036 6FF00B00 		mvn	r0, #11
  71 003a 2146     		mov	r1, r4
  72 003c 2246     		mov	r2, r4
  73 003e FFF7FEFF 		bl	HAL_NVIC_SetPriority
  74              	.LVL1:
  63:Src/stm32f4xx_hal_msp.c ****   /* BusFault_IRQn interrupt configuration */
  64:Src/stm32f4xx_hal_msp.c ****   HAL_NVIC_SetPriority(BusFault_IRQn, 0, 0);
  75              		.loc 1 64 0
  76 0042 6FF00A00 		mvn	r0, #10
  77 0046 2146     		mov	r1, r4
  78 0048 2246     		mov	r2, r4
  79 004a FFF7FEFF 		bl	HAL_NVIC_SetPriority
  80              	.LVL2:
  65:Src/stm32f4xx_hal_msp.c ****   /* UsageFault_IRQn interrupt configuration */
  66:Src/stm32f4xx_hal_msp.c ****   HAL_NVIC_SetPriority(UsageFault_IRQn, 0, 0);
  81              		.loc 1 66 0
  82 004e 6FF00900 		mvn	r0, #9
  83 0052 2146     		mov	r1, r4
  84 0054 2246     		mov	r2, r4
  85 0056 FFF7FEFF 		bl	HAL_NVIC_SetPriority
  86              	.LVL3:
  67:Src/stm32f4xx_hal_msp.c ****   /* SVCall_IRQn interrupt configuration */
  68:Src/stm32f4xx_hal_msp.c ****   HAL_NVIC_SetPriority(SVCall_IRQn, 0, 0);
  87              		.loc 1 68 0
  88 005a 6FF00400 		mvn	r0, #4
  89 005e 2146     		mov	r1, r4
  90 0060 2246     		mov	r2, r4
  91 0062 FFF7FEFF 		bl	HAL_NVIC_SetPriority
  92              	.LVL4:
  69:Src/stm32f4xx_hal_msp.c ****   /* DebugMonitor_IRQn interrupt configuration */
  70:Src/stm32f4xx_hal_msp.c ****   HAL_NVIC_SetPriority(DebugMonitor_IRQn, 0, 0);
  93              		.loc 1 70 0
  94 0066 6FF00300 		mvn	r0, #3
  95 006a 2146     		mov	r1, r4
  96 006c 2246     		mov	r2, r4
  97 006e FFF7FEFF 		bl	HAL_NVIC_SetPriority
  98              	.LVL5:
  71:Src/stm32f4xx_hal_msp.c ****   /* PendSV_IRQn interrupt configuration */
  72:Src/stm32f4xx_hal_msp.c ****   HAL_NVIC_SetPriority(PendSV_IRQn, 0, 0);
  99              		.loc 1 72 0
 100 0072 6FF00100 		mvn	r0, #1
ARM GAS  /var/folders/68/n33lqcg953z5y1x0pvkj58xc0000gn/T//cc4IuFFm.s 			page 4


 101 0076 2146     		mov	r1, r4
 102 0078 2246     		mov	r2, r4
 103 007a FFF7FEFF 		bl	HAL_NVIC_SetPriority
 104              	.LVL6:
  73:Src/stm32f4xx_hal_msp.c ****   /* SysTick_IRQn interrupt configuration */
  74:Src/stm32f4xx_hal_msp.c ****   HAL_NVIC_SetPriority(SysTick_IRQn, 0, 0);
 105              		.loc 1 74 0
 106 007e 4FF0FF30 		mov	r0, #-1
 107 0082 2146     		mov	r1, r4
 108 0084 2246     		mov	r2, r4
 109 0086 FFF7FEFF 		bl	HAL_NVIC_SetPriority
 110              	.LVL7:
  75:Src/stm32f4xx_hal_msp.c **** 
  76:Src/stm32f4xx_hal_msp.c ****   /* USER CODE BEGIN MspInit 1 */
  77:Src/stm32f4xx_hal_msp.c **** 
  78:Src/stm32f4xx_hal_msp.c ****   /* USER CODE END MspInit 1 */
  79:Src/stm32f4xx_hal_msp.c **** }
 111              		.loc 1 79 0
 112 008a 02B0     		add	sp, sp, #8
 113              	.LCFI2:
 114              		.cfi_def_cfa_offset 8
 115              		@ sp needed
 116 008c 10BD     		pop	{r4, pc}
 117              	.L4:
 118 008e 00BF     		.align	2
 119              	.L3:
 120 0090 00380240 		.word	1073887232
 121              		.cfi_endproc
 122              	.LFE123:
 124              		.text
 125              	.Letext0:
 126              		.file 2 "Drivers/CMSIS/Device/ST/STM32F4xx/Include/stm32f401xe.h"
 127              		.file 3 "/usr/local/Cellar/arm-none-eabi-gcc/20150921/arm-none-eabi/include/machine/_default_types
 128              		.file 4 "/usr/local/Cellar/arm-none-eabi-gcc/20150921/arm-none-eabi/include/sys/_stdint.h"
 129              		.file 5 "Drivers/CMSIS/Include/core_cm4.h"
 130              		.file 6 "Drivers/STM32F4xx_HAL_Driver/Inc/stm32f4xx_hal_cortex.h"
ARM GAS  /var/folders/68/n33lqcg953z5y1x0pvkj58xc0000gn/T//cc4IuFFm.s 			page 5


DEFINED SYMBOLS
                            *ABS*:0000000000000000 stm32f4xx_hal_msp.c
/var/folders/68/n33lqcg953z5y1x0pvkj58xc0000gn/T//cc4IuFFm.s:21     .text.HAL_MspInit:0000000000000000 $t
/var/folders/68/n33lqcg953z5y1x0pvkj58xc0000gn/T//cc4IuFFm.s:26     .text.HAL_MspInit:0000000000000000 HAL_MspInit
/var/folders/68/n33lqcg953z5y1x0pvkj58xc0000gn/T//cc4IuFFm.s:120    .text.HAL_MspInit:0000000000000090 $d
                     .debug_frame:0000000000000010 $d

UNDEFINED SYMBOLS
HAL_NVIC_SetPriorityGrouping
HAL_NVIC_SetPriority
