ARM GAS  /var/folders/68/n33lqcg953z5y1x0pvkj58xc0000gn/T//ccNHd5VO.s 			page 1


   1              		.syntax unified
   2              		.cpu cortex-m4
   3              		.eabi_attribute 27, 1
   4              		.eabi_attribute 28, 1
   5              		.fpu fpv4-sp-d16
   6              		.eabi_attribute 20, 1
   7              		.eabi_attribute 21, 1
   8              		.eabi_attribute 23, 3
   9              		.eabi_attribute 24, 1
  10              		.eabi_attribute 25, 1
  11              		.eabi_attribute 26, 1
  12              		.eabi_attribute 30, 1
  13              		.eabi_attribute 34, 1
  14              		.eabi_attribute 18, 4
  15              		.thumb
  16              		.file	"stm32f4xx_hal_msp.c"
  17              		.text
  18              	.Ltext0:
  19              		.cfi_sections	.debug_frame
  20              		.section	.text.HAL_MspInit,"ax",%progbits
  21              		.align	2
  22              		.global	HAL_MspInit
  23              		.thumb
  24              		.thumb_func
  26              	HAL_MspInit:
  27              	.LFB123:
  28              		.file 1 "Src/stm32f4xx_hal_msp.c"
   1:Src/stm32f4xx_hal_msp.c **** /**
   2:Src/stm32f4xx_hal_msp.c ****   ******************************************************************************
   3:Src/stm32f4xx_hal_msp.c ****   * File Name          : stm32f4xx_hal_msp.c
   4:Src/stm32f4xx_hal_msp.c ****   * Description        : This file provides code for the MSP Initialization 
   5:Src/stm32f4xx_hal_msp.c ****   *                      and de-Initialization codes.
   6:Src/stm32f4xx_hal_msp.c ****   ******************************************************************************
   7:Src/stm32f4xx_hal_msp.c ****   ** This notice applies to any and all portions of this file
   8:Src/stm32f4xx_hal_msp.c ****   * that are not between comment pairs USER CODE BEGIN and
   9:Src/stm32f4xx_hal_msp.c ****   * USER CODE END. Other portions of this file, whether 
  10:Src/stm32f4xx_hal_msp.c ****   * inserted by the user or by software development tools
  11:Src/stm32f4xx_hal_msp.c ****   * are owned by their respective copyright owners.
  12:Src/stm32f4xx_hal_msp.c ****   *
  13:Src/stm32f4xx_hal_msp.c ****   * COPYRIGHT(c) 2018 STMicroelectronics
  14:Src/stm32f4xx_hal_msp.c ****   *
  15:Src/stm32f4xx_hal_msp.c ****   * Redistribution and use in source and binary forms, with or without modification,
  16:Src/stm32f4xx_hal_msp.c ****   * are permitted provided that the following conditions are met:
  17:Src/stm32f4xx_hal_msp.c ****   *   1. Redistributions of source code must retain the above copyright notice,
  18:Src/stm32f4xx_hal_msp.c ****   *      this list of conditions and the following disclaimer.
  19:Src/stm32f4xx_hal_msp.c ****   *   2. Redistributions in binary form must reproduce the above copyright notice,
  20:Src/stm32f4xx_hal_msp.c ****   *      this list of conditions and the following disclaimer in the documentation
  21:Src/stm32f4xx_hal_msp.c ****   *      and/or other materials provided with the distribution.
  22:Src/stm32f4xx_hal_msp.c ****   *   3. Neither the name of STMicroelectronics nor the names of its contributors
  23:Src/stm32f4xx_hal_msp.c ****   *      may be used to endorse or promote products derived from this software
  24:Src/stm32f4xx_hal_msp.c ****   *      without specific prior written permission.
  25:Src/stm32f4xx_hal_msp.c ****   *
  26:Src/stm32f4xx_hal_msp.c ****   * THIS SOFTWARE IS PROVIDED BY THE COPYRIGHT HOLDERS AND CONTRIBUTORS "AS IS"
  27:Src/stm32f4xx_hal_msp.c ****   * AND ANY EXPRESS OR IMPLIED WARRANTIES, INCLUDING, BUT NOT LIMITED TO, THE
  28:Src/stm32f4xx_hal_msp.c ****   * IMPLIED WARRANTIES OF MERCHANTABILITY AND FITNESS FOR A PARTICULAR PURPOSE ARE
  29:Src/stm32f4xx_hal_msp.c ****   * DISCLAIMED. IN NO EVENT SHALL THE COPYRIGHT HOLDER OR CONTRIBUTORS BE LIABLE
  30:Src/stm32f4xx_hal_msp.c ****   * FOR ANY DIRECT, INDIRECT, INCIDENTAL, SPECIAL, EXEMPLARY, OR CONSEQUENTIAL
ARM GAS  /var/folders/68/n33lqcg953z5y1x0pvkj58xc0000gn/T//ccNHd5VO.s 			page 2


  31:Src/stm32f4xx_hal_msp.c ****   * DAMAGES (INCLUDING, BUT NOT LIMITED TO, PROCUREMENT OF SUBSTITUTE GOODS OR
  32:Src/stm32f4xx_hal_msp.c ****   * SERVICES; LOSS OF USE, DATA, OR PROFITS; OR BUSINESS INTERRUPTION) HOWEVER
  33:Src/stm32f4xx_hal_msp.c ****   * CAUSED AND ON ANY THEORY OF LIABILITY, WHETHER IN CONTRACT, STRICT LIABILITY,
  34:Src/stm32f4xx_hal_msp.c ****   * OR TORT (INCLUDING NEGLIGENCE OR OTHERWISE) ARISING IN ANY WAY OUT OF THE USE
  35:Src/stm32f4xx_hal_msp.c ****   * OF THIS SOFTWARE, EVEN IF ADVISED OF THE POSSIBILITY OF SUCH DAMAGE.
  36:Src/stm32f4xx_hal_msp.c ****   *
  37:Src/stm32f4xx_hal_msp.c ****   ******************************************************************************
  38:Src/stm32f4xx_hal_msp.c ****   */
  39:Src/stm32f4xx_hal_msp.c **** /* Includes ------------------------------------------------------------------*/
  40:Src/stm32f4xx_hal_msp.c **** #include "stm32f4xx_hal.h"
  41:Src/stm32f4xx_hal_msp.c **** 
  42:Src/stm32f4xx_hal_msp.c **** extern void _Error_Handler(char *, int);
  43:Src/stm32f4xx_hal_msp.c **** /* USER CODE BEGIN 0 */
  44:Src/stm32f4xx_hal_msp.c **** 
  45:Src/stm32f4xx_hal_msp.c **** /* USER CODE END 0 */
  46:Src/stm32f4xx_hal_msp.c **** /**
  47:Src/stm32f4xx_hal_msp.c ****   * Initializes the Global MSP.
  48:Src/stm32f4xx_hal_msp.c ****   */
  49:Src/stm32f4xx_hal_msp.c **** void HAL_MspInit(void)
  50:Src/stm32f4xx_hal_msp.c **** {
  29              		.loc 1 50 0
  30              		.cfi_startproc
  31              		@ args = 0, pretend = 0, frame = 8
  32              		@ frame_needed = 0, uses_anonymous_args = 0
  33 0000 10B5     		push	{r4, lr}
  34              	.LCFI0:
  35              		.cfi_def_cfa_offset 8
  36              		.cfi_offset 4, -8
  37              		.cfi_offset 14, -4
  38 0002 82B0     		sub	sp, sp, #8
  39              	.LCFI1:
  40              		.cfi_def_cfa_offset 16
  41              	.LBB2:
  51:Src/stm32f4xx_hal_msp.c ****   /* USER CODE BEGIN MspInit 0 */
  52:Src/stm32f4xx_hal_msp.c **** 
  53:Src/stm32f4xx_hal_msp.c ****   /* USER CODE END MspInit 0 */
  54:Src/stm32f4xx_hal_msp.c **** 
  55:Src/stm32f4xx_hal_msp.c ****   __HAL_RCC_SYSCFG_CLK_ENABLE();
  42              		.loc 1 55 0
  43 0004 0024     		movs	r4, #0
  44 0006 0094     		str	r4, [sp]
  45 0008 214B     		ldr	r3, .L3
  46 000a 5A6C     		ldr	r2, [r3, #68]
  47 000c 42F48042 		orr	r2, r2, #16384
  48 0010 5A64     		str	r2, [r3, #68]
  49 0012 5A6C     		ldr	r2, [r3, #68]
  50 0014 02F48042 		and	r2, r2, #16384
  51 0018 0092     		str	r2, [sp]
  52 001a 009A     		ldr	r2, [sp]
  53              	.LBE2:
  54              	.LBB3:
  56:Src/stm32f4xx_hal_msp.c ****   __HAL_RCC_PWR_CLK_ENABLE();
  55              		.loc 1 56 0
  56 001c 0194     		str	r4, [sp, #4]
  57 001e 1A6C     		ldr	r2, [r3, #64]
  58 0020 42F08052 		orr	r2, r2, #268435456
  59 0024 1A64     		str	r2, [r3, #64]
ARM GAS  /var/folders/68/n33lqcg953z5y1x0pvkj58xc0000gn/T//ccNHd5VO.s 			page 3


  60 0026 1B6C     		ldr	r3, [r3, #64]
  61 0028 03F08053 		and	r3, r3, #268435456
  62 002c 0193     		str	r3, [sp, #4]
  63 002e 019B     		ldr	r3, [sp, #4]
  64              	.LBE3:
  57:Src/stm32f4xx_hal_msp.c **** 
  58:Src/stm32f4xx_hal_msp.c ****   HAL_NVIC_SetPriorityGrouping(NVIC_PRIORITYGROUP_4);
  65              		.loc 1 58 0
  66 0030 0320     		movs	r0, #3
  67 0032 FFF7FEFF 		bl	HAL_NVIC_SetPriorityGrouping
  68              	.LVL0:
  59:Src/stm32f4xx_hal_msp.c **** 
  60:Src/stm32f4xx_hal_msp.c ****   /* System interrupt init*/
  61:Src/stm32f4xx_hal_msp.c ****   /* MemoryManagement_IRQn interrupt configuration */
  62:Src/stm32f4xx_hal_msp.c ****   HAL_NVIC_SetPriority(MemoryManagement_IRQn, 0, 0);
  69              		.loc 1 62 0
  70 0036 6FF00B00 		mvn	r0, #11
  71 003a 2146     		mov	r1, r4
  72 003c 2246     		mov	r2, r4
  73 003e FFF7FEFF 		bl	HAL_NVIC_SetPriority
  74              	.LVL1:
  63:Src/stm32f4xx_hal_msp.c ****   /* BusFault_IRQn interrupt configuration */
  64:Src/stm32f4xx_hal_msp.c ****   HAL_NVIC_SetPriority(BusFault_IRQn, 0, 0);
  75              		.loc 1 64 0
  76 0042 6FF00A00 		mvn	r0, #10
  77 0046 2146     		mov	r1, r4
  78 0048 2246     		mov	r2, r4
  79 004a FFF7FEFF 		bl	HAL_NVIC_SetPriority
  80              	.LVL2:
  65:Src/stm32f4xx_hal_msp.c ****   /* UsageFault_IRQn interrupt configuration */
  66:Src/stm32f4xx_hal_msp.c ****   HAL_NVIC_SetPriority(UsageFault_IRQn, 0, 0);
  81              		.loc 1 66 0
  82 004e 6FF00900 		mvn	r0, #9
  83 0052 2146     		mov	r1, r4
  84 0054 2246     		mov	r2, r4
  85 0056 FFF7FEFF 		bl	HAL_NVIC_SetPriority
  86              	.LVL3:
  67:Src/stm32f4xx_hal_msp.c ****   /* SVCall_IRQn interrupt configuration */
  68:Src/stm32f4xx_hal_msp.c ****   HAL_NVIC_SetPriority(SVCall_IRQn, 0, 0);
  87              		.loc 1 68 0
  88 005a 6FF00400 		mvn	r0, #4
  89 005e 2146     		mov	r1, r4
  90 0060 2246     		mov	r2, r4
  91 0062 FFF7FEFF 		bl	HAL_NVIC_SetPriority
  92              	.LVL4:
  69:Src/stm32f4xx_hal_msp.c ****   /* DebugMonitor_IRQn interrupt configuration */
  70:Src/stm32f4xx_hal_msp.c ****   HAL_NVIC_SetPriority(DebugMonitor_IRQn, 0, 0);
  93              		.loc 1 70 0
  94 0066 6FF00300 		mvn	r0, #3
  95 006a 2146     		mov	r1, r4
  96 006c 2246     		mov	r2, r4
  97 006e FFF7FEFF 		bl	HAL_NVIC_SetPriority
  98              	.LVL5:
  71:Src/stm32f4xx_hal_msp.c ****   /* PendSV_IRQn interrupt configuration */
  72:Src/stm32f4xx_hal_msp.c ****   HAL_NVIC_SetPriority(PendSV_IRQn, 0, 0);
  99              		.loc 1 72 0
 100 0072 6FF00100 		mvn	r0, #1
ARM GAS  /var/folders/68/n33lqcg953z5y1x0pvkj58xc0000gn/T//ccNHd5VO.s 			page 4


 101 0076 2146     		mov	r1, r4
 102 0078 2246     		mov	r2, r4
 103 007a FFF7FEFF 		bl	HAL_NVIC_SetPriority
 104              	.LVL6:
  73:Src/stm32f4xx_hal_msp.c ****   /* SysTick_IRQn interrupt configuration */
  74:Src/stm32f4xx_hal_msp.c ****   HAL_NVIC_SetPriority(SysTick_IRQn, 0, 0);
 105              		.loc 1 74 0
 106 007e 4FF0FF30 		mov	r0, #-1
 107 0082 2146     		mov	r1, r4
 108 0084 2246     		mov	r2, r4
 109 0086 FFF7FEFF 		bl	HAL_NVIC_SetPriority
 110              	.LVL7:
  75:Src/stm32f4xx_hal_msp.c **** 
  76:Src/stm32f4xx_hal_msp.c ****   /* USER CODE BEGIN MspInit 1 */
  77:Src/stm32f4xx_hal_msp.c **** 
  78:Src/stm32f4xx_hal_msp.c ****   /* USER CODE END MspInit 1 */
  79:Src/stm32f4xx_hal_msp.c **** }
 111              		.loc 1 79 0
 112 008a 02B0     		add	sp, sp, #8
 113              	.LCFI2:
 114              		.cfi_def_cfa_offset 8
 115              		@ sp needed
 116 008c 10BD     		pop	{r4, pc}
 117              	.L4:
 118 008e 00BF     		.align	2
 119              	.L3:
 120 0090 00380240 		.word	1073887232
 121              		.cfi_endproc
 122              	.LFE123:
 124              		.section	.text.HAL_ADC_MspInit,"ax",%progbits
 125              		.align	2
 126              		.global	HAL_ADC_MspInit
 127              		.thumb
 128              		.thumb_func
 130              	HAL_ADC_MspInit:
 131              	.LFB124:
  80:Src/stm32f4xx_hal_msp.c **** 
  81:Src/stm32f4xx_hal_msp.c **** void HAL_ADC_MspInit(ADC_HandleTypeDef* hadc)
  82:Src/stm32f4xx_hal_msp.c **** {
 132              		.loc 1 82 0
 133              		.cfi_startproc
 134              		@ args = 0, pretend = 0, frame = 24
 135              		@ frame_needed = 0, uses_anonymous_args = 0
 136              	.LVL8:
  83:Src/stm32f4xx_hal_msp.c **** 
  84:Src/stm32f4xx_hal_msp.c ****   GPIO_InitTypeDef GPIO_InitStruct;
  85:Src/stm32f4xx_hal_msp.c ****   if(hadc->Instance==ADC1)
 137              		.loc 1 85 0
 138 0000 0268     		ldr	r2, [r0]
 139 0002 0F4B     		ldr	r3, .L9
 140 0004 9A42     		cmp	r2, r3
 141 0006 1AD1     		bne	.L8
  82:Src/stm32f4xx_hal_msp.c **** 
 142              		.loc 1 82 0
 143 0008 00B5     		push	{lr}
 144              	.LCFI3:
 145              		.cfi_def_cfa_offset 4
ARM GAS  /var/folders/68/n33lqcg953z5y1x0pvkj58xc0000gn/T//ccNHd5VO.s 			page 5


 146              		.cfi_offset 14, -4
 147 000a 87B0     		sub	sp, sp, #28
 148              	.LCFI4:
 149              		.cfi_def_cfa_offset 32
 150              	.LBB4:
  86:Src/stm32f4xx_hal_msp.c ****   {
  87:Src/stm32f4xx_hal_msp.c ****   /* USER CODE BEGIN ADC1_MspInit 0 */
  88:Src/stm32f4xx_hal_msp.c **** 
  89:Src/stm32f4xx_hal_msp.c ****   /* USER CODE END ADC1_MspInit 0 */
  90:Src/stm32f4xx_hal_msp.c ****     /* Peripheral clock enable */
  91:Src/stm32f4xx_hal_msp.c ****     __HAL_RCC_ADC1_CLK_ENABLE();
 151              		.loc 1 91 0
 152 000c 0021     		movs	r1, #0
 153 000e 0091     		str	r1, [sp]
 154 0010 03F58C33 		add	r3, r3, #71680
 155 0014 5A6C     		ldr	r2, [r3, #68]
 156 0016 42F48072 		orr	r2, r2, #256
 157 001a 5A64     		str	r2, [r3, #68]
 158 001c 5B6C     		ldr	r3, [r3, #68]
 159 001e 03F48073 		and	r3, r3, #256
 160 0022 0093     		str	r3, [sp]
 161 0024 009B     		ldr	r3, [sp]
 162              	.LBE4:
  92:Src/stm32f4xx_hal_msp.c ****   
  93:Src/stm32f4xx_hal_msp.c ****     /**ADC1 GPIO Configuration    
  94:Src/stm32f4xx_hal_msp.c ****     PA0-WKUP     ------> ADC1_IN0
  95:Src/stm32f4xx_hal_msp.c ****     PA1     ------> ADC1_IN1
  96:Src/stm32f4xx_hal_msp.c ****     PA2     ------> ADC1_IN2 
  97:Src/stm32f4xx_hal_msp.c ****     */
  98:Src/stm32f4xx_hal_msp.c ****     GPIO_InitStruct.Pin = GPIO_PIN_0|GPIO_PIN_1|GPIO_PIN_2;
 163              		.loc 1 98 0
 164 0026 0723     		movs	r3, #7
 165 0028 0193     		str	r3, [sp, #4]
  99:Src/stm32f4xx_hal_msp.c ****     GPIO_InitStruct.Mode = GPIO_MODE_ANALOG;
 166              		.loc 1 99 0
 167 002a 0323     		movs	r3, #3
 168 002c 0293     		str	r3, [sp, #8]
 100:Src/stm32f4xx_hal_msp.c ****     GPIO_InitStruct.Pull = GPIO_NOPULL;
 169              		.loc 1 100 0
 170 002e 0391     		str	r1, [sp, #12]
 101:Src/stm32f4xx_hal_msp.c ****     HAL_GPIO_Init(GPIOA, &GPIO_InitStruct);
 171              		.loc 1 101 0
 172 0030 0448     		ldr	r0, .L9+4
 173              	.LVL9:
 174 0032 01A9     		add	r1, sp, #4
 175 0034 FFF7FEFF 		bl	HAL_GPIO_Init
 176              	.LVL10:
 102:Src/stm32f4xx_hal_msp.c **** 
 103:Src/stm32f4xx_hal_msp.c ****   /* USER CODE BEGIN ADC1_MspInit 1 */
 104:Src/stm32f4xx_hal_msp.c **** 
 105:Src/stm32f4xx_hal_msp.c ****   /* USER CODE END ADC1_MspInit 1 */
 106:Src/stm32f4xx_hal_msp.c ****   }
 107:Src/stm32f4xx_hal_msp.c **** 
 108:Src/stm32f4xx_hal_msp.c **** }
 177              		.loc 1 108 0
 178 0038 07B0     		add	sp, sp, #28
 179              	.LCFI5:
ARM GAS  /var/folders/68/n33lqcg953z5y1x0pvkj58xc0000gn/T//ccNHd5VO.s 			page 6


 180              		.cfi_def_cfa_offset 4
 181              		@ sp needed
 182 003a 5DF804FB 		ldr	pc, [sp], #4
 183              	.LVL11:
 184              	.L8:
 185              	.LCFI6:
 186              		.cfi_def_cfa_offset 0
 187              		.cfi_restore 14
 188 003e 7047     		bx	lr
 189              	.L10:
 190              		.align	2
 191              	.L9:
 192 0040 00200140 		.word	1073815552
 193 0044 00000240 		.word	1073872896
 194              		.cfi_endproc
 195              	.LFE124:
 197              		.section	.text.HAL_ADC_MspDeInit,"ax",%progbits
 198              		.align	2
 199              		.global	HAL_ADC_MspDeInit
 200              		.thumb
 201              		.thumb_func
 203              	HAL_ADC_MspDeInit:
 204              	.LFB125:
 109:Src/stm32f4xx_hal_msp.c **** 
 110:Src/stm32f4xx_hal_msp.c **** void HAL_ADC_MspDeInit(ADC_HandleTypeDef* hadc)
 111:Src/stm32f4xx_hal_msp.c **** {
 205              		.loc 1 111 0
 206              		.cfi_startproc
 207              		@ args = 0, pretend = 0, frame = 0
 208              		@ frame_needed = 0, uses_anonymous_args = 0
 209              	.LVL12:
 210 0000 08B5     		push	{r3, lr}
 211              	.LCFI7:
 212              		.cfi_def_cfa_offset 8
 213              		.cfi_offset 3, -8
 214              		.cfi_offset 14, -4
 112:Src/stm32f4xx_hal_msp.c **** 
 113:Src/stm32f4xx_hal_msp.c ****   if(hadc->Instance==ADC1)
 215              		.loc 1 113 0
 216 0002 0268     		ldr	r2, [r0]
 217 0004 064B     		ldr	r3, .L14
 218 0006 9A42     		cmp	r2, r3
 219 0008 08D1     		bne	.L11
 114:Src/stm32f4xx_hal_msp.c ****   {
 115:Src/stm32f4xx_hal_msp.c ****   /* USER CODE BEGIN ADC1_MspDeInit 0 */
 116:Src/stm32f4xx_hal_msp.c **** 
 117:Src/stm32f4xx_hal_msp.c ****   /* USER CODE END ADC1_MspDeInit 0 */
 118:Src/stm32f4xx_hal_msp.c ****     /* Peripheral clock disable */
 119:Src/stm32f4xx_hal_msp.c ****     __HAL_RCC_ADC1_CLK_DISABLE();
 220              		.loc 1 119 0
 221 000a 064A     		ldr	r2, .L14+4
 222 000c 536C     		ldr	r3, [r2, #68]
 223 000e 23F48073 		bic	r3, r3, #256
 224 0012 5364     		str	r3, [r2, #68]
 120:Src/stm32f4xx_hal_msp.c ****   
 121:Src/stm32f4xx_hal_msp.c ****     /**ADC1 GPIO Configuration    
 122:Src/stm32f4xx_hal_msp.c ****     PA0-WKUP     ------> ADC1_IN0
ARM GAS  /var/folders/68/n33lqcg953z5y1x0pvkj58xc0000gn/T//ccNHd5VO.s 			page 7


 123:Src/stm32f4xx_hal_msp.c ****     PA1     ------> ADC1_IN1
 124:Src/stm32f4xx_hal_msp.c ****     PA2     ------> ADC1_IN2 
 125:Src/stm32f4xx_hal_msp.c ****     */
 126:Src/stm32f4xx_hal_msp.c ****     HAL_GPIO_DeInit(GPIOA, GPIO_PIN_0|GPIO_PIN_1|GPIO_PIN_2);
 225              		.loc 1 126 0
 226 0014 0448     		ldr	r0, .L14+8
 227              	.LVL13:
 228 0016 0721     		movs	r1, #7
 229 0018 FFF7FEFF 		bl	HAL_GPIO_DeInit
 230              	.LVL14:
 231              	.L11:
 232 001c 08BD     		pop	{r3, pc}
 233              	.L15:
 234 001e 00BF     		.align	2
 235              	.L14:
 236 0020 00200140 		.word	1073815552
 237 0024 00380240 		.word	1073887232
 238 0028 00000240 		.word	1073872896
 239              		.cfi_endproc
 240              	.LFE125:
 242              		.section	.text.HAL_TIM_Base_MspInit,"ax",%progbits
 243              		.align	2
 244              		.global	HAL_TIM_Base_MspInit
 245              		.thumb
 246              		.thumb_func
 248              	HAL_TIM_Base_MspInit:
 249              	.LFB126:
 127:Src/stm32f4xx_hal_msp.c **** 
 128:Src/stm32f4xx_hal_msp.c ****   /* USER CODE BEGIN ADC1_MspDeInit 1 */
 129:Src/stm32f4xx_hal_msp.c **** 
 130:Src/stm32f4xx_hal_msp.c ****   /* USER CODE END ADC1_MspDeInit 1 */
 131:Src/stm32f4xx_hal_msp.c ****   }
 132:Src/stm32f4xx_hal_msp.c **** 
 133:Src/stm32f4xx_hal_msp.c **** }
 134:Src/stm32f4xx_hal_msp.c **** 
 135:Src/stm32f4xx_hal_msp.c **** void HAL_TIM_Base_MspInit(TIM_HandleTypeDef* htim_base)
 136:Src/stm32f4xx_hal_msp.c **** {
 250              		.loc 1 136 0
 251              		.cfi_startproc
 252              		@ args = 0, pretend = 0, frame = 8
 253              		@ frame_needed = 0, uses_anonymous_args = 0
 254              		@ link register save eliminated.
 255              	.LVL15:
 256 0000 82B0     		sub	sp, sp, #8
 257              	.LCFI8:
 258              		.cfi_def_cfa_offset 8
 137:Src/stm32f4xx_hal_msp.c **** 
 138:Src/stm32f4xx_hal_msp.c ****   if(htim_base->Instance==TIM1)
 259              		.loc 1 138 0
 260 0002 0368     		ldr	r3, [r0]
 261 0004 104A     		ldr	r2, .L20
 262 0006 9342     		cmp	r3, r2
 263 0008 0CD1     		bne	.L17
 264              	.LBB5:
 139:Src/stm32f4xx_hal_msp.c ****   {
 140:Src/stm32f4xx_hal_msp.c ****   /* USER CODE BEGIN TIM1_MspInit 0 */
 141:Src/stm32f4xx_hal_msp.c **** 
ARM GAS  /var/folders/68/n33lqcg953z5y1x0pvkj58xc0000gn/T//ccNHd5VO.s 			page 8


 142:Src/stm32f4xx_hal_msp.c ****   /* USER CODE END TIM1_MspInit 0 */
 143:Src/stm32f4xx_hal_msp.c ****     /* Peripheral clock enable */
 144:Src/stm32f4xx_hal_msp.c ****     __HAL_RCC_TIM1_CLK_ENABLE();
 265              		.loc 1 144 0
 266 000a 0023     		movs	r3, #0
 267 000c 0093     		str	r3, [sp]
 268 000e 0F4B     		ldr	r3, .L20+4
 269 0010 5A6C     		ldr	r2, [r3, #68]
 270 0012 42F00102 		orr	r2, r2, #1
 271 0016 5A64     		str	r2, [r3, #68]
 272 0018 5B6C     		ldr	r3, [r3, #68]
 273 001a 03F00103 		and	r3, r3, #1
 274 001e 0093     		str	r3, [sp]
 275 0020 009B     		ldr	r3, [sp]
 276              	.LBE5:
 277 0022 0EE0     		b	.L16
 278              	.L17:
 145:Src/stm32f4xx_hal_msp.c ****   /* USER CODE BEGIN TIM1_MspInit 1 */
 146:Src/stm32f4xx_hal_msp.c **** 
 147:Src/stm32f4xx_hal_msp.c ****   /* USER CODE END TIM1_MspInit 1 */
 148:Src/stm32f4xx_hal_msp.c ****   }
 149:Src/stm32f4xx_hal_msp.c ****   else if(htim_base->Instance==TIM2)
 279              		.loc 1 149 0
 280 0024 B3F1804F 		cmp	r3, #1073741824
 281 0028 0BD1     		bne	.L16
 282              	.LBB6:
 150:Src/stm32f4xx_hal_msp.c ****   {
 151:Src/stm32f4xx_hal_msp.c ****   /* USER CODE BEGIN TIM2_MspInit 0 */
 152:Src/stm32f4xx_hal_msp.c **** 
 153:Src/stm32f4xx_hal_msp.c ****   /* USER CODE END TIM2_MspInit 0 */
 154:Src/stm32f4xx_hal_msp.c ****     /* Peripheral clock enable */
 155:Src/stm32f4xx_hal_msp.c ****     __HAL_RCC_TIM2_CLK_ENABLE();
 283              		.loc 1 155 0
 284 002a 0023     		movs	r3, #0
 285 002c 0193     		str	r3, [sp, #4]
 286 002e 074B     		ldr	r3, .L20+4
 287 0030 1A6C     		ldr	r2, [r3, #64]
 288 0032 42F00102 		orr	r2, r2, #1
 289 0036 1A64     		str	r2, [r3, #64]
 290 0038 1B6C     		ldr	r3, [r3, #64]
 291 003a 03F00103 		and	r3, r3, #1
 292 003e 0193     		str	r3, [sp, #4]
 293 0040 019B     		ldr	r3, [sp, #4]
 294              	.L16:
 295              	.LBE6:
 156:Src/stm32f4xx_hal_msp.c ****   /* USER CODE BEGIN TIM2_MspInit 1 */
 157:Src/stm32f4xx_hal_msp.c **** 
 158:Src/stm32f4xx_hal_msp.c ****   /* USER CODE END TIM2_MspInit 1 */
 159:Src/stm32f4xx_hal_msp.c ****   }
 160:Src/stm32f4xx_hal_msp.c **** 
 161:Src/stm32f4xx_hal_msp.c **** }
 296              		.loc 1 161 0
 297 0042 02B0     		add	sp, sp, #8
 298              	.LCFI9:
 299              		.cfi_def_cfa_offset 0
 300              		@ sp needed
 301 0044 7047     		bx	lr
ARM GAS  /var/folders/68/n33lqcg953z5y1x0pvkj58xc0000gn/T//ccNHd5VO.s 			page 9


 302              	.L21:
 303 0046 00BF     		.align	2
 304              	.L20:
 305 0048 00000140 		.word	1073807360
 306 004c 00380240 		.word	1073887232
 307              		.cfi_endproc
 308              	.LFE126:
 310              		.section	.text.HAL_TIM_MspPostInit,"ax",%progbits
 311              		.align	2
 312              		.global	HAL_TIM_MspPostInit
 313              		.thumb
 314              		.thumb_func
 316              	HAL_TIM_MspPostInit:
 317              	.LFB127:
 162:Src/stm32f4xx_hal_msp.c **** 
 163:Src/stm32f4xx_hal_msp.c **** void HAL_TIM_MspPostInit(TIM_HandleTypeDef* htim)
 164:Src/stm32f4xx_hal_msp.c **** {
 318              		.loc 1 164 0
 319              		.cfi_startproc
 320              		@ args = 0, pretend = 0, frame = 24
 321              		@ frame_needed = 0, uses_anonymous_args = 0
 322              	.LVL16:
 323 0000 70B5     		push	{r4, r5, r6, lr}
 324              	.LCFI10:
 325              		.cfi_def_cfa_offset 16
 326              		.cfi_offset 4, -16
 327              		.cfi_offset 5, -12
 328              		.cfi_offset 6, -8
 329              		.cfi_offset 14, -4
 330 0002 86B0     		sub	sp, sp, #24
 331              	.LCFI11:
 332              		.cfi_def_cfa_offset 40
 165:Src/stm32f4xx_hal_msp.c **** 
 166:Src/stm32f4xx_hal_msp.c ****   GPIO_InitTypeDef GPIO_InitStruct;
 167:Src/stm32f4xx_hal_msp.c ****   if(htim->Instance==TIM1)
 333              		.loc 1 167 0
 334 0004 0368     		ldr	r3, [r0]
 335 0006 184A     		ldr	r2, .L26
 336 0008 9342     		cmp	r3, r2
 337 000a 0ED1     		bne	.L23
 168:Src/stm32f4xx_hal_msp.c ****   {
 169:Src/stm32f4xx_hal_msp.c ****   /* USER CODE BEGIN TIM1_MspPostInit 0 */
 170:Src/stm32f4xx_hal_msp.c **** 
 171:Src/stm32f4xx_hal_msp.c ****   /* USER CODE END TIM1_MspPostInit 0 */
 172:Src/stm32f4xx_hal_msp.c ****     /**TIM1 GPIO Configuration    
 173:Src/stm32f4xx_hal_msp.c ****     PA8     ------> TIM1_CH1
 174:Src/stm32f4xx_hal_msp.c ****     PA9     ------> TIM1_CH2
 175:Src/stm32f4xx_hal_msp.c ****     PA10     ------> TIM1_CH3
 176:Src/stm32f4xx_hal_msp.c ****     PA11     ------> TIM1_CH4 
 177:Src/stm32f4xx_hal_msp.c ****     */
 178:Src/stm32f4xx_hal_msp.c ****     GPIO_InitStruct.Pin = GPIO_PIN_8|GPIO_PIN_9|GPIO_PIN_10|GPIO_PIN_11;
 338              		.loc 1 178 0
 339 000c 4FF47063 		mov	r3, #3840
 340 0010 0193     		str	r3, [sp, #4]
 179:Src/stm32f4xx_hal_msp.c ****     GPIO_InitStruct.Mode = GPIO_MODE_AF_PP;
 341              		.loc 1 179 0
 342 0012 0223     		movs	r3, #2
ARM GAS  /var/folders/68/n33lqcg953z5y1x0pvkj58xc0000gn/T//ccNHd5VO.s 			page 10


 343 0014 0293     		str	r3, [sp, #8]
 180:Src/stm32f4xx_hal_msp.c ****     GPIO_InitStruct.Pull = GPIO_NOPULL;
 344              		.loc 1 180 0
 345 0016 0023     		movs	r3, #0
 346 0018 0393     		str	r3, [sp, #12]
 181:Src/stm32f4xx_hal_msp.c ****     GPIO_InitStruct.Speed = GPIO_SPEED_FREQ_LOW;
 347              		.loc 1 181 0
 348 001a 0493     		str	r3, [sp, #16]
 182:Src/stm32f4xx_hal_msp.c ****     GPIO_InitStruct.Alternate = GPIO_AF1_TIM1;
 349              		.loc 1 182 0
 350 001c 0123     		movs	r3, #1
 351 001e 0593     		str	r3, [sp, #20]
 183:Src/stm32f4xx_hal_msp.c ****     HAL_GPIO_Init(GPIOA, &GPIO_InitStruct);
 352              		.loc 1 183 0
 353 0020 1248     		ldr	r0, .L26+4
 354              	.LVL17:
 355 0022 01A9     		add	r1, sp, #4
 356 0024 FFF7FEFF 		bl	HAL_GPIO_Init
 357              	.LVL18:
 358 0028 1BE0     		b	.L22
 359              	.LVL19:
 360              	.L23:
 184:Src/stm32f4xx_hal_msp.c **** 
 185:Src/stm32f4xx_hal_msp.c ****   /* USER CODE BEGIN TIM1_MspPostInit 1 */
 186:Src/stm32f4xx_hal_msp.c **** 
 187:Src/stm32f4xx_hal_msp.c ****   /* USER CODE END TIM1_MspPostInit 1 */
 188:Src/stm32f4xx_hal_msp.c ****   }
 189:Src/stm32f4xx_hal_msp.c ****   else if(htim->Instance==TIM2)
 361              		.loc 1 189 0
 362 002a B3F1804F 		cmp	r3, #1073741824
 363 002e 18D1     		bne	.L22
 190:Src/stm32f4xx_hal_msp.c ****   {
 191:Src/stm32f4xx_hal_msp.c ****   /* USER CODE BEGIN TIM2_MspPostInit 0 */
 192:Src/stm32f4xx_hal_msp.c **** 
 193:Src/stm32f4xx_hal_msp.c ****   /* USER CODE END TIM2_MspPostInit 0 */
 194:Src/stm32f4xx_hal_msp.c ****   
 195:Src/stm32f4xx_hal_msp.c ****     /**TIM2 GPIO Configuration    
 196:Src/stm32f4xx_hal_msp.c ****     PB10     ------> TIM2_CH3
 197:Src/stm32f4xx_hal_msp.c ****     PA15     ------> TIM2_CH1
 198:Src/stm32f4xx_hal_msp.c ****     PB3     ------> TIM2_CH2 
 199:Src/stm32f4xx_hal_msp.c ****     */
 200:Src/stm32f4xx_hal_msp.c ****     GPIO_InitStruct.Pin = GPIO_PIN_10|GPIO_PIN_3;
 364              		.loc 1 200 0
 365 0030 4FF48163 		mov	r3, #1032
 366 0034 0193     		str	r3, [sp, #4]
 201:Src/stm32f4xx_hal_msp.c ****     GPIO_InitStruct.Mode = GPIO_MODE_AF_PP;
 367              		.loc 1 201 0
 368 0036 0226     		movs	r6, #2
 369 0038 0296     		str	r6, [sp, #8]
 202:Src/stm32f4xx_hal_msp.c ****     GPIO_InitStruct.Pull = GPIO_NOPULL;
 370              		.loc 1 202 0
 371 003a 0024     		movs	r4, #0
 372 003c 0394     		str	r4, [sp, #12]
 203:Src/stm32f4xx_hal_msp.c ****     GPIO_InitStruct.Speed = GPIO_SPEED_FREQ_LOW;
 373              		.loc 1 203 0
 374 003e 0494     		str	r4, [sp, #16]
 204:Src/stm32f4xx_hal_msp.c ****     GPIO_InitStruct.Alternate = GPIO_AF1_TIM2;
ARM GAS  /var/folders/68/n33lqcg953z5y1x0pvkj58xc0000gn/T//ccNHd5VO.s 			page 11


 375              		.loc 1 204 0
 376 0040 0125     		movs	r5, #1
 377 0042 0595     		str	r5, [sp, #20]
 205:Src/stm32f4xx_hal_msp.c ****     HAL_GPIO_Init(GPIOB, &GPIO_InitStruct);
 378              		.loc 1 205 0
 379 0044 0A48     		ldr	r0, .L26+8
 380              	.LVL20:
 381 0046 01A9     		add	r1, sp, #4
 382 0048 FFF7FEFF 		bl	HAL_GPIO_Init
 383              	.LVL21:
 206:Src/stm32f4xx_hal_msp.c **** 
 207:Src/stm32f4xx_hal_msp.c ****     GPIO_InitStruct.Pin = GPIO_PIN_15;
 384              		.loc 1 207 0
 385 004c 4FF40043 		mov	r3, #32768
 386 0050 0193     		str	r3, [sp, #4]
 208:Src/stm32f4xx_hal_msp.c ****     GPIO_InitStruct.Mode = GPIO_MODE_AF_PP;
 387              		.loc 1 208 0
 388 0052 0296     		str	r6, [sp, #8]
 209:Src/stm32f4xx_hal_msp.c ****     GPIO_InitStruct.Pull = GPIO_NOPULL;
 389              		.loc 1 209 0
 390 0054 0394     		str	r4, [sp, #12]
 210:Src/stm32f4xx_hal_msp.c ****     GPIO_InitStruct.Speed = GPIO_SPEED_FREQ_LOW;
 391              		.loc 1 210 0
 392 0056 0494     		str	r4, [sp, #16]
 211:Src/stm32f4xx_hal_msp.c ****     GPIO_InitStruct.Alternate = GPIO_AF1_TIM2;
 393              		.loc 1 211 0
 394 0058 0595     		str	r5, [sp, #20]
 212:Src/stm32f4xx_hal_msp.c ****     HAL_GPIO_Init(GPIOA, &GPIO_InitStruct);
 395              		.loc 1 212 0
 396 005a 0448     		ldr	r0, .L26+4
 397 005c 01A9     		add	r1, sp, #4
 398 005e FFF7FEFF 		bl	HAL_GPIO_Init
 399              	.LVL22:
 400              	.L22:
 213:Src/stm32f4xx_hal_msp.c **** 
 214:Src/stm32f4xx_hal_msp.c ****   /* USER CODE BEGIN TIM2_MspPostInit 1 */
 215:Src/stm32f4xx_hal_msp.c **** 
 216:Src/stm32f4xx_hal_msp.c ****   /* USER CODE END TIM2_MspPostInit 1 */
 217:Src/stm32f4xx_hal_msp.c ****   }
 218:Src/stm32f4xx_hal_msp.c **** 
 219:Src/stm32f4xx_hal_msp.c **** }
 401              		.loc 1 219 0
 402 0062 06B0     		add	sp, sp, #24
 403              	.LCFI12:
 404              		.cfi_def_cfa_offset 16
 405              		@ sp needed
 406 0064 70BD     		pop	{r4, r5, r6, pc}
 407              	.L27:
 408 0066 00BF     		.align	2
 409              	.L26:
 410 0068 00000140 		.word	1073807360
 411 006c 00000240 		.word	1073872896
 412 0070 00040240 		.word	1073873920
 413              		.cfi_endproc
 414              	.LFE127:
 416              		.section	.text.HAL_TIM_Base_MspDeInit,"ax",%progbits
 417              		.align	2
ARM GAS  /var/folders/68/n33lqcg953z5y1x0pvkj58xc0000gn/T//ccNHd5VO.s 			page 12


 418              		.global	HAL_TIM_Base_MspDeInit
 419              		.thumb
 420              		.thumb_func
 422              	HAL_TIM_Base_MspDeInit:
 423              	.LFB128:
 220:Src/stm32f4xx_hal_msp.c **** 
 221:Src/stm32f4xx_hal_msp.c **** void HAL_TIM_Base_MspDeInit(TIM_HandleTypeDef* htim_base)
 222:Src/stm32f4xx_hal_msp.c **** {
 424              		.loc 1 222 0
 425              		.cfi_startproc
 426              		@ args = 0, pretend = 0, frame = 0
 427              		@ frame_needed = 0, uses_anonymous_args = 0
 428              		@ link register save eliminated.
 429              	.LVL23:
 223:Src/stm32f4xx_hal_msp.c **** 
 224:Src/stm32f4xx_hal_msp.c ****   if(htim_base->Instance==TIM1)
 430              		.loc 1 224 0
 431 0000 0368     		ldr	r3, [r0]
 432 0002 094A     		ldr	r2, .L31
 433 0004 9342     		cmp	r3, r2
 434 0006 06D1     		bne	.L29
 225:Src/stm32f4xx_hal_msp.c ****   {
 226:Src/stm32f4xx_hal_msp.c ****   /* USER CODE BEGIN TIM1_MspDeInit 0 */
 227:Src/stm32f4xx_hal_msp.c **** 
 228:Src/stm32f4xx_hal_msp.c ****   /* USER CODE END TIM1_MspDeInit 0 */
 229:Src/stm32f4xx_hal_msp.c ****     /* Peripheral clock disable */
 230:Src/stm32f4xx_hal_msp.c ****     __HAL_RCC_TIM1_CLK_DISABLE();
 435              		.loc 1 230 0
 436 0008 02F59C32 		add	r2, r2, #79872
 437 000c 536C     		ldr	r3, [r2, #68]
 438 000e 23F00103 		bic	r3, r3, #1
 439 0012 5364     		str	r3, [r2, #68]
 440 0014 7047     		bx	lr
 441              	.L29:
 231:Src/stm32f4xx_hal_msp.c ****   /* USER CODE BEGIN TIM1_MspDeInit 1 */
 232:Src/stm32f4xx_hal_msp.c **** 
 233:Src/stm32f4xx_hal_msp.c ****   /* USER CODE END TIM1_MspDeInit 1 */
 234:Src/stm32f4xx_hal_msp.c ****   }
 235:Src/stm32f4xx_hal_msp.c ****   else if(htim_base->Instance==TIM2)
 442              		.loc 1 235 0
 443 0016 B3F1804F 		cmp	r3, #1073741824
 444 001a 04D1     		bne	.L28
 236:Src/stm32f4xx_hal_msp.c ****   {
 237:Src/stm32f4xx_hal_msp.c ****   /* USER CODE BEGIN TIM2_MspDeInit 0 */
 238:Src/stm32f4xx_hal_msp.c **** 
 239:Src/stm32f4xx_hal_msp.c ****   /* USER CODE END TIM2_MspDeInit 0 */
 240:Src/stm32f4xx_hal_msp.c ****     /* Peripheral clock disable */
 241:Src/stm32f4xx_hal_msp.c ****     __HAL_RCC_TIM2_CLK_DISABLE();
 445              		.loc 1 241 0
 446 001c 034A     		ldr	r2, .L31+4
 447 001e 136C     		ldr	r3, [r2, #64]
 448 0020 23F00103 		bic	r3, r3, #1
 449 0024 1364     		str	r3, [r2, #64]
 450              	.L28:
 451 0026 7047     		bx	lr
 452              	.L32:
 453              		.align	2
ARM GAS  /var/folders/68/n33lqcg953z5y1x0pvkj58xc0000gn/T//ccNHd5VO.s 			page 13


 454              	.L31:
 455 0028 00000140 		.word	1073807360
 456 002c 00380240 		.word	1073887232
 457              		.cfi_endproc
 458              	.LFE128:
 460              		.text
 461              	.Letext0:
 462              		.file 2 "Drivers/CMSIS/Device/ST/STM32F4xx/Include/stm32f401xe.h"
 463              		.file 3 "/usr/local/Cellar/arm-none-eabi-gcc/20150921/arm-none-eabi/include/machine/_default_types
 464              		.file 4 "/usr/local/Cellar/arm-none-eabi-gcc/20150921/arm-none-eabi/include/sys/_stdint.h"
 465              		.file 5 "Drivers/STM32F4xx_HAL_Driver/Inc/stm32f4xx_hal_def.h"
 466              		.file 6 "Drivers/STM32F4xx_HAL_Driver/Inc/stm32f4xx_hal_gpio.h"
 467              		.file 7 "Drivers/STM32F4xx_HAL_Driver/Inc/stm32f4xx_hal_dma.h"
 468              		.file 8 "Drivers/STM32F4xx_HAL_Driver/Inc/stm32f4xx_hal_adc.h"
 469              		.file 9 "Drivers/STM32F4xx_HAL_Driver/Inc/stm32f4xx_hal_tim.h"
 470              		.file 10 "Drivers/STM32F4xx_HAL_Driver/Inc/stm32f4xx_hal_cortex.h"
 471              		.file 11 "Drivers/CMSIS/Include/core_cm4.h"
ARM GAS  /var/folders/68/n33lqcg953z5y1x0pvkj58xc0000gn/T//ccNHd5VO.s 			page 14


DEFINED SYMBOLS
                            *ABS*:0000000000000000 stm32f4xx_hal_msp.c
/var/folders/68/n33lqcg953z5y1x0pvkj58xc0000gn/T//ccNHd5VO.s:21     .text.HAL_MspInit:0000000000000000 $t
/var/folders/68/n33lqcg953z5y1x0pvkj58xc0000gn/T//ccNHd5VO.s:26     .text.HAL_MspInit:0000000000000000 HAL_MspInit
/var/folders/68/n33lqcg953z5y1x0pvkj58xc0000gn/T//ccNHd5VO.s:120    .text.HAL_MspInit:0000000000000090 $d
/var/folders/68/n33lqcg953z5y1x0pvkj58xc0000gn/T//ccNHd5VO.s:125    .text.HAL_ADC_MspInit:0000000000000000 $t
/var/folders/68/n33lqcg953z5y1x0pvkj58xc0000gn/T//ccNHd5VO.s:130    .text.HAL_ADC_MspInit:0000000000000000 HAL_ADC_MspInit
/var/folders/68/n33lqcg953z5y1x0pvkj58xc0000gn/T//ccNHd5VO.s:192    .text.HAL_ADC_MspInit:0000000000000040 $d
/var/folders/68/n33lqcg953z5y1x0pvkj58xc0000gn/T//ccNHd5VO.s:198    .text.HAL_ADC_MspDeInit:0000000000000000 $t
/var/folders/68/n33lqcg953z5y1x0pvkj58xc0000gn/T//ccNHd5VO.s:203    .text.HAL_ADC_MspDeInit:0000000000000000 HAL_ADC_MspDeInit
/var/folders/68/n33lqcg953z5y1x0pvkj58xc0000gn/T//ccNHd5VO.s:236    .text.HAL_ADC_MspDeInit:0000000000000020 $d
/var/folders/68/n33lqcg953z5y1x0pvkj58xc0000gn/T//ccNHd5VO.s:243    .text.HAL_TIM_Base_MspInit:0000000000000000 $t
/var/folders/68/n33lqcg953z5y1x0pvkj58xc0000gn/T//ccNHd5VO.s:248    .text.HAL_TIM_Base_MspInit:0000000000000000 HAL_TIM_Base_MspInit
/var/folders/68/n33lqcg953z5y1x0pvkj58xc0000gn/T//ccNHd5VO.s:305    .text.HAL_TIM_Base_MspInit:0000000000000048 $d
/var/folders/68/n33lqcg953z5y1x0pvkj58xc0000gn/T//ccNHd5VO.s:311    .text.HAL_TIM_MspPostInit:0000000000000000 $t
/var/folders/68/n33lqcg953z5y1x0pvkj58xc0000gn/T//ccNHd5VO.s:316    .text.HAL_TIM_MspPostInit:0000000000000000 HAL_TIM_MspPostInit
/var/folders/68/n33lqcg953z5y1x0pvkj58xc0000gn/T//ccNHd5VO.s:410    .text.HAL_TIM_MspPostInit:0000000000000068 $d
/var/folders/68/n33lqcg953z5y1x0pvkj58xc0000gn/T//ccNHd5VO.s:417    .text.HAL_TIM_Base_MspDeInit:0000000000000000 $t
/var/folders/68/n33lqcg953z5y1x0pvkj58xc0000gn/T//ccNHd5VO.s:422    .text.HAL_TIM_Base_MspDeInit:0000000000000000 HAL_TIM_Base_MspDeInit
/var/folders/68/n33lqcg953z5y1x0pvkj58xc0000gn/T//ccNHd5VO.s:455    .text.HAL_TIM_Base_MspDeInit:0000000000000028 $d
                     .debug_frame:0000000000000010 $d

UNDEFINED SYMBOLS
HAL_NVIC_SetPriorityGrouping
HAL_NVIC_SetPriority
HAL_GPIO_Init
HAL_GPIO_DeInit
