Determining if the pthread_create exist failed with the following output:
Change Dir: /home/ben/Documents/enph253/Software/NeuralNet/raspicam-0.1.6/build/CMakeFiles/CMakeTmp

Run Build Command:"/usr/bin/make" "cmTC_59a79/fast"
/usr/bin/make -f CMakeFiles/cmTC_59a79.dir/build.make CMakeFiles/cmTC_59a79.dir/build
make[1]: Entering directory '/home/ben/Documents/enph253/Software/NeuralNet/raspicam-0.1.6/build/CMakeFiles/CMakeTmp'
Building C object CMakeFiles/cmTC_59a79.dir/CheckSymbolExists.c.o
/usr/bin/cc    -fPIC    -o CMakeFiles/cmTC_59a79.dir/CheckSymbolExists.c.o   -c /home/ben/Documents/enph253/Software/NeuralNet/raspicam-0.1.6/build/CMakeFiles/CMakeTmp/CheckSymbolExists.c
Linking C executable cmTC_59a79
/usr/bin/cmake -E cmake_link_script CMakeFiles/cmTC_59a79.dir/link.txt --verbose=1
/usr/bin/cc  -fPIC     CMakeFiles/cmTC_59a79.dir/CheckSymbolExists.c.o  -o cmTC_59a79 -rdynamic 
CMakeFiles/cmTC_59a79.dir/CheckSymbolExists.c.o: In function `main':
CheckSymbolExists.c:(.text+0x1b): undefined reference to `pthread_create'
collect2: error: ld returned 1 exit status
CMakeFiles/cmTC_59a79.dir/build.make:97: recipe for target 'cmTC_59a79' failed
make[1]: *** [cmTC_59a79] Error 1
make[1]: Leaving directory '/home/ben/Documents/enph253/Software/NeuralNet/raspicam-0.1.6/build/CMakeFiles/CMakeTmp'
Makefile:126: recipe for target 'cmTC_59a79/fast' failed
make: *** [cmTC_59a79/fast] Error 2

File /home/ben/Documents/enph253/Software/NeuralNet/raspicam-0.1.6/build/CMakeFiles/CMakeTmp/CheckSymbolExists.c:
/* */
#include <pthread.h>

int main(int argc, char** argv)
{
  (void)argv;
#ifndef pthread_create
  return ((int*)(&pthread_create))[argc];
#else
  (void)argc;
  return 0;
#endif
}

Determining if the function pthread_create exists in the pthreads failed with the following output:
Change Dir: /home/ben/Documents/enph253/Software/NeuralNet/raspicam-0.1.6/build/CMakeFiles/CMakeTmp

Run Build Command:"/usr/bin/make" "cmTC_c9b43/fast"
/usr/bin/make -f CMakeFiles/cmTC_c9b43.dir/build.make CMakeFiles/cmTC_c9b43.dir/build
make[1]: Entering directory '/home/ben/Documents/enph253/Software/NeuralNet/raspicam-0.1.6/build/CMakeFiles/CMakeTmp'
Building C object CMakeFiles/cmTC_c9b43.dir/CheckFunctionExists.c.o
/usr/bin/cc    -fPIC -DCHECK_FUNCTION_EXISTS=pthread_create   -o CMakeFiles/cmTC_c9b43.dir/CheckFunctionExists.c.o   -c /usr/share/cmake-3.5/Modules/CheckFunctionExists.c
Linking C executable cmTC_c9b43
/usr/bin/cmake -E cmake_link_script CMakeFiles/cmTC_c9b43.dir/link.txt --verbose=1
/usr/bin/cc  -fPIC -DCHECK_FUNCTION_EXISTS=pthread_create    CMakeFiles/cmTC_c9b43.dir/CheckFunctionExists.c.o  -o cmTC_c9b43 -rdynamic -lpthreads 
/usr/bin/ld: cannot find -lpthreads
collect2: error: ld returned 1 exit status
CMakeFiles/cmTC_c9b43.dir/build.make:97: recipe for target 'cmTC_c9b43' failed
make[1]: *** [cmTC_c9b43] Error 1
make[1]: Leaving directory '/home/ben/Documents/enph253/Software/NeuralNet/raspicam-0.1.6/build/CMakeFiles/CMakeTmp'
Makefile:126: recipe for target 'cmTC_c9b43/fast' failed
make: *** [cmTC_c9b43/fast] Error 2


