ARM GAS  /var/folders/ck/4xtm3skj1ssb0w4rn7_4q_gw0000gn/T//ccNJ2kNd.s 			page 1


   1              		.syntax unified
   2              		.cpu cortex-m4
   3              		.eabi_attribute 27, 1
   4              		.eabi_attribute 28, 1
   5              		.fpu fpv4-sp-d16
   6              		.eabi_attribute 20, 1
   7              		.eabi_attribute 21, 1
   8              		.eabi_attribute 23, 3
   9              		.eabi_attribute 24, 1
  10              		.eabi_attribute 25, 1
  11              		.eabi_attribute 26, 1
  12              		.eabi_attribute 30, 1
  13              		.eabi_attribute 34, 1
  14              		.eabi_attribute 18, 4
  15              		.thumb
  16              		.file	"main.c"
  17              		.text
  18              	.Ltext0:
  19              		.cfi_sections	.debug_frame
  20              		.section	.text.MX_GPIO_Init,"ax",%progbits
  21              		.align	2
  22              		.thumb
  23              		.thumb_func
  25              	MX_GPIO_Init:
  26              	.LFB132:
  27              		.file 1 "Src/main.c"
   1:Src/main.c    **** 
   2:Src/main.c    **** /**
   3:Src/main.c    ****   ******************************************************************************
   4:Src/main.c    ****   * @file           : main.c
   5:Src/main.c    ****   * @brief          : Main program body
   6:Src/main.c    ****   ******************************************************************************
   7:Src/main.c    ****   ** This notice applies to any and all portions of this file
   8:Src/main.c    ****   * that are not between comment pairs USER CODE BEGIN and
   9:Src/main.c    ****   * USER CODE END. Other portions of this file, whether 
  10:Src/main.c    ****   * inserted by the user or by software development tools
  11:Src/main.c    ****   * are owned by their respective copyright owners.
  12:Src/main.c    ****   *
  13:Src/main.c    ****   * COPYRIGHT(c) 2018 STMicroelectronics
  14:Src/main.c    ****   *
  15:Src/main.c    ****   * Redistribution and use in source and binary forms, with or without modification,
  16:Src/main.c    ****   * are permitted provided that the following conditions are met:
  17:Src/main.c    ****   *   1. Redistributions of source code must retain the above copyright notice,
  18:Src/main.c    ****   *      this list of conditions and the following disclaimer.
  19:Src/main.c    ****   *   2. Redistributions in binary form must reproduce the above copyright notice,
  20:Src/main.c    ****   *      this list of conditions and the following disclaimer in the documentation
  21:Src/main.c    ****   *      and/or other materials provided with the distribution.
  22:Src/main.c    ****   *   3. Neither the name of STMicroelectronics nor the names of its contributors
  23:Src/main.c    ****   *      may be used to endorse or promote products derived from this software
  24:Src/main.c    ****   *      without specific prior written permission.
  25:Src/main.c    ****   *
  26:Src/main.c    ****   * THIS SOFTWARE IS PROVIDED BY THE COPYRIGHT HOLDERS AND CONTRIBUTORS "AS IS"
  27:Src/main.c    ****   * AND ANY EXPRESS OR IMPLIED WARRANTIES, INCLUDING, BUT NOT LIMITED TO, THE
  28:Src/main.c    ****   * IMPLIED WARRANTIES OF MERCHANTABILITY AND FITNESS FOR A PARTICULAR PURPOSE ARE
  29:Src/main.c    ****   * DISCLAIMED. IN NO EVENT SHALL THE COPYRIGHT HOLDER OR CONTRIBUTORS BE LIABLE
  30:Src/main.c    ****   * FOR ANY DIRECT, INDIRECT, INCIDENTAL, SPECIAL, EXEMPLARY, OR CONSEQUENTIAL
  31:Src/main.c    ****   * DAMAGES (INCLUDING, BUT NOT LIMITED TO, PROCUREMENT OF SUBSTITUTE GOODS OR
ARM GAS  /var/folders/ck/4xtm3skj1ssb0w4rn7_4q_gw0000gn/T//ccNJ2kNd.s 			page 2


  32:Src/main.c    ****   * SERVICES; LOSS OF USE, DATA, OR PROFITS; OR BUSINESS INTERRUPTION) HOWEVER
  33:Src/main.c    ****   * CAUSED AND ON ANY THEORY OF LIABILITY, WHETHER IN CONTRACT, STRICT LIABILITY,
  34:Src/main.c    ****   * OR TORT (INCLUDING NEGLIGENCE OR OTHERWISE) ARISING IN ANY WAY OUT OF THE USE
  35:Src/main.c    ****   * OF THIS SOFTWARE, EVEN IF ADVISED OF THE POSSIBILITY OF SUCH DAMAGE.
  36:Src/main.c    ****   *
  37:Src/main.c    ****   ******************************************************************************
  38:Src/main.c    ****   */
  39:Src/main.c    **** /* Includes ------------------------------------------------------------------*/
  40:Src/main.c    **** #include "main.h"
  41:Src/main.c    **** #include "stm32f4xx_hal.h"
  42:Src/main.c    **** 
  43:Src/main.c    **** /* USER CODE BEGIN Includes */
  44:Src/main.c    **** #include "fonts.h"
  45:Src/main.c    **** #include "ssd1306.h"
  46:Src/main.c    **** /* USER CODE END Includes */
  47:Src/main.c    **** 
  48:Src/main.c    **** /* Private variables ---------------------------------------------------------*/
  49:Src/main.c    **** I2C_HandleTypeDef hi2c1;
  50:Src/main.c    **** 
  51:Src/main.c    **** TIM_HandleTypeDef htim1;
  52:Src/main.c    **** TIM_HandleTypeDef htim2;
  53:Src/main.c    **** TIM_HandleTypeDef htim3;
  54:Src/main.c    **** TIM_HandleTypeDef htim10;
  55:Src/main.c    **** TIM_HandleTypeDef htim11;
  56:Src/main.c    **** 
  57:Src/main.c    **** UART_HandleTypeDef huart6;
  58:Src/main.c    **** 
  59:Src/main.c    **** /* USER CODE BEGIN PV */
  60:Src/main.c    **** /* Private variables ---------------------------------------------------------*/
  61:Src/main.c    **** 
  62:Src/main.c    **** /* USER CODE END PV */
  63:Src/main.c    **** 
  64:Src/main.c    **** /* Private function prototypes -----------------------------------------------*/
  65:Src/main.c    **** void SystemClock_Config(void);
  66:Src/main.c    **** static void MX_GPIO_Init(void);
  67:Src/main.c    **** static void MX_I2C1_Init(void);
  68:Src/main.c    **** static void MX_TIM1_Init(void);
  69:Src/main.c    **** static void MX_TIM2_Init(void);
  70:Src/main.c    **** static void MX_TIM3_Init(void);
  71:Src/main.c    **** static void MX_TIM10_Init(void);
  72:Src/main.c    **** static void MX_TIM11_Init(void);
  73:Src/main.c    **** static void MX_USART6_UART_Init(void);
  74:Src/main.c    ****                                     
  75:Src/main.c    **** void HAL_TIM_MspPostInit(TIM_HandleTypeDef *htim);
  76:Src/main.c    ****                                 
  77:Src/main.c    ****                                 
  78:Src/main.c    **** 
  79:Src/main.c    **** /* USER CODE BEGIN PFP */
  80:Src/main.c    **** /* Private function prototypes -----------------------------------------------*/
  81:Src/main.c    **** 
  82:Src/main.c    **** /* USER CODE END PFP */
  83:Src/main.c    **** 
  84:Src/main.c    **** /* USER CODE BEGIN 0 */
  85:Src/main.c    **** 
  86:Src/main.c    **** /* USER CODE END 0 */
  87:Src/main.c    **** 
  88:Src/main.c    **** /**
ARM GAS  /var/folders/ck/4xtm3skj1ssb0w4rn7_4q_gw0000gn/T//ccNJ2kNd.s 			page 3


  89:Src/main.c    ****   * @brief  The application entry point.
  90:Src/main.c    ****   *
  91:Src/main.c    ****   * @retval None
  92:Src/main.c    ****   */
  93:Src/main.c    **** int main(void)
  94:Src/main.c    **** {
  95:Src/main.c    ****   /* USER CODE BEGIN 1 */
  96:Src/main.c    **** 
  97:Src/main.c    ****   /* USER CODE END 1 */
  98:Src/main.c    **** 
  99:Src/main.c    ****   /* MCU Configuration----------------------------------------------------------*/
 100:Src/main.c    **** 
 101:Src/main.c    ****   /* Reset of all peripherals, Initializes the Flash interface and the Systick. */
 102:Src/main.c    ****   HAL_Init();
 103:Src/main.c    **** 
 104:Src/main.c    ****   /* USER CODE BEGIN Init */
 105:Src/main.c    **** 
 106:Src/main.c    ****   /* USER CODE END Init */
 107:Src/main.c    **** 
 108:Src/main.c    ****   /* Configure the system clock */
 109:Src/main.c    ****   SystemClock_Config();
 110:Src/main.c    **** 
 111:Src/main.c    ****   /* USER CODE BEGIN SysInit */
 112:Src/main.c    **** 
 113:Src/main.c    ****   /* USER CODE END SysInit */
 114:Src/main.c    **** 
 115:Src/main.c    ****   /* Initialize all configured peripherals */
 116:Src/main.c    ****   MX_GPIO_Init();
 117:Src/main.c    ****   MX_I2C1_Init();
 118:Src/main.c    ****   MX_TIM1_Init();
 119:Src/main.c    ****   MX_TIM2_Init();
 120:Src/main.c    ****   MX_TIM3_Init();
 121:Src/main.c    ****   MX_TIM10_Init();
 122:Src/main.c    ****   MX_TIM11_Init();
 123:Src/main.c    ****   MX_USART6_UART_Init();
 124:Src/main.c    ****   /* USER CODE BEGIN 2 */
 125:Src/main.c    ****   ssd1306_Init();
 126:Src/main.c    ****   HAL_Delay(1000);
 127:Src/main.c    ****   ssd1306_Fill(Black);
 128:Src/main.c    ****   ssd1306_UpdateScreen();
 129:Src/main.c    **** 
 130:Src/main.c    ****   HAL_Delay(1000);
 131:Src/main.c    **** 
 132:Src/main.c    ****   ssd1306_SetCursor(0,0);
 133:Src/main.c    ****   ssd1306_WriteString("Sup fellas",Font_11x18,White);
 134:Src/main.c    **** 
 135:Src/main.c    ****   ssd1306_UpdateScreen();
 136:Src/main.c    ****   /* USER CODE END 2 */
 137:Src/main.c    **** 
 138:Src/main.c    ****   /* Infinite loop */
 139:Src/main.c    ****   /* USER CODE BEGIN WHILE */
 140:Src/main.c    ****   while (1)
 141:Src/main.c    ****   {
 142:Src/main.c    ****     int pc13 = HAL_GPIO_ReadPin(GPIOC, GPIO_PIN_14);
 143:Src/main.c    ****     if (pc13) {
 144:Src/main.c    ****       ssd1306_SetCursor(0,0);
 145:Src/main.c    ****       ssd1306_WriteChar(pc13,Font_11x18,White);
ARM GAS  /var/folders/ck/4xtm3skj1ssb0w4rn7_4q_gw0000gn/T//ccNJ2kNd.s 			page 4


 146:Src/main.c    ****       ssd1306_UpdateScreen();
 147:Src/main.c    ****     } else {
 148:Src/main.c    ****       ssd1306_SetCursor(0,0);
 149:Src/main.c    ****       ssd1306_WriteString("Howdy Doo",Font_11x18,White);
 150:Src/main.c    **** 
 151:Src/main.c    ****       ssd1306_UpdateScreen();
 152:Src/main.c    ****     }
 153:Src/main.c    ****     
 154:Src/main.c    ****   /* USER CODE END WHILE */
 155:Src/main.c    **** 
 156:Src/main.c    ****   /* USER CODE BEGIN 3 */
 157:Src/main.c    **** 
 158:Src/main.c    ****   }
 159:Src/main.c    ****   /* USER CODE END 3 */
 160:Src/main.c    **** 
 161:Src/main.c    **** }
 162:Src/main.c    **** 
 163:Src/main.c    **** /**
 164:Src/main.c    ****   * @brief System Clock Configuration
 165:Src/main.c    ****   * @retval None
 166:Src/main.c    ****   */
 167:Src/main.c    **** void SystemClock_Config(void)
 168:Src/main.c    **** {
 169:Src/main.c    **** 
 170:Src/main.c    ****   RCC_OscInitTypeDef RCC_OscInitStruct;
 171:Src/main.c    ****   RCC_ClkInitTypeDef RCC_ClkInitStruct;
 172:Src/main.c    **** 
 173:Src/main.c    ****     /**Configure the main internal regulator output voltage 
 174:Src/main.c    ****     */
 175:Src/main.c    ****   __HAL_RCC_PWR_CLK_ENABLE();
 176:Src/main.c    **** 
 177:Src/main.c    ****   __HAL_PWR_VOLTAGESCALING_CONFIG(PWR_REGULATOR_VOLTAGE_SCALE2);
 178:Src/main.c    **** 
 179:Src/main.c    ****     /**Initializes the CPU, AHB and APB busses clocks 
 180:Src/main.c    ****     */
 181:Src/main.c    ****   RCC_OscInitStruct.OscillatorType = RCC_OSCILLATORTYPE_HSI;
 182:Src/main.c    ****   RCC_OscInitStruct.HSIState = RCC_HSI_ON;
 183:Src/main.c    ****   RCC_OscInitStruct.HSICalibrationValue = 16;
 184:Src/main.c    ****   RCC_OscInitStruct.PLL.PLLState = RCC_PLL_ON;
 185:Src/main.c    ****   RCC_OscInitStruct.PLL.PLLSource = RCC_PLLSOURCE_HSI;
 186:Src/main.c    ****   RCC_OscInitStruct.PLL.PLLM = 8;
 187:Src/main.c    ****   RCC_OscInitStruct.PLL.PLLN = 72;
 188:Src/main.c    ****   RCC_OscInitStruct.PLL.PLLP = RCC_PLLP_DIV2;
 189:Src/main.c    ****   RCC_OscInitStruct.PLL.PLLQ = 4;
 190:Src/main.c    ****   if (HAL_RCC_OscConfig(&RCC_OscInitStruct) != HAL_OK)
 191:Src/main.c    ****   {
 192:Src/main.c    ****     _Error_Handler(__FILE__, __LINE__);
 193:Src/main.c    ****   }
 194:Src/main.c    **** 
 195:Src/main.c    ****     /**Initializes the CPU, AHB and APB busses clocks 
 196:Src/main.c    ****     */
 197:Src/main.c    ****   RCC_ClkInitStruct.ClockType = RCC_CLOCKTYPE_HCLK|RCC_CLOCKTYPE_SYSCLK
 198:Src/main.c    ****                               |RCC_CLOCKTYPE_PCLK1|RCC_CLOCKTYPE_PCLK2;
 199:Src/main.c    ****   RCC_ClkInitStruct.SYSCLKSource = RCC_SYSCLKSOURCE_PLLCLK;
 200:Src/main.c    ****   RCC_ClkInitStruct.AHBCLKDivider = RCC_SYSCLK_DIV1;
 201:Src/main.c    ****   RCC_ClkInitStruct.APB1CLKDivider = RCC_HCLK_DIV2;
 202:Src/main.c    ****   RCC_ClkInitStruct.APB2CLKDivider = RCC_HCLK_DIV4;
ARM GAS  /var/folders/ck/4xtm3skj1ssb0w4rn7_4q_gw0000gn/T//ccNJ2kNd.s 			page 5


 203:Src/main.c    **** 
 204:Src/main.c    ****   if (HAL_RCC_ClockConfig(&RCC_ClkInitStruct, FLASH_LATENCY_2) != HAL_OK)
 205:Src/main.c    ****   {
 206:Src/main.c    ****     _Error_Handler(__FILE__, __LINE__);
 207:Src/main.c    ****   }
 208:Src/main.c    **** 
 209:Src/main.c    ****     /**Configure the Systick interrupt time 
 210:Src/main.c    ****     */
 211:Src/main.c    ****   HAL_SYSTICK_Config(HAL_RCC_GetHCLKFreq()/1000);
 212:Src/main.c    **** 
 213:Src/main.c    ****     /**Configure the Systick 
 214:Src/main.c    ****     */
 215:Src/main.c    ****   HAL_SYSTICK_CLKSourceConfig(SYSTICK_CLKSOURCE_HCLK);
 216:Src/main.c    **** 
 217:Src/main.c    ****   /* SysTick_IRQn interrupt configuration */
 218:Src/main.c    ****   HAL_NVIC_SetPriority(SysTick_IRQn, 0, 0);
 219:Src/main.c    **** }
 220:Src/main.c    **** 
 221:Src/main.c    **** /* I2C1 init function */
 222:Src/main.c    **** static void MX_I2C1_Init(void)
 223:Src/main.c    **** {
 224:Src/main.c    **** 
 225:Src/main.c    ****   hi2c1.Instance = I2C1;
 226:Src/main.c    ****   hi2c1.Init.ClockSpeed = 100000;
 227:Src/main.c    ****   hi2c1.Init.DutyCycle = I2C_DUTYCYCLE_2;
 228:Src/main.c    ****   hi2c1.Init.OwnAddress1 = 0;
 229:Src/main.c    ****   hi2c1.Init.AddressingMode = I2C_ADDRESSINGMODE_7BIT;
 230:Src/main.c    ****   hi2c1.Init.DualAddressMode = I2C_DUALADDRESS_DISABLE;
 231:Src/main.c    ****   hi2c1.Init.OwnAddress2 = 0;
 232:Src/main.c    ****   hi2c1.Init.GeneralCallMode = I2C_GENERALCALL_DISABLE;
 233:Src/main.c    ****   hi2c1.Init.NoStretchMode = I2C_NOSTRETCH_DISABLE;
 234:Src/main.c    ****   if (HAL_I2C_Init(&hi2c1) != HAL_OK)
 235:Src/main.c    ****   {
 236:Src/main.c    ****     _Error_Handler(__FILE__, __LINE__);
 237:Src/main.c    ****   }
 238:Src/main.c    **** 
 239:Src/main.c    **** }
 240:Src/main.c    **** 
 241:Src/main.c    **** /* TIM1 init function */
 242:Src/main.c    **** static void MX_TIM1_Init(void)
 243:Src/main.c    **** {
 244:Src/main.c    **** 
 245:Src/main.c    ****   TIM_ClockConfigTypeDef sClockSourceConfig;
 246:Src/main.c    ****   TIM_MasterConfigTypeDef sMasterConfig;
 247:Src/main.c    ****   TIM_OC_InitTypeDef sConfigOC;
 248:Src/main.c    ****   TIM_BreakDeadTimeConfigTypeDef sBreakDeadTimeConfig;
 249:Src/main.c    **** 
 250:Src/main.c    ****   htim1.Instance = TIM1;
 251:Src/main.c    ****   htim1.Init.Prescaler = 0;
 252:Src/main.c    ****   htim1.Init.CounterMode = TIM_COUNTERMODE_UP;
 253:Src/main.c    ****   htim1.Init.Period = 0;
 254:Src/main.c    ****   htim1.Init.ClockDivision = TIM_CLOCKDIVISION_DIV1;
 255:Src/main.c    ****   htim1.Init.RepetitionCounter = 0;
 256:Src/main.c    ****   if (HAL_TIM_Base_Init(&htim1) != HAL_OK)
 257:Src/main.c    ****   {
 258:Src/main.c    ****     _Error_Handler(__FILE__, __LINE__);
 259:Src/main.c    ****   }
ARM GAS  /var/folders/ck/4xtm3skj1ssb0w4rn7_4q_gw0000gn/T//ccNJ2kNd.s 			page 6


 260:Src/main.c    **** 
 261:Src/main.c    ****   sClockSourceConfig.ClockSource = TIM_CLOCKSOURCE_INTERNAL;
 262:Src/main.c    ****   if (HAL_TIM_ConfigClockSource(&htim1, &sClockSourceConfig) != HAL_OK)
 263:Src/main.c    ****   {
 264:Src/main.c    ****     _Error_Handler(__FILE__, __LINE__);
 265:Src/main.c    ****   }
 266:Src/main.c    **** 
 267:Src/main.c    ****   if (HAL_TIM_PWM_Init(&htim1) != HAL_OK)
 268:Src/main.c    ****   {
 269:Src/main.c    ****     _Error_Handler(__FILE__, __LINE__);
 270:Src/main.c    ****   }
 271:Src/main.c    **** 
 272:Src/main.c    ****   sMasterConfig.MasterOutputTrigger = TIM_TRGO_RESET;
 273:Src/main.c    ****   sMasterConfig.MasterSlaveMode = TIM_MASTERSLAVEMODE_DISABLE;
 274:Src/main.c    ****   if (HAL_TIMEx_MasterConfigSynchronization(&htim1, &sMasterConfig) != HAL_OK)
 275:Src/main.c    ****   {
 276:Src/main.c    ****     _Error_Handler(__FILE__, __LINE__);
 277:Src/main.c    ****   }
 278:Src/main.c    **** 
 279:Src/main.c    ****   sConfigOC.OCMode = TIM_OCMODE_PWM1;
 280:Src/main.c    ****   sConfigOC.Pulse = 0;
 281:Src/main.c    ****   sConfigOC.OCPolarity = TIM_OCPOLARITY_HIGH;
 282:Src/main.c    ****   sConfigOC.OCNPolarity = TIM_OCNPOLARITY_HIGH;
 283:Src/main.c    ****   sConfigOC.OCFastMode = TIM_OCFAST_DISABLE;
 284:Src/main.c    ****   sConfigOC.OCIdleState = TIM_OCIDLESTATE_RESET;
 285:Src/main.c    ****   sConfigOC.OCNIdleState = TIM_OCNIDLESTATE_RESET;
 286:Src/main.c    ****   if (HAL_TIM_PWM_ConfigChannel(&htim1, &sConfigOC, TIM_CHANNEL_1) != HAL_OK)
 287:Src/main.c    ****   {
 288:Src/main.c    ****     _Error_Handler(__FILE__, __LINE__);
 289:Src/main.c    ****   }
 290:Src/main.c    **** 
 291:Src/main.c    ****   if (HAL_TIM_PWM_ConfigChannel(&htim1, &sConfigOC, TIM_CHANNEL_2) != HAL_OK)
 292:Src/main.c    ****   {
 293:Src/main.c    ****     _Error_Handler(__FILE__, __LINE__);
 294:Src/main.c    ****   }
 295:Src/main.c    **** 
 296:Src/main.c    ****   if (HAL_TIM_PWM_ConfigChannel(&htim1, &sConfigOC, TIM_CHANNEL_3) != HAL_OK)
 297:Src/main.c    ****   {
 298:Src/main.c    ****     _Error_Handler(__FILE__, __LINE__);
 299:Src/main.c    ****   }
 300:Src/main.c    **** 
 301:Src/main.c    ****   if (HAL_TIM_PWM_ConfigChannel(&htim1, &sConfigOC, TIM_CHANNEL_4) != HAL_OK)
 302:Src/main.c    ****   {
 303:Src/main.c    ****     _Error_Handler(__FILE__, __LINE__);
 304:Src/main.c    ****   }
 305:Src/main.c    **** 
 306:Src/main.c    ****   sBreakDeadTimeConfig.OffStateRunMode = TIM_OSSR_DISABLE;
 307:Src/main.c    ****   sBreakDeadTimeConfig.OffStateIDLEMode = TIM_OSSI_DISABLE;
 308:Src/main.c    ****   sBreakDeadTimeConfig.LockLevel = TIM_LOCKLEVEL_OFF;
 309:Src/main.c    ****   sBreakDeadTimeConfig.DeadTime = 0;
 310:Src/main.c    ****   sBreakDeadTimeConfig.BreakState = TIM_BREAK_DISABLE;
 311:Src/main.c    ****   sBreakDeadTimeConfig.BreakPolarity = TIM_BREAKPOLARITY_HIGH;
 312:Src/main.c    ****   sBreakDeadTimeConfig.AutomaticOutput = TIM_AUTOMATICOUTPUT_DISABLE;
 313:Src/main.c    ****   if (HAL_TIMEx_ConfigBreakDeadTime(&htim1, &sBreakDeadTimeConfig) != HAL_OK)
 314:Src/main.c    ****   {
 315:Src/main.c    ****     _Error_Handler(__FILE__, __LINE__);
 316:Src/main.c    ****   }
ARM GAS  /var/folders/ck/4xtm3skj1ssb0w4rn7_4q_gw0000gn/T//ccNJ2kNd.s 			page 7


 317:Src/main.c    **** 
 318:Src/main.c    ****   HAL_TIM_MspPostInit(&htim1);
 319:Src/main.c    **** 
 320:Src/main.c    **** }
 321:Src/main.c    **** 
 322:Src/main.c    **** /* TIM2 init function */
 323:Src/main.c    **** static void MX_TIM2_Init(void)
 324:Src/main.c    **** {
 325:Src/main.c    **** 
 326:Src/main.c    ****   TIM_ClockConfigTypeDef sClockSourceConfig;
 327:Src/main.c    ****   TIM_MasterConfigTypeDef sMasterConfig;
 328:Src/main.c    ****   TIM_OC_InitTypeDef sConfigOC;
 329:Src/main.c    **** 
 330:Src/main.c    ****   htim2.Instance = TIM2;
 331:Src/main.c    ****   htim2.Init.Prescaler = 0;
 332:Src/main.c    ****   htim2.Init.CounterMode = TIM_COUNTERMODE_UP;
 333:Src/main.c    ****   htim2.Init.Period = 0;
 334:Src/main.c    ****   htim2.Init.ClockDivision = TIM_CLOCKDIVISION_DIV1;
 335:Src/main.c    ****   if (HAL_TIM_Base_Init(&htim2) != HAL_OK)
 336:Src/main.c    ****   {
 337:Src/main.c    ****     _Error_Handler(__FILE__, __LINE__);
 338:Src/main.c    ****   }
 339:Src/main.c    **** 
 340:Src/main.c    ****   sClockSourceConfig.ClockSource = TIM_CLOCKSOURCE_INTERNAL;
 341:Src/main.c    ****   if (HAL_TIM_ConfigClockSource(&htim2, &sClockSourceConfig) != HAL_OK)
 342:Src/main.c    ****   {
 343:Src/main.c    ****     _Error_Handler(__FILE__, __LINE__);
 344:Src/main.c    ****   }
 345:Src/main.c    **** 
 346:Src/main.c    ****   if (HAL_TIM_PWM_Init(&htim2) != HAL_OK)
 347:Src/main.c    ****   {
 348:Src/main.c    ****     _Error_Handler(__FILE__, __LINE__);
 349:Src/main.c    ****   }
 350:Src/main.c    **** 
 351:Src/main.c    ****   sMasterConfig.MasterOutputTrigger = TIM_TRGO_RESET;
 352:Src/main.c    ****   sMasterConfig.MasterSlaveMode = TIM_MASTERSLAVEMODE_DISABLE;
 353:Src/main.c    ****   if (HAL_TIMEx_MasterConfigSynchronization(&htim2, &sMasterConfig) != HAL_OK)
 354:Src/main.c    ****   {
 355:Src/main.c    ****     _Error_Handler(__FILE__, __LINE__);
 356:Src/main.c    ****   }
 357:Src/main.c    **** 
 358:Src/main.c    ****   sConfigOC.OCMode = TIM_OCMODE_PWM1;
 359:Src/main.c    ****   sConfigOC.Pulse = 0;
 360:Src/main.c    ****   sConfigOC.OCPolarity = TIM_OCPOLARITY_HIGH;
 361:Src/main.c    ****   sConfigOC.OCFastMode = TIM_OCFAST_DISABLE;
 362:Src/main.c    ****   if (HAL_TIM_PWM_ConfigChannel(&htim2, &sConfigOC, TIM_CHANNEL_1) != HAL_OK)
 363:Src/main.c    ****   {
 364:Src/main.c    ****     _Error_Handler(__FILE__, __LINE__);
 365:Src/main.c    ****   }
 366:Src/main.c    **** 
 367:Src/main.c    ****   if (HAL_TIM_PWM_ConfigChannel(&htim2, &sConfigOC, TIM_CHANNEL_2) != HAL_OK)
 368:Src/main.c    ****   {
 369:Src/main.c    ****     _Error_Handler(__FILE__, __LINE__);
 370:Src/main.c    ****   }
 371:Src/main.c    **** 
 372:Src/main.c    ****   if (HAL_TIM_PWM_ConfigChannel(&htim2, &sConfigOC, TIM_CHANNEL_3) != HAL_OK)
 373:Src/main.c    ****   {
ARM GAS  /var/folders/ck/4xtm3skj1ssb0w4rn7_4q_gw0000gn/T//ccNJ2kNd.s 			page 8


 374:Src/main.c    ****     _Error_Handler(__FILE__, __LINE__);
 375:Src/main.c    ****   }
 376:Src/main.c    **** 
 377:Src/main.c    ****   if (HAL_TIM_PWM_ConfigChannel(&htim2, &sConfigOC, TIM_CHANNEL_4) != HAL_OK)
 378:Src/main.c    ****   {
 379:Src/main.c    ****     _Error_Handler(__FILE__, __LINE__);
 380:Src/main.c    ****   }
 381:Src/main.c    **** 
 382:Src/main.c    ****   HAL_TIM_MspPostInit(&htim2);
 383:Src/main.c    **** 
 384:Src/main.c    **** }
 385:Src/main.c    **** 
 386:Src/main.c    **** /* TIM3 init function */
 387:Src/main.c    **** static void MX_TIM3_Init(void)
 388:Src/main.c    **** {
 389:Src/main.c    **** 
 390:Src/main.c    ****   TIM_ClockConfigTypeDef sClockSourceConfig;
 391:Src/main.c    ****   TIM_MasterConfigTypeDef sMasterConfig;
 392:Src/main.c    **** 
 393:Src/main.c    ****   htim3.Instance = TIM3;
 394:Src/main.c    ****   htim3.Init.Prescaler = 0;
 395:Src/main.c    ****   htim3.Init.CounterMode = TIM_COUNTERMODE_UP;
 396:Src/main.c    ****   htim3.Init.Period = 0;
 397:Src/main.c    ****   htim3.Init.ClockDivision = TIM_CLOCKDIVISION_DIV1;
 398:Src/main.c    ****   if (HAL_TIM_Base_Init(&htim3) != HAL_OK)
 399:Src/main.c    ****   {
 400:Src/main.c    ****     _Error_Handler(__FILE__, __LINE__);
 401:Src/main.c    ****   }
 402:Src/main.c    **** 
 403:Src/main.c    ****   sClockSourceConfig.ClockSource = TIM_CLOCKSOURCE_INTERNAL;
 404:Src/main.c    ****   if (HAL_TIM_ConfigClockSource(&htim3, &sClockSourceConfig) != HAL_OK)
 405:Src/main.c    ****   {
 406:Src/main.c    ****     _Error_Handler(__FILE__, __LINE__);
 407:Src/main.c    ****   }
 408:Src/main.c    **** 
 409:Src/main.c    ****   sMasterConfig.MasterOutputTrigger = TIM_TRGO_RESET;
 410:Src/main.c    ****   sMasterConfig.MasterSlaveMode = TIM_MASTERSLAVEMODE_DISABLE;
 411:Src/main.c    ****   if (HAL_TIMEx_MasterConfigSynchronization(&htim3, &sMasterConfig) != HAL_OK)
 412:Src/main.c    ****   {
 413:Src/main.c    ****     _Error_Handler(__FILE__, __LINE__);
 414:Src/main.c    ****   }
 415:Src/main.c    **** 
 416:Src/main.c    **** }
 417:Src/main.c    **** 
 418:Src/main.c    **** /* TIM10 init function */
 419:Src/main.c    **** static void MX_TIM10_Init(void)
 420:Src/main.c    **** {
 421:Src/main.c    **** 
 422:Src/main.c    ****   TIM_OC_InitTypeDef sConfigOC;
 423:Src/main.c    **** 
 424:Src/main.c    ****   htim10.Instance = TIM10;
 425:Src/main.c    ****   htim10.Init.Prescaler = 0;
 426:Src/main.c    ****   htim10.Init.CounterMode = TIM_COUNTERMODE_UP;
 427:Src/main.c    ****   htim10.Init.Period = 0;
 428:Src/main.c    ****   htim10.Init.ClockDivision = TIM_CLOCKDIVISION_DIV1;
 429:Src/main.c    ****   if (HAL_TIM_Base_Init(&htim10) != HAL_OK)
 430:Src/main.c    ****   {
ARM GAS  /var/folders/ck/4xtm3skj1ssb0w4rn7_4q_gw0000gn/T//ccNJ2kNd.s 			page 9


 431:Src/main.c    ****     _Error_Handler(__FILE__, __LINE__);
 432:Src/main.c    ****   }
 433:Src/main.c    **** 
 434:Src/main.c    ****   if (HAL_TIM_PWM_Init(&htim10) != HAL_OK)
 435:Src/main.c    ****   {
 436:Src/main.c    ****     _Error_Handler(__FILE__, __LINE__);
 437:Src/main.c    ****   }
 438:Src/main.c    **** 
 439:Src/main.c    ****   sConfigOC.OCMode = TIM_OCMODE_PWM1;
 440:Src/main.c    ****   sConfigOC.Pulse = 0;
 441:Src/main.c    ****   sConfigOC.OCPolarity = TIM_OCPOLARITY_HIGH;
 442:Src/main.c    ****   sConfigOC.OCFastMode = TIM_OCFAST_DISABLE;
 443:Src/main.c    ****   if (HAL_TIM_PWM_ConfigChannel(&htim10, &sConfigOC, TIM_CHANNEL_1) != HAL_OK)
 444:Src/main.c    ****   {
 445:Src/main.c    ****     _Error_Handler(__FILE__, __LINE__);
 446:Src/main.c    ****   }
 447:Src/main.c    **** 
 448:Src/main.c    ****   HAL_TIM_MspPostInit(&htim10);
 449:Src/main.c    **** 
 450:Src/main.c    **** }
 451:Src/main.c    **** 
 452:Src/main.c    **** /* TIM11 init function */
 453:Src/main.c    **** static void MX_TIM11_Init(void)
 454:Src/main.c    **** {
 455:Src/main.c    **** 
 456:Src/main.c    ****   TIM_OC_InitTypeDef sConfigOC;
 457:Src/main.c    **** 
 458:Src/main.c    ****   htim11.Instance = TIM11;
 459:Src/main.c    ****   htim11.Init.Prescaler = 0;
 460:Src/main.c    ****   htim11.Init.CounterMode = TIM_COUNTERMODE_UP;
 461:Src/main.c    ****   htim11.Init.Period = 0;
 462:Src/main.c    ****   htim11.Init.ClockDivision = TIM_CLOCKDIVISION_DIV1;
 463:Src/main.c    ****   if (HAL_TIM_Base_Init(&htim11) != HAL_OK)
 464:Src/main.c    ****   {
 465:Src/main.c    ****     _Error_Handler(__FILE__, __LINE__);
 466:Src/main.c    ****   }
 467:Src/main.c    **** 
 468:Src/main.c    ****   if (HAL_TIM_PWM_Init(&htim11) != HAL_OK)
 469:Src/main.c    ****   {
 470:Src/main.c    ****     _Error_Handler(__FILE__, __LINE__);
 471:Src/main.c    ****   }
 472:Src/main.c    **** 
 473:Src/main.c    ****   sConfigOC.OCMode = TIM_OCMODE_PWM1;
 474:Src/main.c    ****   sConfigOC.Pulse = 0;
 475:Src/main.c    ****   sConfigOC.OCPolarity = TIM_OCPOLARITY_HIGH;
 476:Src/main.c    ****   sConfigOC.OCFastMode = TIM_OCFAST_DISABLE;
 477:Src/main.c    ****   if (HAL_TIM_PWM_ConfigChannel(&htim11, &sConfigOC, TIM_CHANNEL_1) != HAL_OK)
 478:Src/main.c    ****   {
 479:Src/main.c    ****     _Error_Handler(__FILE__, __LINE__);
 480:Src/main.c    ****   }
 481:Src/main.c    **** 
 482:Src/main.c    ****   HAL_TIM_MspPostInit(&htim11);
 483:Src/main.c    **** 
 484:Src/main.c    **** }
 485:Src/main.c    **** 
 486:Src/main.c    **** /* USART6 init function */
 487:Src/main.c    **** static void MX_USART6_UART_Init(void)
ARM GAS  /var/folders/ck/4xtm3skj1ssb0w4rn7_4q_gw0000gn/T//ccNJ2kNd.s 			page 10


 488:Src/main.c    **** {
 489:Src/main.c    **** 
 490:Src/main.c    ****   huart6.Instance = USART6;
 491:Src/main.c    ****   huart6.Init.BaudRate = 115200;
 492:Src/main.c    ****   huart6.Init.WordLength = UART_WORDLENGTH_8B;
 493:Src/main.c    ****   huart6.Init.StopBits = UART_STOPBITS_1;
 494:Src/main.c    ****   huart6.Init.Parity = UART_PARITY_NONE;
 495:Src/main.c    ****   huart6.Init.Mode = UART_MODE_TX_RX;
 496:Src/main.c    ****   huart6.Init.HwFlowCtl = UART_HWCONTROL_NONE;
 497:Src/main.c    ****   huart6.Init.OverSampling = UART_OVERSAMPLING_16;
 498:Src/main.c    ****   if (HAL_UART_Init(&huart6) != HAL_OK)
 499:Src/main.c    ****   {
 500:Src/main.c    ****     _Error_Handler(__FILE__, __LINE__);
 501:Src/main.c    ****   }
 502:Src/main.c    **** 
 503:Src/main.c    **** }
 504:Src/main.c    **** 
 505:Src/main.c    **** /** Configure pins as 
 506:Src/main.c    ****         * Analog 
 507:Src/main.c    ****         * Input 
 508:Src/main.c    ****         * Output
 509:Src/main.c    ****         * EVENT_OUT
 510:Src/main.c    ****         * EXTI
 511:Src/main.c    **** */
 512:Src/main.c    **** static void MX_GPIO_Init(void)
 513:Src/main.c    **** {
  28              		.loc 1 513 0
  29              		.cfi_startproc
  30              		@ args = 0, pretend = 0, frame = 40
  31              		@ frame_needed = 0, uses_anonymous_args = 0
  32 0000 2DE9F043 		push	{r4, r5, r6, r7, r8, r9, lr}
  33              	.LCFI0:
  34              		.cfi_def_cfa_offset 28
  35              		.cfi_offset 4, -28
  36              		.cfi_offset 5, -24
  37              		.cfi_offset 6, -20
  38              		.cfi_offset 7, -16
  39              		.cfi_offset 8, -12
  40              		.cfi_offset 9, -8
  41              		.cfi_offset 14, -4
  42 0004 8BB0     		sub	sp, sp, #44
  43              	.LCFI1:
  44              		.cfi_def_cfa_offset 72
  45              	.LBB2:
 514:Src/main.c    **** 
 515:Src/main.c    ****   GPIO_InitTypeDef GPIO_InitStruct;
 516:Src/main.c    **** 
 517:Src/main.c    ****   /* GPIO Ports Clock Enable */
 518:Src/main.c    ****   __HAL_RCC_GPIOC_CLK_ENABLE();
  46              		.loc 1 518 0
  47 0006 0024     		movs	r4, #0
  48 0008 0094     		str	r4, [sp]
  49 000a 554B     		ldr	r3, .L3
  50 000c 1A6B     		ldr	r2, [r3, #48]
  51 000e 42F00402 		orr	r2, r2, #4
  52 0012 1A63     		str	r2, [r3, #48]
  53 0014 1A6B     		ldr	r2, [r3, #48]
ARM GAS  /var/folders/ck/4xtm3skj1ssb0w4rn7_4q_gw0000gn/T//ccNJ2kNd.s 			page 11


  54 0016 02F00402 		and	r2, r2, #4
  55 001a 0092     		str	r2, [sp]
  56 001c 009A     		ldr	r2, [sp]
  57              	.LBE2:
  58              	.LBB3:
 519:Src/main.c    ****   __HAL_RCC_GPIOH_CLK_ENABLE();
  59              		.loc 1 519 0
  60 001e 0194     		str	r4, [sp, #4]
  61 0020 1A6B     		ldr	r2, [r3, #48]
  62 0022 42F08002 		orr	r2, r2, #128
  63 0026 1A63     		str	r2, [r3, #48]
  64 0028 1A6B     		ldr	r2, [r3, #48]
  65 002a 02F08002 		and	r2, r2, #128
  66 002e 0192     		str	r2, [sp, #4]
  67 0030 019A     		ldr	r2, [sp, #4]
  68              	.LBE3:
  69              	.LBB4:
 520:Src/main.c    ****   __HAL_RCC_GPIOA_CLK_ENABLE();
  70              		.loc 1 520 0
  71 0032 0294     		str	r4, [sp, #8]
  72 0034 1A6B     		ldr	r2, [r3, #48]
  73 0036 42F00102 		orr	r2, r2, #1
  74 003a 1A63     		str	r2, [r3, #48]
  75 003c 1A6B     		ldr	r2, [r3, #48]
  76 003e 02F00102 		and	r2, r2, #1
  77 0042 0292     		str	r2, [sp, #8]
  78 0044 029A     		ldr	r2, [sp, #8]
  79              	.LBE4:
  80              	.LBB5:
 521:Src/main.c    ****   __HAL_RCC_GPIOB_CLK_ENABLE();
  81              		.loc 1 521 0
  82 0046 0394     		str	r4, [sp, #12]
  83 0048 1A6B     		ldr	r2, [r3, #48]
  84 004a 42F00202 		orr	r2, r2, #2
  85 004e 1A63     		str	r2, [r3, #48]
  86 0050 1A6B     		ldr	r2, [r3, #48]
  87 0052 02F00202 		and	r2, r2, #2
  88 0056 0392     		str	r2, [sp, #12]
  89 0058 039A     		ldr	r2, [sp, #12]
  90              	.LBE5:
  91              	.LBB6:
 522:Src/main.c    ****   __HAL_RCC_GPIOD_CLK_ENABLE();
  92              		.loc 1 522 0
  93 005a 0494     		str	r4, [sp, #16]
  94 005c 1A6B     		ldr	r2, [r3, #48]
  95 005e 42F00802 		orr	r2, r2, #8
  96 0062 1A63     		str	r2, [r3, #48]
  97 0064 1B6B     		ldr	r3, [r3, #48]
  98 0066 03F00803 		and	r3, r3, #8
  99 006a 0493     		str	r3, [sp, #16]
 100 006c 049B     		ldr	r3, [sp, #16]
 101              	.LBE6:
 523:Src/main.c    **** 
 524:Src/main.c    ****   /*Configure GPIO pin Output Level */
 525:Src/main.c    ****   HAL_GPIO_WritePin(GPIOC, GPIO_PIN_13|GPIO_PIN_15|GPIO_PIN_4|GPIO_PIN_5 
 102              		.loc 1 525 0
 103 006e 3D4F     		ldr	r7, .L3+4
ARM GAS  /var/folders/ck/4xtm3skj1ssb0w4rn7_4q_gw0000gn/T//ccNJ2kNd.s 			page 12


 104 0070 3846     		mov	r0, r7
 105 0072 4AF23031 		movw	r1, #41776
 106 0076 2246     		mov	r2, r4
 107 0078 FFF7FEFF 		bl	HAL_GPIO_WritePin
 108              	.LVL0:
 526:Src/main.c    ****                           |GPIO_PIN_8|GPIO_PIN_9, GPIO_PIN_RESET);
 527:Src/main.c    **** 
 528:Src/main.c    ****   /*Configure GPIO pin Output Level */
 529:Src/main.c    ****   HAL_GPIO_WritePin(GPIOH, GPIO_PIN_0|GPIO_PIN_1, GPIO_PIN_RESET);
 109              		.loc 1 529 0
 110 007c DFF8F090 		ldr	r9, .L3+16
 111 0080 4846     		mov	r0, r9
 112 0082 0321     		movs	r1, #3
 113 0084 2246     		mov	r2, r4
 114 0086 FFF7FEFF 		bl	HAL_GPIO_WritePin
 115              	.LVL1:
 530:Src/main.c    **** 
 531:Src/main.c    ****   /*Configure GPIO pin Output Level */
 532:Src/main.c    ****   HAL_GPIO_WritePin(GPIOA, GPIO_PIN_7|GPIO_PIN_12|GPIO_PIN_13, GPIO_PIN_RESET);
 116              		.loc 1 532 0
 117 008a 374E     		ldr	r6, .L3+8
 118 008c 3046     		mov	r0, r6
 119 008e 4FF44251 		mov	r1, #12416
 120 0092 2246     		mov	r2, r4
 121 0094 FFF7FEFF 		bl	HAL_GPIO_WritePin
 122              	.LVL2:
 533:Src/main.c    **** 
 534:Src/main.c    ****   /*Configure GPIO pins : PC13 PC15 PC4 PC5 
 535:Src/main.c    ****                            PC8 PC9 */
 536:Src/main.c    ****   GPIO_InitStruct.Pin = GPIO_PIN_13|GPIO_PIN_15|GPIO_PIN_4|GPIO_PIN_5 
 123              		.loc 1 536 0
 124 0098 4AF23033 		movw	r3, #41776
 125 009c 0593     		str	r3, [sp, #20]
 537:Src/main.c    ****                           |GPIO_PIN_8|GPIO_PIN_9;
 538:Src/main.c    ****   GPIO_InitStruct.Mode = GPIO_MODE_OUTPUT_PP;
 126              		.loc 1 538 0
 127 009e 4FF00108 		mov	r8, #1
 128 00a2 CDF81880 		str	r8, [sp, #24]
 539:Src/main.c    ****   GPIO_InitStruct.Pull = GPIO_NOPULL;
 129              		.loc 1 539 0
 130 00a6 0794     		str	r4, [sp, #28]
 540:Src/main.c    ****   GPIO_InitStruct.Speed = GPIO_SPEED_FREQ_LOW;
 131              		.loc 1 540 0
 132 00a8 0894     		str	r4, [sp, #32]
 541:Src/main.c    ****   HAL_GPIO_Init(GPIOC, &GPIO_InitStruct);
 133              		.loc 1 541 0
 134 00aa 3846     		mov	r0, r7
 135 00ac 05A9     		add	r1, sp, #20
 136 00ae FFF7FEFF 		bl	HAL_GPIO_Init
 137              	.LVL3:
 542:Src/main.c    **** 
 543:Src/main.c    ****   /*Configure GPIO pins : PC14 PC10 PC11 PC12 */
 544:Src/main.c    ****   GPIO_InitStruct.Pin = GPIO_PIN_14|GPIO_PIN_10|GPIO_PIN_11|GPIO_PIN_12;
 138              		.loc 1 544 0
 139 00b2 4FF4B843 		mov	r3, #23552
 140 00b6 0593     		str	r3, [sp, #20]
 545:Src/main.c    ****   GPIO_InitStruct.Mode = GPIO_MODE_ANALOG;
ARM GAS  /var/folders/ck/4xtm3skj1ssb0w4rn7_4q_gw0000gn/T//ccNJ2kNd.s 			page 13


 141              		.loc 1 545 0
 142 00b8 0325     		movs	r5, #3
 143 00ba 0695     		str	r5, [sp, #24]
 546:Src/main.c    ****   GPIO_InitStruct.Pull = GPIO_NOPULL;
 144              		.loc 1 546 0
 145 00bc 0794     		str	r4, [sp, #28]
 547:Src/main.c    ****   HAL_GPIO_Init(GPIOC, &GPIO_InitStruct);
 146              		.loc 1 547 0
 147 00be 3846     		mov	r0, r7
 148 00c0 05A9     		add	r1, sp, #20
 149 00c2 FFF7FEFF 		bl	HAL_GPIO_Init
 150              	.LVL4:
 548:Src/main.c    **** 
 549:Src/main.c    ****   /*Configure GPIO pins : PH0 PH1 */
 550:Src/main.c    ****   GPIO_InitStruct.Pin = GPIO_PIN_0|GPIO_PIN_1;
 151              		.loc 1 550 0
 152 00c6 0595     		str	r5, [sp, #20]
 551:Src/main.c    ****   GPIO_InitStruct.Mode = GPIO_MODE_OUTPUT_PP;
 153              		.loc 1 551 0
 154 00c8 CDF81880 		str	r8, [sp, #24]
 552:Src/main.c    ****   GPIO_InitStruct.Pull = GPIO_NOPULL;
 155              		.loc 1 552 0
 156 00cc 0794     		str	r4, [sp, #28]
 553:Src/main.c    ****   GPIO_InitStruct.Speed = GPIO_SPEED_FREQ_LOW;
 157              		.loc 1 553 0
 158 00ce 0894     		str	r4, [sp, #32]
 554:Src/main.c    ****   HAL_GPIO_Init(GPIOH, &GPIO_InitStruct);
 159              		.loc 1 554 0
 160 00d0 4846     		mov	r0, r9
 161 00d2 05A9     		add	r1, sp, #20
 162 00d4 FFF7FEFF 		bl	HAL_GPIO_Init
 163              	.LVL5:
 555:Src/main.c    **** 
 556:Src/main.c    ****   /*Configure GPIO pins : PC0 PC1 PC2 PC3 */
 557:Src/main.c    ****   GPIO_InitStruct.Pin = GPIO_PIN_0|GPIO_PIN_1|GPIO_PIN_2|GPIO_PIN_3;
 164              		.loc 1 557 0
 165 00d8 0F23     		movs	r3, #15
 166 00da 0593     		str	r3, [sp, #20]
 558:Src/main.c    ****   GPIO_InitStruct.Mode = GPIO_MODE_INPUT;
 167              		.loc 1 558 0
 168 00dc 0694     		str	r4, [sp, #24]
 559:Src/main.c    ****   GPIO_InitStruct.Pull = GPIO_NOPULL;
 169              		.loc 1 559 0
 170 00de 0794     		str	r4, [sp, #28]
 560:Src/main.c    ****   HAL_GPIO_Init(GPIOC, &GPIO_InitStruct);
 171              		.loc 1 560 0
 172 00e0 3846     		mov	r0, r7
 173 00e2 05A9     		add	r1, sp, #20
 174 00e4 FFF7FEFF 		bl	HAL_GPIO_Init
 175              	.LVL6:
 561:Src/main.c    **** 
 562:Src/main.c    ****   /*Configure GPIO pins : PA4 PA5 PA6 */
 563:Src/main.c    ****   GPIO_InitStruct.Pin = GPIO_PIN_4|GPIO_PIN_5|GPIO_PIN_6;
 176              		.loc 1 563 0
 177 00e8 7023     		movs	r3, #112
 178 00ea 0593     		str	r3, [sp, #20]
 564:Src/main.c    ****   GPIO_InitStruct.Mode = GPIO_MODE_INPUT;
ARM GAS  /var/folders/ck/4xtm3skj1ssb0w4rn7_4q_gw0000gn/T//ccNJ2kNd.s 			page 14


 179              		.loc 1 564 0
 180 00ec 0694     		str	r4, [sp, #24]
 565:Src/main.c    ****   GPIO_InitStruct.Pull = GPIO_NOPULL;
 181              		.loc 1 565 0
 182 00ee 0794     		str	r4, [sp, #28]
 566:Src/main.c    ****   HAL_GPIO_Init(GPIOA, &GPIO_InitStruct);
 183              		.loc 1 566 0
 184 00f0 3046     		mov	r0, r6
 185 00f2 05A9     		add	r1, sp, #20
 186 00f4 FFF7FEFF 		bl	HAL_GPIO_Init
 187              	.LVL7:
 567:Src/main.c    **** 
 568:Src/main.c    ****   /*Configure GPIO pins : PA7 PA12 PA13 */
 569:Src/main.c    ****   GPIO_InitStruct.Pin = GPIO_PIN_7|GPIO_PIN_12|GPIO_PIN_13;
 188              		.loc 1 569 0
 189 00f8 4FF44253 		mov	r3, #12416
 190 00fc 0593     		str	r3, [sp, #20]
 570:Src/main.c    ****   GPIO_InitStruct.Mode = GPIO_MODE_OUTPUT_PP;
 191              		.loc 1 570 0
 192 00fe CDF81880 		str	r8, [sp, #24]
 571:Src/main.c    ****   GPIO_InitStruct.Pull = GPIO_NOPULL;
 193              		.loc 1 571 0
 194 0102 0794     		str	r4, [sp, #28]
 572:Src/main.c    ****   GPIO_InitStruct.Speed = GPIO_SPEED_FREQ_LOW;
 195              		.loc 1 572 0
 196 0104 0894     		str	r4, [sp, #32]
 573:Src/main.c    ****   HAL_GPIO_Init(GPIOA, &GPIO_InitStruct);
 197              		.loc 1 573 0
 198 0106 3046     		mov	r0, r6
 199 0108 05A9     		add	r1, sp, #20
 200 010a FFF7FEFF 		bl	HAL_GPIO_Init
 201              	.LVL8:
 574:Src/main.c    **** 
 575:Src/main.c    ****   /*Configure GPIO pins : PB0 PB1 PB2 PB10 
 576:Src/main.c    ****                            PB3 PB4 PB5 */
 577:Src/main.c    ****   GPIO_InitStruct.Pin = GPIO_PIN_0|GPIO_PIN_1|GPIO_PIN_2|GPIO_PIN_10 
 202              		.loc 1 577 0
 203 010e 40F23F43 		movw	r3, #1087
 204 0112 0593     		str	r3, [sp, #20]
 578:Src/main.c    ****                           |GPIO_PIN_3|GPIO_PIN_4|GPIO_PIN_5;
 579:Src/main.c    ****   GPIO_InitStruct.Mode = GPIO_MODE_ANALOG;
 205              		.loc 1 579 0
 206 0114 0695     		str	r5, [sp, #24]
 580:Src/main.c    ****   GPIO_InitStruct.Pull = GPIO_NOPULL;
 207              		.loc 1 580 0
 208 0116 0794     		str	r4, [sp, #28]
 581:Src/main.c    ****   HAL_GPIO_Init(GPIOB, &GPIO_InitStruct);
 209              		.loc 1 581 0
 210 0118 A7F58067 		sub	r7, r7, #1024
 211 011c 3846     		mov	r0, r7
 212 011e 05A9     		add	r1, sp, #20
 213 0120 FFF7FEFF 		bl	HAL_GPIO_Init
 214              	.LVL9:
 582:Src/main.c    **** 
 583:Src/main.c    ****   /*Configure GPIO pins : PB12 PB13 PB14 PB15 */
 584:Src/main.c    ****   GPIO_InitStruct.Pin = GPIO_PIN_12|GPIO_PIN_13|GPIO_PIN_14|GPIO_PIN_15;
 215              		.loc 1 584 0
ARM GAS  /var/folders/ck/4xtm3skj1ssb0w4rn7_4q_gw0000gn/T//ccNJ2kNd.s 			page 15


 216 0124 4FF47043 		mov	r3, #61440
 217 0128 0593     		str	r3, [sp, #20]
 585:Src/main.c    ****   GPIO_InitStruct.Mode = GPIO_MODE_INPUT;
 218              		.loc 1 585 0
 219 012a 0694     		str	r4, [sp, #24]
 586:Src/main.c    ****   GPIO_InitStruct.Pull = GPIO_NOPULL;
 220              		.loc 1 586 0
 221 012c 0794     		str	r4, [sp, #28]
 587:Src/main.c    ****   HAL_GPIO_Init(GPIOB, &GPIO_InitStruct);
 222              		.loc 1 587 0
 223 012e 3846     		mov	r0, r7
 224 0130 05A9     		add	r1, sp, #20
 225 0132 FFF7FEFF 		bl	HAL_GPIO_Init
 226              	.LVL10:
 588:Src/main.c    **** 
 589:Src/main.c    ****   /*Configure GPIO pins : PA14 PA15 */
 590:Src/main.c    ****   GPIO_InitStruct.Pin = GPIO_PIN_14|GPIO_PIN_15;
 227              		.loc 1 590 0
 228 0136 4FF44043 		mov	r3, #49152
 229 013a 0593     		str	r3, [sp, #20]
 591:Src/main.c    ****   GPIO_InitStruct.Mode = GPIO_MODE_ANALOG;
 230              		.loc 1 591 0
 231 013c 0695     		str	r5, [sp, #24]
 592:Src/main.c    ****   GPIO_InitStruct.Pull = GPIO_NOPULL;
 232              		.loc 1 592 0
 233 013e 0794     		str	r4, [sp, #28]
 593:Src/main.c    ****   HAL_GPIO_Init(GPIOA, &GPIO_InitStruct);
 234              		.loc 1 593 0
 235 0140 3046     		mov	r0, r6
 236 0142 05A9     		add	r1, sp, #20
 237 0144 FFF7FEFF 		bl	HAL_GPIO_Init
 238              	.LVL11:
 594:Src/main.c    **** 
 595:Src/main.c    ****   /*Configure GPIO pin : PD2 */
 596:Src/main.c    ****   GPIO_InitStruct.Pin = GPIO_PIN_2;
 239              		.loc 1 596 0
 240 0148 0423     		movs	r3, #4
 241 014a 0593     		str	r3, [sp, #20]
 597:Src/main.c    ****   GPIO_InitStruct.Mode = GPIO_MODE_ANALOG;
 242              		.loc 1 597 0
 243 014c 0695     		str	r5, [sp, #24]
 598:Src/main.c    ****   GPIO_InitStruct.Pull = GPIO_NOPULL;
 244              		.loc 1 598 0
 245 014e 0794     		str	r4, [sp, #28]
 599:Src/main.c    ****   HAL_GPIO_Init(GPIOD, &GPIO_InitStruct);
 246              		.loc 1 599 0
 247 0150 0648     		ldr	r0, .L3+12
 248 0152 05A9     		add	r1, sp, #20
 249 0154 FFF7FEFF 		bl	HAL_GPIO_Init
 250              	.LVL12:
 600:Src/main.c    **** 
 601:Src/main.c    **** }
 251              		.loc 1 601 0
 252 0158 0BB0     		add	sp, sp, #44
 253              	.LCFI2:
 254              		.cfi_def_cfa_offset 28
 255              		@ sp needed
ARM GAS  /var/folders/ck/4xtm3skj1ssb0w4rn7_4q_gw0000gn/T//ccNJ2kNd.s 			page 16


 256 015a BDE8F083 		pop	{r4, r5, r6, r7, r8, r9, pc}
 257              	.L4:
 258 015e 00BF     		.align	2
 259              	.L3:
 260 0160 00380240 		.word	1073887232
 261 0164 00080240 		.word	1073874944
 262 0168 00000240 		.word	1073872896
 263 016c 000C0240 		.word	1073875968
 264 0170 001C0240 		.word	1073880064
 265              		.cfi_endproc
 266              	.LFE132:
 268              		.section	.text._Error_Handler,"ax",%progbits
 269              		.align	2
 270              		.global	_Error_Handler
 271              		.thumb
 272              		.thumb_func
 274              	_Error_Handler:
 275              	.LFB133:
 602:Src/main.c    **** 
 603:Src/main.c    **** /* USER CODE BEGIN 4 */
 604:Src/main.c    **** 
 605:Src/main.c    **** /* USER CODE END 4 */
 606:Src/main.c    **** 
 607:Src/main.c    **** /**
 608:Src/main.c    ****   * @brief  This function is executed in case of error occurrence.
 609:Src/main.c    ****   * @param  file: The file name as string.
 610:Src/main.c    ****   * @param  line: The line in file as a number.
 611:Src/main.c    ****   * @retval None
 612:Src/main.c    ****   */
 613:Src/main.c    **** void _Error_Handler(char *file, int line)
 614:Src/main.c    **** {
 276              		.loc 1 614 0
 277              		.cfi_startproc
 278              		@ Volatile: function does not return.
 279              		@ args = 0, pretend = 0, frame = 0
 280              		@ frame_needed = 0, uses_anonymous_args = 0
 281              		@ link register save eliminated.
 282              	.LVL13:
 283              	.L6:
 615:Src/main.c    ****   /* USER CODE BEGIN Error_Handler_Debug */
 616:Src/main.c    ****   /* User can add his own implementation to report the HAL error return state */
 617:Src/main.c    ****   while(1)
 618:Src/main.c    ****   {
 619:Src/main.c    ****   }
 284              		.loc 1 619 0 discriminator 1
 285 0000 FEE7     		b	.L6
 286              		.cfi_endproc
 287              	.LFE133:
 289 0002 00BF     		.section	.text.MX_I2C1_Init,"ax",%progbits
 290              		.align	2
 291              		.thumb
 292              		.thumb_func
 294              	MX_I2C1_Init:
 295              	.LFB125:
 223:Src/main.c    **** 
 296              		.loc 1 223 0
 297              		.cfi_startproc
ARM GAS  /var/folders/ck/4xtm3skj1ssb0w4rn7_4q_gw0000gn/T//ccNJ2kNd.s 			page 17


 298              		@ args = 0, pretend = 0, frame = 0
 299              		@ frame_needed = 0, uses_anonymous_args = 0
 300 0000 08B5     		push	{r3, lr}
 301              	.LCFI3:
 302              		.cfi_def_cfa_offset 8
 303              		.cfi_offset 3, -8
 304              		.cfi_offset 14, -4
 225:Src/main.c    ****   hi2c1.Init.ClockSpeed = 100000;
 305              		.loc 1 225 0
 306 0002 0B48     		ldr	r0, .L10
 307 0004 0B4B     		ldr	r3, .L10+4
 308 0006 0360     		str	r3, [r0]
 226:Src/main.c    ****   hi2c1.Init.DutyCycle = I2C_DUTYCYCLE_2;
 309              		.loc 1 226 0
 310 0008 0B4B     		ldr	r3, .L10+8
 311 000a 4360     		str	r3, [r0, #4]
 227:Src/main.c    ****   hi2c1.Init.OwnAddress1 = 0;
 312              		.loc 1 227 0
 313 000c 0023     		movs	r3, #0
 314 000e 8360     		str	r3, [r0, #8]
 228:Src/main.c    ****   hi2c1.Init.AddressingMode = I2C_ADDRESSINGMODE_7BIT;
 315              		.loc 1 228 0
 316 0010 C360     		str	r3, [r0, #12]
 229:Src/main.c    ****   hi2c1.Init.DualAddressMode = I2C_DUALADDRESS_DISABLE;
 317              		.loc 1 229 0
 318 0012 4FF48042 		mov	r2, #16384
 319 0016 0261     		str	r2, [r0, #16]
 230:Src/main.c    ****   hi2c1.Init.OwnAddress2 = 0;
 320              		.loc 1 230 0
 321 0018 4361     		str	r3, [r0, #20]
 231:Src/main.c    ****   hi2c1.Init.GeneralCallMode = I2C_GENERALCALL_DISABLE;
 322              		.loc 1 231 0
 323 001a 8361     		str	r3, [r0, #24]
 232:Src/main.c    ****   hi2c1.Init.NoStretchMode = I2C_NOSTRETCH_DISABLE;
 324              		.loc 1 232 0
 325 001c C361     		str	r3, [r0, #28]
 233:Src/main.c    ****   if (HAL_I2C_Init(&hi2c1) != HAL_OK)
 326              		.loc 1 233 0
 327 001e 0362     		str	r3, [r0, #32]
 234:Src/main.c    ****   {
 328              		.loc 1 234 0
 329 0020 FFF7FEFF 		bl	HAL_I2C_Init
 330              	.LVL14:
 331 0024 18B1     		cbz	r0, .L7
 236:Src/main.c    ****   }
 332              		.loc 1 236 0
 333 0026 0548     		ldr	r0, .L10+12
 334 0028 EC21     		movs	r1, #236
 335 002a FFF7FEFF 		bl	_Error_Handler
 336              	.LVL15:
 337              	.L7:
 338 002e 08BD     		pop	{r3, pc}
 339              	.L11:
 340              		.align	2
 341              	.L10:
 342 0030 00000000 		.word	hi2c1
 343 0034 00540040 		.word	1073763328
ARM GAS  /var/folders/ck/4xtm3skj1ssb0w4rn7_4q_gw0000gn/T//ccNJ2kNd.s 			page 18


 344 0038 A0860100 		.word	100000
 345 003c 00000000 		.word	.LC0
 346              		.cfi_endproc
 347              	.LFE125:
 349              		.section	.text.MX_TIM1_Init,"ax",%progbits
 350              		.align	2
 351              		.thumb
 352              		.thumb_func
 354              	MX_TIM1_Init:
 355              	.LFB126:
 243:Src/main.c    **** 
 356              		.loc 1 243 0
 357              		.cfi_startproc
 358              		@ args = 0, pretend = 0, frame = 80
 359              		@ frame_needed = 0, uses_anonymous_args = 0
 360 0000 00B5     		push	{lr}
 361              	.LCFI4:
 362              		.cfi_def_cfa_offset 4
 363              		.cfi_offset 14, -4
 364 0002 95B0     		sub	sp, sp, #84
 365              	.LCFI5:
 366              		.cfi_def_cfa_offset 88
 250:Src/main.c    ****   htim1.Init.Prescaler = 0;
 367              		.loc 1 250 0
 368 0004 4148     		ldr	r0, .L23
 369 0006 424B     		ldr	r3, .L23+4
 370 0008 0360     		str	r3, [r0]
 251:Src/main.c    ****   htim1.Init.CounterMode = TIM_COUNTERMODE_UP;
 371              		.loc 1 251 0
 372 000a 0023     		movs	r3, #0
 373 000c 4360     		str	r3, [r0, #4]
 252:Src/main.c    ****   htim1.Init.Period = 0;
 374              		.loc 1 252 0
 375 000e 8360     		str	r3, [r0, #8]
 253:Src/main.c    ****   htim1.Init.ClockDivision = TIM_CLOCKDIVISION_DIV1;
 376              		.loc 1 253 0
 377 0010 C360     		str	r3, [r0, #12]
 254:Src/main.c    ****   htim1.Init.RepetitionCounter = 0;
 378              		.loc 1 254 0
 379 0012 0361     		str	r3, [r0, #16]
 255:Src/main.c    ****   if (HAL_TIM_Base_Init(&htim1) != HAL_OK)
 380              		.loc 1 255 0
 381 0014 4361     		str	r3, [r0, #20]
 256:Src/main.c    ****   {
 382              		.loc 1 256 0
 383 0016 FFF7FEFF 		bl	HAL_TIM_Base_Init
 384              	.LVL16:
 385 001a 20B1     		cbz	r0, .L13
 258:Src/main.c    ****   }
 386              		.loc 1 258 0
 387 001c 3D48     		ldr	r0, .L23+8
 388 001e 4FF48171 		mov	r1, #258
 389 0022 FFF7FEFF 		bl	_Error_Handler
 390              	.LVL17:
 391              	.L13:
 261:Src/main.c    ****   if (HAL_TIM_ConfigClockSource(&htim1, &sClockSourceConfig) != HAL_OK)
 392              		.loc 1 261 0
ARM GAS  /var/folders/ck/4xtm3skj1ssb0w4rn7_4q_gw0000gn/T//ccNJ2kNd.s 			page 19


 393 0026 14A9     		add	r1, sp, #80
 394 0028 4FF48053 		mov	r3, #4096
 395 002c 41F8103D 		str	r3, [r1, #-16]!
 262:Src/main.c    ****   {
 396              		.loc 1 262 0
 397 0030 3648     		ldr	r0, .L23
 398 0032 FFF7FEFF 		bl	HAL_TIM_ConfigClockSource
 399              	.LVL18:
 400 0036 20B1     		cbz	r0, .L14
 264:Src/main.c    ****   }
 401              		.loc 1 264 0
 402 0038 3648     		ldr	r0, .L23+8
 403 003a 4FF48471 		mov	r1, #264
 404 003e FFF7FEFF 		bl	_Error_Handler
 405              	.LVL19:
 406              	.L14:
 267:Src/main.c    ****   {
 407              		.loc 1 267 0
 408 0042 3248     		ldr	r0, .L23
 409 0044 FFF7FEFF 		bl	HAL_TIM_PWM_Init
 410              	.LVL20:
 411 0048 20B1     		cbz	r0, .L15
 269:Src/main.c    ****   }
 412              		.loc 1 269 0
 413 004a 3248     		ldr	r0, .L23+8
 414 004c 40F20D11 		movw	r1, #269
 415 0050 FFF7FEFF 		bl	_Error_Handler
 416              	.LVL21:
 417              	.L15:
 272:Src/main.c    ****   sMasterConfig.MasterSlaveMode = TIM_MASTERSLAVEMODE_DISABLE;
 418              		.loc 1 272 0
 419 0054 0023     		movs	r3, #0
 420 0056 0E93     		str	r3, [sp, #56]
 273:Src/main.c    ****   if (HAL_TIMEx_MasterConfigSynchronization(&htim1, &sMasterConfig) != HAL_OK)
 421              		.loc 1 273 0
 422 0058 0F93     		str	r3, [sp, #60]
 274:Src/main.c    ****   {
 423              		.loc 1 274 0
 424 005a 2C48     		ldr	r0, .L23
 425 005c 0EA9     		add	r1, sp, #56
 426 005e FFF7FEFF 		bl	HAL_TIMEx_MasterConfigSynchronization
 427              	.LVL22:
 428 0062 20B1     		cbz	r0, .L16
 276:Src/main.c    ****   }
 429              		.loc 1 276 0
 430 0064 2B48     		ldr	r0, .L23+8
 431 0066 4FF48A71 		mov	r1, #276
 432 006a FFF7FEFF 		bl	_Error_Handler
 433              	.LVL23:
 434              	.L16:
 279:Src/main.c    ****   sConfigOC.Pulse = 0;
 435              		.loc 1 279 0
 436 006e 6023     		movs	r3, #96
 437 0070 0793     		str	r3, [sp, #28]
 280:Src/main.c    ****   sConfigOC.OCPolarity = TIM_OCPOLARITY_HIGH;
 438              		.loc 1 280 0
 439 0072 0022     		movs	r2, #0
ARM GAS  /var/folders/ck/4xtm3skj1ssb0w4rn7_4q_gw0000gn/T//ccNJ2kNd.s 			page 20


 440 0074 0892     		str	r2, [sp, #32]
 281:Src/main.c    ****   sConfigOC.OCNPolarity = TIM_OCNPOLARITY_HIGH;
 441              		.loc 1 281 0
 442 0076 0992     		str	r2, [sp, #36]
 282:Src/main.c    ****   sConfigOC.OCFastMode = TIM_OCFAST_DISABLE;
 443              		.loc 1 282 0
 444 0078 0A92     		str	r2, [sp, #40]
 283:Src/main.c    ****   sConfigOC.OCIdleState = TIM_OCIDLESTATE_RESET;
 445              		.loc 1 283 0
 446 007a 0B92     		str	r2, [sp, #44]
 284:Src/main.c    ****   sConfigOC.OCNIdleState = TIM_OCNIDLESTATE_RESET;
 447              		.loc 1 284 0
 448 007c 0C92     		str	r2, [sp, #48]
 285:Src/main.c    ****   if (HAL_TIM_PWM_ConfigChannel(&htim1, &sConfigOC, TIM_CHANNEL_1) != HAL_OK)
 449              		.loc 1 285 0
 450 007e 0D92     		str	r2, [sp, #52]
 286:Src/main.c    ****   {
 451              		.loc 1 286 0
 452 0080 2248     		ldr	r0, .L23
 453 0082 07A9     		add	r1, sp, #28
 454 0084 FFF7FEFF 		bl	HAL_TIM_PWM_ConfigChannel
 455              	.LVL24:
 456 0088 20B1     		cbz	r0, .L17
 288:Src/main.c    ****   }
 457              		.loc 1 288 0
 458 008a 2248     		ldr	r0, .L23+8
 459 008c 4FF49071 		mov	r1, #288
 460 0090 FFF7FEFF 		bl	_Error_Handler
 461              	.LVL25:
 462              	.L17:
 291:Src/main.c    ****   {
 463              		.loc 1 291 0
 464 0094 1D48     		ldr	r0, .L23
 465 0096 07A9     		add	r1, sp, #28
 466 0098 0422     		movs	r2, #4
 467 009a FFF7FEFF 		bl	HAL_TIM_PWM_ConfigChannel
 468              	.LVL26:
 469 009e 20B1     		cbz	r0, .L18
 293:Src/main.c    ****   }
 470              		.loc 1 293 0
 471 00a0 1C48     		ldr	r0, .L23+8
 472 00a2 40F22511 		movw	r1, #293
 473 00a6 FFF7FEFF 		bl	_Error_Handler
 474              	.LVL27:
 475              	.L18:
 296:Src/main.c    ****   {
 476              		.loc 1 296 0
 477 00aa 1848     		ldr	r0, .L23
 478 00ac 07A9     		add	r1, sp, #28
 479 00ae 0822     		movs	r2, #8
 480 00b0 FFF7FEFF 		bl	HAL_TIM_PWM_ConfigChannel
 481              	.LVL28:
 482 00b4 20B1     		cbz	r0, .L19
 298:Src/main.c    ****   }
 483              		.loc 1 298 0
 484 00b6 1748     		ldr	r0, .L23+8
 485 00b8 4FF49571 		mov	r1, #298
ARM GAS  /var/folders/ck/4xtm3skj1ssb0w4rn7_4q_gw0000gn/T//ccNJ2kNd.s 			page 21


 486 00bc FFF7FEFF 		bl	_Error_Handler
 487              	.LVL29:
 488              	.L19:
 301:Src/main.c    ****   {
 489              		.loc 1 301 0
 490 00c0 1248     		ldr	r0, .L23
 491 00c2 07A9     		add	r1, sp, #28
 492 00c4 0C22     		movs	r2, #12
 493 00c6 FFF7FEFF 		bl	HAL_TIM_PWM_ConfigChannel
 494              	.LVL30:
 495 00ca 20B1     		cbz	r0, .L20
 303:Src/main.c    ****   }
 496              		.loc 1 303 0
 497 00cc 1148     		ldr	r0, .L23+8
 498 00ce 40F22F11 		movw	r1, #303
 499 00d2 FFF7FEFF 		bl	_Error_Handler
 500              	.LVL31:
 501              	.L20:
 306:Src/main.c    ****   sBreakDeadTimeConfig.OffStateIDLEMode = TIM_OSSI_DISABLE;
 502              		.loc 1 306 0
 503 00d6 0023     		movs	r3, #0
 504 00d8 0093     		str	r3, [sp]
 307:Src/main.c    ****   sBreakDeadTimeConfig.LockLevel = TIM_LOCKLEVEL_OFF;
 505              		.loc 1 307 0
 506 00da 0193     		str	r3, [sp, #4]
 308:Src/main.c    ****   sBreakDeadTimeConfig.DeadTime = 0;
 507              		.loc 1 308 0
 508 00dc 0293     		str	r3, [sp, #8]
 309:Src/main.c    ****   sBreakDeadTimeConfig.BreakState = TIM_BREAK_DISABLE;
 509              		.loc 1 309 0
 510 00de 0393     		str	r3, [sp, #12]
 310:Src/main.c    ****   sBreakDeadTimeConfig.BreakPolarity = TIM_BREAKPOLARITY_HIGH;
 511              		.loc 1 310 0
 512 00e0 0493     		str	r3, [sp, #16]
 311:Src/main.c    ****   sBreakDeadTimeConfig.AutomaticOutput = TIM_AUTOMATICOUTPUT_DISABLE;
 513              		.loc 1 311 0
 514 00e2 4FF40052 		mov	r2, #8192
 515 00e6 0592     		str	r2, [sp, #20]
 312:Src/main.c    ****   if (HAL_TIMEx_ConfigBreakDeadTime(&htim1, &sBreakDeadTimeConfig) != HAL_OK)
 516              		.loc 1 312 0
 517 00e8 0693     		str	r3, [sp, #24]
 313:Src/main.c    ****   {
 518              		.loc 1 313 0
 519 00ea 0848     		ldr	r0, .L23
 520 00ec 6946     		mov	r1, sp
 521 00ee FFF7FEFF 		bl	HAL_TIMEx_ConfigBreakDeadTime
 522              	.LVL32:
 523 00f2 20B1     		cbz	r0, .L21
 315:Src/main.c    ****   }
 524              		.loc 1 315 0
 525 00f4 0748     		ldr	r0, .L23+8
 526 00f6 40F23B11 		movw	r1, #315
 527 00fa FFF7FEFF 		bl	_Error_Handler
 528              	.LVL33:
 529              	.L21:
 318:Src/main.c    **** 
 530              		.loc 1 318 0
ARM GAS  /var/folders/ck/4xtm3skj1ssb0w4rn7_4q_gw0000gn/T//ccNJ2kNd.s 			page 22


 531 00fe 0348     		ldr	r0, .L23
 532 0100 FFF7FEFF 		bl	HAL_TIM_MspPostInit
 533              	.LVL34:
 320:Src/main.c    **** 
 534              		.loc 1 320 0
 535 0104 15B0     		add	sp, sp, #84
 536              	.LCFI6:
 537              		.cfi_def_cfa_offset 4
 538              		@ sp needed
 539 0106 5DF804FB 		ldr	pc, [sp], #4
 540              	.L24:
 541 010a 00BF     		.align	2
 542              	.L23:
 543 010c 00000000 		.word	htim1
 544 0110 00000140 		.word	1073807360
 545 0114 00000000 		.word	.LC0
 546              		.cfi_endproc
 547              	.LFE126:
 549              		.section	.text.MX_TIM2_Init,"ax",%progbits
 550              		.align	2
 551              		.thumb
 552              		.thumb_func
 554              	MX_TIM2_Init:
 555              	.LFB127:
 324:Src/main.c    **** 
 556              		.loc 1 324 0
 557              		.cfi_startproc
 558              		@ args = 0, pretend = 0, frame = 56
 559              		@ frame_needed = 0, uses_anonymous_args = 0
 560 0000 00B5     		push	{lr}
 561              	.LCFI7:
 562              		.cfi_def_cfa_offset 4
 563              		.cfi_offset 14, -4
 564 0002 8FB0     		sub	sp, sp, #60
 565              	.LCFI8:
 566              		.cfi_def_cfa_offset 64
 330:Src/main.c    ****   htim2.Init.Prescaler = 0;
 567              		.loc 1 330 0
 568 0004 3548     		ldr	r0, .L35
 569 0006 4FF08043 		mov	r3, #1073741824
 570 000a 0360     		str	r3, [r0]
 331:Src/main.c    ****   htim2.Init.CounterMode = TIM_COUNTERMODE_UP;
 571              		.loc 1 331 0
 572 000c 0023     		movs	r3, #0
 573 000e 4360     		str	r3, [r0, #4]
 332:Src/main.c    ****   htim2.Init.Period = 0;
 574              		.loc 1 332 0
 575 0010 8360     		str	r3, [r0, #8]
 333:Src/main.c    ****   htim2.Init.ClockDivision = TIM_CLOCKDIVISION_DIV1;
 576              		.loc 1 333 0
 577 0012 C360     		str	r3, [r0, #12]
 334:Src/main.c    ****   if (HAL_TIM_Base_Init(&htim2) != HAL_OK)
 578              		.loc 1 334 0
 579 0014 0361     		str	r3, [r0, #16]
 335:Src/main.c    ****   {
 580              		.loc 1 335 0
 581 0016 FFF7FEFF 		bl	HAL_TIM_Base_Init
ARM GAS  /var/folders/ck/4xtm3skj1ssb0w4rn7_4q_gw0000gn/T//ccNJ2kNd.s 			page 23


 582              	.LVL35:
 583 001a 20B1     		cbz	r0, .L26
 337:Src/main.c    ****   }
 584              		.loc 1 337 0
 585 001c 3048     		ldr	r0, .L35+4
 586 001e 40F25111 		movw	r1, #337
 587 0022 FFF7FEFF 		bl	_Error_Handler
 588              	.LVL36:
 589              	.L26:
 340:Src/main.c    ****   if (HAL_TIM_ConfigClockSource(&htim2, &sClockSourceConfig) != HAL_OK)
 590              		.loc 1 340 0
 591 0026 0EA9     		add	r1, sp, #56
 592 0028 4FF48053 		mov	r3, #4096
 593 002c 41F8103D 		str	r3, [r1, #-16]!
 341:Src/main.c    ****   {
 594              		.loc 1 341 0
 595 0030 2A48     		ldr	r0, .L35
 596 0032 FFF7FEFF 		bl	HAL_TIM_ConfigClockSource
 597              	.LVL37:
 598 0036 20B1     		cbz	r0, .L27
 343:Src/main.c    ****   }
 599              		.loc 1 343 0
 600 0038 2948     		ldr	r0, .L35+4
 601 003a 40F25711 		movw	r1, #343
 602 003e FFF7FEFF 		bl	_Error_Handler
 603              	.LVL38:
 604              	.L27:
 346:Src/main.c    ****   {
 605              		.loc 1 346 0
 606 0042 2648     		ldr	r0, .L35
 607 0044 FFF7FEFF 		bl	HAL_TIM_PWM_Init
 608              	.LVL39:
 609 0048 20B1     		cbz	r0, .L28
 348:Src/main.c    ****   }
 610              		.loc 1 348 0
 611 004a 2548     		ldr	r0, .L35+4
 612 004c 4FF4AE71 		mov	r1, #348
 613 0050 FFF7FEFF 		bl	_Error_Handler
 614              	.LVL40:
 615              	.L28:
 351:Src/main.c    ****   sMasterConfig.MasterSlaveMode = TIM_MASTERSLAVEMODE_DISABLE;
 616              		.loc 1 351 0
 617 0054 0023     		movs	r3, #0
 618 0056 0893     		str	r3, [sp, #32]
 352:Src/main.c    ****   if (HAL_TIMEx_MasterConfigSynchronization(&htim2, &sMasterConfig) != HAL_OK)
 619              		.loc 1 352 0
 620 0058 0993     		str	r3, [sp, #36]
 353:Src/main.c    ****   {
 621              		.loc 1 353 0
 622 005a 2048     		ldr	r0, .L35
 623 005c 08A9     		add	r1, sp, #32
 624 005e FFF7FEFF 		bl	HAL_TIMEx_MasterConfigSynchronization
 625              	.LVL41:
 626 0062 20B1     		cbz	r0, .L29
 355:Src/main.c    ****   }
 627              		.loc 1 355 0
 628 0064 1E48     		ldr	r0, .L35+4
ARM GAS  /var/folders/ck/4xtm3skj1ssb0w4rn7_4q_gw0000gn/T//ccNJ2kNd.s 			page 24


 629 0066 40F26311 		movw	r1, #355
 630 006a FFF7FEFF 		bl	_Error_Handler
 631              	.LVL42:
 632              	.L29:
 358:Src/main.c    ****   sConfigOC.Pulse = 0;
 633              		.loc 1 358 0
 634 006e 6023     		movs	r3, #96
 635 0070 0193     		str	r3, [sp, #4]
 359:Src/main.c    ****   sConfigOC.OCPolarity = TIM_OCPOLARITY_HIGH;
 636              		.loc 1 359 0
 637 0072 0022     		movs	r2, #0
 638 0074 0292     		str	r2, [sp, #8]
 360:Src/main.c    ****   sConfigOC.OCFastMode = TIM_OCFAST_DISABLE;
 639              		.loc 1 360 0
 640 0076 0392     		str	r2, [sp, #12]
 361:Src/main.c    ****   if (HAL_TIM_PWM_ConfigChannel(&htim2, &sConfigOC, TIM_CHANNEL_1) != HAL_OK)
 641              		.loc 1 361 0
 642 0078 0592     		str	r2, [sp, #20]
 362:Src/main.c    ****   {
 643              		.loc 1 362 0
 644 007a 1848     		ldr	r0, .L35
 645 007c 01A9     		add	r1, sp, #4
 646 007e FFF7FEFF 		bl	HAL_TIM_PWM_ConfigChannel
 647              	.LVL43:
 648 0082 20B1     		cbz	r0, .L30
 364:Src/main.c    ****   }
 649              		.loc 1 364 0
 650 0084 1648     		ldr	r0, .L35+4
 651 0086 4FF4B671 		mov	r1, #364
 652 008a FFF7FEFF 		bl	_Error_Handler
 653              	.LVL44:
 654              	.L30:
 367:Src/main.c    ****   {
 655              		.loc 1 367 0
 656 008e 1348     		ldr	r0, .L35
 657 0090 01A9     		add	r1, sp, #4
 658 0092 0422     		movs	r2, #4
 659 0094 FFF7FEFF 		bl	HAL_TIM_PWM_ConfigChannel
 660              	.LVL45:
 661 0098 20B1     		cbz	r0, .L31
 369:Src/main.c    ****   }
 662              		.loc 1 369 0
 663 009a 1148     		ldr	r0, .L35+4
 664 009c 40F27111 		movw	r1, #369
 665 00a0 FFF7FEFF 		bl	_Error_Handler
 666              	.LVL46:
 667              	.L31:
 372:Src/main.c    ****   {
 668              		.loc 1 372 0
 669 00a4 0D48     		ldr	r0, .L35
 670 00a6 01A9     		add	r1, sp, #4
 671 00a8 0822     		movs	r2, #8
 672 00aa FFF7FEFF 		bl	HAL_TIM_PWM_ConfigChannel
 673              	.LVL47:
 674 00ae 20B1     		cbz	r0, .L32
 374:Src/main.c    ****   }
 675              		.loc 1 374 0
ARM GAS  /var/folders/ck/4xtm3skj1ssb0w4rn7_4q_gw0000gn/T//ccNJ2kNd.s 			page 25


 676 00b0 0B48     		ldr	r0, .L35+4
 677 00b2 4FF4BB71 		mov	r1, #374
 678 00b6 FFF7FEFF 		bl	_Error_Handler
 679              	.LVL48:
 680              	.L32:
 377:Src/main.c    ****   {
 681              		.loc 1 377 0
 682 00ba 0848     		ldr	r0, .L35
 683 00bc 01A9     		add	r1, sp, #4
 684 00be 0C22     		movs	r2, #12
 685 00c0 FFF7FEFF 		bl	HAL_TIM_PWM_ConfigChannel
 686              	.LVL49:
 687 00c4 20B1     		cbz	r0, .L33
 379:Src/main.c    ****   }
 688              		.loc 1 379 0
 689 00c6 0648     		ldr	r0, .L35+4
 690 00c8 40F27B11 		movw	r1, #379
 691 00cc FFF7FEFF 		bl	_Error_Handler
 692              	.LVL50:
 693              	.L33:
 382:Src/main.c    **** 
 694              		.loc 1 382 0
 695 00d0 0248     		ldr	r0, .L35
 696 00d2 FFF7FEFF 		bl	HAL_TIM_MspPostInit
 697              	.LVL51:
 384:Src/main.c    **** 
 698              		.loc 1 384 0
 699 00d6 0FB0     		add	sp, sp, #60
 700              	.LCFI9:
 701              		.cfi_def_cfa_offset 4
 702              		@ sp needed
 703 00d8 5DF804FB 		ldr	pc, [sp], #4
 704              	.L36:
 705              		.align	2
 706              	.L35:
 707 00dc 00000000 		.word	htim2
 708 00e0 00000000 		.word	.LC0
 709              		.cfi_endproc
 710              	.LFE127:
 712              		.section	.text.MX_TIM3_Init,"ax",%progbits
 713              		.align	2
 714              		.thumb
 715              		.thumb_func
 717              	MX_TIM3_Init:
 718              	.LFB128:
 388:Src/main.c    **** 
 719              		.loc 1 388 0
 720              		.cfi_startproc
 721              		@ args = 0, pretend = 0, frame = 24
 722              		@ frame_needed = 0, uses_anonymous_args = 0
 723 0000 00B5     		push	{lr}
 724              	.LCFI10:
 725              		.cfi_def_cfa_offset 4
 726              		.cfi_offset 14, -4
 727 0002 87B0     		sub	sp, sp, #28
 728              	.LCFI11:
 729              		.cfi_def_cfa_offset 32
ARM GAS  /var/folders/ck/4xtm3skj1ssb0w4rn7_4q_gw0000gn/T//ccNJ2kNd.s 			page 26


 393:Src/main.c    ****   htim3.Init.Prescaler = 0;
 730              		.loc 1 393 0
 731 0004 1648     		ldr	r0, .L42
 732 0006 174B     		ldr	r3, .L42+4
 733 0008 0360     		str	r3, [r0]
 394:Src/main.c    ****   htim3.Init.CounterMode = TIM_COUNTERMODE_UP;
 734              		.loc 1 394 0
 735 000a 0023     		movs	r3, #0
 736 000c 4360     		str	r3, [r0, #4]
 395:Src/main.c    ****   htim3.Init.Period = 0;
 737              		.loc 1 395 0
 738 000e 8360     		str	r3, [r0, #8]
 396:Src/main.c    ****   htim3.Init.ClockDivision = TIM_CLOCKDIVISION_DIV1;
 739              		.loc 1 396 0
 740 0010 C360     		str	r3, [r0, #12]
 397:Src/main.c    ****   if (HAL_TIM_Base_Init(&htim3) != HAL_OK)
 741              		.loc 1 397 0
 742 0012 0361     		str	r3, [r0, #16]
 398:Src/main.c    ****   {
 743              		.loc 1 398 0
 744 0014 FFF7FEFF 		bl	HAL_TIM_Base_Init
 745              	.LVL52:
 746 0018 20B1     		cbz	r0, .L38
 400:Src/main.c    ****   }
 747              		.loc 1 400 0
 748 001a 1348     		ldr	r0, .L42+8
 749 001c 4FF4C871 		mov	r1, #400
 750 0020 FFF7FEFF 		bl	_Error_Handler
 751              	.LVL53:
 752              	.L38:
 403:Src/main.c    ****   if (HAL_TIM_ConfigClockSource(&htim3, &sClockSourceConfig) != HAL_OK)
 753              		.loc 1 403 0
 754 0024 06A9     		add	r1, sp, #24
 755 0026 4FF48053 		mov	r3, #4096
 756 002a 41F8103D 		str	r3, [r1, #-16]!
 404:Src/main.c    ****   {
 757              		.loc 1 404 0
 758 002e 0C48     		ldr	r0, .L42
 759 0030 FFF7FEFF 		bl	HAL_TIM_ConfigClockSource
 760              	.LVL54:
 761 0034 20B1     		cbz	r0, .L39
 406:Src/main.c    ****   }
 762              		.loc 1 406 0
 763 0036 0C48     		ldr	r0, .L42+8
 764 0038 4FF4CB71 		mov	r1, #406
 765 003c FFF7FEFF 		bl	_Error_Handler
 766              	.LVL55:
 767              	.L39:
 409:Src/main.c    ****   sMasterConfig.MasterSlaveMode = TIM_MASTERSLAVEMODE_DISABLE;
 768              		.loc 1 409 0
 769 0040 0023     		movs	r3, #0
 770 0042 0093     		str	r3, [sp]
 410:Src/main.c    ****   if (HAL_TIMEx_MasterConfigSynchronization(&htim3, &sMasterConfig) != HAL_OK)
 771              		.loc 1 410 0
 772 0044 0193     		str	r3, [sp, #4]
 411:Src/main.c    ****   {
 773              		.loc 1 411 0
ARM GAS  /var/folders/ck/4xtm3skj1ssb0w4rn7_4q_gw0000gn/T//ccNJ2kNd.s 			page 27


 774 0046 0648     		ldr	r0, .L42
 775 0048 6946     		mov	r1, sp
 776 004a FFF7FEFF 		bl	HAL_TIMEx_MasterConfigSynchronization
 777              	.LVL56:
 778 004e 20B1     		cbz	r0, .L37
 413:Src/main.c    ****   }
 779              		.loc 1 413 0
 780 0050 0548     		ldr	r0, .L42+8
 781 0052 40F29D11 		movw	r1, #413
 782 0056 FFF7FEFF 		bl	_Error_Handler
 783              	.LVL57:
 784              	.L37:
 416:Src/main.c    **** 
 785              		.loc 1 416 0
 786 005a 07B0     		add	sp, sp, #28
 787              	.LCFI12:
 788              		.cfi_def_cfa_offset 4
 789              		@ sp needed
 790 005c 5DF804FB 		ldr	pc, [sp], #4
 791              	.L43:
 792              		.align	2
 793              	.L42:
 794 0060 00000000 		.word	htim3
 795 0064 00040040 		.word	1073742848
 796 0068 00000000 		.word	.LC0
 797              		.cfi_endproc
 798              	.LFE128:
 800              		.section	.text.MX_TIM10_Init,"ax",%progbits
 801              		.align	2
 802              		.thumb
 803              		.thumb_func
 805              	MX_TIM10_Init:
 806              	.LFB129:
 420:Src/main.c    **** 
 807              		.loc 1 420 0
 808              		.cfi_startproc
 809              		@ args = 0, pretend = 0, frame = 32
 810              		@ frame_needed = 0, uses_anonymous_args = 0
 811 0000 00B5     		push	{lr}
 812              	.LCFI13:
 813              		.cfi_def_cfa_offset 4
 814              		.cfi_offset 14, -4
 815 0002 89B0     		sub	sp, sp, #36
 816              	.LCFI14:
 817              		.cfi_def_cfa_offset 40
 424:Src/main.c    ****   htim10.Init.Prescaler = 0;
 818              		.loc 1 424 0
 819 0004 1748     		ldr	r0, .L49
 820 0006 184B     		ldr	r3, .L49+4
 821 0008 0360     		str	r3, [r0]
 425:Src/main.c    ****   htim10.Init.CounterMode = TIM_COUNTERMODE_UP;
 822              		.loc 1 425 0
 823 000a 0023     		movs	r3, #0
 824 000c 4360     		str	r3, [r0, #4]
 426:Src/main.c    ****   htim10.Init.Period = 0;
 825              		.loc 1 426 0
 826 000e 8360     		str	r3, [r0, #8]
ARM GAS  /var/folders/ck/4xtm3skj1ssb0w4rn7_4q_gw0000gn/T//ccNJ2kNd.s 			page 28


 427:Src/main.c    ****   htim10.Init.ClockDivision = TIM_CLOCKDIVISION_DIV1;
 827              		.loc 1 427 0
 828 0010 C360     		str	r3, [r0, #12]
 428:Src/main.c    ****   if (HAL_TIM_Base_Init(&htim10) != HAL_OK)
 829              		.loc 1 428 0
 830 0012 0361     		str	r3, [r0, #16]
 429:Src/main.c    ****   {
 831              		.loc 1 429 0
 832 0014 FFF7FEFF 		bl	HAL_TIM_Base_Init
 833              	.LVL58:
 834 0018 20B1     		cbz	r0, .L45
 431:Src/main.c    ****   }
 835              		.loc 1 431 0
 836 001a 1448     		ldr	r0, .L49+8
 837 001c 40F2AF11 		movw	r1, #431
 838 0020 FFF7FEFF 		bl	_Error_Handler
 839              	.LVL59:
 840              	.L45:
 434:Src/main.c    ****   {
 841              		.loc 1 434 0
 842 0024 0F48     		ldr	r0, .L49
 843 0026 FFF7FEFF 		bl	HAL_TIM_PWM_Init
 844              	.LVL60:
 845 002a 20B1     		cbz	r0, .L46
 436:Src/main.c    ****   }
 846              		.loc 1 436 0
 847 002c 0F48     		ldr	r0, .L49+8
 848 002e 4FF4DA71 		mov	r1, #436
 849 0032 FFF7FEFF 		bl	_Error_Handler
 850              	.LVL61:
 851              	.L46:
 439:Src/main.c    ****   sConfigOC.Pulse = 0;
 852              		.loc 1 439 0
 853 0036 6023     		movs	r3, #96
 854 0038 0193     		str	r3, [sp, #4]
 440:Src/main.c    ****   sConfigOC.OCPolarity = TIM_OCPOLARITY_HIGH;
 855              		.loc 1 440 0
 856 003a 0022     		movs	r2, #0
 857 003c 0292     		str	r2, [sp, #8]
 441:Src/main.c    ****   sConfigOC.OCFastMode = TIM_OCFAST_DISABLE;
 858              		.loc 1 441 0
 859 003e 0392     		str	r2, [sp, #12]
 442:Src/main.c    ****   if (HAL_TIM_PWM_ConfigChannel(&htim10, &sConfigOC, TIM_CHANNEL_1) != HAL_OK)
 860              		.loc 1 442 0
 861 0040 0592     		str	r2, [sp, #20]
 443:Src/main.c    ****   {
 862              		.loc 1 443 0
 863 0042 0848     		ldr	r0, .L49
 864 0044 01A9     		add	r1, sp, #4
 865 0046 FFF7FEFF 		bl	HAL_TIM_PWM_ConfigChannel
 866              	.LVL62:
 867 004a 20B1     		cbz	r0, .L47
 445:Src/main.c    ****   }
 868              		.loc 1 445 0
 869 004c 0748     		ldr	r0, .L49+8
 870 004e 40F2BD11 		movw	r1, #445
 871 0052 FFF7FEFF 		bl	_Error_Handler
ARM GAS  /var/folders/ck/4xtm3skj1ssb0w4rn7_4q_gw0000gn/T//ccNJ2kNd.s 			page 29


 872              	.LVL63:
 873              	.L47:
 448:Src/main.c    **** 
 874              		.loc 1 448 0
 875 0056 0348     		ldr	r0, .L49
 876 0058 FFF7FEFF 		bl	HAL_TIM_MspPostInit
 877              	.LVL64:
 450:Src/main.c    **** 
 878              		.loc 1 450 0
 879 005c 09B0     		add	sp, sp, #36
 880              	.LCFI15:
 881              		.cfi_def_cfa_offset 4
 882              		@ sp needed
 883 005e 5DF804FB 		ldr	pc, [sp], #4
 884              	.L50:
 885 0062 00BF     		.align	2
 886              	.L49:
 887 0064 00000000 		.word	htim10
 888 0068 00440140 		.word	1073824768
 889 006c 00000000 		.word	.LC0
 890              		.cfi_endproc
 891              	.LFE129:
 893              		.section	.text.MX_TIM11_Init,"ax",%progbits
 894              		.align	2
 895              		.thumb
 896              		.thumb_func
 898              	MX_TIM11_Init:
 899              	.LFB130:
 454:Src/main.c    **** 
 900              		.loc 1 454 0
 901              		.cfi_startproc
 902              		@ args = 0, pretend = 0, frame = 32
 903              		@ frame_needed = 0, uses_anonymous_args = 0
 904 0000 00B5     		push	{lr}
 905              	.LCFI16:
 906              		.cfi_def_cfa_offset 4
 907              		.cfi_offset 14, -4
 908 0002 89B0     		sub	sp, sp, #36
 909              	.LCFI17:
 910              		.cfi_def_cfa_offset 40
 458:Src/main.c    ****   htim11.Init.Prescaler = 0;
 911              		.loc 1 458 0
 912 0004 1748     		ldr	r0, .L56
 913 0006 184B     		ldr	r3, .L56+4
 914 0008 0360     		str	r3, [r0]
 459:Src/main.c    ****   htim11.Init.CounterMode = TIM_COUNTERMODE_UP;
 915              		.loc 1 459 0
 916 000a 0023     		movs	r3, #0
 917 000c 4360     		str	r3, [r0, #4]
 460:Src/main.c    ****   htim11.Init.Period = 0;
 918              		.loc 1 460 0
 919 000e 8360     		str	r3, [r0, #8]
 461:Src/main.c    ****   htim11.Init.ClockDivision = TIM_CLOCKDIVISION_DIV1;
 920              		.loc 1 461 0
 921 0010 C360     		str	r3, [r0, #12]
 462:Src/main.c    ****   if (HAL_TIM_Base_Init(&htim11) != HAL_OK)
 922              		.loc 1 462 0
ARM GAS  /var/folders/ck/4xtm3skj1ssb0w4rn7_4q_gw0000gn/T//ccNJ2kNd.s 			page 30


 923 0012 0361     		str	r3, [r0, #16]
 463:Src/main.c    ****   {
 924              		.loc 1 463 0
 925 0014 FFF7FEFF 		bl	HAL_TIM_Base_Init
 926              	.LVL65:
 927 0018 20B1     		cbz	r0, .L52
 465:Src/main.c    ****   }
 928              		.loc 1 465 0
 929 001a 1448     		ldr	r0, .L56+8
 930 001c 40F2D111 		movw	r1, #465
 931 0020 FFF7FEFF 		bl	_Error_Handler
 932              	.LVL66:
 933              	.L52:
 468:Src/main.c    ****   {
 934              		.loc 1 468 0
 935 0024 0F48     		ldr	r0, .L56
 936 0026 FFF7FEFF 		bl	HAL_TIM_PWM_Init
 937              	.LVL67:
 938 002a 20B1     		cbz	r0, .L53
 470:Src/main.c    ****   }
 939              		.loc 1 470 0
 940 002c 0F48     		ldr	r0, .L56+8
 941 002e 4FF4EB71 		mov	r1, #470
 942 0032 FFF7FEFF 		bl	_Error_Handler
 943              	.LVL68:
 944              	.L53:
 473:Src/main.c    ****   sConfigOC.Pulse = 0;
 945              		.loc 1 473 0
 946 0036 6023     		movs	r3, #96
 947 0038 0193     		str	r3, [sp, #4]
 474:Src/main.c    ****   sConfigOC.OCPolarity = TIM_OCPOLARITY_HIGH;
 948              		.loc 1 474 0
 949 003a 0022     		movs	r2, #0
 950 003c 0292     		str	r2, [sp, #8]
 475:Src/main.c    ****   sConfigOC.OCFastMode = TIM_OCFAST_DISABLE;
 951              		.loc 1 475 0
 952 003e 0392     		str	r2, [sp, #12]
 476:Src/main.c    ****   if (HAL_TIM_PWM_ConfigChannel(&htim11, &sConfigOC, TIM_CHANNEL_1) != HAL_OK)
 953              		.loc 1 476 0
 954 0040 0592     		str	r2, [sp, #20]
 477:Src/main.c    ****   {
 955              		.loc 1 477 0
 956 0042 0848     		ldr	r0, .L56
 957 0044 01A9     		add	r1, sp, #4
 958 0046 FFF7FEFF 		bl	HAL_TIM_PWM_ConfigChannel
 959              	.LVL69:
 960 004a 20B1     		cbz	r0, .L54
 479:Src/main.c    ****   }
 961              		.loc 1 479 0
 962 004c 0748     		ldr	r0, .L56+8
 963 004e 40F2DF11 		movw	r1, #479
 964 0052 FFF7FEFF 		bl	_Error_Handler
 965              	.LVL70:
 966              	.L54:
 482:Src/main.c    **** 
 967              		.loc 1 482 0
 968 0056 0348     		ldr	r0, .L56
ARM GAS  /var/folders/ck/4xtm3skj1ssb0w4rn7_4q_gw0000gn/T//ccNJ2kNd.s 			page 31


 969 0058 FFF7FEFF 		bl	HAL_TIM_MspPostInit
 970              	.LVL71:
 484:Src/main.c    **** 
 971              		.loc 1 484 0
 972 005c 09B0     		add	sp, sp, #36
 973              	.LCFI18:
 974              		.cfi_def_cfa_offset 4
 975              		@ sp needed
 976 005e 5DF804FB 		ldr	pc, [sp], #4
 977              	.L57:
 978 0062 00BF     		.align	2
 979              	.L56:
 980 0064 00000000 		.word	htim11
 981 0068 00480140 		.word	1073825792
 982 006c 00000000 		.word	.LC0
 983              		.cfi_endproc
 984              	.LFE130:
 986              		.section	.text.MX_USART6_UART_Init,"ax",%progbits
 987              		.align	2
 988              		.thumb
 989              		.thumb_func
 991              	MX_USART6_UART_Init:
 992              	.LFB131:
 488:Src/main.c    **** 
 993              		.loc 1 488 0
 994              		.cfi_startproc
 995              		@ args = 0, pretend = 0, frame = 0
 996              		@ frame_needed = 0, uses_anonymous_args = 0
 997 0000 08B5     		push	{r3, lr}
 998              	.LCFI19:
 999              		.cfi_def_cfa_offset 8
 1000              		.cfi_offset 3, -8
 1001              		.cfi_offset 14, -4
 490:Src/main.c    ****   huart6.Init.BaudRate = 115200;
 1002              		.loc 1 490 0
 1003 0002 0B48     		ldr	r0, .L61
 1004 0004 0B4B     		ldr	r3, .L61+4
 1005 0006 0360     		str	r3, [r0]
 491:Src/main.c    ****   huart6.Init.WordLength = UART_WORDLENGTH_8B;
 1006              		.loc 1 491 0
 1007 0008 4FF4E133 		mov	r3, #115200
 1008 000c 4360     		str	r3, [r0, #4]
 492:Src/main.c    ****   huart6.Init.StopBits = UART_STOPBITS_1;
 1009              		.loc 1 492 0
 1010 000e 0023     		movs	r3, #0
 1011 0010 8360     		str	r3, [r0, #8]
 493:Src/main.c    ****   huart6.Init.Parity = UART_PARITY_NONE;
 1012              		.loc 1 493 0
 1013 0012 C360     		str	r3, [r0, #12]
 494:Src/main.c    ****   huart6.Init.Mode = UART_MODE_TX_RX;
 1014              		.loc 1 494 0
 1015 0014 0361     		str	r3, [r0, #16]
 495:Src/main.c    ****   huart6.Init.HwFlowCtl = UART_HWCONTROL_NONE;
 1016              		.loc 1 495 0
 1017 0016 0C22     		movs	r2, #12
 1018 0018 4261     		str	r2, [r0, #20]
 496:Src/main.c    ****   huart6.Init.OverSampling = UART_OVERSAMPLING_16;
ARM GAS  /var/folders/ck/4xtm3skj1ssb0w4rn7_4q_gw0000gn/T//ccNJ2kNd.s 			page 32


 1019              		.loc 1 496 0
 1020 001a 8361     		str	r3, [r0, #24]
 497:Src/main.c    ****   if (HAL_UART_Init(&huart6) != HAL_OK)
 1021              		.loc 1 497 0
 1022 001c C361     		str	r3, [r0, #28]
 498:Src/main.c    ****   {
 1023              		.loc 1 498 0
 1024 001e FFF7FEFF 		bl	HAL_UART_Init
 1025              	.LVL72:
 1026 0022 20B1     		cbz	r0, .L58
 500:Src/main.c    ****   }
 1027              		.loc 1 500 0
 1028 0024 0448     		ldr	r0, .L61+8
 1029 0026 4FF4FA71 		mov	r1, #500
 1030 002a FFF7FEFF 		bl	_Error_Handler
 1031              	.LVL73:
 1032              	.L58:
 1033 002e 08BD     		pop	{r3, pc}
 1034              	.L62:
 1035              		.align	2
 1036              	.L61:
 1037 0030 00000000 		.word	huart6
 1038 0034 00140140 		.word	1073812480
 1039 0038 00000000 		.word	.LC0
 1040              		.cfi_endproc
 1041              	.LFE131:
 1043              		.section	.text.SystemClock_Config,"ax",%progbits
 1044              		.align	2
 1045              		.global	SystemClock_Config
 1046              		.thumb
 1047              		.thumb_func
 1049              	SystemClock_Config:
 1050              	.LFB124:
 168:Src/main.c    **** 
 1051              		.loc 1 168 0
 1052              		.cfi_startproc
 1053              		@ args = 0, pretend = 0, frame = 80
 1054              		@ frame_needed = 0, uses_anonymous_args = 0
 1055 0000 00B5     		push	{lr}
 1056              	.LCFI20:
 1057              		.cfi_def_cfa_offset 4
 1058              		.cfi_offset 14, -4
 1059 0002 95B0     		sub	sp, sp, #84
 1060              	.LCFI21:
 1061              		.cfi_def_cfa_offset 88
 1062              	.LBB7:
 175:Src/main.c    **** 
 1063              		.loc 1 175 0
 1064 0004 0022     		movs	r2, #0
 1065 0006 0192     		str	r2, [sp, #4]
 1066 0008 2A4B     		ldr	r3, .L67
 1067 000a 196C     		ldr	r1, [r3, #64]
 1068 000c 41F08051 		orr	r1, r1, #268435456
 1069 0010 1964     		str	r1, [r3, #64]
 1070 0012 1B6C     		ldr	r3, [r3, #64]
 1071 0014 03F08053 		and	r3, r3, #268435456
 1072 0018 0193     		str	r3, [sp, #4]
ARM GAS  /var/folders/ck/4xtm3skj1ssb0w4rn7_4q_gw0000gn/T//ccNJ2kNd.s 			page 33


 1073 001a 019B     		ldr	r3, [sp, #4]
 1074              	.LBE7:
 1075              	.LBB8:
 177:Src/main.c    **** 
 1076              		.loc 1 177 0
 1077 001c 0292     		str	r2, [sp, #8]
 1078 001e 2649     		ldr	r1, .L67+4
 1079 0020 0B68     		ldr	r3, [r1]
 1080 0022 23F44043 		bic	r3, r3, #49152
 1081 0026 43F40043 		orr	r3, r3, #32768
 1082 002a 0B60     		str	r3, [r1]
 1083 002c 0B68     		ldr	r3, [r1]
 1084 002e 03F44043 		and	r3, r3, #49152
 1085 0032 0293     		str	r3, [sp, #8]
 1086 0034 029B     		ldr	r3, [sp, #8]
 1087              	.LBE8:
 181:Src/main.c    ****   RCC_OscInitStruct.HSIState = RCC_HSI_ON;
 1088              		.loc 1 181 0
 1089 0036 0223     		movs	r3, #2
 1090 0038 0893     		str	r3, [sp, #32]
 182:Src/main.c    ****   RCC_OscInitStruct.HSICalibrationValue = 16;
 1091              		.loc 1 182 0
 1092 003a 0121     		movs	r1, #1
 1093 003c 0B91     		str	r1, [sp, #44]
 183:Src/main.c    ****   RCC_OscInitStruct.PLL.PLLState = RCC_PLL_ON;
 1094              		.loc 1 183 0
 1095 003e 1021     		movs	r1, #16
 1096 0040 0C91     		str	r1, [sp, #48]
 184:Src/main.c    ****   RCC_OscInitStruct.PLL.PLLSource = RCC_PLLSOURCE_HSI;
 1097              		.loc 1 184 0
 1098 0042 0E93     		str	r3, [sp, #56]
 185:Src/main.c    ****   RCC_OscInitStruct.PLL.PLLM = 8;
 1099              		.loc 1 185 0
 1100 0044 0F92     		str	r2, [sp, #60]
 186:Src/main.c    ****   RCC_OscInitStruct.PLL.PLLN = 72;
 1101              		.loc 1 186 0
 1102 0046 0822     		movs	r2, #8
 1103 0048 1092     		str	r2, [sp, #64]
 187:Src/main.c    ****   RCC_OscInitStruct.PLL.PLLP = RCC_PLLP_DIV2;
 1104              		.loc 1 187 0
 1105 004a 4822     		movs	r2, #72
 1106 004c 1192     		str	r2, [sp, #68]
 188:Src/main.c    ****   RCC_OscInitStruct.PLL.PLLQ = 4;
 1107              		.loc 1 188 0
 1108 004e 1293     		str	r3, [sp, #72]
 189:Src/main.c    ****   if (HAL_RCC_OscConfig(&RCC_OscInitStruct) != HAL_OK)
 1109              		.loc 1 189 0
 1110 0050 0423     		movs	r3, #4
 1111 0052 1393     		str	r3, [sp, #76]
 190:Src/main.c    ****   {
 1112              		.loc 1 190 0
 1113 0054 08A8     		add	r0, sp, #32
 1114 0056 FFF7FEFF 		bl	HAL_RCC_OscConfig
 1115              	.LVL74:
 1116 005a 18B1     		cbz	r0, .L64
 192:Src/main.c    ****   }
 1117              		.loc 1 192 0
ARM GAS  /var/folders/ck/4xtm3skj1ssb0w4rn7_4q_gw0000gn/T//ccNJ2kNd.s 			page 34


 1118 005c 1748     		ldr	r0, .L67+8
 1119 005e C021     		movs	r1, #192
 1120 0060 FFF7FEFF 		bl	_Error_Handler
 1121              	.LVL75:
 1122              	.L64:
 197:Src/main.c    ****                               |RCC_CLOCKTYPE_PCLK1|RCC_CLOCKTYPE_PCLK2;
 1123              		.loc 1 197 0
 1124 0064 0F23     		movs	r3, #15
 1125 0066 0393     		str	r3, [sp, #12]
 199:Src/main.c    ****   RCC_ClkInitStruct.AHBCLKDivider = RCC_SYSCLK_DIV1;
 1126              		.loc 1 199 0
 1127 0068 0221     		movs	r1, #2
 1128 006a 0491     		str	r1, [sp, #16]
 200:Src/main.c    ****   RCC_ClkInitStruct.APB1CLKDivider = RCC_HCLK_DIV2;
 1129              		.loc 1 200 0
 1130 006c 0023     		movs	r3, #0
 1131 006e 0593     		str	r3, [sp, #20]
 201:Src/main.c    ****   RCC_ClkInitStruct.APB2CLKDivider = RCC_HCLK_DIV4;
 1132              		.loc 1 201 0
 1133 0070 4FF48053 		mov	r3, #4096
 1134 0074 0693     		str	r3, [sp, #24]
 202:Src/main.c    **** 
 1135              		.loc 1 202 0
 1136 0076 4FF4A053 		mov	r3, #5120
 1137 007a 0793     		str	r3, [sp, #28]
 204:Src/main.c    ****   {
 1138              		.loc 1 204 0
 1139 007c 03A8     		add	r0, sp, #12
 1140 007e FFF7FEFF 		bl	HAL_RCC_ClockConfig
 1141              	.LVL76:
 1142 0082 18B1     		cbz	r0, .L65
 206:Src/main.c    ****   }
 1143              		.loc 1 206 0
 1144 0084 0D48     		ldr	r0, .L67+8
 1145 0086 CE21     		movs	r1, #206
 1146 0088 FFF7FEFF 		bl	_Error_Handler
 1147              	.LVL77:
 1148              	.L65:
 211:Src/main.c    **** 
 1149              		.loc 1 211 0
 1150 008c FFF7FEFF 		bl	HAL_RCC_GetHCLKFreq
 1151              	.LVL78:
 1152 0090 0B4B     		ldr	r3, .L67+12
 1153 0092 A3FB0030 		umull	r3, r0, r3, r0
 1154 0096 8009     		lsrs	r0, r0, #6
 1155 0098 FFF7FEFF 		bl	HAL_SYSTICK_Config
 1156              	.LVL79:
 215:Src/main.c    **** 
 1157              		.loc 1 215 0
 1158 009c 0420     		movs	r0, #4
 1159 009e FFF7FEFF 		bl	HAL_SYSTICK_CLKSourceConfig
 1160              	.LVL80:
 218:Src/main.c    **** }
 1161              		.loc 1 218 0
 1162 00a2 4FF0FF30 		mov	r0, #-1
 1163 00a6 0021     		movs	r1, #0
 1164 00a8 0A46     		mov	r2, r1
ARM GAS  /var/folders/ck/4xtm3skj1ssb0w4rn7_4q_gw0000gn/T//ccNJ2kNd.s 			page 35


 1165 00aa FFF7FEFF 		bl	HAL_NVIC_SetPriority
 1166              	.LVL81:
 219:Src/main.c    **** 
 1167              		.loc 1 219 0
 1168 00ae 15B0     		add	sp, sp, #84
 1169              	.LCFI22:
 1170              		.cfi_def_cfa_offset 4
 1171              		@ sp needed
 1172 00b0 5DF804FB 		ldr	pc, [sp], #4
 1173              	.L68:
 1174              		.align	2
 1175              	.L67:
 1176 00b4 00380240 		.word	1073887232
 1177 00b8 00700040 		.word	1073770496
 1178 00bc 00000000 		.word	.LC0
 1179 00c0 D34D6210 		.word	274877907
 1180              		.cfi_endproc
 1181              	.LFE124:
 1183              		.section	.text.main,"ax",%progbits
 1184              		.align	2
 1185              		.global	main
 1186              		.thumb
 1187              		.thumb_func
 1189              	main:
 1190              	.LFB123:
  94:Src/main.c    ****   /* USER CODE BEGIN 1 */
 1191              		.loc 1 94 0
 1192              		.cfi_startproc
 1193              		@ args = 0, pretend = 0, frame = 0
 1194              		@ frame_needed = 0, uses_anonymous_args = 0
 1195 0000 10B5     		push	{r4, lr}
 1196              	.LCFI23:
 1197              		.cfi_def_cfa_offset 8
 1198              		.cfi_offset 4, -8
 1199              		.cfi_offset 14, -4
 102:Src/main.c    **** 
 1200              		.loc 1 102 0
 1201 0002 FFF7FEFF 		bl	HAL_Init
 1202              	.LVL82:
 109:Src/main.c    **** 
 1203              		.loc 1 109 0
 1204 0006 FFF7FEFF 		bl	SystemClock_Config
 1205              	.LVL83:
 116:Src/main.c    ****   MX_I2C1_Init();
 1206              		.loc 1 116 0
 1207 000a FFF7FEFF 		bl	MX_GPIO_Init
 1208              	.LVL84:
 117:Src/main.c    ****   MX_TIM1_Init();
 1209              		.loc 1 117 0
 1210 000e FFF7FEFF 		bl	MX_I2C1_Init
 1211              	.LVL85:
 118:Src/main.c    ****   MX_TIM2_Init();
 1212              		.loc 1 118 0
 1213 0012 FFF7FEFF 		bl	MX_TIM1_Init
 1214              	.LVL86:
 119:Src/main.c    ****   MX_TIM3_Init();
 1215              		.loc 1 119 0
ARM GAS  /var/folders/ck/4xtm3skj1ssb0w4rn7_4q_gw0000gn/T//ccNJ2kNd.s 			page 36


 1216 0016 FFF7FEFF 		bl	MX_TIM2_Init
 1217              	.LVL87:
 120:Src/main.c    ****   MX_TIM10_Init();
 1218              		.loc 1 120 0
 1219 001a FFF7FEFF 		bl	MX_TIM3_Init
 1220              	.LVL88:
 121:Src/main.c    ****   MX_TIM11_Init();
 1221              		.loc 1 121 0
 1222 001e FFF7FEFF 		bl	MX_TIM10_Init
 1223              	.LVL89:
 122:Src/main.c    ****   MX_USART6_UART_Init();
 1224              		.loc 1 122 0
 1225 0022 FFF7FEFF 		bl	MX_TIM11_Init
 1226              	.LVL90:
 123:Src/main.c    ****   /* USER CODE BEGIN 2 */
 1227              		.loc 1 123 0
 1228 0026 FFF7FEFF 		bl	MX_USART6_UART_Init
 1229              	.LVL91:
 125:Src/main.c    ****   HAL_Delay(1000);
 1230              		.loc 1 125 0
 1231 002a FFF7FEFF 		bl	ssd1306_Init
 1232              	.LVL92:
 126:Src/main.c    ****   ssd1306_Fill(Black);
 1233              		.loc 1 126 0
 1234 002e 4FF47A70 		mov	r0, #1000
 1235 0032 FFF7FEFF 		bl	HAL_Delay
 1236              	.LVL93:
 127:Src/main.c    ****   ssd1306_UpdateScreen();
 1237              		.loc 1 127 0
 1238 0036 0020     		movs	r0, #0
 1239 0038 FFF7FEFF 		bl	ssd1306_Fill
 1240              	.LVL94:
 128:Src/main.c    **** 
 1241              		.loc 1 128 0
 1242 003c FFF7FEFF 		bl	ssd1306_UpdateScreen
 1243              	.LVL95:
 130:Src/main.c    **** 
 1244              		.loc 1 130 0
 1245 0040 4FF47A70 		mov	r0, #1000
 1246 0044 FFF7FEFF 		bl	HAL_Delay
 1247              	.LVL96:
 132:Src/main.c    ****   ssd1306_WriteString("Sup fellas",Font_11x18,White);
 1248              		.loc 1 132 0
 1249 0048 0020     		movs	r0, #0
 1250 004a 0146     		mov	r1, r0
 1251 004c FFF7FEFF 		bl	ssd1306_SetCursor
 1252              	.LVL97:
 133:Src/main.c    **** 
 1253              		.loc 1 133 0
 1254 0050 154B     		ldr	r3, .L74
 1255 0052 1648     		ldr	r0, .L74+4
 1256 0054 93E80600 		ldmia	r3, {r1, r2}
 1257 0058 0123     		movs	r3, #1
 1258 005a FFF7FEFF 		bl	ssd1306_WriteString
 1259              	.LVL98:
 135:Src/main.c    ****   /* USER CODE END 2 */
 1260              		.loc 1 135 0
ARM GAS  /var/folders/ck/4xtm3skj1ssb0w4rn7_4q_gw0000gn/T//ccNJ2kNd.s 			page 37


 1261 005e FFF7FEFF 		bl	ssd1306_UpdateScreen
 1262              	.LVL99:
 1263              	.L70:
 1264              	.LBB9:
 142:Src/main.c    ****     if (pc13) {
 1265              		.loc 1 142 0
 1266 0062 1348     		ldr	r0, .L74+8
 1267 0064 4FF48041 		mov	r1, #16384
 1268 0068 FFF7FEFF 		bl	HAL_GPIO_ReadPin
 1269              	.LVL100:
 143:Src/main.c    ****       ssd1306_SetCursor(0,0);
 1270              		.loc 1 143 0
 1271 006c 0446     		mov	r4, r0
 1272 006e 68B1     		cbz	r0, .L71
 144:Src/main.c    ****       ssd1306_WriteChar(pc13,Font_11x18,White);
 1273              		.loc 1 144 0
 1274 0070 0020     		movs	r0, #0
 1275              	.LVL101:
 1276 0072 0146     		mov	r1, r0
 1277 0074 FFF7FEFF 		bl	ssd1306_SetCursor
 1278              	.LVL102:
 145:Src/main.c    ****       ssd1306_UpdateScreen();
 1279              		.loc 1 145 0
 1280 0078 0B4B     		ldr	r3, .L74
 1281 007a 2046     		mov	r0, r4
 1282 007c 93E80600 		ldmia	r3, {r1, r2}
 1283 0080 0123     		movs	r3, #1
 1284 0082 FFF7FEFF 		bl	ssd1306_WriteChar
 1285              	.LVL103:
 146:Src/main.c    ****     } else {
 1286              		.loc 1 146 0
 1287 0086 FFF7FEFF 		bl	ssd1306_UpdateScreen
 1288              	.LVL104:
 1289 008a EAE7     		b	.L70
 1290              	.LVL105:
 1291              	.L71:
 148:Src/main.c    ****       ssd1306_WriteString("Howdy Doo",Font_11x18,White);
 1292              		.loc 1 148 0
 1293 008c 0020     		movs	r0, #0
 1294              	.LVL106:
 1295 008e 0146     		mov	r1, r0
 1296 0090 FFF7FEFF 		bl	ssd1306_SetCursor
 1297              	.LVL107:
 149:Src/main.c    **** 
 1298              		.loc 1 149 0
 1299 0094 044B     		ldr	r3, .L74
 1300 0096 0748     		ldr	r0, .L74+12
 1301 0098 93E80600 		ldmia	r3, {r1, r2}
 1302 009c 0123     		movs	r3, #1
 1303 009e FFF7FEFF 		bl	ssd1306_WriteString
 1304              	.LVL108:
 151:Src/main.c    ****     }
 1305              		.loc 1 151 0
 1306 00a2 FFF7FEFF 		bl	ssd1306_UpdateScreen
 1307              	.LVL109:
 1308 00a6 DCE7     		b	.L70
 1309              	.L75:
ARM GAS  /var/folders/ck/4xtm3skj1ssb0w4rn7_4q_gw0000gn/T//ccNJ2kNd.s 			page 38


 1310              		.align	2
 1311              	.L74:
 1312 00a8 00000000 		.word	Font_11x18
 1313 00ac 0C000000 		.word	.LC1
 1314 00b0 00080240 		.word	1073874944
 1315 00b4 18000000 		.word	.LC2
 1316              	.LBE9:
 1317              		.cfi_endproc
 1318              	.LFE123:
 1320              		.comm	huart6,64,4
 1321              		.comm	htim11,60,4
 1322              		.comm	htim10,60,4
 1323              		.comm	htim3,60,4
 1324              		.comm	htim2,60,4
 1325              		.comm	htim1,60,4
 1326              		.comm	hi2c1,84,4
 1327              		.section	.rodata.str1.4,"aMS",%progbits,1
 1328              		.align	2
 1329              	.LC0:
 1330 0000 5372632F 		.ascii	"Src/main.c\000"
 1330      6D61696E 
 1330      2E6300
 1331 000b 00       		.space	1
 1332              	.LC1:
 1333 000c 53757020 		.ascii	"Sup fellas\000"
 1333      66656C6C 
 1333      617300
 1334 0017 00       		.space	1
 1335              	.LC2:
 1336 0018 486F7764 		.ascii	"Howdy Doo\000"
 1336      7920446F 
 1336      6F00
 1337              		.text
 1338              	.Letext0:
 1339              		.file 2 "Drivers/CMSIS/Device/ST/STM32F4xx/Include/stm32f401xe.h"
 1340              		.file 3 "/usr/local/Cellar/arm-none-eabi-gcc/20150921/arm-none-eabi/include/machine/_default_types
 1341              		.file 4 "/usr/local/Cellar/arm-none-eabi-gcc/20150921/arm-none-eabi/include/sys/_stdint.h"
 1342              		.file 5 "Drivers/STM32F4xx_HAL_Driver/Inc/stm32f4xx_hal_def.h"
 1343              		.file 6 "Drivers/STM32F4xx_HAL_Driver/Inc/stm32f4xx_hal_rcc_ex.h"
 1344              		.file 7 "Drivers/STM32F4xx_HAL_Driver/Inc/stm32f4xx_hal_rcc.h"
 1345              		.file 8 "Drivers/STM32F4xx_HAL_Driver/Inc/stm32f4xx_hal_gpio.h"
 1346              		.file 9 "Drivers/STM32F4xx_HAL_Driver/Inc/stm32f4xx_hal_dma.h"
 1347              		.file 10 "Drivers/STM32F4xx_HAL_Driver/Inc/stm32f4xx_hal_i2c.h"
 1348              		.file 11 "Drivers/STM32F4xx_HAL_Driver/Inc/stm32f4xx_hal_tim.h"
 1349              		.file 12 "Drivers/STM32F4xx_HAL_Driver/Inc/stm32f4xx_hal_tim_ex.h"
 1350              		.file 13 "Drivers/STM32F4xx_HAL_Driver/Inc/stm32f4xx_hal_uart.h"
 1351              		.file 14 "Inc/fonts.h"
 1352              		.file 15 "Inc/ssd1306.h"
 1353              		.file 16 "Drivers/CMSIS/Include/core_cm4.h"
 1354              		.file 17 "Drivers/STM32F4xx_HAL_Driver/Inc/stm32f4xx_hal_cortex.h"
 1355              		.file 18 "Drivers/STM32F4xx_HAL_Driver/Inc/stm32f4xx_hal.h"
ARM GAS  /var/folders/ck/4xtm3skj1ssb0w4rn7_4q_gw0000gn/T//ccNJ2kNd.s 			page 39


DEFINED SYMBOLS
                            *ABS*:0000000000000000 main.c
/var/folders/ck/4xtm3skj1ssb0w4rn7_4q_gw0000gn/T//ccNJ2kNd.s:21     .text.MX_GPIO_Init:0000000000000000 $t
/var/folders/ck/4xtm3skj1ssb0w4rn7_4q_gw0000gn/T//ccNJ2kNd.s:25     .text.MX_GPIO_Init:0000000000000000 MX_GPIO_Init
/var/folders/ck/4xtm3skj1ssb0w4rn7_4q_gw0000gn/T//ccNJ2kNd.s:260    .text.MX_GPIO_Init:0000000000000160 $d
/var/folders/ck/4xtm3skj1ssb0w4rn7_4q_gw0000gn/T//ccNJ2kNd.s:269    .text._Error_Handler:0000000000000000 $t
/var/folders/ck/4xtm3skj1ssb0w4rn7_4q_gw0000gn/T//ccNJ2kNd.s:274    .text._Error_Handler:0000000000000000 _Error_Handler
/var/folders/ck/4xtm3skj1ssb0w4rn7_4q_gw0000gn/T//ccNJ2kNd.s:290    .text.MX_I2C1_Init:0000000000000000 $t
/var/folders/ck/4xtm3skj1ssb0w4rn7_4q_gw0000gn/T//ccNJ2kNd.s:294    .text.MX_I2C1_Init:0000000000000000 MX_I2C1_Init
/var/folders/ck/4xtm3skj1ssb0w4rn7_4q_gw0000gn/T//ccNJ2kNd.s:342    .text.MX_I2C1_Init:0000000000000030 $d
                            *COM*:0000000000000054 hi2c1
/var/folders/ck/4xtm3skj1ssb0w4rn7_4q_gw0000gn/T//ccNJ2kNd.s:350    .text.MX_TIM1_Init:0000000000000000 $t
/var/folders/ck/4xtm3skj1ssb0w4rn7_4q_gw0000gn/T//ccNJ2kNd.s:354    .text.MX_TIM1_Init:0000000000000000 MX_TIM1_Init
/var/folders/ck/4xtm3skj1ssb0w4rn7_4q_gw0000gn/T//ccNJ2kNd.s:543    .text.MX_TIM1_Init:000000000000010c $d
                            *COM*:000000000000003c htim1
/var/folders/ck/4xtm3skj1ssb0w4rn7_4q_gw0000gn/T//ccNJ2kNd.s:550    .text.MX_TIM2_Init:0000000000000000 $t
/var/folders/ck/4xtm3skj1ssb0w4rn7_4q_gw0000gn/T//ccNJ2kNd.s:554    .text.MX_TIM2_Init:0000000000000000 MX_TIM2_Init
/var/folders/ck/4xtm3skj1ssb0w4rn7_4q_gw0000gn/T//ccNJ2kNd.s:707    .text.MX_TIM2_Init:00000000000000dc $d
                            *COM*:000000000000003c htim2
/var/folders/ck/4xtm3skj1ssb0w4rn7_4q_gw0000gn/T//ccNJ2kNd.s:713    .text.MX_TIM3_Init:0000000000000000 $t
/var/folders/ck/4xtm3skj1ssb0w4rn7_4q_gw0000gn/T//ccNJ2kNd.s:717    .text.MX_TIM3_Init:0000000000000000 MX_TIM3_Init
/var/folders/ck/4xtm3skj1ssb0w4rn7_4q_gw0000gn/T//ccNJ2kNd.s:794    .text.MX_TIM3_Init:0000000000000060 $d
                            *COM*:000000000000003c htim3
/var/folders/ck/4xtm3skj1ssb0w4rn7_4q_gw0000gn/T//ccNJ2kNd.s:801    .text.MX_TIM10_Init:0000000000000000 $t
/var/folders/ck/4xtm3skj1ssb0w4rn7_4q_gw0000gn/T//ccNJ2kNd.s:805    .text.MX_TIM10_Init:0000000000000000 MX_TIM10_Init
/var/folders/ck/4xtm3skj1ssb0w4rn7_4q_gw0000gn/T//ccNJ2kNd.s:887    .text.MX_TIM10_Init:0000000000000064 $d
                            *COM*:000000000000003c htim10
/var/folders/ck/4xtm3skj1ssb0w4rn7_4q_gw0000gn/T//ccNJ2kNd.s:894    .text.MX_TIM11_Init:0000000000000000 $t
/var/folders/ck/4xtm3skj1ssb0w4rn7_4q_gw0000gn/T//ccNJ2kNd.s:898    .text.MX_TIM11_Init:0000000000000000 MX_TIM11_Init
/var/folders/ck/4xtm3skj1ssb0w4rn7_4q_gw0000gn/T//ccNJ2kNd.s:980    .text.MX_TIM11_Init:0000000000000064 $d
                            *COM*:000000000000003c htim11
/var/folders/ck/4xtm3skj1ssb0w4rn7_4q_gw0000gn/T//ccNJ2kNd.s:987    .text.MX_USART6_UART_Init:0000000000000000 $t
/var/folders/ck/4xtm3skj1ssb0w4rn7_4q_gw0000gn/T//ccNJ2kNd.s:991    .text.MX_USART6_UART_Init:0000000000000000 MX_USART6_UART_Init
/var/folders/ck/4xtm3skj1ssb0w4rn7_4q_gw0000gn/T//ccNJ2kNd.s:1037   .text.MX_USART6_UART_Init:0000000000000030 $d
                            *COM*:0000000000000040 huart6
/var/folders/ck/4xtm3skj1ssb0w4rn7_4q_gw0000gn/T//ccNJ2kNd.s:1044   .text.SystemClock_Config:0000000000000000 $t
/var/folders/ck/4xtm3skj1ssb0w4rn7_4q_gw0000gn/T//ccNJ2kNd.s:1049   .text.SystemClock_Config:0000000000000000 SystemClock_Config
/var/folders/ck/4xtm3skj1ssb0w4rn7_4q_gw0000gn/T//ccNJ2kNd.s:1176   .text.SystemClock_Config:00000000000000b4 $d
/var/folders/ck/4xtm3skj1ssb0w4rn7_4q_gw0000gn/T//ccNJ2kNd.s:1184   .text.main:0000000000000000 $t
/var/folders/ck/4xtm3skj1ssb0w4rn7_4q_gw0000gn/T//ccNJ2kNd.s:1189   .text.main:0000000000000000 main
/var/folders/ck/4xtm3skj1ssb0w4rn7_4q_gw0000gn/T//ccNJ2kNd.s:1312   .text.main:00000000000000a8 $d
/var/folders/ck/4xtm3skj1ssb0w4rn7_4q_gw0000gn/T//ccNJ2kNd.s:1328   .rodata.str1.4:0000000000000000 $d
                     .debug_frame:0000000000000010 $d

UNDEFINED SYMBOLS
HAL_GPIO_WritePin
HAL_GPIO_Init
HAL_I2C_Init
HAL_TIM_Base_Init
HAL_TIM_ConfigClockSource
HAL_TIM_PWM_Init
HAL_TIMEx_MasterConfigSynchronization
HAL_TIM_PWM_ConfigChannel
HAL_TIMEx_ConfigBreakDeadTime
HAL_TIM_MspPostInit
HAL_UART_Init
HAL_RCC_OscConfig
ARM GAS  /var/folders/ck/4xtm3skj1ssb0w4rn7_4q_gw0000gn/T//ccNJ2kNd.s 			page 40


HAL_RCC_ClockConfig
HAL_RCC_GetHCLKFreq
HAL_SYSTICK_Config
HAL_SYSTICK_CLKSourceConfig
HAL_NVIC_SetPriority
HAL_Init
ssd1306_Init
HAL_Delay
ssd1306_Fill
ssd1306_UpdateScreen
ssd1306_SetCursor
ssd1306_WriteString
HAL_GPIO_ReadPin
ssd1306_WriteChar
Font_11x18
