ARM GAS  /var/folders/ck/4xtm3skj1ssb0w4rn7_4q_gw0000gn/T//cc0VwDoW.s 			page 1


   1              		.syntax unified
   2              		.cpu cortex-m4
   3              		.eabi_attribute 27, 1
   4              		.eabi_attribute 28, 1
   5              		.fpu fpv4-sp-d16
   6              		.eabi_attribute 20, 1
   7              		.eabi_attribute 21, 1
   8              		.eabi_attribute 23, 3
   9              		.eabi_attribute 24, 1
  10              		.eabi_attribute 25, 1
  11              		.eabi_attribute 26, 1
  12              		.eabi_attribute 30, 1
  13              		.eabi_attribute 34, 1
  14              		.eabi_attribute 18, 4
  15              		.thumb
  16              		.file	"stm32f4xx_hal_msp.c"
  17              		.text
  18              	.Ltext0:
  19              		.cfi_sections	.debug_frame
  20              		.section	.text.HAL_MspInit,"ax",%progbits
  21              		.align	2
  22              		.global	HAL_MspInit
  23              		.thumb
  24              		.thumb_func
  26              	HAL_MspInit:
  27              	.LFB123:
  28              		.file 1 "Src/stm32f4xx_hal_msp.c"
   1:Src/stm32f4xx_hal_msp.c **** /**
   2:Src/stm32f4xx_hal_msp.c ****   ******************************************************************************
   3:Src/stm32f4xx_hal_msp.c ****   * File Name          : stm32f4xx_hal_msp.c
   4:Src/stm32f4xx_hal_msp.c ****   * Description        : This file provides code for the MSP Initialization 
   5:Src/stm32f4xx_hal_msp.c ****   *                      and de-Initialization codes.
   6:Src/stm32f4xx_hal_msp.c ****   ******************************************************************************
   7:Src/stm32f4xx_hal_msp.c ****   ** This notice applies to any and all portions of this file
   8:Src/stm32f4xx_hal_msp.c ****   * that are not between comment pairs USER CODE BEGIN and
   9:Src/stm32f4xx_hal_msp.c ****   * USER CODE END. Other portions of this file, whether 
  10:Src/stm32f4xx_hal_msp.c ****   * inserted by the user or by software development tools
  11:Src/stm32f4xx_hal_msp.c ****   * are owned by their respective copyright owners.
  12:Src/stm32f4xx_hal_msp.c ****   *
  13:Src/stm32f4xx_hal_msp.c ****   * COPYRIGHT(c) 2018 STMicroelectronics
  14:Src/stm32f4xx_hal_msp.c ****   *
  15:Src/stm32f4xx_hal_msp.c ****   * Redistribution and use in source and binary forms, with or without modification,
  16:Src/stm32f4xx_hal_msp.c ****   * are permitted provided that the following conditions are met:
  17:Src/stm32f4xx_hal_msp.c ****   *   1. Redistributions of source code must retain the above copyright notice,
  18:Src/stm32f4xx_hal_msp.c ****   *      this list of conditions and the following disclaimer.
  19:Src/stm32f4xx_hal_msp.c ****   *   2. Redistributions in binary form must reproduce the above copyright notice,
  20:Src/stm32f4xx_hal_msp.c ****   *      this list of conditions and the following disclaimer in the documentation
  21:Src/stm32f4xx_hal_msp.c ****   *      and/or other materials provided with the distribution.
  22:Src/stm32f4xx_hal_msp.c ****   *   3. Neither the name of STMicroelectronics nor the names of its contributors
  23:Src/stm32f4xx_hal_msp.c ****   *      may be used to endorse or promote products derived from this software
  24:Src/stm32f4xx_hal_msp.c ****   *      without specific prior written permission.
  25:Src/stm32f4xx_hal_msp.c ****   *
  26:Src/stm32f4xx_hal_msp.c ****   * THIS SOFTWARE IS PROVIDED BY THE COPYRIGHT HOLDERS AND CONTRIBUTORS "AS IS"
  27:Src/stm32f4xx_hal_msp.c ****   * AND ANY EXPRESS OR IMPLIED WARRANTIES, INCLUDING, BUT NOT LIMITED TO, THE
  28:Src/stm32f4xx_hal_msp.c ****   * IMPLIED WARRANTIES OF MERCHANTABILITY AND FITNESS FOR A PARTICULAR PURPOSE ARE
  29:Src/stm32f4xx_hal_msp.c ****   * DISCLAIMED. IN NO EVENT SHALL THE COPYRIGHT HOLDER OR CONTRIBUTORS BE LIABLE
  30:Src/stm32f4xx_hal_msp.c ****   * FOR ANY DIRECT, INDIRECT, INCIDENTAL, SPECIAL, EXEMPLARY, OR CONSEQUENTIAL
ARM GAS  /var/folders/ck/4xtm3skj1ssb0w4rn7_4q_gw0000gn/T//cc0VwDoW.s 			page 2


  31:Src/stm32f4xx_hal_msp.c ****   * DAMAGES (INCLUDING, BUT NOT LIMITED TO, PROCUREMENT OF SUBSTITUTE GOODS OR
  32:Src/stm32f4xx_hal_msp.c ****   * SERVICES; LOSS OF USE, DATA, OR PROFITS; OR BUSINESS INTERRUPTION) HOWEVER
  33:Src/stm32f4xx_hal_msp.c ****   * CAUSED AND ON ANY THEORY OF LIABILITY, WHETHER IN CONTRACT, STRICT LIABILITY,
  34:Src/stm32f4xx_hal_msp.c ****   * OR TORT (INCLUDING NEGLIGENCE OR OTHERWISE) ARISING IN ANY WAY OUT OF THE USE
  35:Src/stm32f4xx_hal_msp.c ****   * OF THIS SOFTWARE, EVEN IF ADVISED OF THE POSSIBILITY OF SUCH DAMAGE.
  36:Src/stm32f4xx_hal_msp.c ****   *
  37:Src/stm32f4xx_hal_msp.c ****   ******************************************************************************
  38:Src/stm32f4xx_hal_msp.c ****   */
  39:Src/stm32f4xx_hal_msp.c **** /* Includes ------------------------------------------------------------------*/
  40:Src/stm32f4xx_hal_msp.c **** #include "stm32f4xx_hal.h"
  41:Src/stm32f4xx_hal_msp.c **** 
  42:Src/stm32f4xx_hal_msp.c **** extern void _Error_Handler(char *, int);
  43:Src/stm32f4xx_hal_msp.c **** /* USER CODE BEGIN 0 */
  44:Src/stm32f4xx_hal_msp.c **** 
  45:Src/stm32f4xx_hal_msp.c **** /* USER CODE END 0 */
  46:Src/stm32f4xx_hal_msp.c **** /**
  47:Src/stm32f4xx_hal_msp.c ****   * Initializes the Global MSP.
  48:Src/stm32f4xx_hal_msp.c ****   */
  49:Src/stm32f4xx_hal_msp.c **** void HAL_MspInit(void)
  50:Src/stm32f4xx_hal_msp.c **** {
  29              		.loc 1 50 0
  30              		.cfi_startproc
  31              		@ args = 0, pretend = 0, frame = 8
  32              		@ frame_needed = 0, uses_anonymous_args = 0
  33 0000 10B5     		push	{r4, lr}
  34              	.LCFI0:
  35              		.cfi_def_cfa_offset 8
  36              		.cfi_offset 4, -8
  37              		.cfi_offset 14, -4
  38 0002 82B0     		sub	sp, sp, #8
  39              	.LCFI1:
  40              		.cfi_def_cfa_offset 16
  41              	.LBB2:
  51:Src/stm32f4xx_hal_msp.c ****   /* USER CODE BEGIN MspInit 0 */
  52:Src/stm32f4xx_hal_msp.c **** 
  53:Src/stm32f4xx_hal_msp.c ****   /* USER CODE END MspInit 0 */
  54:Src/stm32f4xx_hal_msp.c **** 
  55:Src/stm32f4xx_hal_msp.c ****   __HAL_RCC_SYSCFG_CLK_ENABLE();
  42              		.loc 1 55 0
  43 0004 0024     		movs	r4, #0
  44 0006 0094     		str	r4, [sp]
  45 0008 214B     		ldr	r3, .L3
  46 000a 5A6C     		ldr	r2, [r3, #68]
  47 000c 42F48042 		orr	r2, r2, #16384
  48 0010 5A64     		str	r2, [r3, #68]
  49 0012 5A6C     		ldr	r2, [r3, #68]
  50 0014 02F48042 		and	r2, r2, #16384
  51 0018 0092     		str	r2, [sp]
  52 001a 009A     		ldr	r2, [sp]
  53              	.LBE2:
  54              	.LBB3:
  56:Src/stm32f4xx_hal_msp.c ****   __HAL_RCC_PWR_CLK_ENABLE();
  55              		.loc 1 56 0
  56 001c 0194     		str	r4, [sp, #4]
  57 001e 1A6C     		ldr	r2, [r3, #64]
  58 0020 42F08052 		orr	r2, r2, #268435456
  59 0024 1A64     		str	r2, [r3, #64]
ARM GAS  /var/folders/ck/4xtm3skj1ssb0w4rn7_4q_gw0000gn/T//cc0VwDoW.s 			page 3


  60 0026 1B6C     		ldr	r3, [r3, #64]
  61 0028 03F08053 		and	r3, r3, #268435456
  62 002c 0193     		str	r3, [sp, #4]
  63 002e 019B     		ldr	r3, [sp, #4]
  64              	.LBE3:
  57:Src/stm32f4xx_hal_msp.c **** 
  58:Src/stm32f4xx_hal_msp.c ****   HAL_NVIC_SetPriorityGrouping(NVIC_PRIORITYGROUP_4);
  65              		.loc 1 58 0
  66 0030 0320     		movs	r0, #3
  67 0032 FFF7FEFF 		bl	HAL_NVIC_SetPriorityGrouping
  68              	.LVL0:
  59:Src/stm32f4xx_hal_msp.c **** 
  60:Src/stm32f4xx_hal_msp.c ****   /* System interrupt init*/
  61:Src/stm32f4xx_hal_msp.c ****   /* MemoryManagement_IRQn interrupt configuration */
  62:Src/stm32f4xx_hal_msp.c ****   HAL_NVIC_SetPriority(MemoryManagement_IRQn, 0, 0);
  69              		.loc 1 62 0
  70 0036 6FF00B00 		mvn	r0, #11
  71 003a 2146     		mov	r1, r4
  72 003c 2246     		mov	r2, r4
  73 003e FFF7FEFF 		bl	HAL_NVIC_SetPriority
  74              	.LVL1:
  63:Src/stm32f4xx_hal_msp.c ****   /* BusFault_IRQn interrupt configuration */
  64:Src/stm32f4xx_hal_msp.c ****   HAL_NVIC_SetPriority(BusFault_IRQn, 0, 0);
  75              		.loc 1 64 0
  76 0042 6FF00A00 		mvn	r0, #10
  77 0046 2146     		mov	r1, r4
  78 0048 2246     		mov	r2, r4
  79 004a FFF7FEFF 		bl	HAL_NVIC_SetPriority
  80              	.LVL2:
  65:Src/stm32f4xx_hal_msp.c ****   /* UsageFault_IRQn interrupt configuration */
  66:Src/stm32f4xx_hal_msp.c ****   HAL_NVIC_SetPriority(UsageFault_IRQn, 0, 0);
  81              		.loc 1 66 0
  82 004e 6FF00900 		mvn	r0, #9
  83 0052 2146     		mov	r1, r4
  84 0054 2246     		mov	r2, r4
  85 0056 FFF7FEFF 		bl	HAL_NVIC_SetPriority
  86              	.LVL3:
  67:Src/stm32f4xx_hal_msp.c ****   /* SVCall_IRQn interrupt configuration */
  68:Src/stm32f4xx_hal_msp.c ****   HAL_NVIC_SetPriority(SVCall_IRQn, 0, 0);
  87              		.loc 1 68 0
  88 005a 6FF00400 		mvn	r0, #4
  89 005e 2146     		mov	r1, r4
  90 0060 2246     		mov	r2, r4
  91 0062 FFF7FEFF 		bl	HAL_NVIC_SetPriority
  92              	.LVL4:
  69:Src/stm32f4xx_hal_msp.c ****   /* DebugMonitor_IRQn interrupt configuration */
  70:Src/stm32f4xx_hal_msp.c ****   HAL_NVIC_SetPriority(DebugMonitor_IRQn, 0, 0);
  93              		.loc 1 70 0
  94 0066 6FF00300 		mvn	r0, #3
  95 006a 2146     		mov	r1, r4
  96 006c 2246     		mov	r2, r4
  97 006e FFF7FEFF 		bl	HAL_NVIC_SetPriority
  98              	.LVL5:
  71:Src/stm32f4xx_hal_msp.c ****   /* PendSV_IRQn interrupt configuration */
  72:Src/stm32f4xx_hal_msp.c ****   HAL_NVIC_SetPriority(PendSV_IRQn, 0, 0);
  99              		.loc 1 72 0
 100 0072 6FF00100 		mvn	r0, #1
ARM GAS  /var/folders/ck/4xtm3skj1ssb0w4rn7_4q_gw0000gn/T//cc0VwDoW.s 			page 4


 101 0076 2146     		mov	r1, r4
 102 0078 2246     		mov	r2, r4
 103 007a FFF7FEFF 		bl	HAL_NVIC_SetPriority
 104              	.LVL6:
  73:Src/stm32f4xx_hal_msp.c ****   /* SysTick_IRQn interrupt configuration */
  74:Src/stm32f4xx_hal_msp.c ****   HAL_NVIC_SetPriority(SysTick_IRQn, 0, 0);
 105              		.loc 1 74 0
 106 007e 4FF0FF30 		mov	r0, #-1
 107 0082 2146     		mov	r1, r4
 108 0084 2246     		mov	r2, r4
 109 0086 FFF7FEFF 		bl	HAL_NVIC_SetPriority
 110              	.LVL7:
  75:Src/stm32f4xx_hal_msp.c **** 
  76:Src/stm32f4xx_hal_msp.c ****   /* USER CODE BEGIN MspInit 1 */
  77:Src/stm32f4xx_hal_msp.c **** 
  78:Src/stm32f4xx_hal_msp.c ****   /* USER CODE END MspInit 1 */
  79:Src/stm32f4xx_hal_msp.c **** }
 111              		.loc 1 79 0
 112 008a 02B0     		add	sp, sp, #8
 113              	.LCFI2:
 114              		.cfi_def_cfa_offset 8
 115              		@ sp needed
 116 008c 10BD     		pop	{r4, pc}
 117              	.L4:
 118 008e 00BF     		.align	2
 119              	.L3:
 120 0090 00380240 		.word	1073887232
 121              		.cfi_endproc
 122              	.LFE123:
 124              		.section	.text.HAL_ADC_MspInit,"ax",%progbits
 125              		.align	2
 126              		.global	HAL_ADC_MspInit
 127              		.thumb
 128              		.thumb_func
 130              	HAL_ADC_MspInit:
 131              	.LFB124:
  80:Src/stm32f4xx_hal_msp.c **** 
  81:Src/stm32f4xx_hal_msp.c **** void HAL_ADC_MspInit(ADC_HandleTypeDef* hadc)
  82:Src/stm32f4xx_hal_msp.c **** {
 132              		.loc 1 82 0
 133              		.cfi_startproc
 134              		@ args = 0, pretend = 0, frame = 24
 135              		@ frame_needed = 0, uses_anonymous_args = 0
 136              	.LVL8:
  83:Src/stm32f4xx_hal_msp.c **** 
  84:Src/stm32f4xx_hal_msp.c ****   GPIO_InitTypeDef GPIO_InitStruct;
  85:Src/stm32f4xx_hal_msp.c ****   if(hadc->Instance==ADC1)
 137              		.loc 1 85 0
 138 0000 0268     		ldr	r2, [r0]
 139 0002 0F4B     		ldr	r3, .L9
 140 0004 9A42     		cmp	r2, r3
 141 0006 1AD1     		bne	.L8
  82:Src/stm32f4xx_hal_msp.c **** 
 142              		.loc 1 82 0
 143 0008 00B5     		push	{lr}
 144              	.LCFI3:
 145              		.cfi_def_cfa_offset 4
ARM GAS  /var/folders/ck/4xtm3skj1ssb0w4rn7_4q_gw0000gn/T//cc0VwDoW.s 			page 5


 146              		.cfi_offset 14, -4
 147 000a 87B0     		sub	sp, sp, #28
 148              	.LCFI4:
 149              		.cfi_def_cfa_offset 32
 150              	.LBB4:
  86:Src/stm32f4xx_hal_msp.c ****   {
  87:Src/stm32f4xx_hal_msp.c ****   /* USER CODE BEGIN ADC1_MspInit 0 */
  88:Src/stm32f4xx_hal_msp.c **** 
  89:Src/stm32f4xx_hal_msp.c ****   /* USER CODE END ADC1_MspInit 0 */
  90:Src/stm32f4xx_hal_msp.c ****     /* Peripheral clock enable */
  91:Src/stm32f4xx_hal_msp.c ****     __HAL_RCC_ADC1_CLK_ENABLE();
 151              		.loc 1 91 0
 152 000c 0021     		movs	r1, #0
 153 000e 0091     		str	r1, [sp]
 154 0010 03F58C33 		add	r3, r3, #71680
 155 0014 5A6C     		ldr	r2, [r3, #68]
 156 0016 42F48072 		orr	r2, r2, #256
 157 001a 5A64     		str	r2, [r3, #68]
 158 001c 5B6C     		ldr	r3, [r3, #68]
 159 001e 03F48073 		and	r3, r3, #256
 160 0022 0093     		str	r3, [sp]
 161 0024 009B     		ldr	r3, [sp]
 162              	.LBE4:
  92:Src/stm32f4xx_hal_msp.c ****   
  93:Src/stm32f4xx_hal_msp.c ****     /**ADC1 GPIO Configuration    
  94:Src/stm32f4xx_hal_msp.c ****     PA4     ------> ADC1_IN4
  95:Src/stm32f4xx_hal_msp.c ****     PA5     ------> ADC1_IN5 
  96:Src/stm32f4xx_hal_msp.c ****     */
  97:Src/stm32f4xx_hal_msp.c ****     GPIO_InitStruct.Pin = GPIO_PIN_4|GPIO_PIN_5;
 163              		.loc 1 97 0
 164 0026 3023     		movs	r3, #48
 165 0028 0193     		str	r3, [sp, #4]
  98:Src/stm32f4xx_hal_msp.c ****     GPIO_InitStruct.Mode = GPIO_MODE_ANALOG;
 166              		.loc 1 98 0
 167 002a 0323     		movs	r3, #3
 168 002c 0293     		str	r3, [sp, #8]
  99:Src/stm32f4xx_hal_msp.c ****     GPIO_InitStruct.Pull = GPIO_NOPULL;
 169              		.loc 1 99 0
 170 002e 0391     		str	r1, [sp, #12]
 100:Src/stm32f4xx_hal_msp.c ****     HAL_GPIO_Init(GPIOA, &GPIO_InitStruct);
 171              		.loc 1 100 0
 172 0030 0448     		ldr	r0, .L9+4
 173              	.LVL9:
 174 0032 01A9     		add	r1, sp, #4
 175 0034 FFF7FEFF 		bl	HAL_GPIO_Init
 176              	.LVL10:
 101:Src/stm32f4xx_hal_msp.c **** 
 102:Src/stm32f4xx_hal_msp.c ****   /* USER CODE BEGIN ADC1_MspInit 1 */
 103:Src/stm32f4xx_hal_msp.c **** 
 104:Src/stm32f4xx_hal_msp.c ****   /* USER CODE END ADC1_MspInit 1 */
 105:Src/stm32f4xx_hal_msp.c ****   }
 106:Src/stm32f4xx_hal_msp.c **** 
 107:Src/stm32f4xx_hal_msp.c **** }
 177              		.loc 1 107 0
 178 0038 07B0     		add	sp, sp, #28
 179              	.LCFI5:
 180              		.cfi_def_cfa_offset 4
ARM GAS  /var/folders/ck/4xtm3skj1ssb0w4rn7_4q_gw0000gn/T//cc0VwDoW.s 			page 6


 181              		@ sp needed
 182 003a 5DF804FB 		ldr	pc, [sp], #4
 183              	.LVL11:
 184              	.L8:
 185              	.LCFI6:
 186              		.cfi_def_cfa_offset 0
 187              		.cfi_restore 14
 188 003e 7047     		bx	lr
 189              	.L10:
 190              		.align	2
 191              	.L9:
 192 0040 00200140 		.word	1073815552
 193 0044 00000240 		.word	1073872896
 194              		.cfi_endproc
 195              	.LFE124:
 197              		.section	.text.HAL_ADC_MspDeInit,"ax",%progbits
 198              		.align	2
 199              		.global	HAL_ADC_MspDeInit
 200              		.thumb
 201              		.thumb_func
 203              	HAL_ADC_MspDeInit:
 204              	.LFB125:
 108:Src/stm32f4xx_hal_msp.c **** 
 109:Src/stm32f4xx_hal_msp.c **** void HAL_ADC_MspDeInit(ADC_HandleTypeDef* hadc)
 110:Src/stm32f4xx_hal_msp.c **** {
 205              		.loc 1 110 0
 206              		.cfi_startproc
 207              		@ args = 0, pretend = 0, frame = 0
 208              		@ frame_needed = 0, uses_anonymous_args = 0
 209              	.LVL12:
 210 0000 08B5     		push	{r3, lr}
 211              	.LCFI7:
 212              		.cfi_def_cfa_offset 8
 213              		.cfi_offset 3, -8
 214              		.cfi_offset 14, -4
 111:Src/stm32f4xx_hal_msp.c **** 
 112:Src/stm32f4xx_hal_msp.c ****   if(hadc->Instance==ADC1)
 215              		.loc 1 112 0
 216 0002 0268     		ldr	r2, [r0]
 217 0004 064B     		ldr	r3, .L14
 218 0006 9A42     		cmp	r2, r3
 219 0008 08D1     		bne	.L11
 113:Src/stm32f4xx_hal_msp.c ****   {
 114:Src/stm32f4xx_hal_msp.c ****   /* USER CODE BEGIN ADC1_MspDeInit 0 */
 115:Src/stm32f4xx_hal_msp.c **** 
 116:Src/stm32f4xx_hal_msp.c ****   /* USER CODE END ADC1_MspDeInit 0 */
 117:Src/stm32f4xx_hal_msp.c ****     /* Peripheral clock disable */
 118:Src/stm32f4xx_hal_msp.c ****     __HAL_RCC_ADC1_CLK_DISABLE();
 220              		.loc 1 118 0
 221 000a 064A     		ldr	r2, .L14+4
 222 000c 536C     		ldr	r3, [r2, #68]
 223 000e 23F48073 		bic	r3, r3, #256
 224 0012 5364     		str	r3, [r2, #68]
 119:Src/stm32f4xx_hal_msp.c ****   
 120:Src/stm32f4xx_hal_msp.c ****     /**ADC1 GPIO Configuration    
 121:Src/stm32f4xx_hal_msp.c ****     PA4     ------> ADC1_IN4
 122:Src/stm32f4xx_hal_msp.c ****     PA5     ------> ADC1_IN5 
ARM GAS  /var/folders/ck/4xtm3skj1ssb0w4rn7_4q_gw0000gn/T//cc0VwDoW.s 			page 7


 123:Src/stm32f4xx_hal_msp.c ****     */
 124:Src/stm32f4xx_hal_msp.c ****     HAL_GPIO_DeInit(GPIOA, GPIO_PIN_4|GPIO_PIN_5);
 225              		.loc 1 124 0
 226 0014 0448     		ldr	r0, .L14+8
 227              	.LVL13:
 228 0016 3021     		movs	r1, #48
 229 0018 FFF7FEFF 		bl	HAL_GPIO_DeInit
 230              	.LVL14:
 231              	.L11:
 232 001c 08BD     		pop	{r3, pc}
 233              	.L15:
 234 001e 00BF     		.align	2
 235              	.L14:
 236 0020 00200140 		.word	1073815552
 237 0024 00380240 		.word	1073887232
 238 0028 00000240 		.word	1073872896
 239              		.cfi_endproc
 240              	.LFE125:
 242              		.section	.text.HAL_I2C_MspInit,"ax",%progbits
 243              		.align	2
 244              		.global	HAL_I2C_MspInit
 245              		.thumb
 246              		.thumb_func
 248              	HAL_I2C_MspInit:
 249              	.LFB126:
 125:Src/stm32f4xx_hal_msp.c **** 
 126:Src/stm32f4xx_hal_msp.c ****   /* USER CODE BEGIN ADC1_MspDeInit 1 */
 127:Src/stm32f4xx_hal_msp.c **** 
 128:Src/stm32f4xx_hal_msp.c ****   /* USER CODE END ADC1_MspDeInit 1 */
 129:Src/stm32f4xx_hal_msp.c ****   }
 130:Src/stm32f4xx_hal_msp.c **** 
 131:Src/stm32f4xx_hal_msp.c **** }
 132:Src/stm32f4xx_hal_msp.c **** 
 133:Src/stm32f4xx_hal_msp.c **** void HAL_I2C_MspInit(I2C_HandleTypeDef* hi2c)
 134:Src/stm32f4xx_hal_msp.c **** {
 250              		.loc 1 134 0
 251              		.cfi_startproc
 252              		@ args = 0, pretend = 0, frame = 24
 253              		@ frame_needed = 0, uses_anonymous_args = 0
 254              	.LVL15:
 135:Src/stm32f4xx_hal_msp.c **** 
 136:Src/stm32f4xx_hal_msp.c ****   GPIO_InitTypeDef GPIO_InitStruct;
 137:Src/stm32f4xx_hal_msp.c ****   if(hi2c->Instance==I2C1)
 255              		.loc 1 137 0
 256 0000 0268     		ldr	r2, [r0]
 257 0002 124B     		ldr	r3, .L20
 258 0004 9A42     		cmp	r2, r3
 259 0006 1FD1     		bne	.L19
 134:Src/stm32f4xx_hal_msp.c **** 
 260              		.loc 1 134 0
 261 0008 00B5     		push	{lr}
 262              	.LCFI8:
 263              		.cfi_def_cfa_offset 4
 264              		.cfi_offset 14, -4
 265 000a 87B0     		sub	sp, sp, #28
 266              	.LCFI9:
 267              		.cfi_def_cfa_offset 32
ARM GAS  /var/folders/ck/4xtm3skj1ssb0w4rn7_4q_gw0000gn/T//cc0VwDoW.s 			page 8


 138:Src/stm32f4xx_hal_msp.c ****   {
 139:Src/stm32f4xx_hal_msp.c ****   /* USER CODE BEGIN I2C1_MspInit 0 */
 140:Src/stm32f4xx_hal_msp.c **** 
 141:Src/stm32f4xx_hal_msp.c ****   /* USER CODE END I2C1_MspInit 0 */
 142:Src/stm32f4xx_hal_msp.c ****   
 143:Src/stm32f4xx_hal_msp.c ****     /**I2C1 GPIO Configuration    
 144:Src/stm32f4xx_hal_msp.c ****     PB6     ------> I2C1_SCL
 145:Src/stm32f4xx_hal_msp.c ****     PB7     ------> I2C1_SDA 
 146:Src/stm32f4xx_hal_msp.c ****     */
 147:Src/stm32f4xx_hal_msp.c ****     GPIO_InitStruct.Pin = GPIO_PIN_6|GPIO_PIN_7;
 268              		.loc 1 147 0
 269 000c C023     		movs	r3, #192
 270 000e 0193     		str	r3, [sp, #4]
 148:Src/stm32f4xx_hal_msp.c ****     GPIO_InitStruct.Mode = GPIO_MODE_AF_OD;
 271              		.loc 1 148 0
 272 0010 1223     		movs	r3, #18
 273 0012 0293     		str	r3, [sp, #8]
 149:Src/stm32f4xx_hal_msp.c ****     GPIO_InitStruct.Pull = GPIO_PULLUP;
 274              		.loc 1 149 0
 275 0014 0123     		movs	r3, #1
 276 0016 0393     		str	r3, [sp, #12]
 150:Src/stm32f4xx_hal_msp.c ****     GPIO_InitStruct.Speed = GPIO_SPEED_FREQ_VERY_HIGH;
 277              		.loc 1 150 0
 278 0018 0323     		movs	r3, #3
 279 001a 0493     		str	r3, [sp, #16]
 151:Src/stm32f4xx_hal_msp.c ****     GPIO_InitStruct.Alternate = GPIO_AF4_I2C1;
 280              		.loc 1 151 0
 281 001c 0423     		movs	r3, #4
 282 001e 0593     		str	r3, [sp, #20]
 152:Src/stm32f4xx_hal_msp.c ****     HAL_GPIO_Init(GPIOB, &GPIO_InitStruct);
 283              		.loc 1 152 0
 284 0020 0B48     		ldr	r0, .L20+4
 285              	.LVL16:
 286 0022 0DEB0301 		add	r1, sp, r3
 287 0026 FFF7FEFF 		bl	HAL_GPIO_Init
 288              	.LVL17:
 289              	.LBB5:
 153:Src/stm32f4xx_hal_msp.c **** 
 154:Src/stm32f4xx_hal_msp.c ****     /* Peripheral clock enable */
 155:Src/stm32f4xx_hal_msp.c ****     __HAL_RCC_I2C1_CLK_ENABLE();
 290              		.loc 1 155 0
 291 002a 0023     		movs	r3, #0
 292 002c 0093     		str	r3, [sp]
 293 002e 094B     		ldr	r3, .L20+8
 294 0030 1A6C     		ldr	r2, [r3, #64]
 295 0032 42F40012 		orr	r2, r2, #2097152
 296 0036 1A64     		str	r2, [r3, #64]
 297 0038 1B6C     		ldr	r3, [r3, #64]
 298 003a 03F40013 		and	r3, r3, #2097152
 299 003e 0093     		str	r3, [sp]
 300 0040 009B     		ldr	r3, [sp]
 301              	.LBE5:
 156:Src/stm32f4xx_hal_msp.c ****   /* USER CODE BEGIN I2C1_MspInit 1 */
 157:Src/stm32f4xx_hal_msp.c **** 
 158:Src/stm32f4xx_hal_msp.c ****   /* USER CODE END I2C1_MspInit 1 */
 159:Src/stm32f4xx_hal_msp.c ****   }
 160:Src/stm32f4xx_hal_msp.c **** 
ARM GAS  /var/folders/ck/4xtm3skj1ssb0w4rn7_4q_gw0000gn/T//cc0VwDoW.s 			page 9


 161:Src/stm32f4xx_hal_msp.c **** }
 302              		.loc 1 161 0
 303 0042 07B0     		add	sp, sp, #28
 304              	.LCFI10:
 305              		.cfi_def_cfa_offset 4
 306              		@ sp needed
 307 0044 5DF804FB 		ldr	pc, [sp], #4
 308              	.LVL18:
 309              	.L19:
 310              	.LCFI11:
 311              		.cfi_def_cfa_offset 0
 312              		.cfi_restore 14
 313 0048 7047     		bx	lr
 314              	.L21:
 315 004a 00BF     		.align	2
 316              	.L20:
 317 004c 00540040 		.word	1073763328
 318 0050 00040240 		.word	1073873920
 319 0054 00380240 		.word	1073887232
 320              		.cfi_endproc
 321              	.LFE126:
 323              		.section	.text.HAL_I2C_MspDeInit,"ax",%progbits
 324              		.align	2
 325              		.global	HAL_I2C_MspDeInit
 326              		.thumb
 327              		.thumb_func
 329              	HAL_I2C_MspDeInit:
 330              	.LFB127:
 162:Src/stm32f4xx_hal_msp.c **** 
 163:Src/stm32f4xx_hal_msp.c **** void HAL_I2C_MspDeInit(I2C_HandleTypeDef* hi2c)
 164:Src/stm32f4xx_hal_msp.c **** {
 331              		.loc 1 164 0
 332              		.cfi_startproc
 333              		@ args = 0, pretend = 0, frame = 0
 334              		@ frame_needed = 0, uses_anonymous_args = 0
 335              	.LVL19:
 336 0000 08B5     		push	{r3, lr}
 337              	.LCFI12:
 338              		.cfi_def_cfa_offset 8
 339              		.cfi_offset 3, -8
 340              		.cfi_offset 14, -4
 165:Src/stm32f4xx_hal_msp.c **** 
 166:Src/stm32f4xx_hal_msp.c ****   if(hi2c->Instance==I2C1)
 341              		.loc 1 166 0
 342 0002 0268     		ldr	r2, [r0]
 343 0004 064B     		ldr	r3, .L25
 344 0006 9A42     		cmp	r2, r3
 345 0008 08D1     		bne	.L22
 167:Src/stm32f4xx_hal_msp.c ****   {
 168:Src/stm32f4xx_hal_msp.c ****   /* USER CODE BEGIN I2C1_MspDeInit 0 */
 169:Src/stm32f4xx_hal_msp.c **** 
 170:Src/stm32f4xx_hal_msp.c ****   /* USER CODE END I2C1_MspDeInit 0 */
 171:Src/stm32f4xx_hal_msp.c ****     /* Peripheral clock disable */
 172:Src/stm32f4xx_hal_msp.c ****     __HAL_RCC_I2C1_CLK_DISABLE();
 346              		.loc 1 172 0
 347 000a 064A     		ldr	r2, .L25+4
 348 000c 136C     		ldr	r3, [r2, #64]
ARM GAS  /var/folders/ck/4xtm3skj1ssb0w4rn7_4q_gw0000gn/T//cc0VwDoW.s 			page 10


 349 000e 23F40013 		bic	r3, r3, #2097152
 350 0012 1364     		str	r3, [r2, #64]
 173:Src/stm32f4xx_hal_msp.c ****   
 174:Src/stm32f4xx_hal_msp.c ****     /**I2C1 GPIO Configuration    
 175:Src/stm32f4xx_hal_msp.c ****     PB6     ------> I2C1_SCL
 176:Src/stm32f4xx_hal_msp.c ****     PB7     ------> I2C1_SDA 
 177:Src/stm32f4xx_hal_msp.c ****     */
 178:Src/stm32f4xx_hal_msp.c ****     HAL_GPIO_DeInit(GPIOB, GPIO_PIN_6|GPIO_PIN_7);
 351              		.loc 1 178 0
 352 0014 0448     		ldr	r0, .L25+8
 353              	.LVL20:
 354 0016 C021     		movs	r1, #192
 355 0018 FFF7FEFF 		bl	HAL_GPIO_DeInit
 356              	.LVL21:
 357              	.L22:
 358 001c 08BD     		pop	{r3, pc}
 359              	.L26:
 360 001e 00BF     		.align	2
 361              	.L25:
 362 0020 00540040 		.word	1073763328
 363 0024 00380240 		.word	1073887232
 364 0028 00040240 		.word	1073873920
 365              		.cfi_endproc
 366              	.LFE127:
 368              		.section	.text.HAL_TIM_Base_MspInit,"ax",%progbits
 369              		.align	2
 370              		.global	HAL_TIM_Base_MspInit
 371              		.thumb
 372              		.thumb_func
 374              	HAL_TIM_Base_MspInit:
 375              	.LFB128:
 179:Src/stm32f4xx_hal_msp.c **** 
 180:Src/stm32f4xx_hal_msp.c ****   /* USER CODE BEGIN I2C1_MspDeInit 1 */
 181:Src/stm32f4xx_hal_msp.c **** 
 182:Src/stm32f4xx_hal_msp.c ****   /* USER CODE END I2C1_MspDeInit 1 */
 183:Src/stm32f4xx_hal_msp.c ****   }
 184:Src/stm32f4xx_hal_msp.c **** 
 185:Src/stm32f4xx_hal_msp.c **** }
 186:Src/stm32f4xx_hal_msp.c **** 
 187:Src/stm32f4xx_hal_msp.c **** void HAL_TIM_Base_MspInit(TIM_HandleTypeDef* htim_base)
 188:Src/stm32f4xx_hal_msp.c **** {
 376              		.loc 1 188 0
 377              		.cfi_startproc
 378              		@ args = 0, pretend = 0, frame = 24
 379              		@ frame_needed = 0, uses_anonymous_args = 0
 380              	.LVL22:
 381 0000 00B5     		push	{lr}
 382              	.LCFI13:
 383              		.cfi_def_cfa_offset 4
 384              		.cfi_offset 14, -4
 385 0002 87B0     		sub	sp, sp, #28
 386              	.LCFI14:
 387              		.cfi_def_cfa_offset 32
 189:Src/stm32f4xx_hal_msp.c **** 
 190:Src/stm32f4xx_hal_msp.c ****   if(htim_base->Instance==TIM1)
 388              		.loc 1 190 0
 389 0004 0368     		ldr	r3, [r0]
ARM GAS  /var/folders/ck/4xtm3skj1ssb0w4rn7_4q_gw0000gn/T//cc0VwDoW.s 			page 11


 390 0006 2D4A     		ldr	r2, .L34
 391 0008 9342     		cmp	r3, r2
 392 000a 0CD1     		bne	.L28
 393              	.LBB6:
 191:Src/stm32f4xx_hal_msp.c ****   {
 192:Src/stm32f4xx_hal_msp.c ****   /* USER CODE BEGIN TIM1_MspInit 0 */
 193:Src/stm32f4xx_hal_msp.c **** 
 194:Src/stm32f4xx_hal_msp.c ****   /* USER CODE END TIM1_MspInit 0 */
 195:Src/stm32f4xx_hal_msp.c ****     /* Peripheral clock enable */
 196:Src/stm32f4xx_hal_msp.c ****     __HAL_RCC_TIM1_CLK_ENABLE();
 394              		.loc 1 196 0
 395 000c 0023     		movs	r3, #0
 396 000e 0193     		str	r3, [sp, #4]
 397 0010 2B4B     		ldr	r3, .L34+4
 398 0012 5A6C     		ldr	r2, [r3, #68]
 399 0014 42F00102 		orr	r2, r2, #1
 400 0018 5A64     		str	r2, [r3, #68]
 401 001a 5B6C     		ldr	r3, [r3, #68]
 402 001c 03F00103 		and	r3, r3, #1
 403 0020 0193     		str	r3, [sp, #4]
 404 0022 019B     		ldr	r3, [sp, #4]
 405              	.LBE6:
 406 0024 46E0     		b	.L27
 407              	.L28:
 197:Src/stm32f4xx_hal_msp.c ****   /* USER CODE BEGIN TIM1_MspInit 1 */
 198:Src/stm32f4xx_hal_msp.c **** 
 199:Src/stm32f4xx_hal_msp.c ****   /* USER CODE END TIM1_MspInit 1 */
 200:Src/stm32f4xx_hal_msp.c ****   }
 201:Src/stm32f4xx_hal_msp.c ****   else if(htim_base->Instance==TIM2)
 408              		.loc 1 201 0
 409 0026 B3F1804F 		cmp	r3, #1073741824
 410 002a 14D1     		bne	.L30
 411              	.LBB7:
 202:Src/stm32f4xx_hal_msp.c ****   {
 203:Src/stm32f4xx_hal_msp.c ****   /* USER CODE BEGIN TIM2_MspInit 0 */
 204:Src/stm32f4xx_hal_msp.c **** 
 205:Src/stm32f4xx_hal_msp.c ****   /* USER CODE END TIM2_MspInit 0 */
 206:Src/stm32f4xx_hal_msp.c ****     /* Peripheral clock enable */
 207:Src/stm32f4xx_hal_msp.c ****     __HAL_RCC_TIM2_CLK_ENABLE();
 412              		.loc 1 207 0
 413 002c 0022     		movs	r2, #0
 414 002e 0292     		str	r2, [sp, #8]
 415 0030 03F50E33 		add	r3, r3, #145408
 416 0034 196C     		ldr	r1, [r3, #64]
 417 0036 41F00101 		orr	r1, r1, #1
 418 003a 1964     		str	r1, [r3, #64]
 419 003c 1B6C     		ldr	r3, [r3, #64]
 420 003e 03F00103 		and	r3, r3, #1
 421 0042 0293     		str	r3, [sp, #8]
 422 0044 029B     		ldr	r3, [sp, #8]
 423              	.LBE7:
 208:Src/stm32f4xx_hal_msp.c ****     /* TIM2 interrupt Init */
 209:Src/stm32f4xx_hal_msp.c ****     HAL_NVIC_SetPriority(TIM2_IRQn, 0, 0);
 424              		.loc 1 209 0
 425 0046 1C20     		movs	r0, #28
 426              	.LVL23:
 427 0048 1146     		mov	r1, r2
ARM GAS  /var/folders/ck/4xtm3skj1ssb0w4rn7_4q_gw0000gn/T//cc0VwDoW.s 			page 12


 428 004a FFF7FEFF 		bl	HAL_NVIC_SetPriority
 429              	.LVL24:
 210:Src/stm32f4xx_hal_msp.c ****     HAL_NVIC_EnableIRQ(TIM2_IRQn);
 430              		.loc 1 210 0
 431 004e 1C20     		movs	r0, #28
 432 0050 FFF7FEFF 		bl	HAL_NVIC_EnableIRQ
 433              	.LVL25:
 434 0054 2EE0     		b	.L27
 435              	.LVL26:
 436              	.L30:
 211:Src/stm32f4xx_hal_msp.c ****   /* USER CODE BEGIN TIM2_MspInit 1 */
 212:Src/stm32f4xx_hal_msp.c **** 
 213:Src/stm32f4xx_hal_msp.c ****   /* USER CODE END TIM2_MspInit 1 */
 214:Src/stm32f4xx_hal_msp.c ****   }
 215:Src/stm32f4xx_hal_msp.c ****   else if(htim_base->Instance==TIM3)
 437              		.loc 1 215 0
 438 0056 1B4A     		ldr	r2, .L34+8
 439 0058 9342     		cmp	r3, r2
 440 005a 0CD1     		bne	.L31
 441              	.LBB8:
 216:Src/stm32f4xx_hal_msp.c ****   {
 217:Src/stm32f4xx_hal_msp.c ****   /* USER CODE BEGIN TIM3_MspInit 0 */
 218:Src/stm32f4xx_hal_msp.c **** 
 219:Src/stm32f4xx_hal_msp.c ****   /* USER CODE END TIM3_MspInit 0 */
 220:Src/stm32f4xx_hal_msp.c ****     /* Peripheral clock enable */
 221:Src/stm32f4xx_hal_msp.c ****     __HAL_RCC_TIM3_CLK_ENABLE();
 442              		.loc 1 221 0
 443 005c 0023     		movs	r3, #0
 444 005e 0393     		str	r3, [sp, #12]
 445 0060 174B     		ldr	r3, .L34+4
 446 0062 1A6C     		ldr	r2, [r3, #64]
 447 0064 42F00202 		orr	r2, r2, #2
 448 0068 1A64     		str	r2, [r3, #64]
 449 006a 1B6C     		ldr	r3, [r3, #64]
 450 006c 03F00203 		and	r3, r3, #2
 451 0070 0393     		str	r3, [sp, #12]
 452 0072 039B     		ldr	r3, [sp, #12]
 453              	.LBE8:
 454 0074 1EE0     		b	.L27
 455              	.L31:
 222:Src/stm32f4xx_hal_msp.c ****   /* USER CODE BEGIN TIM3_MspInit 1 */
 223:Src/stm32f4xx_hal_msp.c **** 
 224:Src/stm32f4xx_hal_msp.c ****   /* USER CODE END TIM3_MspInit 1 */
 225:Src/stm32f4xx_hal_msp.c ****   }
 226:Src/stm32f4xx_hal_msp.c ****   else if(htim_base->Instance==TIM10)
 456              		.loc 1 226 0
 457 0076 144A     		ldr	r2, .L34+12
 458 0078 9342     		cmp	r3, r2
 459 007a 0CD1     		bne	.L32
 460              	.LBB9:
 227:Src/stm32f4xx_hal_msp.c ****   {
 228:Src/stm32f4xx_hal_msp.c ****   /* USER CODE BEGIN TIM10_MspInit 0 */
 229:Src/stm32f4xx_hal_msp.c **** 
 230:Src/stm32f4xx_hal_msp.c ****   /* USER CODE END TIM10_MspInit 0 */
 231:Src/stm32f4xx_hal_msp.c ****     /* Peripheral clock enable */
 232:Src/stm32f4xx_hal_msp.c ****     __HAL_RCC_TIM10_CLK_ENABLE();
 461              		.loc 1 232 0
ARM GAS  /var/folders/ck/4xtm3skj1ssb0w4rn7_4q_gw0000gn/T//cc0VwDoW.s 			page 13


 462 007c 0023     		movs	r3, #0
 463 007e 0493     		str	r3, [sp, #16]
 464 0080 0F4B     		ldr	r3, .L34+4
 465 0082 5A6C     		ldr	r2, [r3, #68]
 466 0084 42F40032 		orr	r2, r2, #131072
 467 0088 5A64     		str	r2, [r3, #68]
 468 008a 5B6C     		ldr	r3, [r3, #68]
 469 008c 03F40033 		and	r3, r3, #131072
 470 0090 0493     		str	r3, [sp, #16]
 471 0092 049B     		ldr	r3, [sp, #16]
 472              	.LBE9:
 473 0094 0EE0     		b	.L27
 474              	.L32:
 233:Src/stm32f4xx_hal_msp.c ****   /* USER CODE BEGIN TIM10_MspInit 1 */
 234:Src/stm32f4xx_hal_msp.c **** 
 235:Src/stm32f4xx_hal_msp.c ****   /* USER CODE END TIM10_MspInit 1 */
 236:Src/stm32f4xx_hal_msp.c ****   }
 237:Src/stm32f4xx_hal_msp.c ****   else if(htim_base->Instance==TIM11)
 475              		.loc 1 237 0
 476 0096 0D4A     		ldr	r2, .L34+16
 477 0098 9342     		cmp	r3, r2
 478 009a 0BD1     		bne	.L27
 479              	.LBB10:
 238:Src/stm32f4xx_hal_msp.c ****   {
 239:Src/stm32f4xx_hal_msp.c ****   /* USER CODE BEGIN TIM11_MspInit 0 */
 240:Src/stm32f4xx_hal_msp.c **** 
 241:Src/stm32f4xx_hal_msp.c ****   /* USER CODE END TIM11_MspInit 0 */
 242:Src/stm32f4xx_hal_msp.c ****     /* Peripheral clock enable */
 243:Src/stm32f4xx_hal_msp.c ****     __HAL_RCC_TIM11_CLK_ENABLE();
 480              		.loc 1 243 0
 481 009c 0023     		movs	r3, #0
 482 009e 0593     		str	r3, [sp, #20]
 483 00a0 074B     		ldr	r3, .L34+4
 484 00a2 5A6C     		ldr	r2, [r3, #68]
 485 00a4 42F48022 		orr	r2, r2, #262144
 486 00a8 5A64     		str	r2, [r3, #68]
 487 00aa 5B6C     		ldr	r3, [r3, #68]
 488 00ac 03F48023 		and	r3, r3, #262144
 489 00b0 0593     		str	r3, [sp, #20]
 490 00b2 059B     		ldr	r3, [sp, #20]
 491              	.LVL27:
 492              	.L27:
 493              	.LBE10:
 244:Src/stm32f4xx_hal_msp.c ****   /* USER CODE BEGIN TIM11_MspInit 1 */
 245:Src/stm32f4xx_hal_msp.c **** 
 246:Src/stm32f4xx_hal_msp.c ****   /* USER CODE END TIM11_MspInit 1 */
 247:Src/stm32f4xx_hal_msp.c ****   }
 248:Src/stm32f4xx_hal_msp.c **** 
 249:Src/stm32f4xx_hal_msp.c **** }
 494              		.loc 1 249 0
 495 00b4 07B0     		add	sp, sp, #28
 496              	.LCFI15:
 497              		.cfi_def_cfa_offset 4
 498              		@ sp needed
 499 00b6 5DF804FB 		ldr	pc, [sp], #4
 500              	.L35:
 501 00ba 00BF     		.align	2
ARM GAS  /var/folders/ck/4xtm3skj1ssb0w4rn7_4q_gw0000gn/T//cc0VwDoW.s 			page 14


 502              	.L34:
 503 00bc 00000140 		.word	1073807360
 504 00c0 00380240 		.word	1073887232
 505 00c4 00040040 		.word	1073742848
 506 00c8 00440140 		.word	1073824768
 507 00cc 00480140 		.word	1073825792
 508              		.cfi_endproc
 509              	.LFE128:
 511              		.section	.text.HAL_TIM_MspPostInit,"ax",%progbits
 512              		.align	2
 513              		.global	HAL_TIM_MspPostInit
 514              		.thumb
 515              		.thumb_func
 517              	HAL_TIM_MspPostInit:
 518              	.LFB129:
 250:Src/stm32f4xx_hal_msp.c **** 
 251:Src/stm32f4xx_hal_msp.c **** void HAL_TIM_MspPostInit(TIM_HandleTypeDef* htim)
 252:Src/stm32f4xx_hal_msp.c **** {
 519              		.loc 1 252 0
 520              		.cfi_startproc
 521              		@ args = 0, pretend = 0, frame = 24
 522              		@ frame_needed = 0, uses_anonymous_args = 0
 523              	.LVL28:
 524 0000 00B5     		push	{lr}
 525              	.LCFI16:
 526              		.cfi_def_cfa_offset 4
 527              		.cfi_offset 14, -4
 528 0002 87B0     		sub	sp, sp, #28
 529              	.LCFI17:
 530              		.cfi_def_cfa_offset 32
 253:Src/stm32f4xx_hal_msp.c **** 
 254:Src/stm32f4xx_hal_msp.c ****   GPIO_InitTypeDef GPIO_InitStruct;
 255:Src/stm32f4xx_hal_msp.c ****   if(htim->Instance==TIM1)
 531              		.loc 1 255 0
 532 0004 0368     		ldr	r3, [r0]
 533 0006 244A     		ldr	r2, .L42
 534 0008 9342     		cmp	r3, r2
 535 000a 0ED1     		bne	.L37
 256:Src/stm32f4xx_hal_msp.c ****   {
 257:Src/stm32f4xx_hal_msp.c ****   /* USER CODE BEGIN TIM1_MspPostInit 0 */
 258:Src/stm32f4xx_hal_msp.c **** 
 259:Src/stm32f4xx_hal_msp.c ****   /* USER CODE END TIM1_MspPostInit 0 */
 260:Src/stm32f4xx_hal_msp.c ****     /**TIM1 GPIO Configuration    
 261:Src/stm32f4xx_hal_msp.c ****     PA8     ------> TIM1_CH1
 262:Src/stm32f4xx_hal_msp.c ****     PA9     ------> TIM1_CH2
 263:Src/stm32f4xx_hal_msp.c ****     PA10     ------> TIM1_CH3
 264:Src/stm32f4xx_hal_msp.c ****     PA11     ------> TIM1_CH4 
 265:Src/stm32f4xx_hal_msp.c ****     */
 266:Src/stm32f4xx_hal_msp.c ****     GPIO_InitStruct.Pin = GPIO_PIN_8|GPIO_PIN_9|GPIO_PIN_10|GPIO_PIN_11;
 536              		.loc 1 266 0
 537 000c 4FF47063 		mov	r3, #3840
 538 0010 0193     		str	r3, [sp, #4]
 267:Src/stm32f4xx_hal_msp.c ****     GPIO_InitStruct.Mode = GPIO_MODE_AF_PP;
 539              		.loc 1 267 0
 540 0012 0223     		movs	r3, #2
 541 0014 0293     		str	r3, [sp, #8]
 268:Src/stm32f4xx_hal_msp.c ****     GPIO_InitStruct.Pull = GPIO_NOPULL;
ARM GAS  /var/folders/ck/4xtm3skj1ssb0w4rn7_4q_gw0000gn/T//cc0VwDoW.s 			page 15


 542              		.loc 1 268 0
 543 0016 0022     		movs	r2, #0
 544 0018 0392     		str	r2, [sp, #12]
 269:Src/stm32f4xx_hal_msp.c ****     GPIO_InitStruct.Speed = GPIO_SPEED_FREQ_HIGH;
 545              		.loc 1 269 0
 546 001a 0493     		str	r3, [sp, #16]
 270:Src/stm32f4xx_hal_msp.c ****     GPIO_InitStruct.Alternate = GPIO_AF1_TIM1;
 547              		.loc 1 270 0
 548 001c 0123     		movs	r3, #1
 549 001e 0593     		str	r3, [sp, #20]
 271:Src/stm32f4xx_hal_msp.c ****     HAL_GPIO_Init(GPIOA, &GPIO_InitStruct);
 550              		.loc 1 271 0
 551 0020 1E48     		ldr	r0, .L42+4
 552              	.LVL29:
 553 0022 01A9     		add	r1, sp, #4
 554 0024 FFF7FEFF 		bl	HAL_GPIO_Init
 555              	.LVL30:
 556 0028 33E0     		b	.L36
 557              	.LVL31:
 558              	.L37:
 272:Src/stm32f4xx_hal_msp.c **** 
 273:Src/stm32f4xx_hal_msp.c ****   /* USER CODE BEGIN TIM1_MspPostInit 1 */
 274:Src/stm32f4xx_hal_msp.c **** 
 275:Src/stm32f4xx_hal_msp.c ****   /* USER CODE END TIM1_MspPostInit 1 */
 276:Src/stm32f4xx_hal_msp.c ****   }
 277:Src/stm32f4xx_hal_msp.c ****   else if(htim->Instance==TIM2)
 559              		.loc 1 277 0
 560 002a B3F1804F 		cmp	r3, #1073741824
 561 002e 0DD1     		bne	.L39
 278:Src/stm32f4xx_hal_msp.c ****   {
 279:Src/stm32f4xx_hal_msp.c ****   /* USER CODE BEGIN TIM2_MspPostInit 0 */
 280:Src/stm32f4xx_hal_msp.c **** 
 281:Src/stm32f4xx_hal_msp.c ****   /* USER CODE END TIM2_MspPostInit 0 */
 282:Src/stm32f4xx_hal_msp.c ****   
 283:Src/stm32f4xx_hal_msp.c ****     /**TIM2 GPIO Configuration    
 284:Src/stm32f4xx_hal_msp.c ****     PA2     ------> TIM2_CH3
 285:Src/stm32f4xx_hal_msp.c ****     PA3     ------> TIM2_CH4 
 286:Src/stm32f4xx_hal_msp.c ****     */
 287:Src/stm32f4xx_hal_msp.c ****     GPIO_InitStruct.Pin = GPIO_PIN_2|GPIO_PIN_3;
 562              		.loc 1 287 0
 563 0030 0C23     		movs	r3, #12
 564 0032 0193     		str	r3, [sp, #4]
 288:Src/stm32f4xx_hal_msp.c ****     GPIO_InitStruct.Mode = GPIO_MODE_AF_PP;
 565              		.loc 1 288 0
 566 0034 0223     		movs	r3, #2
 567 0036 0293     		str	r3, [sp, #8]
 289:Src/stm32f4xx_hal_msp.c ****     GPIO_InitStruct.Pull = GPIO_NOPULL;
 568              		.loc 1 289 0
 569 0038 0022     		movs	r2, #0
 570 003a 0392     		str	r2, [sp, #12]
 290:Src/stm32f4xx_hal_msp.c ****     GPIO_InitStruct.Speed = GPIO_SPEED_FREQ_HIGH;
 571              		.loc 1 290 0
 572 003c 0493     		str	r3, [sp, #16]
 291:Src/stm32f4xx_hal_msp.c ****     GPIO_InitStruct.Alternate = GPIO_AF1_TIM2;
 573              		.loc 1 291 0
 574 003e 0123     		movs	r3, #1
 575 0040 0593     		str	r3, [sp, #20]
ARM GAS  /var/folders/ck/4xtm3skj1ssb0w4rn7_4q_gw0000gn/T//cc0VwDoW.s 			page 16


 292:Src/stm32f4xx_hal_msp.c ****     HAL_GPIO_Init(GPIOA, &GPIO_InitStruct);
 576              		.loc 1 292 0
 577 0042 1648     		ldr	r0, .L42+4
 578              	.LVL32:
 579 0044 01A9     		add	r1, sp, #4
 580 0046 FFF7FEFF 		bl	HAL_GPIO_Init
 581              	.LVL33:
 582 004a 22E0     		b	.L36
 583              	.LVL34:
 584              	.L39:
 293:Src/stm32f4xx_hal_msp.c **** 
 294:Src/stm32f4xx_hal_msp.c ****   /* USER CODE BEGIN TIM2_MspPostInit 1 */
 295:Src/stm32f4xx_hal_msp.c **** 
 296:Src/stm32f4xx_hal_msp.c ****   /* USER CODE END TIM2_MspPostInit 1 */
 297:Src/stm32f4xx_hal_msp.c ****   }
 298:Src/stm32f4xx_hal_msp.c ****   else if(htim->Instance==TIM10)
 585              		.loc 1 298 0
 586 004c 144A     		ldr	r2, .L42+8
 587 004e 9342     		cmp	r3, r2
 588 0050 0ED1     		bne	.L40
 299:Src/stm32f4xx_hal_msp.c ****   {
 300:Src/stm32f4xx_hal_msp.c ****   /* USER CODE BEGIN TIM10_MspPostInit 0 */
 301:Src/stm32f4xx_hal_msp.c **** 
 302:Src/stm32f4xx_hal_msp.c ****   /* USER CODE END TIM10_MspPostInit 0 */
 303:Src/stm32f4xx_hal_msp.c ****   
 304:Src/stm32f4xx_hal_msp.c ****     /**TIM10 GPIO Configuration    
 305:Src/stm32f4xx_hal_msp.c ****     PB8     ------> TIM10_CH1 
 306:Src/stm32f4xx_hal_msp.c ****     */
 307:Src/stm32f4xx_hal_msp.c ****     GPIO_InitStruct.Pin = GPIO_PIN_8;
 589              		.loc 1 307 0
 590 0052 4FF48073 		mov	r3, #256
 591 0056 0193     		str	r3, [sp, #4]
 308:Src/stm32f4xx_hal_msp.c ****     GPIO_InitStruct.Mode = GPIO_MODE_AF_PP;
 592              		.loc 1 308 0
 593 0058 0223     		movs	r3, #2
 594 005a 0293     		str	r3, [sp, #8]
 309:Src/stm32f4xx_hal_msp.c ****     GPIO_InitStruct.Pull = GPIO_NOPULL;
 595              		.loc 1 309 0
 596 005c 0023     		movs	r3, #0
 597 005e 0393     		str	r3, [sp, #12]
 310:Src/stm32f4xx_hal_msp.c ****     GPIO_InitStruct.Speed = GPIO_SPEED_FREQ_LOW;
 598              		.loc 1 310 0
 599 0060 0493     		str	r3, [sp, #16]
 311:Src/stm32f4xx_hal_msp.c ****     GPIO_InitStruct.Alternate = GPIO_AF3_TIM10;
 600              		.loc 1 311 0
 601 0062 0323     		movs	r3, #3
 602 0064 0593     		str	r3, [sp, #20]
 312:Src/stm32f4xx_hal_msp.c ****     HAL_GPIO_Init(GPIOB, &GPIO_InitStruct);
 603              		.loc 1 312 0
 604 0066 0F48     		ldr	r0, .L42+12
 605              	.LVL35:
 606 0068 01A9     		add	r1, sp, #4
 607 006a FFF7FEFF 		bl	HAL_GPIO_Init
 608              	.LVL36:
 609 006e 10E0     		b	.L36
 610              	.LVL37:
 611              	.L40:
ARM GAS  /var/folders/ck/4xtm3skj1ssb0w4rn7_4q_gw0000gn/T//cc0VwDoW.s 			page 17


 313:Src/stm32f4xx_hal_msp.c **** 
 314:Src/stm32f4xx_hal_msp.c ****   /* USER CODE BEGIN TIM10_MspPostInit 1 */
 315:Src/stm32f4xx_hal_msp.c **** 
 316:Src/stm32f4xx_hal_msp.c ****   /* USER CODE END TIM10_MspPostInit 1 */
 317:Src/stm32f4xx_hal_msp.c ****   }
 318:Src/stm32f4xx_hal_msp.c ****   else if(htim->Instance==TIM11)
 612              		.loc 1 318 0
 613 0070 0D4A     		ldr	r2, .L42+16
 614 0072 9342     		cmp	r3, r2
 615 0074 0DD1     		bne	.L36
 319:Src/stm32f4xx_hal_msp.c ****   {
 320:Src/stm32f4xx_hal_msp.c ****   /* USER CODE BEGIN TIM11_MspPostInit 0 */
 321:Src/stm32f4xx_hal_msp.c **** 
 322:Src/stm32f4xx_hal_msp.c ****   /* USER CODE END TIM11_MspPostInit 0 */
 323:Src/stm32f4xx_hal_msp.c ****   
 324:Src/stm32f4xx_hal_msp.c ****     /**TIM11 GPIO Configuration    
 325:Src/stm32f4xx_hal_msp.c ****     PB9     ------> TIM11_CH1 
 326:Src/stm32f4xx_hal_msp.c ****     */
 327:Src/stm32f4xx_hal_msp.c ****     GPIO_InitStruct.Pin = GPIO_PIN_9;
 616              		.loc 1 327 0
 617 0076 4FF40073 		mov	r3, #512
 618 007a 0193     		str	r3, [sp, #4]
 328:Src/stm32f4xx_hal_msp.c ****     GPIO_InitStruct.Mode = GPIO_MODE_AF_PP;
 619              		.loc 1 328 0
 620 007c 0223     		movs	r3, #2
 621 007e 0293     		str	r3, [sp, #8]
 329:Src/stm32f4xx_hal_msp.c ****     GPIO_InitStruct.Pull = GPIO_NOPULL;
 622              		.loc 1 329 0
 623 0080 0022     		movs	r2, #0
 624 0082 0392     		str	r2, [sp, #12]
 330:Src/stm32f4xx_hal_msp.c ****     GPIO_InitStruct.Speed = GPIO_SPEED_FREQ_HIGH;
 625              		.loc 1 330 0
 626 0084 0493     		str	r3, [sp, #16]
 331:Src/stm32f4xx_hal_msp.c ****     GPIO_InitStruct.Alternate = GPIO_AF3_TIM11;
 627              		.loc 1 331 0
 628 0086 0323     		movs	r3, #3
 629 0088 0593     		str	r3, [sp, #20]
 332:Src/stm32f4xx_hal_msp.c ****     HAL_GPIO_Init(GPIOB, &GPIO_InitStruct);
 630              		.loc 1 332 0
 631 008a 0648     		ldr	r0, .L42+12
 632              	.LVL38:
 633 008c 01A9     		add	r1, sp, #4
 634 008e FFF7FEFF 		bl	HAL_GPIO_Init
 635              	.LVL39:
 636              	.L36:
 333:Src/stm32f4xx_hal_msp.c **** 
 334:Src/stm32f4xx_hal_msp.c ****   /* USER CODE BEGIN TIM11_MspPostInit 1 */
 335:Src/stm32f4xx_hal_msp.c **** 
 336:Src/stm32f4xx_hal_msp.c ****   /* USER CODE END TIM11_MspPostInit 1 */
 337:Src/stm32f4xx_hal_msp.c ****   }
 338:Src/stm32f4xx_hal_msp.c **** 
 339:Src/stm32f4xx_hal_msp.c **** }
 637              		.loc 1 339 0
 638 0092 07B0     		add	sp, sp, #28
 639              	.LCFI18:
 640              		.cfi_def_cfa_offset 4
 641              		@ sp needed
ARM GAS  /var/folders/ck/4xtm3skj1ssb0w4rn7_4q_gw0000gn/T//cc0VwDoW.s 			page 18


 642 0094 5DF804FB 		ldr	pc, [sp], #4
 643              	.L43:
 644              		.align	2
 645              	.L42:
 646 0098 00000140 		.word	1073807360
 647 009c 00000240 		.word	1073872896
 648 00a0 00440140 		.word	1073824768
 649 00a4 00040240 		.word	1073873920
 650 00a8 00480140 		.word	1073825792
 651              		.cfi_endproc
 652              	.LFE129:
 654              		.section	.text.HAL_TIM_Base_MspDeInit,"ax",%progbits
 655              		.align	2
 656              		.global	HAL_TIM_Base_MspDeInit
 657              		.thumb
 658              		.thumb_func
 660              	HAL_TIM_Base_MspDeInit:
 661              	.LFB130:
 340:Src/stm32f4xx_hal_msp.c **** 
 341:Src/stm32f4xx_hal_msp.c **** void HAL_TIM_Base_MspDeInit(TIM_HandleTypeDef* htim_base)
 342:Src/stm32f4xx_hal_msp.c **** {
 662              		.loc 1 342 0
 663              		.cfi_startproc
 664              		@ args = 0, pretend = 0, frame = 0
 665              		@ frame_needed = 0, uses_anonymous_args = 0
 666              	.LVL40:
 667 0000 08B5     		push	{r3, lr}
 668              	.LCFI19:
 669              		.cfi_def_cfa_offset 8
 670              		.cfi_offset 3, -8
 671              		.cfi_offset 14, -4
 343:Src/stm32f4xx_hal_msp.c **** 
 344:Src/stm32f4xx_hal_msp.c ****   if(htim_base->Instance==TIM1)
 672              		.loc 1 344 0
 673 0002 0368     		ldr	r3, [r0]
 674 0004 194A     		ldr	r2, .L51
 675 0006 9342     		cmp	r3, r2
 676 0008 06D1     		bne	.L45
 345:Src/stm32f4xx_hal_msp.c ****   {
 346:Src/stm32f4xx_hal_msp.c ****   /* USER CODE BEGIN TIM1_MspDeInit 0 */
 347:Src/stm32f4xx_hal_msp.c **** 
 348:Src/stm32f4xx_hal_msp.c ****   /* USER CODE END TIM1_MspDeInit 0 */
 349:Src/stm32f4xx_hal_msp.c ****     /* Peripheral clock disable */
 350:Src/stm32f4xx_hal_msp.c ****     __HAL_RCC_TIM1_CLK_DISABLE();
 677              		.loc 1 350 0
 678 000a 02F59C32 		add	r2, r2, #79872
 679 000e 536C     		ldr	r3, [r2, #68]
 680 0010 23F00103 		bic	r3, r3, #1
 681 0014 5364     		str	r3, [r2, #68]
 682 0016 08BD     		pop	{r3, pc}
 683              	.L45:
 351:Src/stm32f4xx_hal_msp.c ****   /* USER CODE BEGIN TIM1_MspDeInit 1 */
 352:Src/stm32f4xx_hal_msp.c **** 
 353:Src/stm32f4xx_hal_msp.c ****   /* USER CODE END TIM1_MspDeInit 1 */
 354:Src/stm32f4xx_hal_msp.c ****   }
 355:Src/stm32f4xx_hal_msp.c ****   else if(htim_base->Instance==TIM2)
 684              		.loc 1 355 0
ARM GAS  /var/folders/ck/4xtm3skj1ssb0w4rn7_4q_gw0000gn/T//cc0VwDoW.s 			page 19


 685 0018 B3F1804F 		cmp	r3, #1073741824
 686 001c 08D1     		bne	.L47
 356:Src/stm32f4xx_hal_msp.c ****   {
 357:Src/stm32f4xx_hal_msp.c ****   /* USER CODE BEGIN TIM2_MspDeInit 0 */
 358:Src/stm32f4xx_hal_msp.c **** 
 359:Src/stm32f4xx_hal_msp.c ****   /* USER CODE END TIM2_MspDeInit 0 */
 360:Src/stm32f4xx_hal_msp.c ****     /* Peripheral clock disable */
 361:Src/stm32f4xx_hal_msp.c ****     __HAL_RCC_TIM2_CLK_DISABLE();
 687              		.loc 1 361 0
 688 001e 144A     		ldr	r2, .L51+4
 689 0020 136C     		ldr	r3, [r2, #64]
 690 0022 23F00103 		bic	r3, r3, #1
 691 0026 1364     		str	r3, [r2, #64]
 362:Src/stm32f4xx_hal_msp.c **** 
 363:Src/stm32f4xx_hal_msp.c ****     /* TIM2 interrupt DeInit */
 364:Src/stm32f4xx_hal_msp.c ****     HAL_NVIC_DisableIRQ(TIM2_IRQn);
 692              		.loc 1 364 0
 693 0028 1C20     		movs	r0, #28
 694              	.LVL41:
 695 002a FFF7FEFF 		bl	HAL_NVIC_DisableIRQ
 696              	.LVL42:
 697 002e 08BD     		pop	{r3, pc}
 698              	.LVL43:
 699              	.L47:
 365:Src/stm32f4xx_hal_msp.c ****   /* USER CODE BEGIN TIM2_MspDeInit 1 */
 366:Src/stm32f4xx_hal_msp.c **** 
 367:Src/stm32f4xx_hal_msp.c ****   /* USER CODE END TIM2_MspDeInit 1 */
 368:Src/stm32f4xx_hal_msp.c ****   }
 369:Src/stm32f4xx_hal_msp.c ****   else if(htim_base->Instance==TIM3)
 700              		.loc 1 369 0
 701 0030 104A     		ldr	r2, .L51+8
 702 0032 9342     		cmp	r3, r2
 703 0034 06D1     		bne	.L48
 370:Src/stm32f4xx_hal_msp.c ****   {
 371:Src/stm32f4xx_hal_msp.c ****   /* USER CODE BEGIN TIM3_MspDeInit 0 */
 372:Src/stm32f4xx_hal_msp.c **** 
 373:Src/stm32f4xx_hal_msp.c ****   /* USER CODE END TIM3_MspDeInit 0 */
 374:Src/stm32f4xx_hal_msp.c ****     /* Peripheral clock disable */
 375:Src/stm32f4xx_hal_msp.c ****     __HAL_RCC_TIM3_CLK_DISABLE();
 704              		.loc 1 375 0
 705 0036 02F50D32 		add	r2, r2, #144384
 706 003a 136C     		ldr	r3, [r2, #64]
 707 003c 23F00203 		bic	r3, r3, #2
 708 0040 1364     		str	r3, [r2, #64]
 709 0042 08BD     		pop	{r3, pc}
 710              	.L48:
 376:Src/stm32f4xx_hal_msp.c ****   /* USER CODE BEGIN TIM3_MspDeInit 1 */
 377:Src/stm32f4xx_hal_msp.c **** 
 378:Src/stm32f4xx_hal_msp.c ****   /* USER CODE END TIM3_MspDeInit 1 */
 379:Src/stm32f4xx_hal_msp.c ****   }
 380:Src/stm32f4xx_hal_msp.c ****   else if(htim_base->Instance==TIM10)
 711              		.loc 1 380 0
 712 0044 0C4A     		ldr	r2, .L51+12
 713 0046 9342     		cmp	r3, r2
 714 0048 06D1     		bne	.L49
 381:Src/stm32f4xx_hal_msp.c ****   {
 382:Src/stm32f4xx_hal_msp.c ****   /* USER CODE BEGIN TIM10_MspDeInit 0 */
ARM GAS  /var/folders/ck/4xtm3skj1ssb0w4rn7_4q_gw0000gn/T//cc0VwDoW.s 			page 20


 383:Src/stm32f4xx_hal_msp.c **** 
 384:Src/stm32f4xx_hal_msp.c ****   /* USER CODE END TIM10_MspDeInit 0 */
 385:Src/stm32f4xx_hal_msp.c ****     /* Peripheral clock disable */
 386:Src/stm32f4xx_hal_msp.c ****     __HAL_RCC_TIM10_CLK_DISABLE();
 715              		.loc 1 386 0
 716 004a 02F57442 		add	r2, r2, #62464
 717 004e 536C     		ldr	r3, [r2, #68]
 718 0050 23F40033 		bic	r3, r3, #131072
 719 0054 5364     		str	r3, [r2, #68]
 720 0056 08BD     		pop	{r3, pc}
 721              	.L49:
 387:Src/stm32f4xx_hal_msp.c ****   /* USER CODE BEGIN TIM10_MspDeInit 1 */
 388:Src/stm32f4xx_hal_msp.c **** 
 389:Src/stm32f4xx_hal_msp.c ****   /* USER CODE END TIM10_MspDeInit 1 */
 390:Src/stm32f4xx_hal_msp.c ****   }
 391:Src/stm32f4xx_hal_msp.c ****   else if(htim_base->Instance==TIM11)
 722              		.loc 1 391 0
 723 0058 084A     		ldr	r2, .L51+16
 724 005a 9342     		cmp	r3, r2
 725 005c 05D1     		bne	.L44
 392:Src/stm32f4xx_hal_msp.c ****   {
 393:Src/stm32f4xx_hal_msp.c ****   /* USER CODE BEGIN TIM11_MspDeInit 0 */
 394:Src/stm32f4xx_hal_msp.c **** 
 395:Src/stm32f4xx_hal_msp.c ****   /* USER CODE END TIM11_MspDeInit 0 */
 396:Src/stm32f4xx_hal_msp.c ****     /* Peripheral clock disable */
 397:Src/stm32f4xx_hal_msp.c ****     __HAL_RCC_TIM11_CLK_DISABLE();
 726              		.loc 1 397 0
 727 005e 02F57042 		add	r2, r2, #61440
 728 0062 536C     		ldr	r3, [r2, #68]
 729 0064 23F48023 		bic	r3, r3, #262144
 730 0068 5364     		str	r3, [r2, #68]
 731              	.L44:
 732 006a 08BD     		pop	{r3, pc}
 733              	.L52:
 734              		.align	2
 735              	.L51:
 736 006c 00000140 		.word	1073807360
 737 0070 00380240 		.word	1073887232
 738 0074 00040040 		.word	1073742848
 739 0078 00440140 		.word	1073824768
 740 007c 00480140 		.word	1073825792
 741              		.cfi_endproc
 742              	.LFE130:
 744              		.section	.text.HAL_UART_MspInit,"ax",%progbits
 745              		.align	2
 746              		.global	HAL_UART_MspInit
 747              		.thumb
 748              		.thumb_func
 750              	HAL_UART_MspInit:
 751              	.LFB131:
 398:Src/stm32f4xx_hal_msp.c ****   /* USER CODE BEGIN TIM11_MspDeInit 1 */
 399:Src/stm32f4xx_hal_msp.c **** 
 400:Src/stm32f4xx_hal_msp.c ****   /* USER CODE END TIM11_MspDeInit 1 */
 401:Src/stm32f4xx_hal_msp.c ****   }
 402:Src/stm32f4xx_hal_msp.c **** 
 403:Src/stm32f4xx_hal_msp.c **** }
 404:Src/stm32f4xx_hal_msp.c **** 
ARM GAS  /var/folders/ck/4xtm3skj1ssb0w4rn7_4q_gw0000gn/T//cc0VwDoW.s 			page 21


 405:Src/stm32f4xx_hal_msp.c **** void HAL_UART_MspInit(UART_HandleTypeDef* huart)
 406:Src/stm32f4xx_hal_msp.c **** {
 752              		.loc 1 406 0
 753              		.cfi_startproc
 754              		@ args = 0, pretend = 0, frame = 24
 755              		@ frame_needed = 0, uses_anonymous_args = 0
 756              	.LVL44:
 407:Src/stm32f4xx_hal_msp.c **** 
 408:Src/stm32f4xx_hal_msp.c ****   GPIO_InitTypeDef GPIO_InitStruct;
 409:Src/stm32f4xx_hal_msp.c ****   if(huart->Instance==USART6)
 757              		.loc 1 409 0
 758 0000 0268     		ldr	r2, [r0]
 759 0002 114B     		ldr	r3, .L57
 760 0004 9A42     		cmp	r2, r3
 761 0006 1ED1     		bne	.L56
 406:Src/stm32f4xx_hal_msp.c **** 
 762              		.loc 1 406 0
 763 0008 00B5     		push	{lr}
 764              	.LCFI20:
 765              		.cfi_def_cfa_offset 4
 766              		.cfi_offset 14, -4
 767 000a 87B0     		sub	sp, sp, #28
 768              	.LCFI21:
 769              		.cfi_def_cfa_offset 32
 770              	.LBB11:
 410:Src/stm32f4xx_hal_msp.c ****   {
 411:Src/stm32f4xx_hal_msp.c ****   /* USER CODE BEGIN USART6_MspInit 0 */
 412:Src/stm32f4xx_hal_msp.c **** 
 413:Src/stm32f4xx_hal_msp.c ****   /* USER CODE END USART6_MspInit 0 */
 414:Src/stm32f4xx_hal_msp.c ****     /* Peripheral clock enable */
 415:Src/stm32f4xx_hal_msp.c ****     __HAL_RCC_USART6_CLK_ENABLE();
 771              		.loc 1 415 0
 772 000c 0023     		movs	r3, #0
 773 000e 0093     		str	r3, [sp]
 774 0010 0E4B     		ldr	r3, .L57+4
 775 0012 5A6C     		ldr	r2, [r3, #68]
 776 0014 42F02002 		orr	r2, r2, #32
 777 0018 5A64     		str	r2, [r3, #68]
 778 001a 5B6C     		ldr	r3, [r3, #68]
 779 001c 03F02003 		and	r3, r3, #32
 780 0020 0093     		str	r3, [sp]
 781 0022 009B     		ldr	r3, [sp]
 782              	.LBE11:
 416:Src/stm32f4xx_hal_msp.c ****   
 417:Src/stm32f4xx_hal_msp.c ****     /**USART6 GPIO Configuration    
 418:Src/stm32f4xx_hal_msp.c ****     PC6     ------> USART6_TX
 419:Src/stm32f4xx_hal_msp.c ****     PC7     ------> USART6_RX 
 420:Src/stm32f4xx_hal_msp.c ****     */
 421:Src/stm32f4xx_hal_msp.c ****     GPIO_InitStruct.Pin = GPIO_PIN_6|GPIO_PIN_7;
 783              		.loc 1 421 0
 784 0024 C023     		movs	r3, #192
 785 0026 0193     		str	r3, [sp, #4]
 422:Src/stm32f4xx_hal_msp.c ****     GPIO_InitStruct.Mode = GPIO_MODE_AF_PP;
 786              		.loc 1 422 0
 787 0028 0223     		movs	r3, #2
 788 002a 0293     		str	r3, [sp, #8]
 423:Src/stm32f4xx_hal_msp.c ****     GPIO_InitStruct.Pull = GPIO_PULLUP;
ARM GAS  /var/folders/ck/4xtm3skj1ssb0w4rn7_4q_gw0000gn/T//cc0VwDoW.s 			page 22


 789              		.loc 1 423 0
 790 002c 0123     		movs	r3, #1
 791 002e 0393     		str	r3, [sp, #12]
 424:Src/stm32f4xx_hal_msp.c ****     GPIO_InitStruct.Speed = GPIO_SPEED_FREQ_VERY_HIGH;
 792              		.loc 1 424 0
 793 0030 0323     		movs	r3, #3
 794 0032 0493     		str	r3, [sp, #16]
 425:Src/stm32f4xx_hal_msp.c ****     GPIO_InitStruct.Alternate = GPIO_AF8_USART6;
 795              		.loc 1 425 0
 796 0034 0823     		movs	r3, #8
 797 0036 0593     		str	r3, [sp, #20]
 426:Src/stm32f4xx_hal_msp.c ****     HAL_GPIO_Init(GPIOC, &GPIO_InitStruct);
 798              		.loc 1 426 0
 799 0038 0548     		ldr	r0, .L57+8
 800              	.LVL45:
 801 003a 01A9     		add	r1, sp, #4
 802 003c FFF7FEFF 		bl	HAL_GPIO_Init
 803              	.LVL46:
 427:Src/stm32f4xx_hal_msp.c **** 
 428:Src/stm32f4xx_hal_msp.c ****   /* USER CODE BEGIN USART6_MspInit 1 */
 429:Src/stm32f4xx_hal_msp.c **** 
 430:Src/stm32f4xx_hal_msp.c ****   /* USER CODE END USART6_MspInit 1 */
 431:Src/stm32f4xx_hal_msp.c ****   }
 432:Src/stm32f4xx_hal_msp.c **** 
 433:Src/stm32f4xx_hal_msp.c **** }
 804              		.loc 1 433 0
 805 0040 07B0     		add	sp, sp, #28
 806              	.LCFI22:
 807              		.cfi_def_cfa_offset 4
 808              		@ sp needed
 809 0042 5DF804FB 		ldr	pc, [sp], #4
 810              	.LVL47:
 811              	.L56:
 812              	.LCFI23:
 813              		.cfi_def_cfa_offset 0
 814              		.cfi_restore 14
 815 0046 7047     		bx	lr
 816              	.L58:
 817              		.align	2
 818              	.L57:
 819 0048 00140140 		.word	1073812480
 820 004c 00380240 		.word	1073887232
 821 0050 00080240 		.word	1073874944
 822              		.cfi_endproc
 823              	.LFE131:
 825              		.section	.text.HAL_UART_MspDeInit,"ax",%progbits
 826              		.align	2
 827              		.global	HAL_UART_MspDeInit
 828              		.thumb
 829              		.thumb_func
 831              	HAL_UART_MspDeInit:
 832              	.LFB132:
 434:Src/stm32f4xx_hal_msp.c **** 
 435:Src/stm32f4xx_hal_msp.c **** void HAL_UART_MspDeInit(UART_HandleTypeDef* huart)
 436:Src/stm32f4xx_hal_msp.c **** {
 833              		.loc 1 436 0
 834              		.cfi_startproc
ARM GAS  /var/folders/ck/4xtm3skj1ssb0w4rn7_4q_gw0000gn/T//cc0VwDoW.s 			page 23


 835              		@ args = 0, pretend = 0, frame = 0
 836              		@ frame_needed = 0, uses_anonymous_args = 0
 837              	.LVL48:
 838 0000 08B5     		push	{r3, lr}
 839              	.LCFI24:
 840              		.cfi_def_cfa_offset 8
 841              		.cfi_offset 3, -8
 842              		.cfi_offset 14, -4
 437:Src/stm32f4xx_hal_msp.c **** 
 438:Src/stm32f4xx_hal_msp.c ****   if(huart->Instance==USART6)
 843              		.loc 1 438 0
 844 0002 0268     		ldr	r2, [r0]
 845 0004 064B     		ldr	r3, .L62
 846 0006 9A42     		cmp	r2, r3
 847 0008 08D1     		bne	.L59
 439:Src/stm32f4xx_hal_msp.c ****   {
 440:Src/stm32f4xx_hal_msp.c ****   /* USER CODE BEGIN USART6_MspDeInit 0 */
 441:Src/stm32f4xx_hal_msp.c **** 
 442:Src/stm32f4xx_hal_msp.c ****   /* USER CODE END USART6_MspDeInit 0 */
 443:Src/stm32f4xx_hal_msp.c ****     /* Peripheral clock disable */
 444:Src/stm32f4xx_hal_msp.c ****     __HAL_RCC_USART6_CLK_DISABLE();
 848              		.loc 1 444 0
 849 000a 064A     		ldr	r2, .L62+4
 850 000c 536C     		ldr	r3, [r2, #68]
 851 000e 23F02003 		bic	r3, r3, #32
 852 0012 5364     		str	r3, [r2, #68]
 445:Src/stm32f4xx_hal_msp.c ****   
 446:Src/stm32f4xx_hal_msp.c ****     /**USART6 GPIO Configuration    
 447:Src/stm32f4xx_hal_msp.c ****     PC6     ------> USART6_TX
 448:Src/stm32f4xx_hal_msp.c ****     PC7     ------> USART6_RX 
 449:Src/stm32f4xx_hal_msp.c ****     */
 450:Src/stm32f4xx_hal_msp.c ****     HAL_GPIO_DeInit(GPIOC, GPIO_PIN_6|GPIO_PIN_7);
 853              		.loc 1 450 0
 854 0014 0448     		ldr	r0, .L62+8
 855              	.LVL49:
 856 0016 C021     		movs	r1, #192
 857 0018 FFF7FEFF 		bl	HAL_GPIO_DeInit
 858              	.LVL50:
 859              	.L59:
 860 001c 08BD     		pop	{r3, pc}
 861              	.L63:
 862 001e 00BF     		.align	2
 863              	.L62:
 864 0020 00140140 		.word	1073812480
 865 0024 00380240 		.word	1073887232
 866 0028 00080240 		.word	1073874944
 867              		.cfi_endproc
 868              	.LFE132:
 870              		.text
 871              	.Letext0:
 872              		.file 2 "Drivers/CMSIS/Device/ST/STM32F4xx/Include/stm32f401xe.h"
 873              		.file 3 "/usr/local/Cellar/arm-none-eabi-gcc/20150921/arm-none-eabi/include/machine/_default_types
 874              		.file 4 "/usr/local/Cellar/arm-none-eabi-gcc/20150921/arm-none-eabi/include/sys/_stdint.h"
 875              		.file 5 "Drivers/STM32F4xx_HAL_Driver/Inc/stm32f4xx_hal_def.h"
 876              		.file 6 "Drivers/STM32F4xx_HAL_Driver/Inc/stm32f4xx_hal_gpio.h"
 877              		.file 7 "Drivers/STM32F4xx_HAL_Driver/Inc/stm32f4xx_hal_dma.h"
 878              		.file 8 "Drivers/STM32F4xx_HAL_Driver/Inc/stm32f4xx_hal_adc.h"
ARM GAS  /var/folders/ck/4xtm3skj1ssb0w4rn7_4q_gw0000gn/T//cc0VwDoW.s 			page 24


 879              		.file 9 "Drivers/STM32F4xx_HAL_Driver/Inc/stm32f4xx_hal_i2c.h"
 880              		.file 10 "Drivers/STM32F4xx_HAL_Driver/Inc/stm32f4xx_hal_tim.h"
 881              		.file 11 "Drivers/STM32F4xx_HAL_Driver/Inc/stm32f4xx_hal_uart.h"
 882              		.file 12 "Drivers/STM32F4xx_HAL_Driver/Inc/stm32f4xx_hal_cortex.h"
 883              		.file 13 "Drivers/CMSIS/Include/core_cm4.h"
ARM GAS  /var/folders/ck/4xtm3skj1ssb0w4rn7_4q_gw0000gn/T//cc0VwDoW.s 			page 25


DEFINED SYMBOLS
                            *ABS*:0000000000000000 stm32f4xx_hal_msp.c
/var/folders/ck/4xtm3skj1ssb0w4rn7_4q_gw0000gn/T//cc0VwDoW.s:21     .text.HAL_MspInit:0000000000000000 $t
/var/folders/ck/4xtm3skj1ssb0w4rn7_4q_gw0000gn/T//cc0VwDoW.s:26     .text.HAL_MspInit:0000000000000000 HAL_MspInit
/var/folders/ck/4xtm3skj1ssb0w4rn7_4q_gw0000gn/T//cc0VwDoW.s:120    .text.HAL_MspInit:0000000000000090 $d
/var/folders/ck/4xtm3skj1ssb0w4rn7_4q_gw0000gn/T//cc0VwDoW.s:125    .text.HAL_ADC_MspInit:0000000000000000 $t
/var/folders/ck/4xtm3skj1ssb0w4rn7_4q_gw0000gn/T//cc0VwDoW.s:130    .text.HAL_ADC_MspInit:0000000000000000 HAL_ADC_MspInit
/var/folders/ck/4xtm3skj1ssb0w4rn7_4q_gw0000gn/T//cc0VwDoW.s:192    .text.HAL_ADC_MspInit:0000000000000040 $d
/var/folders/ck/4xtm3skj1ssb0w4rn7_4q_gw0000gn/T//cc0VwDoW.s:198    .text.HAL_ADC_MspDeInit:0000000000000000 $t
/var/folders/ck/4xtm3skj1ssb0w4rn7_4q_gw0000gn/T//cc0VwDoW.s:203    .text.HAL_ADC_MspDeInit:0000000000000000 HAL_ADC_MspDeInit
/var/folders/ck/4xtm3skj1ssb0w4rn7_4q_gw0000gn/T//cc0VwDoW.s:236    .text.HAL_ADC_MspDeInit:0000000000000020 $d
/var/folders/ck/4xtm3skj1ssb0w4rn7_4q_gw0000gn/T//cc0VwDoW.s:243    .text.HAL_I2C_MspInit:0000000000000000 $t
/var/folders/ck/4xtm3skj1ssb0w4rn7_4q_gw0000gn/T//cc0VwDoW.s:248    .text.HAL_I2C_MspInit:0000000000000000 HAL_I2C_MspInit
/var/folders/ck/4xtm3skj1ssb0w4rn7_4q_gw0000gn/T//cc0VwDoW.s:317    .text.HAL_I2C_MspInit:000000000000004c $d
/var/folders/ck/4xtm3skj1ssb0w4rn7_4q_gw0000gn/T//cc0VwDoW.s:324    .text.HAL_I2C_MspDeInit:0000000000000000 $t
/var/folders/ck/4xtm3skj1ssb0w4rn7_4q_gw0000gn/T//cc0VwDoW.s:329    .text.HAL_I2C_MspDeInit:0000000000000000 HAL_I2C_MspDeInit
/var/folders/ck/4xtm3skj1ssb0w4rn7_4q_gw0000gn/T//cc0VwDoW.s:362    .text.HAL_I2C_MspDeInit:0000000000000020 $d
/var/folders/ck/4xtm3skj1ssb0w4rn7_4q_gw0000gn/T//cc0VwDoW.s:369    .text.HAL_TIM_Base_MspInit:0000000000000000 $t
/var/folders/ck/4xtm3skj1ssb0w4rn7_4q_gw0000gn/T//cc0VwDoW.s:374    .text.HAL_TIM_Base_MspInit:0000000000000000 HAL_TIM_Base_MspInit
/var/folders/ck/4xtm3skj1ssb0w4rn7_4q_gw0000gn/T//cc0VwDoW.s:503    .text.HAL_TIM_Base_MspInit:00000000000000bc $d
/var/folders/ck/4xtm3skj1ssb0w4rn7_4q_gw0000gn/T//cc0VwDoW.s:512    .text.HAL_TIM_MspPostInit:0000000000000000 $t
/var/folders/ck/4xtm3skj1ssb0w4rn7_4q_gw0000gn/T//cc0VwDoW.s:517    .text.HAL_TIM_MspPostInit:0000000000000000 HAL_TIM_MspPostInit
/var/folders/ck/4xtm3skj1ssb0w4rn7_4q_gw0000gn/T//cc0VwDoW.s:646    .text.HAL_TIM_MspPostInit:0000000000000098 $d
/var/folders/ck/4xtm3skj1ssb0w4rn7_4q_gw0000gn/T//cc0VwDoW.s:655    .text.HAL_TIM_Base_MspDeInit:0000000000000000 $t
/var/folders/ck/4xtm3skj1ssb0w4rn7_4q_gw0000gn/T//cc0VwDoW.s:660    .text.HAL_TIM_Base_MspDeInit:0000000000000000 HAL_TIM_Base_MspDeInit
/var/folders/ck/4xtm3skj1ssb0w4rn7_4q_gw0000gn/T//cc0VwDoW.s:736    .text.HAL_TIM_Base_MspDeInit:000000000000006c $d
/var/folders/ck/4xtm3skj1ssb0w4rn7_4q_gw0000gn/T//cc0VwDoW.s:745    .text.HAL_UART_MspInit:0000000000000000 $t
/var/folders/ck/4xtm3skj1ssb0w4rn7_4q_gw0000gn/T//cc0VwDoW.s:750    .text.HAL_UART_MspInit:0000000000000000 HAL_UART_MspInit
/var/folders/ck/4xtm3skj1ssb0w4rn7_4q_gw0000gn/T//cc0VwDoW.s:819    .text.HAL_UART_MspInit:0000000000000048 $d
/var/folders/ck/4xtm3skj1ssb0w4rn7_4q_gw0000gn/T//cc0VwDoW.s:826    .text.HAL_UART_MspDeInit:0000000000000000 $t
/var/folders/ck/4xtm3skj1ssb0w4rn7_4q_gw0000gn/T//cc0VwDoW.s:831    .text.HAL_UART_MspDeInit:0000000000000000 HAL_UART_MspDeInit
/var/folders/ck/4xtm3skj1ssb0w4rn7_4q_gw0000gn/T//cc0VwDoW.s:864    .text.HAL_UART_MspDeInit:0000000000000020 $d
                     .debug_frame:0000000000000010 $d

UNDEFINED SYMBOLS
HAL_NVIC_SetPriorityGrouping
HAL_NVIC_SetPriority
HAL_GPIO_Init
HAL_GPIO_DeInit
HAL_NVIC_EnableIRQ
HAL_NVIC_DisableIRQ
