ARM GAS  /var/folders/68/n33lqcg953z5y1x0pvkj58xc0000gn/T//ccIID98f.s 			page 1


   1              		.syntax unified
   2              		.cpu cortex-m4
   3              		.eabi_attribute 27, 1
   4              		.eabi_attribute 28, 1
   5              		.fpu fpv4-sp-d16
   6              		.eabi_attribute 20, 1
   7              		.eabi_attribute 21, 1
   8              		.eabi_attribute 23, 3
   9              		.eabi_attribute 24, 1
  10              		.eabi_attribute 25, 1
  11              		.eabi_attribute 26, 1
  12              		.eabi_attribute 30, 1
  13              		.eabi_attribute 34, 1
  14              		.eabi_attribute 18, 4
  15              		.thumb
  16              		.file	"stm32f4xx_hal_msp.c"
  17              		.text
  18              	.Ltext0:
  19              		.cfi_sections	.debug_frame
  20              		.section	.text.HAL_MspInit,"ax",%progbits
  21              		.align	2
  22              		.global	HAL_MspInit
  23              		.thumb
  24              		.thumb_func
  26              	HAL_MspInit:
  27              	.LFB123:
  28              		.file 1 "Src/stm32f4xx_hal_msp.c"
   1:Src/stm32f4xx_hal_msp.c **** /**
   2:Src/stm32f4xx_hal_msp.c ****   ******************************************************************************
   3:Src/stm32f4xx_hal_msp.c ****   * File Name          : stm32f4xx_hal_msp.c
   4:Src/stm32f4xx_hal_msp.c ****   * Description        : This file provides code for the MSP Initialization 
   5:Src/stm32f4xx_hal_msp.c ****   *                      and de-Initialization codes.
   6:Src/stm32f4xx_hal_msp.c ****   ******************************************************************************
   7:Src/stm32f4xx_hal_msp.c ****   ** This notice applies to any and all portions of this file
   8:Src/stm32f4xx_hal_msp.c ****   * that are not between comment pairs USER CODE BEGIN and
   9:Src/stm32f4xx_hal_msp.c ****   * USER CODE END. Other portions of this file, whether 
  10:Src/stm32f4xx_hal_msp.c ****   * inserted by the user or by software development tools
  11:Src/stm32f4xx_hal_msp.c ****   * are owned by their respective copyright owners.
  12:Src/stm32f4xx_hal_msp.c ****   *
  13:Src/stm32f4xx_hal_msp.c ****   * COPYRIGHT(c) 2018 STMicroelectronics
  14:Src/stm32f4xx_hal_msp.c ****   *
  15:Src/stm32f4xx_hal_msp.c ****   * Redistribution and use in source and binary forms, with or without modification,
  16:Src/stm32f4xx_hal_msp.c ****   * are permitted provided that the following conditions are met:
  17:Src/stm32f4xx_hal_msp.c ****   *   1. Redistributions of source code must retain the above copyright notice,
  18:Src/stm32f4xx_hal_msp.c ****   *      this list of conditions and the following disclaimer.
  19:Src/stm32f4xx_hal_msp.c ****   *   2. Redistributions in binary form must reproduce the above copyright notice,
  20:Src/stm32f4xx_hal_msp.c ****   *      this list of conditions and the following disclaimer in the documentation
  21:Src/stm32f4xx_hal_msp.c ****   *      and/or other materials provided with the distribution.
  22:Src/stm32f4xx_hal_msp.c ****   *   3. Neither the name of STMicroelectronics nor the names of its contributors
  23:Src/stm32f4xx_hal_msp.c ****   *      may be used to endorse or promote products derived from this software
  24:Src/stm32f4xx_hal_msp.c ****   *      without specific prior written permission.
  25:Src/stm32f4xx_hal_msp.c ****   *
  26:Src/stm32f4xx_hal_msp.c ****   * THIS SOFTWARE IS PROVIDED BY THE COPYRIGHT HOLDERS AND CONTRIBUTORS "AS IS"
  27:Src/stm32f4xx_hal_msp.c ****   * AND ANY EXPRESS OR IMPLIED WARRANTIES, INCLUDING, BUT NOT LIMITED TO, THE
  28:Src/stm32f4xx_hal_msp.c ****   * IMPLIED WARRANTIES OF MERCHANTABILITY AND FITNESS FOR A PARTICULAR PURPOSE ARE
  29:Src/stm32f4xx_hal_msp.c ****   * DISCLAIMED. IN NO EVENT SHALL THE COPYRIGHT HOLDER OR CONTRIBUTORS BE LIABLE
  30:Src/stm32f4xx_hal_msp.c ****   * FOR ANY DIRECT, INDIRECT, INCIDENTAL, SPECIAL, EXEMPLARY, OR CONSEQUENTIAL
ARM GAS  /var/folders/68/n33lqcg953z5y1x0pvkj58xc0000gn/T//ccIID98f.s 			page 2


  31:Src/stm32f4xx_hal_msp.c ****   * DAMAGES (INCLUDING, BUT NOT LIMITED TO, PROCUREMENT OF SUBSTITUTE GOODS OR
  32:Src/stm32f4xx_hal_msp.c ****   * SERVICES; LOSS OF USE, DATA, OR PROFITS; OR BUSINESS INTERRUPTION) HOWEVER
  33:Src/stm32f4xx_hal_msp.c ****   * CAUSED AND ON ANY THEORY OF LIABILITY, WHETHER IN CONTRACT, STRICT LIABILITY,
  34:Src/stm32f4xx_hal_msp.c ****   * OR TORT (INCLUDING NEGLIGENCE OR OTHERWISE) ARISING IN ANY WAY OUT OF THE USE
  35:Src/stm32f4xx_hal_msp.c ****   * OF THIS SOFTWARE, EVEN IF ADVISED OF THE POSSIBILITY OF SUCH DAMAGE.
  36:Src/stm32f4xx_hal_msp.c ****   *
  37:Src/stm32f4xx_hal_msp.c ****   ******************************************************************************
  38:Src/stm32f4xx_hal_msp.c ****   */
  39:Src/stm32f4xx_hal_msp.c **** /* Includes ------------------------------------------------------------------*/
  40:Src/stm32f4xx_hal_msp.c **** #include "stm32f4xx_hal.h"
  41:Src/stm32f4xx_hal_msp.c **** 
  42:Src/stm32f4xx_hal_msp.c **** extern void _Error_Handler(char *, int);
  43:Src/stm32f4xx_hal_msp.c **** /* USER CODE BEGIN 0 */
  44:Src/stm32f4xx_hal_msp.c **** 
  45:Src/stm32f4xx_hal_msp.c **** /* USER CODE END 0 */
  46:Src/stm32f4xx_hal_msp.c **** /**
  47:Src/stm32f4xx_hal_msp.c ****   * Initializes the Global MSP.
  48:Src/stm32f4xx_hal_msp.c ****   */
  49:Src/stm32f4xx_hal_msp.c **** void HAL_MspInit(void)
  50:Src/stm32f4xx_hal_msp.c **** {
  29              		.loc 1 50 0
  30              		.cfi_startproc
  31              		@ args = 0, pretend = 0, frame = 8
  32              		@ frame_needed = 0, uses_anonymous_args = 0
  33 0000 10B5     		push	{r4, lr}
  34              	.LCFI0:
  35              		.cfi_def_cfa_offset 8
  36              		.cfi_offset 4, -8
  37              		.cfi_offset 14, -4
  38 0002 82B0     		sub	sp, sp, #8
  39              	.LCFI1:
  40              		.cfi_def_cfa_offset 16
  41              	.LBB2:
  51:Src/stm32f4xx_hal_msp.c ****   /* USER CODE BEGIN MspInit 0 */
  52:Src/stm32f4xx_hal_msp.c **** 
  53:Src/stm32f4xx_hal_msp.c ****   /* USER CODE END MspInit 0 */
  54:Src/stm32f4xx_hal_msp.c **** 
  55:Src/stm32f4xx_hal_msp.c ****   __HAL_RCC_SYSCFG_CLK_ENABLE();
  42              		.loc 1 55 0
  43 0004 0024     		movs	r4, #0
  44 0006 0094     		str	r4, [sp]
  45 0008 214B     		ldr	r3, .L3
  46 000a 5A6C     		ldr	r2, [r3, #68]
  47 000c 42F48042 		orr	r2, r2, #16384
  48 0010 5A64     		str	r2, [r3, #68]
  49 0012 5A6C     		ldr	r2, [r3, #68]
  50 0014 02F48042 		and	r2, r2, #16384
  51 0018 0092     		str	r2, [sp]
  52 001a 009A     		ldr	r2, [sp]
  53              	.LBE2:
  54              	.LBB3:
  56:Src/stm32f4xx_hal_msp.c ****   __HAL_RCC_PWR_CLK_ENABLE();
  55              		.loc 1 56 0
  56 001c 0194     		str	r4, [sp, #4]
  57 001e 1A6C     		ldr	r2, [r3, #64]
  58 0020 42F08052 		orr	r2, r2, #268435456
  59 0024 1A64     		str	r2, [r3, #64]
ARM GAS  /var/folders/68/n33lqcg953z5y1x0pvkj58xc0000gn/T//ccIID98f.s 			page 3


  60 0026 1B6C     		ldr	r3, [r3, #64]
  61 0028 03F08053 		and	r3, r3, #268435456
  62 002c 0193     		str	r3, [sp, #4]
  63 002e 019B     		ldr	r3, [sp, #4]
  64              	.LBE3:
  57:Src/stm32f4xx_hal_msp.c **** 
  58:Src/stm32f4xx_hal_msp.c ****   HAL_NVIC_SetPriorityGrouping(NVIC_PRIORITYGROUP_4);
  65              		.loc 1 58 0
  66 0030 0320     		movs	r0, #3
  67 0032 FFF7FEFF 		bl	HAL_NVIC_SetPriorityGrouping
  68              	.LVL0:
  59:Src/stm32f4xx_hal_msp.c **** 
  60:Src/stm32f4xx_hal_msp.c ****   /* System interrupt init*/
  61:Src/stm32f4xx_hal_msp.c ****   /* MemoryManagement_IRQn interrupt configuration */
  62:Src/stm32f4xx_hal_msp.c ****   HAL_NVIC_SetPriority(MemoryManagement_IRQn, 0, 0);
  69              		.loc 1 62 0
  70 0036 6FF00B00 		mvn	r0, #11
  71 003a 2146     		mov	r1, r4
  72 003c 2246     		mov	r2, r4
  73 003e FFF7FEFF 		bl	HAL_NVIC_SetPriority
  74              	.LVL1:
  63:Src/stm32f4xx_hal_msp.c ****   /* BusFault_IRQn interrupt configuration */
  64:Src/stm32f4xx_hal_msp.c ****   HAL_NVIC_SetPriority(BusFault_IRQn, 0, 0);
  75              		.loc 1 64 0
  76 0042 6FF00A00 		mvn	r0, #10
  77 0046 2146     		mov	r1, r4
  78 0048 2246     		mov	r2, r4
  79 004a FFF7FEFF 		bl	HAL_NVIC_SetPriority
  80              	.LVL2:
  65:Src/stm32f4xx_hal_msp.c ****   /* UsageFault_IRQn interrupt configuration */
  66:Src/stm32f4xx_hal_msp.c ****   HAL_NVIC_SetPriority(UsageFault_IRQn, 0, 0);
  81              		.loc 1 66 0
  82 004e 6FF00900 		mvn	r0, #9
  83 0052 2146     		mov	r1, r4
  84 0054 2246     		mov	r2, r4
  85 0056 FFF7FEFF 		bl	HAL_NVIC_SetPriority
  86              	.LVL3:
  67:Src/stm32f4xx_hal_msp.c ****   /* SVCall_IRQn interrupt configuration */
  68:Src/stm32f4xx_hal_msp.c ****   HAL_NVIC_SetPriority(SVCall_IRQn, 0, 0);
  87              		.loc 1 68 0
  88 005a 6FF00400 		mvn	r0, #4
  89 005e 2146     		mov	r1, r4
  90 0060 2246     		mov	r2, r4
  91 0062 FFF7FEFF 		bl	HAL_NVIC_SetPriority
  92              	.LVL4:
  69:Src/stm32f4xx_hal_msp.c ****   /* DebugMonitor_IRQn interrupt configuration */
  70:Src/stm32f4xx_hal_msp.c ****   HAL_NVIC_SetPriority(DebugMonitor_IRQn, 0, 0);
  93              		.loc 1 70 0
  94 0066 6FF00300 		mvn	r0, #3
  95 006a 2146     		mov	r1, r4
  96 006c 2246     		mov	r2, r4
  97 006e FFF7FEFF 		bl	HAL_NVIC_SetPriority
  98              	.LVL5:
  71:Src/stm32f4xx_hal_msp.c ****   /* PendSV_IRQn interrupt configuration */
  72:Src/stm32f4xx_hal_msp.c ****   HAL_NVIC_SetPriority(PendSV_IRQn, 0, 0);
  99              		.loc 1 72 0
 100 0072 6FF00100 		mvn	r0, #1
ARM GAS  /var/folders/68/n33lqcg953z5y1x0pvkj58xc0000gn/T//ccIID98f.s 			page 4


 101 0076 2146     		mov	r1, r4
 102 0078 2246     		mov	r2, r4
 103 007a FFF7FEFF 		bl	HAL_NVIC_SetPriority
 104              	.LVL6:
  73:Src/stm32f4xx_hal_msp.c ****   /* SysTick_IRQn interrupt configuration */
  74:Src/stm32f4xx_hal_msp.c ****   HAL_NVIC_SetPriority(SysTick_IRQn, 0, 0);
 105              		.loc 1 74 0
 106 007e 4FF0FF30 		mov	r0, #-1
 107 0082 2146     		mov	r1, r4
 108 0084 2246     		mov	r2, r4
 109 0086 FFF7FEFF 		bl	HAL_NVIC_SetPriority
 110              	.LVL7:
  75:Src/stm32f4xx_hal_msp.c **** 
  76:Src/stm32f4xx_hal_msp.c ****   /* USER CODE BEGIN MspInit 1 */
  77:Src/stm32f4xx_hal_msp.c **** 
  78:Src/stm32f4xx_hal_msp.c ****   /* USER CODE END MspInit 1 */
  79:Src/stm32f4xx_hal_msp.c **** }
 111              		.loc 1 79 0
 112 008a 02B0     		add	sp, sp, #8
 113              	.LCFI2:
 114              		.cfi_def_cfa_offset 8
 115              		@ sp needed
 116 008c 10BD     		pop	{r4, pc}
 117              	.L4:
 118 008e 00BF     		.align	2
 119              	.L3:
 120 0090 00380240 		.word	1073887232
 121              		.cfi_endproc
 122              	.LFE123:
 124              		.section	.text.HAL_I2C_MspInit,"ax",%progbits
 125              		.align	2
 126              		.global	HAL_I2C_MspInit
 127              		.thumb
 128              		.thumb_func
 130              	HAL_I2C_MspInit:
 131              	.LFB124:
  80:Src/stm32f4xx_hal_msp.c **** 
  81:Src/stm32f4xx_hal_msp.c **** void HAL_I2C_MspInit(I2C_HandleTypeDef* hi2c)
  82:Src/stm32f4xx_hal_msp.c **** {
 132              		.loc 1 82 0
 133              		.cfi_startproc
 134              		@ args = 0, pretend = 0, frame = 24
 135              		@ frame_needed = 0, uses_anonymous_args = 0
 136              	.LVL8:
  83:Src/stm32f4xx_hal_msp.c **** 
  84:Src/stm32f4xx_hal_msp.c ****   GPIO_InitTypeDef GPIO_InitStruct;
  85:Src/stm32f4xx_hal_msp.c ****   if(hi2c->Instance==I2C1)
 137              		.loc 1 85 0
 138 0000 0268     		ldr	r2, [r0]
 139 0002 124B     		ldr	r3, .L9
 140 0004 9A42     		cmp	r2, r3
 141 0006 1FD1     		bne	.L8
  82:Src/stm32f4xx_hal_msp.c **** 
 142              		.loc 1 82 0
 143 0008 00B5     		push	{lr}
 144              	.LCFI3:
 145              		.cfi_def_cfa_offset 4
ARM GAS  /var/folders/68/n33lqcg953z5y1x0pvkj58xc0000gn/T//ccIID98f.s 			page 5


 146              		.cfi_offset 14, -4
 147 000a 87B0     		sub	sp, sp, #28
 148              	.LCFI4:
 149              		.cfi_def_cfa_offset 32
  86:Src/stm32f4xx_hal_msp.c ****   {
  87:Src/stm32f4xx_hal_msp.c ****   /* USER CODE BEGIN I2C1_MspInit 0 */
  88:Src/stm32f4xx_hal_msp.c **** 
  89:Src/stm32f4xx_hal_msp.c ****   /* USER CODE END I2C1_MspInit 0 */
  90:Src/stm32f4xx_hal_msp.c ****   
  91:Src/stm32f4xx_hal_msp.c ****     /**I2C1 GPIO Configuration    
  92:Src/stm32f4xx_hal_msp.c ****     PB6     ------> I2C1_SCL
  93:Src/stm32f4xx_hal_msp.c ****     PB7     ------> I2C1_SDA 
  94:Src/stm32f4xx_hal_msp.c ****     */
  95:Src/stm32f4xx_hal_msp.c ****     GPIO_InitStruct.Pin = GPIO_PIN_6|GPIO_PIN_7;
 150              		.loc 1 95 0
 151 000c C023     		movs	r3, #192
 152 000e 0193     		str	r3, [sp, #4]
  96:Src/stm32f4xx_hal_msp.c ****     GPIO_InitStruct.Mode = GPIO_MODE_AF_OD;
 153              		.loc 1 96 0
 154 0010 1223     		movs	r3, #18
 155 0012 0293     		str	r3, [sp, #8]
  97:Src/stm32f4xx_hal_msp.c ****     GPIO_InitStruct.Pull = GPIO_PULLUP;
 156              		.loc 1 97 0
 157 0014 0123     		movs	r3, #1
 158 0016 0393     		str	r3, [sp, #12]
  98:Src/stm32f4xx_hal_msp.c ****     GPIO_InitStruct.Speed = GPIO_SPEED_FREQ_VERY_HIGH;
 159              		.loc 1 98 0
 160 0018 0323     		movs	r3, #3
 161 001a 0493     		str	r3, [sp, #16]
  99:Src/stm32f4xx_hal_msp.c ****     GPIO_InitStruct.Alternate = GPIO_AF4_I2C1;
 162              		.loc 1 99 0
 163 001c 0423     		movs	r3, #4
 164 001e 0593     		str	r3, [sp, #20]
 100:Src/stm32f4xx_hal_msp.c ****     HAL_GPIO_Init(GPIOB, &GPIO_InitStruct);
 165              		.loc 1 100 0
 166 0020 0B48     		ldr	r0, .L9+4
 167              	.LVL9:
 168 0022 0DEB0301 		add	r1, sp, r3
 169 0026 FFF7FEFF 		bl	HAL_GPIO_Init
 170              	.LVL10:
 171              	.LBB4:
 101:Src/stm32f4xx_hal_msp.c **** 
 102:Src/stm32f4xx_hal_msp.c ****     /* Peripheral clock enable */
 103:Src/stm32f4xx_hal_msp.c ****     __HAL_RCC_I2C1_CLK_ENABLE();
 172              		.loc 1 103 0
 173 002a 0023     		movs	r3, #0
 174 002c 0093     		str	r3, [sp]
 175 002e 094B     		ldr	r3, .L9+8
 176 0030 1A6C     		ldr	r2, [r3, #64]
 177 0032 42F40012 		orr	r2, r2, #2097152
 178 0036 1A64     		str	r2, [r3, #64]
 179 0038 1B6C     		ldr	r3, [r3, #64]
 180 003a 03F40013 		and	r3, r3, #2097152
 181 003e 0093     		str	r3, [sp]
 182 0040 009B     		ldr	r3, [sp]
 183              	.LBE4:
 104:Src/stm32f4xx_hal_msp.c ****   /* USER CODE BEGIN I2C1_MspInit 1 */
ARM GAS  /var/folders/68/n33lqcg953z5y1x0pvkj58xc0000gn/T//ccIID98f.s 			page 6


 105:Src/stm32f4xx_hal_msp.c **** 
 106:Src/stm32f4xx_hal_msp.c ****   /* USER CODE END I2C1_MspInit 1 */
 107:Src/stm32f4xx_hal_msp.c ****   }
 108:Src/stm32f4xx_hal_msp.c **** 
 109:Src/stm32f4xx_hal_msp.c **** }
 184              		.loc 1 109 0
 185 0042 07B0     		add	sp, sp, #28
 186              	.LCFI5:
 187              		.cfi_def_cfa_offset 4
 188              		@ sp needed
 189 0044 5DF804FB 		ldr	pc, [sp], #4
 190              	.LVL11:
 191              	.L8:
 192              	.LCFI6:
 193              		.cfi_def_cfa_offset 0
 194              		.cfi_restore 14
 195 0048 7047     		bx	lr
 196              	.L10:
 197 004a 00BF     		.align	2
 198              	.L9:
 199 004c 00540040 		.word	1073763328
 200 0050 00040240 		.word	1073873920
 201 0054 00380240 		.word	1073887232
 202              		.cfi_endproc
 203              	.LFE124:
 205              		.section	.text.HAL_I2C_MspDeInit,"ax",%progbits
 206              		.align	2
 207              		.global	HAL_I2C_MspDeInit
 208              		.thumb
 209              		.thumb_func
 211              	HAL_I2C_MspDeInit:
 212              	.LFB125:
 110:Src/stm32f4xx_hal_msp.c **** 
 111:Src/stm32f4xx_hal_msp.c **** void HAL_I2C_MspDeInit(I2C_HandleTypeDef* hi2c)
 112:Src/stm32f4xx_hal_msp.c **** {
 213              		.loc 1 112 0
 214              		.cfi_startproc
 215              		@ args = 0, pretend = 0, frame = 0
 216              		@ frame_needed = 0, uses_anonymous_args = 0
 217              	.LVL12:
 218 0000 08B5     		push	{r3, lr}
 219              	.LCFI7:
 220              		.cfi_def_cfa_offset 8
 221              		.cfi_offset 3, -8
 222              		.cfi_offset 14, -4
 113:Src/stm32f4xx_hal_msp.c **** 
 114:Src/stm32f4xx_hal_msp.c ****   if(hi2c->Instance==I2C1)
 223              		.loc 1 114 0
 224 0002 0268     		ldr	r2, [r0]
 225 0004 064B     		ldr	r3, .L14
 226 0006 9A42     		cmp	r2, r3
 227 0008 08D1     		bne	.L11
 115:Src/stm32f4xx_hal_msp.c ****   {
 116:Src/stm32f4xx_hal_msp.c ****   /* USER CODE BEGIN I2C1_MspDeInit 0 */
 117:Src/stm32f4xx_hal_msp.c **** 
 118:Src/stm32f4xx_hal_msp.c ****   /* USER CODE END I2C1_MspDeInit 0 */
 119:Src/stm32f4xx_hal_msp.c ****     /* Peripheral clock disable */
ARM GAS  /var/folders/68/n33lqcg953z5y1x0pvkj58xc0000gn/T//ccIID98f.s 			page 7


 120:Src/stm32f4xx_hal_msp.c ****     __HAL_RCC_I2C1_CLK_DISABLE();
 228              		.loc 1 120 0
 229 000a 064A     		ldr	r2, .L14+4
 230 000c 136C     		ldr	r3, [r2, #64]
 231 000e 23F40013 		bic	r3, r3, #2097152
 232 0012 1364     		str	r3, [r2, #64]
 121:Src/stm32f4xx_hal_msp.c ****   
 122:Src/stm32f4xx_hal_msp.c ****     /**I2C1 GPIO Configuration    
 123:Src/stm32f4xx_hal_msp.c ****     PB6     ------> I2C1_SCL
 124:Src/stm32f4xx_hal_msp.c ****     PB7     ------> I2C1_SDA 
 125:Src/stm32f4xx_hal_msp.c ****     */
 126:Src/stm32f4xx_hal_msp.c ****     HAL_GPIO_DeInit(GPIOB, GPIO_PIN_6|GPIO_PIN_7);
 233              		.loc 1 126 0
 234 0014 0448     		ldr	r0, .L14+8
 235              	.LVL13:
 236 0016 C021     		movs	r1, #192
 237 0018 FFF7FEFF 		bl	HAL_GPIO_DeInit
 238              	.LVL14:
 239              	.L11:
 240 001c 08BD     		pop	{r3, pc}
 241              	.L15:
 242 001e 00BF     		.align	2
 243              	.L14:
 244 0020 00540040 		.word	1073763328
 245 0024 00380240 		.word	1073887232
 246 0028 00040240 		.word	1073873920
 247              		.cfi_endproc
 248              	.LFE125:
 250              		.section	.text.HAL_TIM_Base_MspInit,"ax",%progbits
 251              		.align	2
 252              		.global	HAL_TIM_Base_MspInit
 253              		.thumb
 254              		.thumb_func
 256              	HAL_TIM_Base_MspInit:
 257              	.LFB126:
 127:Src/stm32f4xx_hal_msp.c **** 
 128:Src/stm32f4xx_hal_msp.c ****   /* USER CODE BEGIN I2C1_MspDeInit 1 */
 129:Src/stm32f4xx_hal_msp.c **** 
 130:Src/stm32f4xx_hal_msp.c ****   /* USER CODE END I2C1_MspDeInit 1 */
 131:Src/stm32f4xx_hal_msp.c ****   }
 132:Src/stm32f4xx_hal_msp.c **** 
 133:Src/stm32f4xx_hal_msp.c **** }
 134:Src/stm32f4xx_hal_msp.c **** 
 135:Src/stm32f4xx_hal_msp.c **** void HAL_TIM_Base_MspInit(TIM_HandleTypeDef* htim_base)
 136:Src/stm32f4xx_hal_msp.c **** {
 258              		.loc 1 136 0
 259              		.cfi_startproc
 260              		@ args = 0, pretend = 0, frame = 24
 261              		@ frame_needed = 0, uses_anonymous_args = 0
 262              	.LVL15:
 137:Src/stm32f4xx_hal_msp.c **** 
 138:Src/stm32f4xx_hal_msp.c ****   GPIO_InitTypeDef GPIO_InitStruct;
 139:Src/stm32f4xx_hal_msp.c ****   if(htim_base->Instance==TIM2)
 263              		.loc 1 139 0
 264 0000 0368     		ldr	r3, [r0]
 265 0002 B3F1804F 		cmp	r3, #1073741824
 266 0006 23D1     		bne	.L19
ARM GAS  /var/folders/68/n33lqcg953z5y1x0pvkj58xc0000gn/T//ccIID98f.s 			page 8


 136:Src/stm32f4xx_hal_msp.c **** 
 267              		.loc 1 136 0
 268 0008 10B5     		push	{r4, lr}
 269              	.LCFI8:
 270              		.cfi_def_cfa_offset 8
 271              		.cfi_offset 4, -8
 272              		.cfi_offset 14, -4
 273 000a 86B0     		sub	sp, sp, #24
 274              	.LCFI9:
 275              		.cfi_def_cfa_offset 32
 276              	.LBB5:
 140:Src/stm32f4xx_hal_msp.c ****   {
 141:Src/stm32f4xx_hal_msp.c ****   /* USER CODE BEGIN TIM2_MspInit 0 */
 142:Src/stm32f4xx_hal_msp.c **** 
 143:Src/stm32f4xx_hal_msp.c ****   /* USER CODE END TIM2_MspInit 0 */
 144:Src/stm32f4xx_hal_msp.c ****     /* Peripheral clock enable */
 145:Src/stm32f4xx_hal_msp.c ****     __HAL_RCC_TIM2_CLK_ENABLE();
 277              		.loc 1 145 0
 278 000c 0024     		movs	r4, #0
 279 000e 0094     		str	r4, [sp]
 280 0010 03F50E33 		add	r3, r3, #145408
 281 0014 1A6C     		ldr	r2, [r3, #64]
 282 0016 42F00102 		orr	r2, r2, #1
 283 001a 1A64     		str	r2, [r3, #64]
 284 001c 1B6C     		ldr	r3, [r3, #64]
 285 001e 03F00103 		and	r3, r3, #1
 286 0022 0093     		str	r3, [sp]
 287 0024 009B     		ldr	r3, [sp]
 288              	.LBE5:
 146:Src/stm32f4xx_hal_msp.c ****   
 147:Src/stm32f4xx_hal_msp.c ****     /**TIM2 GPIO Configuration    
 148:Src/stm32f4xx_hal_msp.c ****     PA0-WKUP     ------> TIM2_CH1 
 149:Src/stm32f4xx_hal_msp.c ****     */
 150:Src/stm32f4xx_hal_msp.c ****     GPIO_InitStruct.Pin = GPIO_PIN_0;
 289              		.loc 1 150 0
 290 0026 0123     		movs	r3, #1
 291 0028 0193     		str	r3, [sp, #4]
 151:Src/stm32f4xx_hal_msp.c ****     GPIO_InitStruct.Mode = GPIO_MODE_AF_PP;
 292              		.loc 1 151 0
 293 002a 0222     		movs	r2, #2
 294 002c 0292     		str	r2, [sp, #8]
 152:Src/stm32f4xx_hal_msp.c ****     GPIO_InitStruct.Pull = GPIO_PULLUP;
 295              		.loc 1 152 0
 296 002e 0393     		str	r3, [sp, #12]
 153:Src/stm32f4xx_hal_msp.c ****     GPIO_InitStruct.Speed = GPIO_SPEED_FREQ_HIGH;
 297              		.loc 1 153 0
 298 0030 0492     		str	r2, [sp, #16]
 154:Src/stm32f4xx_hal_msp.c ****     GPIO_InitStruct.Alternate = GPIO_AF1_TIM2;
 299              		.loc 1 154 0
 300 0032 0593     		str	r3, [sp, #20]
 155:Src/stm32f4xx_hal_msp.c ****     HAL_GPIO_Init(GPIOA, &GPIO_InitStruct);
 301              		.loc 1 155 0
 302 0034 0748     		ldr	r0, .L20
 303              	.LVL16:
 304 0036 01A9     		add	r1, sp, #4
 305 0038 FFF7FEFF 		bl	HAL_GPIO_Init
 306              	.LVL17:
ARM GAS  /var/folders/68/n33lqcg953z5y1x0pvkj58xc0000gn/T//ccIID98f.s 			page 9


 156:Src/stm32f4xx_hal_msp.c **** 
 157:Src/stm32f4xx_hal_msp.c ****     /* TIM2 interrupt Init */
 158:Src/stm32f4xx_hal_msp.c ****     HAL_NVIC_SetPriority(TIM2_IRQn, 0, 0);
 307              		.loc 1 158 0
 308 003c 1C20     		movs	r0, #28
 309 003e 2146     		mov	r1, r4
 310 0040 2246     		mov	r2, r4
 311 0042 FFF7FEFF 		bl	HAL_NVIC_SetPriority
 312              	.LVL18:
 159:Src/stm32f4xx_hal_msp.c ****     HAL_NVIC_EnableIRQ(TIM2_IRQn);
 313              		.loc 1 159 0
 314 0046 1C20     		movs	r0, #28
 315 0048 FFF7FEFF 		bl	HAL_NVIC_EnableIRQ
 316              	.LVL19:
 160:Src/stm32f4xx_hal_msp.c ****   /* USER CODE BEGIN TIM2_MspInit 1 */
 161:Src/stm32f4xx_hal_msp.c **** 
 162:Src/stm32f4xx_hal_msp.c ****   /* USER CODE END TIM2_MspInit 1 */
 163:Src/stm32f4xx_hal_msp.c ****   }
 164:Src/stm32f4xx_hal_msp.c **** 
 165:Src/stm32f4xx_hal_msp.c **** }
 317              		.loc 1 165 0
 318 004c 06B0     		add	sp, sp, #24
 319              	.LCFI10:
 320              		.cfi_def_cfa_offset 8
 321              		@ sp needed
 322 004e 10BD     		pop	{r4, pc}
 323              	.LVL20:
 324              	.L19:
 325              	.LCFI11:
 326              		.cfi_def_cfa_offset 0
 327              		.cfi_restore 4
 328              		.cfi_restore 14
 329 0050 7047     		bx	lr
 330              	.L21:
 331 0052 00BF     		.align	2
 332              	.L20:
 333 0054 00000240 		.word	1073872896
 334              		.cfi_endproc
 335              	.LFE126:
 337              		.section	.text.HAL_TIM_Base_MspDeInit,"ax",%progbits
 338              		.align	2
 339              		.global	HAL_TIM_Base_MspDeInit
 340              		.thumb
 341              		.thumb_func
 343              	HAL_TIM_Base_MspDeInit:
 344              	.LFB127:
 166:Src/stm32f4xx_hal_msp.c **** 
 167:Src/stm32f4xx_hal_msp.c **** void HAL_TIM_Base_MspDeInit(TIM_HandleTypeDef* htim_base)
 168:Src/stm32f4xx_hal_msp.c **** {
 345              		.loc 1 168 0
 346              		.cfi_startproc
 347              		@ args = 0, pretend = 0, frame = 0
 348              		@ frame_needed = 0, uses_anonymous_args = 0
 349              	.LVL21:
 350 0000 08B5     		push	{r3, lr}
 351              	.LCFI12:
 352              		.cfi_def_cfa_offset 8
ARM GAS  /var/folders/68/n33lqcg953z5y1x0pvkj58xc0000gn/T//ccIID98f.s 			page 10


 353              		.cfi_offset 3, -8
 354              		.cfi_offset 14, -4
 169:Src/stm32f4xx_hal_msp.c **** 
 170:Src/stm32f4xx_hal_msp.c ****   if(htim_base->Instance==TIM2)
 355              		.loc 1 170 0
 356 0002 0368     		ldr	r3, [r0]
 357 0004 B3F1804F 		cmp	r3, #1073741824
 358 0008 0BD1     		bne	.L22
 171:Src/stm32f4xx_hal_msp.c ****   {
 172:Src/stm32f4xx_hal_msp.c ****   /* USER CODE BEGIN TIM2_MspDeInit 0 */
 173:Src/stm32f4xx_hal_msp.c **** 
 174:Src/stm32f4xx_hal_msp.c ****   /* USER CODE END TIM2_MspDeInit 0 */
 175:Src/stm32f4xx_hal_msp.c ****     /* Peripheral clock disable */
 176:Src/stm32f4xx_hal_msp.c ****     __HAL_RCC_TIM2_CLK_DISABLE();
 359              		.loc 1 176 0
 360 000a 064A     		ldr	r2, .L25
 361 000c 136C     		ldr	r3, [r2, #64]
 362 000e 23F00103 		bic	r3, r3, #1
 363 0012 1364     		str	r3, [r2, #64]
 177:Src/stm32f4xx_hal_msp.c ****   
 178:Src/stm32f4xx_hal_msp.c ****     /**TIM2 GPIO Configuration    
 179:Src/stm32f4xx_hal_msp.c ****     PA0-WKUP     ------> TIM2_CH1 
 180:Src/stm32f4xx_hal_msp.c ****     */
 181:Src/stm32f4xx_hal_msp.c ****     HAL_GPIO_DeInit(GPIOA, GPIO_PIN_0);
 364              		.loc 1 181 0
 365 0014 0448     		ldr	r0, .L25+4
 366              	.LVL22:
 367 0016 0121     		movs	r1, #1
 368 0018 FFF7FEFF 		bl	HAL_GPIO_DeInit
 369              	.LVL23:
 182:Src/stm32f4xx_hal_msp.c **** 
 183:Src/stm32f4xx_hal_msp.c ****     /* TIM2 interrupt DeInit */
 184:Src/stm32f4xx_hal_msp.c ****     HAL_NVIC_DisableIRQ(TIM2_IRQn);
 370              		.loc 1 184 0
 371 001c 1C20     		movs	r0, #28
 372 001e FFF7FEFF 		bl	HAL_NVIC_DisableIRQ
 373              	.LVL24:
 374              	.L22:
 375 0022 08BD     		pop	{r3, pc}
 376              	.L26:
 377              		.align	2
 378              	.L25:
 379 0024 00380240 		.word	1073887232
 380 0028 00000240 		.word	1073872896
 381              		.cfi_endproc
 382              	.LFE127:
 384              		.text
 385              	.Letext0:
 386              		.file 2 "Drivers/CMSIS/Device/ST/STM32F4xx/Include/stm32f401xe.h"
 387              		.file 3 "/usr/local/Cellar/arm-none-eabi-gcc/20150921/arm-none-eabi/include/machine/_default_types
 388              		.file 4 "/usr/local/Cellar/arm-none-eabi-gcc/20150921/arm-none-eabi/include/sys/_stdint.h"
 389              		.file 5 "Drivers/STM32F4xx_HAL_Driver/Inc/stm32f4xx_hal_def.h"
 390              		.file 6 "Drivers/STM32F4xx_HAL_Driver/Inc/stm32f4xx_hal_gpio.h"
 391              		.file 7 "Drivers/STM32F4xx_HAL_Driver/Inc/stm32f4xx_hal_dma.h"
 392              		.file 8 "Drivers/STM32F4xx_HAL_Driver/Inc/stm32f4xx_hal_i2c.h"
 393              		.file 9 "Drivers/STM32F4xx_HAL_Driver/Inc/stm32f4xx_hal_tim.h"
 394              		.file 10 "Drivers/STM32F4xx_HAL_Driver/Inc/stm32f4xx_hal_cortex.h"
ARM GAS  /var/folders/68/n33lqcg953z5y1x0pvkj58xc0000gn/T//ccIID98f.s 			page 11


 395              		.file 11 "Drivers/CMSIS/Include/core_cm4.h"
ARM GAS  /var/folders/68/n33lqcg953z5y1x0pvkj58xc0000gn/T//ccIID98f.s 			page 12


DEFINED SYMBOLS
                            *ABS*:0000000000000000 stm32f4xx_hal_msp.c
/var/folders/68/n33lqcg953z5y1x0pvkj58xc0000gn/T//ccIID98f.s:21     .text.HAL_MspInit:0000000000000000 $t
/var/folders/68/n33lqcg953z5y1x0pvkj58xc0000gn/T//ccIID98f.s:26     .text.HAL_MspInit:0000000000000000 HAL_MspInit
/var/folders/68/n33lqcg953z5y1x0pvkj58xc0000gn/T//ccIID98f.s:120    .text.HAL_MspInit:0000000000000090 $d
/var/folders/68/n33lqcg953z5y1x0pvkj58xc0000gn/T//ccIID98f.s:125    .text.HAL_I2C_MspInit:0000000000000000 $t
/var/folders/68/n33lqcg953z5y1x0pvkj58xc0000gn/T//ccIID98f.s:130    .text.HAL_I2C_MspInit:0000000000000000 HAL_I2C_MspInit
/var/folders/68/n33lqcg953z5y1x0pvkj58xc0000gn/T//ccIID98f.s:199    .text.HAL_I2C_MspInit:000000000000004c $d
/var/folders/68/n33lqcg953z5y1x0pvkj58xc0000gn/T//ccIID98f.s:206    .text.HAL_I2C_MspDeInit:0000000000000000 $t
/var/folders/68/n33lqcg953z5y1x0pvkj58xc0000gn/T//ccIID98f.s:211    .text.HAL_I2C_MspDeInit:0000000000000000 HAL_I2C_MspDeInit
/var/folders/68/n33lqcg953z5y1x0pvkj58xc0000gn/T//ccIID98f.s:244    .text.HAL_I2C_MspDeInit:0000000000000020 $d
/var/folders/68/n33lqcg953z5y1x0pvkj58xc0000gn/T//ccIID98f.s:251    .text.HAL_TIM_Base_MspInit:0000000000000000 $t
/var/folders/68/n33lqcg953z5y1x0pvkj58xc0000gn/T//ccIID98f.s:256    .text.HAL_TIM_Base_MspInit:0000000000000000 HAL_TIM_Base_MspInit
/var/folders/68/n33lqcg953z5y1x0pvkj58xc0000gn/T//ccIID98f.s:333    .text.HAL_TIM_Base_MspInit:0000000000000054 $d
/var/folders/68/n33lqcg953z5y1x0pvkj58xc0000gn/T//ccIID98f.s:338    .text.HAL_TIM_Base_MspDeInit:0000000000000000 $t
/var/folders/68/n33lqcg953z5y1x0pvkj58xc0000gn/T//ccIID98f.s:343    .text.HAL_TIM_Base_MspDeInit:0000000000000000 HAL_TIM_Base_MspDeInit
/var/folders/68/n33lqcg953z5y1x0pvkj58xc0000gn/T//ccIID98f.s:379    .text.HAL_TIM_Base_MspDeInit:0000000000000024 $d
                     .debug_frame:0000000000000010 $d

UNDEFINED SYMBOLS
HAL_NVIC_SetPriorityGrouping
HAL_NVIC_SetPriority
HAL_GPIO_Init
HAL_GPIO_DeInit
HAL_NVIC_EnableIRQ
HAL_NVIC_DisableIRQ
